[2024-11-06T16:13:48.072+0100] {processor.py:157} INFO - Started process (PID=74393) to work on /Users/pranavikusu/recurring_deliveries/venv/lib/python3.11/site-packages/airflow/example_dags/subdags/subdag.py
[2024-11-06T16:13:48.075+0100] {processor.py:829} INFO - Processing file /Users/pranavikusu/recurring_deliveries/venv/lib/python3.11/site-packages/airflow/example_dags/subdags/subdag.py for tasks to queue
[2024-11-06T16:13:48.076+0100] {logging_mixin.py:154} INFO - [2024-11-06T16:13:48.076+0100] {dagbag.py:536} INFO - Filling up the DagBag from /Users/pranavikusu/recurring_deliveries/venv/lib/python3.11/site-packages/airflow/example_dags/subdags/subdag.py
[2024-11-06T16:13:48.077+0100] {processor.py:841} WARNING - No viable dags retrieved from /Users/pranavikusu/recurring_deliveries/venv/lib/python3.11/site-packages/airflow/example_dags/subdags/subdag.py
[2024-11-06T16:13:48.141+0100] {processor.py:179} INFO - Processing /Users/pranavikusu/recurring_deliveries/venv/lib/python3.11/site-packages/airflow/example_dags/subdags/subdag.py took 0.069 seconds
[2024-11-06T16:15:09.998+0100] {processor.py:157} INFO - Started process (PID=74485) to work on /Users/pranavikusu/recurring_deliveries/venv/lib/python3.11/site-packages/airflow/example_dags/subdags/subdag.py
[2024-11-06T16:15:10.001+0100] {processor.py:829} INFO - Processing file /Users/pranavikusu/recurring_deliveries/venv/lib/python3.11/site-packages/airflow/example_dags/subdags/subdag.py for tasks to queue
[2024-11-06T16:15:10.001+0100] {logging_mixin.py:154} INFO - [2024-11-06T16:15:10.001+0100] {dagbag.py:536} INFO - Filling up the DagBag from /Users/pranavikusu/recurring_deliveries/venv/lib/python3.11/site-packages/airflow/example_dags/subdags/subdag.py
[2024-11-06T16:15:10.002+0100] {processor.py:841} WARNING - No viable dags retrieved from /Users/pranavikusu/recurring_deliveries/venv/lib/python3.11/site-packages/airflow/example_dags/subdags/subdag.py
[2024-11-06T16:15:10.050+0100] {processor.py:179} INFO - Processing /Users/pranavikusu/recurring_deliveries/venv/lib/python3.11/site-packages/airflow/example_dags/subdags/subdag.py took 0.052 seconds
[2024-11-06T16:15:54.342+0100] {processor.py:157} INFO - Started process (PID=74534) to work on /Users/pranavikusu/recurring_deliveries/venv/lib/python3.11/site-packages/airflow/example_dags/subdags/subdag.py
[2024-11-06T16:15:54.344+0100] {processor.py:829} INFO - Processing file /Users/pranavikusu/recurring_deliveries/venv/lib/python3.11/site-packages/airflow/example_dags/subdags/subdag.py for tasks to queue
[2024-11-06T16:15:54.345+0100] {logging_mixin.py:154} INFO - [2024-11-06T16:15:54.345+0100] {dagbag.py:536} INFO - Filling up the DagBag from /Users/pranavikusu/recurring_deliveries/venv/lib/python3.11/site-packages/airflow/example_dags/subdags/subdag.py
[2024-11-06T16:15:54.346+0100] {processor.py:841} WARNING - No viable dags retrieved from /Users/pranavikusu/recurring_deliveries/venv/lib/python3.11/site-packages/airflow/example_dags/subdags/subdag.py
[2024-11-06T16:15:54.393+0100] {processor.py:179} INFO - Processing /Users/pranavikusu/recurring_deliveries/venv/lib/python3.11/site-packages/airflow/example_dags/subdags/subdag.py took 0.052 seconds
[2024-11-06T16:16:33.261+0100] {processor.py:157} INFO - Started process (PID=74567) to work on /Users/pranavikusu/recurring_deliveries/venv/lib/python3.11/site-packages/airflow/example_dags/subdags/subdag.py
[2024-11-06T16:16:33.264+0100] {processor.py:829} INFO - Processing file /Users/pranavikusu/recurring_deliveries/venv/lib/python3.11/site-packages/airflow/example_dags/subdags/subdag.py for tasks to queue
[2024-11-06T16:16:33.264+0100] {logging_mixin.py:154} INFO - [2024-11-06T16:16:33.264+0100] {dagbag.py:536} INFO - Filling up the DagBag from /Users/pranavikusu/recurring_deliveries/venv/lib/python3.11/site-packages/airflow/example_dags/subdags/subdag.py
[2024-11-06T16:16:33.265+0100] {processor.py:841} WARNING - No viable dags retrieved from /Users/pranavikusu/recurring_deliveries/venv/lib/python3.11/site-packages/airflow/example_dags/subdags/subdag.py
[2024-11-06T16:16:33.310+0100] {processor.py:179} INFO - Processing /Users/pranavikusu/recurring_deliveries/venv/lib/python3.11/site-packages/airflow/example_dags/subdags/subdag.py took 0.050 seconds
[2024-11-06T16:17:10.000+0100] {processor.py:157} INFO - Started process (PID=74596) to work on /Users/pranavikusu/recurring_deliveries/venv/lib/python3.11/site-packages/airflow/example_dags/subdags/subdag.py
[2024-11-06T16:17:10.003+0100] {processor.py:829} INFO - Processing file /Users/pranavikusu/recurring_deliveries/venv/lib/python3.11/site-packages/airflow/example_dags/subdags/subdag.py for tasks to queue
[2024-11-06T16:17:10.003+0100] {logging_mixin.py:154} INFO - [2024-11-06T16:17:10.003+0100] {dagbag.py:536} INFO - Filling up the DagBag from /Users/pranavikusu/recurring_deliveries/venv/lib/python3.11/site-packages/airflow/example_dags/subdags/subdag.py
[2024-11-06T16:17:10.004+0100] {processor.py:841} WARNING - No viable dags retrieved from /Users/pranavikusu/recurring_deliveries/venv/lib/python3.11/site-packages/airflow/example_dags/subdags/subdag.py
[2024-11-06T16:17:10.050+0100] {processor.py:179} INFO - Processing /Users/pranavikusu/recurring_deliveries/venv/lib/python3.11/site-packages/airflow/example_dags/subdags/subdag.py took 0.050 seconds
[2024-11-06T16:17:49.911+0100] {processor.py:157} INFO - Started process (PID=74630) to work on /Users/pranavikusu/recurring_deliveries/venv/lib/python3.11/site-packages/airflow/example_dags/subdags/subdag.py
[2024-11-06T16:17:49.914+0100] {processor.py:829} INFO - Processing file /Users/pranavikusu/recurring_deliveries/venv/lib/python3.11/site-packages/airflow/example_dags/subdags/subdag.py for tasks to queue
[2024-11-06T16:17:49.914+0100] {logging_mixin.py:154} INFO - [2024-11-06T16:17:49.914+0100] {dagbag.py:536} INFO - Filling up the DagBag from /Users/pranavikusu/recurring_deliveries/venv/lib/python3.11/site-packages/airflow/example_dags/subdags/subdag.py
[2024-11-06T16:17:49.915+0100] {processor.py:841} WARNING - No viable dags retrieved from /Users/pranavikusu/recurring_deliveries/venv/lib/python3.11/site-packages/airflow/example_dags/subdags/subdag.py
[2024-11-06T16:17:49.965+0100] {processor.py:179} INFO - Processing /Users/pranavikusu/recurring_deliveries/venv/lib/python3.11/site-packages/airflow/example_dags/subdags/subdag.py took 0.054 seconds
[2024-11-06T16:18:28.630+0100] {processor.py:157} INFO - Started process (PID=74662) to work on /Users/pranavikusu/recurring_deliveries/venv/lib/python3.11/site-packages/airflow/example_dags/subdags/subdag.py
[2024-11-06T16:18:28.632+0100] {processor.py:829} INFO - Processing file /Users/pranavikusu/recurring_deliveries/venv/lib/python3.11/site-packages/airflow/example_dags/subdags/subdag.py for tasks to queue
[2024-11-06T16:18:28.632+0100] {logging_mixin.py:154} INFO - [2024-11-06T16:18:28.632+0100] {dagbag.py:536} INFO - Filling up the DagBag from /Users/pranavikusu/recurring_deliveries/venv/lib/python3.11/site-packages/airflow/example_dags/subdags/subdag.py
[2024-11-06T16:18:28.633+0100] {processor.py:841} WARNING - No viable dags retrieved from /Users/pranavikusu/recurring_deliveries/venv/lib/python3.11/site-packages/airflow/example_dags/subdags/subdag.py
[2024-11-06T16:18:28.679+0100] {processor.py:179} INFO - Processing /Users/pranavikusu/recurring_deliveries/venv/lib/python3.11/site-packages/airflow/example_dags/subdags/subdag.py took 0.050 seconds
[2024-11-06T16:19:12.270+0100] {processor.py:157} INFO - Started process (PID=74728) to work on /Users/pranavikusu/recurring_deliveries/venv/lib/python3.11/site-packages/airflow/example_dags/subdags/subdag.py
[2024-11-06T16:19:12.273+0100] {processor.py:829} INFO - Processing file /Users/pranavikusu/recurring_deliveries/venv/lib/python3.11/site-packages/airflow/example_dags/subdags/subdag.py for tasks to queue
[2024-11-06T16:19:12.273+0100] {logging_mixin.py:154} INFO - [2024-11-06T16:19:12.273+0100] {dagbag.py:536} INFO - Filling up the DagBag from /Users/pranavikusu/recurring_deliveries/venv/lib/python3.11/site-packages/airflow/example_dags/subdags/subdag.py
[2024-11-06T16:19:12.274+0100] {processor.py:841} WARNING - No viable dags retrieved from /Users/pranavikusu/recurring_deliveries/venv/lib/python3.11/site-packages/airflow/example_dags/subdags/subdag.py
[2024-11-06T16:19:12.320+0100] {processor.py:179} INFO - Processing /Users/pranavikusu/recurring_deliveries/venv/lib/python3.11/site-packages/airflow/example_dags/subdags/subdag.py took 0.050 seconds
[2024-11-06T16:19:58.865+0100] {processor.py:157} INFO - Started process (PID=74781) to work on /Users/pranavikusu/recurring_deliveries/venv/lib/python3.11/site-packages/airflow/example_dags/subdags/subdag.py
[2024-11-06T16:19:58.867+0100] {processor.py:829} INFO - Processing file /Users/pranavikusu/recurring_deliveries/venv/lib/python3.11/site-packages/airflow/example_dags/subdags/subdag.py for tasks to queue
[2024-11-06T16:19:58.868+0100] {logging_mixin.py:154} INFO - [2024-11-06T16:19:58.868+0100] {dagbag.py:536} INFO - Filling up the DagBag from /Users/pranavikusu/recurring_deliveries/venv/lib/python3.11/site-packages/airflow/example_dags/subdags/subdag.py
[2024-11-06T16:19:58.869+0100] {processor.py:841} WARNING - No viable dags retrieved from /Users/pranavikusu/recurring_deliveries/venv/lib/python3.11/site-packages/airflow/example_dags/subdags/subdag.py
[2024-11-06T16:19:58.914+0100] {processor.py:179} INFO - Processing /Users/pranavikusu/recurring_deliveries/venv/lib/python3.11/site-packages/airflow/example_dags/subdags/subdag.py took 0.050 seconds
[2024-11-06T16:20:40.676+0100] {processor.py:157} INFO - Started process (PID=74835) to work on /Users/pranavikusu/recurring_deliveries/venv/lib/python3.11/site-packages/airflow/example_dags/subdags/subdag.py
[2024-11-06T16:20:40.678+0100] {processor.py:829} INFO - Processing file /Users/pranavikusu/recurring_deliveries/venv/lib/python3.11/site-packages/airflow/example_dags/subdags/subdag.py for tasks to queue
[2024-11-06T16:20:40.679+0100] {logging_mixin.py:154} INFO - [2024-11-06T16:20:40.679+0100] {dagbag.py:536} INFO - Filling up the DagBag from /Users/pranavikusu/recurring_deliveries/venv/lib/python3.11/site-packages/airflow/example_dags/subdags/subdag.py
[2024-11-06T16:20:40.680+0100] {processor.py:841} WARNING - No viable dags retrieved from /Users/pranavikusu/recurring_deliveries/venv/lib/python3.11/site-packages/airflow/example_dags/subdags/subdag.py
[2024-11-06T16:20:40.760+0100] {processor.py:179} INFO - Processing /Users/pranavikusu/recurring_deliveries/venv/lib/python3.11/site-packages/airflow/example_dags/subdags/subdag.py took 0.085 seconds
[2024-11-06T16:21:24.362+0100] {processor.py:157} INFO - Started process (PID=74888) to work on /Users/pranavikusu/recurring_deliveries/venv/lib/python3.11/site-packages/airflow/example_dags/subdags/subdag.py
[2024-11-06T16:21:24.364+0100] {processor.py:829} INFO - Processing file /Users/pranavikusu/recurring_deliveries/venv/lib/python3.11/site-packages/airflow/example_dags/subdags/subdag.py for tasks to queue
[2024-11-06T16:21:24.365+0100] {logging_mixin.py:154} INFO - [2024-11-06T16:21:24.364+0100] {dagbag.py:536} INFO - Filling up the DagBag from /Users/pranavikusu/recurring_deliveries/venv/lib/python3.11/site-packages/airflow/example_dags/subdags/subdag.py
[2024-11-06T16:21:24.366+0100] {processor.py:841} WARNING - No viable dags retrieved from /Users/pranavikusu/recurring_deliveries/venv/lib/python3.11/site-packages/airflow/example_dags/subdags/subdag.py
[2024-11-06T16:21:24.411+0100] {processor.py:179} INFO - Processing /Users/pranavikusu/recurring_deliveries/venv/lib/python3.11/site-packages/airflow/example_dags/subdags/subdag.py took 0.050 seconds
[2024-11-06T16:22:06.908+0100] {processor.py:157} INFO - Started process (PID=74945) to work on /Users/pranavikusu/recurring_deliveries/venv/lib/python3.11/site-packages/airflow/example_dags/subdags/subdag.py
[2024-11-06T16:22:06.913+0100] {processor.py:829} INFO - Processing file /Users/pranavikusu/recurring_deliveries/venv/lib/python3.11/site-packages/airflow/example_dags/subdags/subdag.py for tasks to queue
[2024-11-06T16:22:06.913+0100] {logging_mixin.py:154} INFO - [2024-11-06T16:22:06.913+0100] {dagbag.py:536} INFO - Filling up the DagBag from /Users/pranavikusu/recurring_deliveries/venv/lib/python3.11/site-packages/airflow/example_dags/subdags/subdag.py
[2024-11-06T16:22:06.914+0100] {processor.py:841} WARNING - No viable dags retrieved from /Users/pranavikusu/recurring_deliveries/venv/lib/python3.11/site-packages/airflow/example_dags/subdags/subdag.py
[2024-11-06T16:22:06.963+0100] {processor.py:179} INFO - Processing /Users/pranavikusu/recurring_deliveries/venv/lib/python3.11/site-packages/airflow/example_dags/subdags/subdag.py took 0.056 seconds
[2024-11-06T16:22:53.408+0100] {processor.py:157} INFO - Started process (PID=75007) to work on /Users/pranavikusu/recurring_deliveries/venv/lib/python3.11/site-packages/airflow/example_dags/subdags/subdag.py
[2024-11-06T16:22:53.411+0100] {processor.py:829} INFO - Processing file /Users/pranavikusu/recurring_deliveries/venv/lib/python3.11/site-packages/airflow/example_dags/subdags/subdag.py for tasks to queue
[2024-11-06T16:22:53.411+0100] {logging_mixin.py:154} INFO - [2024-11-06T16:22:53.411+0100] {dagbag.py:536} INFO - Filling up the DagBag from /Users/pranavikusu/recurring_deliveries/venv/lib/python3.11/site-packages/airflow/example_dags/subdags/subdag.py
[2024-11-06T16:22:53.412+0100] {processor.py:841} WARNING - No viable dags retrieved from /Users/pranavikusu/recurring_deliveries/venv/lib/python3.11/site-packages/airflow/example_dags/subdags/subdag.py
[2024-11-06T16:22:53.458+0100] {processor.py:179} INFO - Processing /Users/pranavikusu/recurring_deliveries/venv/lib/python3.11/site-packages/airflow/example_dags/subdags/subdag.py took 0.051 seconds
[2024-11-06T16:23:42.250+0100] {processor.py:157} INFO - Started process (PID=75071) to work on /Users/pranavikusu/recurring_deliveries/venv/lib/python3.11/site-packages/airflow/example_dags/subdags/subdag.py
[2024-11-06T16:23:42.252+0100] {processor.py:829} INFO - Processing file /Users/pranavikusu/recurring_deliveries/venv/lib/python3.11/site-packages/airflow/example_dags/subdags/subdag.py for tasks to queue
[2024-11-06T16:23:42.252+0100] {logging_mixin.py:154} INFO - [2024-11-06T16:23:42.252+0100] {dagbag.py:536} INFO - Filling up the DagBag from /Users/pranavikusu/recurring_deliveries/venv/lib/python3.11/site-packages/airflow/example_dags/subdags/subdag.py
[2024-11-06T16:23:42.253+0100] {processor.py:841} WARNING - No viable dags retrieved from /Users/pranavikusu/recurring_deliveries/venv/lib/python3.11/site-packages/airflow/example_dags/subdags/subdag.py
[2024-11-06T16:23:42.301+0100] {processor.py:179} INFO - Processing /Users/pranavikusu/recurring_deliveries/venv/lib/python3.11/site-packages/airflow/example_dags/subdags/subdag.py took 0.051 seconds
[2024-11-06T16:24:34.461+0100] {processor.py:157} INFO - Started process (PID=75135) to work on /Users/pranavikusu/recurring_deliveries/venv/lib/python3.11/site-packages/airflow/example_dags/subdags/subdag.py
[2024-11-06T16:24:34.464+0100] {processor.py:829} INFO - Processing file /Users/pranavikusu/recurring_deliveries/venv/lib/python3.11/site-packages/airflow/example_dags/subdags/subdag.py for tasks to queue
[2024-11-06T16:24:34.464+0100] {logging_mixin.py:154} INFO - [2024-11-06T16:24:34.464+0100] {dagbag.py:536} INFO - Filling up the DagBag from /Users/pranavikusu/recurring_deliveries/venv/lib/python3.11/site-packages/airflow/example_dags/subdags/subdag.py
[2024-11-06T16:24:34.465+0100] {processor.py:841} WARNING - No viable dags retrieved from /Users/pranavikusu/recurring_deliveries/venv/lib/python3.11/site-packages/airflow/example_dags/subdags/subdag.py
[2024-11-06T16:24:34.511+0100] {processor.py:179} INFO - Processing /Users/pranavikusu/recurring_deliveries/venv/lib/python3.11/site-packages/airflow/example_dags/subdags/subdag.py took 0.050 seconds
[2024-11-06T16:25:24.098+0100] {processor.py:157} INFO - Started process (PID=75200) to work on /Users/pranavikusu/recurring_deliveries/venv/lib/python3.11/site-packages/airflow/example_dags/subdags/subdag.py
[2024-11-06T16:25:24.100+0100] {processor.py:829} INFO - Processing file /Users/pranavikusu/recurring_deliveries/venv/lib/python3.11/site-packages/airflow/example_dags/subdags/subdag.py for tasks to queue
[2024-11-06T16:25:24.101+0100] {logging_mixin.py:154} INFO - [2024-11-06T16:25:24.101+0100] {dagbag.py:536} INFO - Filling up the DagBag from /Users/pranavikusu/recurring_deliveries/venv/lib/python3.11/site-packages/airflow/example_dags/subdags/subdag.py
[2024-11-06T16:25:24.102+0100] {processor.py:841} WARNING - No viable dags retrieved from /Users/pranavikusu/recurring_deliveries/venv/lib/python3.11/site-packages/airflow/example_dags/subdags/subdag.py
[2024-11-06T16:25:24.157+0100] {processor.py:179} INFO - Processing /Users/pranavikusu/recurring_deliveries/venv/lib/python3.11/site-packages/airflow/example_dags/subdags/subdag.py took 0.060 seconds
