[2024-11-06T16:13:53.524+0100] {processor.py:157} INFO - Started process (PID=74403) to work on /Users/pranavikusu/recurring_deliveries/venv/lib/python3.11/site-packages/airflow/example_dags/plugins/event_listener.py
[2024-11-06T16:13:53.526+0100] {processor.py:829} INFO - Processing file /Users/pranavikusu/recurring_deliveries/venv/lib/python3.11/site-packages/airflow/example_dags/plugins/event_listener.py for tasks to queue
[2024-11-06T16:13:53.526+0100] {logging_mixin.py:154} INFO - [2024-11-06T16:13:53.526+0100] {dagbag.py:536} INFO - Filling up the DagBag from /Users/pranavikusu/recurring_deliveries/venv/lib/python3.11/site-packages/airflow/example_dags/plugins/event_listener.py
[2024-11-06T16:13:53.527+0100] {processor.py:841} WARNING - No viable dags retrieved from /Users/pranavikusu/recurring_deliveries/venv/lib/python3.11/site-packages/airflow/example_dags/plugins/event_listener.py
[2024-11-06T16:13:53.572+0100] {processor.py:179} INFO - Processing /Users/pranavikusu/recurring_deliveries/venv/lib/python3.11/site-packages/airflow/example_dags/plugins/event_listener.py took 0.049 seconds
[2024-11-06T16:15:15.330+0100] {processor.py:157} INFO - Started process (PID=74490) to work on /Users/pranavikusu/recurring_deliveries/venv/lib/python3.11/site-packages/airflow/example_dags/plugins/event_listener.py
[2024-11-06T16:15:15.333+0100] {processor.py:829} INFO - Processing file /Users/pranavikusu/recurring_deliveries/venv/lib/python3.11/site-packages/airflow/example_dags/plugins/event_listener.py for tasks to queue
[2024-11-06T16:15:15.333+0100] {logging_mixin.py:154} INFO - [2024-11-06T16:15:15.333+0100] {dagbag.py:536} INFO - Filling up the DagBag from /Users/pranavikusu/recurring_deliveries/venv/lib/python3.11/site-packages/airflow/example_dags/plugins/event_listener.py
[2024-11-06T16:15:15.334+0100] {processor.py:841} WARNING - No viable dags retrieved from /Users/pranavikusu/recurring_deliveries/venv/lib/python3.11/site-packages/airflow/example_dags/plugins/event_listener.py
[2024-11-06T16:15:15.388+0100] {processor.py:179} INFO - Processing /Users/pranavikusu/recurring_deliveries/venv/lib/python3.11/site-packages/airflow/example_dags/plugins/event_listener.py took 0.059 seconds
[2024-11-06T16:15:59.773+0100] {processor.py:157} INFO - Started process (PID=74541) to work on /Users/pranavikusu/recurring_deliveries/venv/lib/python3.11/site-packages/airflow/example_dags/plugins/event_listener.py
[2024-11-06T16:15:59.775+0100] {processor.py:829} INFO - Processing file /Users/pranavikusu/recurring_deliveries/venv/lib/python3.11/site-packages/airflow/example_dags/plugins/event_listener.py for tasks to queue
[2024-11-06T16:15:59.776+0100] {logging_mixin.py:154} INFO - [2024-11-06T16:15:59.775+0100] {dagbag.py:536} INFO - Filling up the DagBag from /Users/pranavikusu/recurring_deliveries/venv/lib/python3.11/site-packages/airflow/example_dags/plugins/event_listener.py
[2024-11-06T16:15:59.776+0100] {processor.py:841} WARNING - No viable dags retrieved from /Users/pranavikusu/recurring_deliveries/venv/lib/python3.11/site-packages/airflow/example_dags/plugins/event_listener.py
[2024-11-06T16:15:59.822+0100] {processor.py:179} INFO - Processing /Users/pranavikusu/recurring_deliveries/venv/lib/python3.11/site-packages/airflow/example_dags/plugins/event_listener.py took 0.049 seconds
[2024-11-06T16:16:37.231+0100] {processor.py:157} INFO - Started process (PID=74570) to work on /Users/pranavikusu/recurring_deliveries/venv/lib/python3.11/site-packages/airflow/example_dags/plugins/event_listener.py
[2024-11-06T16:16:37.234+0100] {processor.py:829} INFO - Processing file /Users/pranavikusu/recurring_deliveries/venv/lib/python3.11/site-packages/airflow/example_dags/plugins/event_listener.py for tasks to queue
[2024-11-06T16:16:37.234+0100] {logging_mixin.py:154} INFO - [2024-11-06T16:16:37.234+0100] {dagbag.py:536} INFO - Filling up the DagBag from /Users/pranavikusu/recurring_deliveries/venv/lib/python3.11/site-packages/airflow/example_dags/plugins/event_listener.py
[2024-11-06T16:16:37.234+0100] {processor.py:841} WARNING - No viable dags retrieved from /Users/pranavikusu/recurring_deliveries/venv/lib/python3.11/site-packages/airflow/example_dags/plugins/event_listener.py
[2024-11-06T16:16:37.281+0100] {processor.py:179} INFO - Processing /Users/pranavikusu/recurring_deliveries/venv/lib/python3.11/site-packages/airflow/example_dags/plugins/event_listener.py took 0.050 seconds
[2024-11-06T16:17:15.243+0100] {processor.py:157} INFO - Started process (PID=74600) to work on /Users/pranavikusu/recurring_deliveries/venv/lib/python3.11/site-packages/airflow/example_dags/plugins/event_listener.py
[2024-11-06T16:17:15.245+0100] {processor.py:829} INFO - Processing file /Users/pranavikusu/recurring_deliveries/venv/lib/python3.11/site-packages/airflow/example_dags/plugins/event_listener.py for tasks to queue
[2024-11-06T16:17:15.246+0100] {logging_mixin.py:154} INFO - [2024-11-06T16:17:15.246+0100] {dagbag.py:536} INFO - Filling up the DagBag from /Users/pranavikusu/recurring_deliveries/venv/lib/python3.11/site-packages/airflow/example_dags/plugins/event_listener.py
[2024-11-06T16:17:15.246+0100] {processor.py:841} WARNING - No viable dags retrieved from /Users/pranavikusu/recurring_deliveries/venv/lib/python3.11/site-packages/airflow/example_dags/plugins/event_listener.py
[2024-11-06T16:17:15.292+0100] {processor.py:179} INFO - Processing /Users/pranavikusu/recurring_deliveries/venv/lib/python3.11/site-packages/airflow/example_dags/plugins/event_listener.py took 0.049 seconds
[2024-11-06T16:17:54.905+0100] {processor.py:157} INFO - Started process (PID=74636) to work on /Users/pranavikusu/recurring_deliveries/venv/lib/python3.11/site-packages/airflow/example_dags/plugins/event_listener.py
[2024-11-06T16:17:54.908+0100] {processor.py:829} INFO - Processing file /Users/pranavikusu/recurring_deliveries/venv/lib/python3.11/site-packages/airflow/example_dags/plugins/event_listener.py for tasks to queue
[2024-11-06T16:17:54.908+0100] {logging_mixin.py:154} INFO - [2024-11-06T16:17:54.908+0100] {dagbag.py:536} INFO - Filling up the DagBag from /Users/pranavikusu/recurring_deliveries/venv/lib/python3.11/site-packages/airflow/example_dags/plugins/event_listener.py
[2024-11-06T16:17:54.908+0100] {processor.py:841} WARNING - No viable dags retrieved from /Users/pranavikusu/recurring_deliveries/venv/lib/python3.11/site-packages/airflow/example_dags/plugins/event_listener.py
[2024-11-06T16:17:54.954+0100] {processor.py:179} INFO - Processing /Users/pranavikusu/recurring_deliveries/venv/lib/python3.11/site-packages/airflow/example_dags/plugins/event_listener.py took 0.049 seconds
[2024-11-06T16:18:32.603+0100] {processor.py:157} INFO - Started process (PID=74668) to work on /Users/pranavikusu/recurring_deliveries/venv/lib/python3.11/site-packages/airflow/example_dags/plugins/event_listener.py
[2024-11-06T16:18:32.606+0100] {processor.py:829} INFO - Processing file /Users/pranavikusu/recurring_deliveries/venv/lib/python3.11/site-packages/airflow/example_dags/plugins/event_listener.py for tasks to queue
[2024-11-06T16:18:32.607+0100] {logging_mixin.py:154} INFO - [2024-11-06T16:18:32.606+0100] {dagbag.py:536} INFO - Filling up the DagBag from /Users/pranavikusu/recurring_deliveries/venv/lib/python3.11/site-packages/airflow/example_dags/plugins/event_listener.py
[2024-11-06T16:18:32.607+0100] {processor.py:841} WARNING - No viable dags retrieved from /Users/pranavikusu/recurring_deliveries/venv/lib/python3.11/site-packages/airflow/example_dags/plugins/event_listener.py
[2024-11-06T16:18:32.662+0100] {processor.py:179} INFO - Processing /Users/pranavikusu/recurring_deliveries/venv/lib/python3.11/site-packages/airflow/example_dags/plugins/event_listener.py took 0.059 seconds
[2024-11-06T16:19:16.196+0100] {processor.py:157} INFO - Started process (PID=74731) to work on /Users/pranavikusu/recurring_deliveries/venv/lib/python3.11/site-packages/airflow/example_dags/plugins/event_listener.py
[2024-11-06T16:19:16.199+0100] {processor.py:829} INFO - Processing file /Users/pranavikusu/recurring_deliveries/venv/lib/python3.11/site-packages/airflow/example_dags/plugins/event_listener.py for tasks to queue
[2024-11-06T16:19:16.199+0100] {logging_mixin.py:154} INFO - [2024-11-06T16:19:16.199+0100] {dagbag.py:536} INFO - Filling up the DagBag from /Users/pranavikusu/recurring_deliveries/venv/lib/python3.11/site-packages/airflow/example_dags/plugins/event_listener.py
[2024-11-06T16:19:16.200+0100] {processor.py:841} WARNING - No viable dags retrieved from /Users/pranavikusu/recurring_deliveries/venv/lib/python3.11/site-packages/airflow/example_dags/plugins/event_listener.py
[2024-11-06T16:19:16.245+0100] {processor.py:179} INFO - Processing /Users/pranavikusu/recurring_deliveries/venv/lib/python3.11/site-packages/airflow/example_dags/plugins/event_listener.py took 0.049 seconds
[2024-11-06T16:20:03.850+0100] {processor.py:157} INFO - Started process (PID=74784) to work on /Users/pranavikusu/recurring_deliveries/venv/lib/python3.11/site-packages/airflow/example_dags/plugins/event_listener.py
[2024-11-06T16:20:03.853+0100] {processor.py:829} INFO - Processing file /Users/pranavikusu/recurring_deliveries/venv/lib/python3.11/site-packages/airflow/example_dags/plugins/event_listener.py for tasks to queue
[2024-11-06T16:20:03.853+0100] {logging_mixin.py:154} INFO - [2024-11-06T16:20:03.853+0100] {dagbag.py:536} INFO - Filling up the DagBag from /Users/pranavikusu/recurring_deliveries/venv/lib/python3.11/site-packages/airflow/example_dags/plugins/event_listener.py
[2024-11-06T16:20:03.854+0100] {processor.py:841} WARNING - No viable dags retrieved from /Users/pranavikusu/recurring_deliveries/venv/lib/python3.11/site-packages/airflow/example_dags/plugins/event_listener.py
[2024-11-06T16:20:03.902+0100] {processor.py:179} INFO - Processing /Users/pranavikusu/recurring_deliveries/venv/lib/python3.11/site-packages/airflow/example_dags/plugins/event_listener.py took 0.053 seconds
[2024-11-06T16:20:45.663+0100] {processor.py:157} INFO - Started process (PID=74838) to work on /Users/pranavikusu/recurring_deliveries/venv/lib/python3.11/site-packages/airflow/example_dags/plugins/event_listener.py
[2024-11-06T16:20:45.666+0100] {processor.py:829} INFO - Processing file /Users/pranavikusu/recurring_deliveries/venv/lib/python3.11/site-packages/airflow/example_dags/plugins/event_listener.py for tasks to queue
[2024-11-06T16:20:45.666+0100] {logging_mixin.py:154} INFO - [2024-11-06T16:20:45.666+0100] {dagbag.py:536} INFO - Filling up the DagBag from /Users/pranavikusu/recurring_deliveries/venv/lib/python3.11/site-packages/airflow/example_dags/plugins/event_listener.py
[2024-11-06T16:20:45.667+0100] {processor.py:841} WARNING - No viable dags retrieved from /Users/pranavikusu/recurring_deliveries/venv/lib/python3.11/site-packages/airflow/example_dags/plugins/event_listener.py
[2024-11-06T16:20:45.712+0100] {processor.py:179} INFO - Processing /Users/pranavikusu/recurring_deliveries/venv/lib/python3.11/site-packages/airflow/example_dags/plugins/event_listener.py took 0.049 seconds
[2024-11-06T16:21:29.493+0100] {processor.py:157} INFO - Started process (PID=74891) to work on /Users/pranavikusu/recurring_deliveries/venv/lib/python3.11/site-packages/airflow/example_dags/plugins/event_listener.py
[2024-11-06T16:21:29.495+0100] {processor.py:829} INFO - Processing file /Users/pranavikusu/recurring_deliveries/venv/lib/python3.11/site-packages/airflow/example_dags/plugins/event_listener.py for tasks to queue
[2024-11-06T16:21:29.496+0100] {logging_mixin.py:154} INFO - [2024-11-06T16:21:29.495+0100] {dagbag.py:536} INFO - Filling up the DagBag from /Users/pranavikusu/recurring_deliveries/venv/lib/python3.11/site-packages/airflow/example_dags/plugins/event_listener.py
[2024-11-06T16:21:29.496+0100] {processor.py:841} WARNING - No viable dags retrieved from /Users/pranavikusu/recurring_deliveries/venv/lib/python3.11/site-packages/airflow/example_dags/plugins/event_listener.py
[2024-11-06T16:21:29.549+0100] {processor.py:179} INFO - Processing /Users/pranavikusu/recurring_deliveries/venv/lib/python3.11/site-packages/airflow/example_dags/plugins/event_listener.py took 0.057 seconds
[2024-11-06T16:22:12.526+0100] {processor.py:157} INFO - Started process (PID=74949) to work on /Users/pranavikusu/recurring_deliveries/venv/lib/python3.11/site-packages/airflow/example_dags/plugins/event_listener.py
[2024-11-06T16:22:12.529+0100] {processor.py:829} INFO - Processing file /Users/pranavikusu/recurring_deliveries/venv/lib/python3.11/site-packages/airflow/example_dags/plugins/event_listener.py for tasks to queue
[2024-11-06T16:22:12.529+0100] {logging_mixin.py:154} INFO - [2024-11-06T16:22:12.529+0100] {dagbag.py:536} INFO - Filling up the DagBag from /Users/pranavikusu/recurring_deliveries/venv/lib/python3.11/site-packages/airflow/example_dags/plugins/event_listener.py
[2024-11-06T16:22:12.530+0100] {processor.py:841} WARNING - No viable dags retrieved from /Users/pranavikusu/recurring_deliveries/venv/lib/python3.11/site-packages/airflow/example_dags/plugins/event_listener.py
[2024-11-06T16:22:12.587+0100] {processor.py:179} INFO - Processing /Users/pranavikusu/recurring_deliveries/venv/lib/python3.11/site-packages/airflow/example_dags/plugins/event_listener.py took 0.062 seconds
[2024-11-06T16:22:57.758+0100] {processor.py:157} INFO - Started process (PID=75011) to work on /Users/pranavikusu/recurring_deliveries/venv/lib/python3.11/site-packages/airflow/example_dags/plugins/event_listener.py
[2024-11-06T16:22:57.762+0100] {processor.py:829} INFO - Processing file /Users/pranavikusu/recurring_deliveries/venv/lib/python3.11/site-packages/airflow/example_dags/plugins/event_listener.py for tasks to queue
[2024-11-06T16:22:57.762+0100] {logging_mixin.py:154} INFO - [2024-11-06T16:22:57.762+0100] {dagbag.py:536} INFO - Filling up the DagBag from /Users/pranavikusu/recurring_deliveries/venv/lib/python3.11/site-packages/airflow/example_dags/plugins/event_listener.py
[2024-11-06T16:22:57.764+0100] {processor.py:841} WARNING - No viable dags retrieved from /Users/pranavikusu/recurring_deliveries/venv/lib/python3.11/site-packages/airflow/example_dags/plugins/event_listener.py
[2024-11-06T16:22:57.826+0100] {processor.py:179} INFO - Processing /Users/pranavikusu/recurring_deliveries/venv/lib/python3.11/site-packages/airflow/example_dags/plugins/event_listener.py took 0.068 seconds
[2024-11-06T16:23:47.602+0100] {processor.py:157} INFO - Started process (PID=75074) to work on /Users/pranavikusu/recurring_deliveries/venv/lib/python3.11/site-packages/airflow/example_dags/plugins/event_listener.py
[2024-11-06T16:23:47.604+0100] {processor.py:829} INFO - Processing file /Users/pranavikusu/recurring_deliveries/venv/lib/python3.11/site-packages/airflow/example_dags/plugins/event_listener.py for tasks to queue
[2024-11-06T16:23:47.604+0100] {logging_mixin.py:154} INFO - [2024-11-06T16:23:47.604+0100] {dagbag.py:536} INFO - Filling up the DagBag from /Users/pranavikusu/recurring_deliveries/venv/lib/python3.11/site-packages/airflow/example_dags/plugins/event_listener.py
[2024-11-06T16:23:47.605+0100] {processor.py:841} WARNING - No viable dags retrieved from /Users/pranavikusu/recurring_deliveries/venv/lib/python3.11/site-packages/airflow/example_dags/plugins/event_listener.py
[2024-11-06T16:23:47.654+0100] {processor.py:179} INFO - Processing /Users/pranavikusu/recurring_deliveries/venv/lib/python3.11/site-packages/airflow/example_dags/plugins/event_listener.py took 0.053 seconds
[2024-11-06T16:24:39.167+0100] {processor.py:157} INFO - Started process (PID=75138) to work on /Users/pranavikusu/recurring_deliveries/venv/lib/python3.11/site-packages/airflow/example_dags/plugins/event_listener.py
[2024-11-06T16:24:39.170+0100] {processor.py:829} INFO - Processing file /Users/pranavikusu/recurring_deliveries/venv/lib/python3.11/site-packages/airflow/example_dags/plugins/event_listener.py for tasks to queue
[2024-11-06T16:24:39.170+0100] {logging_mixin.py:154} INFO - [2024-11-06T16:24:39.170+0100] {dagbag.py:536} INFO - Filling up the DagBag from /Users/pranavikusu/recurring_deliveries/venv/lib/python3.11/site-packages/airflow/example_dags/plugins/event_listener.py
[2024-11-06T16:24:39.170+0100] {processor.py:841} WARNING - No viable dags retrieved from /Users/pranavikusu/recurring_deliveries/venv/lib/python3.11/site-packages/airflow/example_dags/plugins/event_listener.py
[2024-11-06T16:24:39.216+0100] {processor.py:179} INFO - Processing /Users/pranavikusu/recurring_deliveries/venv/lib/python3.11/site-packages/airflow/example_dags/plugins/event_listener.py took 0.049 seconds
[2024-11-06T16:25:26.870+0100] {processor.py:157} INFO - Started process (PID=75203) to work on /Users/pranavikusu/recurring_deliveries/venv/lib/python3.11/site-packages/airflow/example_dags/plugins/event_listener.py
[2024-11-06T16:25:26.873+0100] {processor.py:829} INFO - Processing file /Users/pranavikusu/recurring_deliveries/venv/lib/python3.11/site-packages/airflow/example_dags/plugins/event_listener.py for tasks to queue
[2024-11-06T16:25:26.873+0100] {logging_mixin.py:154} INFO - [2024-11-06T16:25:26.873+0100] {dagbag.py:536} INFO - Filling up the DagBag from /Users/pranavikusu/recurring_deliveries/venv/lib/python3.11/site-packages/airflow/example_dags/plugins/event_listener.py
[2024-11-06T16:25:26.873+0100] {processor.py:841} WARNING - No viable dags retrieved from /Users/pranavikusu/recurring_deliveries/venv/lib/python3.11/site-packages/airflow/example_dags/plugins/event_listener.py
[2024-11-06T16:25:26.919+0100] {processor.py:179} INFO - Processing /Users/pranavikusu/recurring_deliveries/venv/lib/python3.11/site-packages/airflow/example_dags/plugins/event_listener.py took 0.050 seconds
