[2024-11-06T16:13:51.897+0100] {processor.py:157} INFO - Started process (PID=74400) to work on /Users/pranavikusu/recurring_deliveries/venv/lib/python3.11/site-packages/airflow/example_dags/plugins/listener_plugin.py
[2024-11-06T16:13:51.899+0100] {processor.py:829} INFO - Processing file /Users/pranavikusu/recurring_deliveries/venv/lib/python3.11/site-packages/airflow/example_dags/plugins/listener_plugin.py for tasks to queue
[2024-11-06T16:13:51.899+0100] {logging_mixin.py:154} INFO - [2024-11-06T16:13:51.899+0100] {dagbag.py:536} INFO - Filling up the DagBag from /Users/pranavikusu/recurring_deliveries/venv/lib/python3.11/site-packages/airflow/example_dags/plugins/listener_plugin.py
[2024-11-06T16:13:51.900+0100] {processor.py:841} WARNING - No viable dags retrieved from /Users/pranavikusu/recurring_deliveries/venv/lib/python3.11/site-packages/airflow/example_dags/plugins/listener_plugin.py
[2024-11-06T16:13:51.947+0100] {processor.py:179} INFO - Processing /Users/pranavikusu/recurring_deliveries/venv/lib/python3.11/site-packages/airflow/example_dags/plugins/listener_plugin.py took 0.050 seconds
[2024-11-06T16:15:13.713+0100] {processor.py:157} INFO - Started process (PID=74489) to work on /Users/pranavikusu/recurring_deliveries/venv/lib/python3.11/site-packages/airflow/example_dags/plugins/listener_plugin.py
[2024-11-06T16:15:13.716+0100] {processor.py:829} INFO - Processing file /Users/pranavikusu/recurring_deliveries/venv/lib/python3.11/site-packages/airflow/example_dags/plugins/listener_plugin.py for tasks to queue
[2024-11-06T16:15:13.716+0100] {logging_mixin.py:154} INFO - [2024-11-06T16:15:13.716+0100] {dagbag.py:536} INFO - Filling up the DagBag from /Users/pranavikusu/recurring_deliveries/venv/lib/python3.11/site-packages/airflow/example_dags/plugins/listener_plugin.py
[2024-11-06T16:15:13.718+0100] {processor.py:841} WARNING - No viable dags retrieved from /Users/pranavikusu/recurring_deliveries/venv/lib/python3.11/site-packages/airflow/example_dags/plugins/listener_plugin.py
[2024-11-06T16:15:13.765+0100] {processor.py:179} INFO - Processing /Users/pranavikusu/recurring_deliveries/venv/lib/python3.11/site-packages/airflow/example_dags/plugins/listener_plugin.py took 0.053 seconds
[2024-11-06T16:15:58.145+0100] {processor.py:157} INFO - Started process (PID=74540) to work on /Users/pranavikusu/recurring_deliveries/venv/lib/python3.11/site-packages/airflow/example_dags/plugins/listener_plugin.py
[2024-11-06T16:15:58.149+0100] {processor.py:829} INFO - Processing file /Users/pranavikusu/recurring_deliveries/venv/lib/python3.11/site-packages/airflow/example_dags/plugins/listener_plugin.py for tasks to queue
[2024-11-06T16:15:58.149+0100] {logging_mixin.py:154} INFO - [2024-11-06T16:15:58.149+0100] {dagbag.py:536} INFO - Filling up the DagBag from /Users/pranavikusu/recurring_deliveries/venv/lib/python3.11/site-packages/airflow/example_dags/plugins/listener_plugin.py
[2024-11-06T16:15:58.152+0100] {processor.py:841} WARNING - No viable dags retrieved from /Users/pranavikusu/recurring_deliveries/venv/lib/python3.11/site-packages/airflow/example_dags/plugins/listener_plugin.py
[2024-11-06T16:15:58.206+0100] {processor.py:179} INFO - Processing /Users/pranavikusu/recurring_deliveries/venv/lib/python3.11/site-packages/airflow/example_dags/plugins/listener_plugin.py took 0.061 seconds
[2024-11-06T16:16:36.654+0100] {processor.py:157} INFO - Started process (PID=74569) to work on /Users/pranavikusu/recurring_deliveries/venv/lib/python3.11/site-packages/airflow/example_dags/plugins/listener_plugin.py
[2024-11-06T16:16:36.656+0100] {processor.py:829} INFO - Processing file /Users/pranavikusu/recurring_deliveries/venv/lib/python3.11/site-packages/airflow/example_dags/plugins/listener_plugin.py for tasks to queue
[2024-11-06T16:16:36.656+0100] {logging_mixin.py:154} INFO - [2024-11-06T16:16:36.656+0100] {dagbag.py:536} INFO - Filling up the DagBag from /Users/pranavikusu/recurring_deliveries/venv/lib/python3.11/site-packages/airflow/example_dags/plugins/listener_plugin.py
[2024-11-06T16:16:36.657+0100] {processor.py:841} WARNING - No viable dags retrieved from /Users/pranavikusu/recurring_deliveries/venv/lib/python3.11/site-packages/airflow/example_dags/plugins/listener_plugin.py
[2024-11-06T16:16:36.703+0100] {processor.py:179} INFO - Processing /Users/pranavikusu/recurring_deliveries/venv/lib/python3.11/site-packages/airflow/example_dags/plugins/listener_plugin.py took 0.049 seconds
[2024-11-06T16:17:13.650+0100] {processor.py:157} INFO - Started process (PID=74599) to work on /Users/pranavikusu/recurring_deliveries/venv/lib/python3.11/site-packages/airflow/example_dags/plugins/listener_plugin.py
[2024-11-06T16:17:13.653+0100] {processor.py:829} INFO - Processing file /Users/pranavikusu/recurring_deliveries/venv/lib/python3.11/site-packages/airflow/example_dags/plugins/listener_plugin.py for tasks to queue
[2024-11-06T16:17:13.653+0100] {logging_mixin.py:154} INFO - [2024-11-06T16:17:13.653+0100] {dagbag.py:536} INFO - Filling up the DagBag from /Users/pranavikusu/recurring_deliveries/venv/lib/python3.11/site-packages/airflow/example_dags/plugins/listener_plugin.py
[2024-11-06T16:17:13.655+0100] {processor.py:841} WARNING - No viable dags retrieved from /Users/pranavikusu/recurring_deliveries/venv/lib/python3.11/site-packages/airflow/example_dags/plugins/listener_plugin.py
[2024-11-06T16:17:13.700+0100] {processor.py:179} INFO - Processing /Users/pranavikusu/recurring_deliveries/venv/lib/python3.11/site-packages/airflow/example_dags/plugins/listener_plugin.py took 0.050 seconds
[2024-11-06T16:17:53.400+0100] {processor.py:157} INFO - Started process (PID=74635) to work on /Users/pranavikusu/recurring_deliveries/venv/lib/python3.11/site-packages/airflow/example_dags/plugins/listener_plugin.py
[2024-11-06T16:17:53.403+0100] {processor.py:829} INFO - Processing file /Users/pranavikusu/recurring_deliveries/venv/lib/python3.11/site-packages/airflow/example_dags/plugins/listener_plugin.py for tasks to queue
[2024-11-06T16:17:53.403+0100] {logging_mixin.py:154} INFO - [2024-11-06T16:17:53.403+0100] {dagbag.py:536} INFO - Filling up the DagBag from /Users/pranavikusu/recurring_deliveries/venv/lib/python3.11/site-packages/airflow/example_dags/plugins/listener_plugin.py
[2024-11-06T16:17:53.405+0100] {processor.py:841} WARNING - No viable dags retrieved from /Users/pranavikusu/recurring_deliveries/venv/lib/python3.11/site-packages/airflow/example_dags/plugins/listener_plugin.py
[2024-11-06T16:17:53.452+0100] {processor.py:179} INFO - Processing /Users/pranavikusu/recurring_deliveries/venv/lib/python3.11/site-packages/airflow/example_dags/plugins/listener_plugin.py took 0.052 seconds
[2024-11-06T16:18:31.995+0100] {processor.py:157} INFO - Started process (PID=74667) to work on /Users/pranavikusu/recurring_deliveries/venv/lib/python3.11/site-packages/airflow/example_dags/plugins/listener_plugin.py
[2024-11-06T16:18:31.997+0100] {processor.py:829} INFO - Processing file /Users/pranavikusu/recurring_deliveries/venv/lib/python3.11/site-packages/airflow/example_dags/plugins/listener_plugin.py for tasks to queue
[2024-11-06T16:18:31.998+0100] {logging_mixin.py:154} INFO - [2024-11-06T16:18:31.998+0100] {dagbag.py:536} INFO - Filling up the DagBag from /Users/pranavikusu/recurring_deliveries/venv/lib/python3.11/site-packages/airflow/example_dags/plugins/listener_plugin.py
[2024-11-06T16:18:31.999+0100] {processor.py:841} WARNING - No viable dags retrieved from /Users/pranavikusu/recurring_deliveries/venv/lib/python3.11/site-packages/airflow/example_dags/plugins/listener_plugin.py
[2024-11-06T16:18:32.052+0100] {processor.py:179} INFO - Processing /Users/pranavikusu/recurring_deliveries/venv/lib/python3.11/site-packages/airflow/example_dags/plugins/listener_plugin.py took 0.058 seconds
[2024-11-06T16:19:14.609+0100] {processor.py:157} INFO - Started process (PID=74730) to work on /Users/pranavikusu/recurring_deliveries/venv/lib/python3.11/site-packages/airflow/example_dags/plugins/listener_plugin.py
[2024-11-06T16:19:14.611+0100] {processor.py:829} INFO - Processing file /Users/pranavikusu/recurring_deliveries/venv/lib/python3.11/site-packages/airflow/example_dags/plugins/listener_plugin.py for tasks to queue
[2024-11-06T16:19:14.611+0100] {logging_mixin.py:154} INFO - [2024-11-06T16:19:14.611+0100] {dagbag.py:536} INFO - Filling up the DagBag from /Users/pranavikusu/recurring_deliveries/venv/lib/python3.11/site-packages/airflow/example_dags/plugins/listener_plugin.py
[2024-11-06T16:19:14.612+0100] {processor.py:841} WARNING - No viable dags retrieved from /Users/pranavikusu/recurring_deliveries/venv/lib/python3.11/site-packages/airflow/example_dags/plugins/listener_plugin.py
[2024-11-06T16:19:14.658+0100] {processor.py:179} INFO - Processing /Users/pranavikusu/recurring_deliveries/venv/lib/python3.11/site-packages/airflow/example_dags/plugins/listener_plugin.py took 0.050 seconds
[2024-11-06T16:20:02.361+0100] {processor.py:157} INFO - Started process (PID=74783) to work on /Users/pranavikusu/recurring_deliveries/venv/lib/python3.11/site-packages/airflow/example_dags/plugins/listener_plugin.py
[2024-11-06T16:20:02.363+0100] {processor.py:829} INFO - Processing file /Users/pranavikusu/recurring_deliveries/venv/lib/python3.11/site-packages/airflow/example_dags/plugins/listener_plugin.py for tasks to queue
[2024-11-06T16:20:02.364+0100] {logging_mixin.py:154} INFO - [2024-11-06T16:20:02.363+0100] {dagbag.py:536} INFO - Filling up the DagBag from /Users/pranavikusu/recurring_deliveries/venv/lib/python3.11/site-packages/airflow/example_dags/plugins/listener_plugin.py
[2024-11-06T16:20:02.365+0100] {processor.py:841} WARNING - No viable dags retrieved from /Users/pranavikusu/recurring_deliveries/venv/lib/python3.11/site-packages/airflow/example_dags/plugins/listener_plugin.py
[2024-11-06T16:20:02.412+0100] {processor.py:179} INFO - Processing /Users/pranavikusu/recurring_deliveries/venv/lib/python3.11/site-packages/airflow/example_dags/plugins/listener_plugin.py took 0.051 seconds
[2024-11-06T16:20:44.219+0100] {processor.py:157} INFO - Started process (PID=74837) to work on /Users/pranavikusu/recurring_deliveries/venv/lib/python3.11/site-packages/airflow/example_dags/plugins/listener_plugin.py
[2024-11-06T16:20:44.221+0100] {processor.py:829} INFO - Processing file /Users/pranavikusu/recurring_deliveries/venv/lib/python3.11/site-packages/airflow/example_dags/plugins/listener_plugin.py for tasks to queue
[2024-11-06T16:20:44.221+0100] {logging_mixin.py:154} INFO - [2024-11-06T16:20:44.221+0100] {dagbag.py:536} INFO - Filling up the DagBag from /Users/pranavikusu/recurring_deliveries/venv/lib/python3.11/site-packages/airflow/example_dags/plugins/listener_plugin.py
[2024-11-06T16:20:44.223+0100] {processor.py:841} WARNING - No viable dags retrieved from /Users/pranavikusu/recurring_deliveries/venv/lib/python3.11/site-packages/airflow/example_dags/plugins/listener_plugin.py
[2024-11-06T16:20:44.277+0100] {processor.py:179} INFO - Processing /Users/pranavikusu/recurring_deliveries/venv/lib/python3.11/site-packages/airflow/example_dags/plugins/listener_plugin.py took 0.058 seconds
[2024-11-06T16:21:27.892+0100] {processor.py:157} INFO - Started process (PID=74890) to work on /Users/pranavikusu/recurring_deliveries/venv/lib/python3.11/site-packages/airflow/example_dags/plugins/listener_plugin.py
[2024-11-06T16:21:27.895+0100] {processor.py:829} INFO - Processing file /Users/pranavikusu/recurring_deliveries/venv/lib/python3.11/site-packages/airflow/example_dags/plugins/listener_plugin.py for tasks to queue
[2024-11-06T16:21:27.895+0100] {logging_mixin.py:154} INFO - [2024-11-06T16:21:27.895+0100] {dagbag.py:536} INFO - Filling up the DagBag from /Users/pranavikusu/recurring_deliveries/venv/lib/python3.11/site-packages/airflow/example_dags/plugins/listener_plugin.py
[2024-11-06T16:21:27.896+0100] {processor.py:841} WARNING - No viable dags retrieved from /Users/pranavikusu/recurring_deliveries/venv/lib/python3.11/site-packages/airflow/example_dags/plugins/listener_plugin.py
[2024-11-06T16:21:27.943+0100] {processor.py:179} INFO - Processing /Users/pranavikusu/recurring_deliveries/venv/lib/python3.11/site-packages/airflow/example_dags/plugins/listener_plugin.py took 0.052 seconds
[2024-11-06T16:22:10.886+0100] {processor.py:157} INFO - Started process (PID=74948) to work on /Users/pranavikusu/recurring_deliveries/venv/lib/python3.11/site-packages/airflow/example_dags/plugins/listener_plugin.py
[2024-11-06T16:22:10.888+0100] {processor.py:829} INFO - Processing file /Users/pranavikusu/recurring_deliveries/venv/lib/python3.11/site-packages/airflow/example_dags/plugins/listener_plugin.py for tasks to queue
[2024-11-06T16:22:10.889+0100] {logging_mixin.py:154} INFO - [2024-11-06T16:22:10.889+0100] {dagbag.py:536} INFO - Filling up the DagBag from /Users/pranavikusu/recurring_deliveries/venv/lib/python3.11/site-packages/airflow/example_dags/plugins/listener_plugin.py
[2024-11-06T16:22:10.891+0100] {processor.py:841} WARNING - No viable dags retrieved from /Users/pranavikusu/recurring_deliveries/venv/lib/python3.11/site-packages/airflow/example_dags/plugins/listener_plugin.py
[2024-11-06T16:22:10.949+0100] {processor.py:179} INFO - Processing /Users/pranavikusu/recurring_deliveries/venv/lib/python3.11/site-packages/airflow/example_dags/plugins/listener_plugin.py took 0.065 seconds
[2024-11-06T16:22:56.573+0100] {processor.py:157} INFO - Started process (PID=75009) to work on /Users/pranavikusu/recurring_deliveries/venv/lib/python3.11/site-packages/airflow/example_dags/plugins/listener_plugin.py
[2024-11-06T16:22:56.576+0100] {processor.py:829} INFO - Processing file /Users/pranavikusu/recurring_deliveries/venv/lib/python3.11/site-packages/airflow/example_dags/plugins/listener_plugin.py for tasks to queue
[2024-11-06T16:22:56.576+0100] {logging_mixin.py:154} INFO - [2024-11-06T16:22:56.576+0100] {dagbag.py:536} INFO - Filling up the DagBag from /Users/pranavikusu/recurring_deliveries/venv/lib/python3.11/site-packages/airflow/example_dags/plugins/listener_plugin.py
[2024-11-06T16:22:56.577+0100] {processor.py:841} WARNING - No viable dags retrieved from /Users/pranavikusu/recurring_deliveries/venv/lib/python3.11/site-packages/airflow/example_dags/plugins/listener_plugin.py
[2024-11-06T16:22:56.627+0100] {processor.py:179} INFO - Processing /Users/pranavikusu/recurring_deliveries/venv/lib/python3.11/site-packages/airflow/example_dags/plugins/listener_plugin.py took 0.054 seconds
[2024-11-06T16:23:45.889+0100] {processor.py:157} INFO - Started process (PID=75073) to work on /Users/pranavikusu/recurring_deliveries/venv/lib/python3.11/site-packages/airflow/example_dags/plugins/listener_plugin.py
[2024-11-06T16:23:45.892+0100] {processor.py:829} INFO - Processing file /Users/pranavikusu/recurring_deliveries/venv/lib/python3.11/site-packages/airflow/example_dags/plugins/listener_plugin.py for tasks to queue
[2024-11-06T16:23:45.892+0100] {logging_mixin.py:154} INFO - [2024-11-06T16:23:45.892+0100] {dagbag.py:536} INFO - Filling up the DagBag from /Users/pranavikusu/recurring_deliveries/venv/lib/python3.11/site-packages/airflow/example_dags/plugins/listener_plugin.py
[2024-11-06T16:23:45.893+0100] {processor.py:841} WARNING - No viable dags retrieved from /Users/pranavikusu/recurring_deliveries/venv/lib/python3.11/site-packages/airflow/example_dags/plugins/listener_plugin.py
[2024-11-06T16:23:45.942+0100] {processor.py:179} INFO - Processing /Users/pranavikusu/recurring_deliveries/venv/lib/python3.11/site-packages/airflow/example_dags/plugins/listener_plugin.py took 0.053 seconds
[2024-11-06T16:24:37.564+0100] {processor.py:157} INFO - Started process (PID=75137) to work on /Users/pranavikusu/recurring_deliveries/venv/lib/python3.11/site-packages/airflow/example_dags/plugins/listener_plugin.py
[2024-11-06T16:24:37.566+0100] {processor.py:829} INFO - Processing file /Users/pranavikusu/recurring_deliveries/venv/lib/python3.11/site-packages/airflow/example_dags/plugins/listener_plugin.py for tasks to queue
[2024-11-06T16:24:37.566+0100] {logging_mixin.py:154} INFO - [2024-11-06T16:24:37.566+0100] {dagbag.py:536} INFO - Filling up the DagBag from /Users/pranavikusu/recurring_deliveries/venv/lib/python3.11/site-packages/airflow/example_dags/plugins/listener_plugin.py
[2024-11-06T16:24:37.567+0100] {processor.py:841} WARNING - No viable dags retrieved from /Users/pranavikusu/recurring_deliveries/venv/lib/python3.11/site-packages/airflow/example_dags/plugins/listener_plugin.py
[2024-11-06T16:24:37.618+0100] {processor.py:179} INFO - Processing /Users/pranavikusu/recurring_deliveries/venv/lib/python3.11/site-packages/airflow/example_dags/plugins/listener_plugin.py took 0.055 seconds
[2024-11-06T16:25:26.280+0100] {processor.py:157} INFO - Started process (PID=75202) to work on /Users/pranavikusu/recurring_deliveries/venv/lib/python3.11/site-packages/airflow/example_dags/plugins/listener_plugin.py
[2024-11-06T16:25:26.283+0100] {processor.py:829} INFO - Processing file /Users/pranavikusu/recurring_deliveries/venv/lib/python3.11/site-packages/airflow/example_dags/plugins/listener_plugin.py for tasks to queue
[2024-11-06T16:25:26.283+0100] {logging_mixin.py:154} INFO - [2024-11-06T16:25:26.283+0100] {dagbag.py:536} INFO - Filling up the DagBag from /Users/pranavikusu/recurring_deliveries/venv/lib/python3.11/site-packages/airflow/example_dags/plugins/listener_plugin.py
[2024-11-06T16:25:26.285+0100] {processor.py:841} WARNING - No viable dags retrieved from /Users/pranavikusu/recurring_deliveries/venv/lib/python3.11/site-packages/airflow/example_dags/plugins/listener_plugin.py
[2024-11-06T16:25:26.331+0100] {processor.py:179} INFO - Processing /Users/pranavikusu/recurring_deliveries/venv/lib/python3.11/site-packages/airflow/example_dags/plugins/listener_plugin.py took 0.051 seconds
