[2024-11-06T16:13:49.802+0100] {processor.py:157} INFO - Started process (PID=74399) to work on /Users/pranavikusu/recurring_deliveries/venv/lib/python3.11/site-packages/airflow/example_dags/plugins/workday.py
[2024-11-06T16:13:49.804+0100] {processor.py:829} INFO - Processing file /Users/pranavikusu/recurring_deliveries/venv/lib/python3.11/site-packages/airflow/example_dags/plugins/workday.py for tasks to queue
[2024-11-06T16:13:49.805+0100] {logging_mixin.py:154} INFO - [2024-11-06T16:13:49.804+0100] {dagbag.py:536} INFO - Filling up the DagBag from /Users/pranavikusu/recurring_deliveries/venv/lib/python3.11/site-packages/airflow/example_dags/plugins/workday.py
[2024-11-06T16:13:50.202+0100] {processor.py:841} WARNING - No viable dags retrieved from /Users/pranavikusu/recurring_deliveries/venv/lib/python3.11/site-packages/airflow/example_dags/plugins/workday.py
[2024-11-06T16:13:50.275+0100] {processor.py:179} INFO - Processing /Users/pranavikusu/recurring_deliveries/venv/lib/python3.11/site-packages/airflow/example_dags/plugins/workday.py took 0.473 seconds
[2024-11-06T16:15:11.638+0100] {processor.py:157} INFO - Started process (PID=74488) to work on /Users/pranavikusu/recurring_deliveries/venv/lib/python3.11/site-packages/airflow/example_dags/plugins/workday.py
[2024-11-06T16:15:11.640+0100] {processor.py:829} INFO - Processing file /Users/pranavikusu/recurring_deliveries/venv/lib/python3.11/site-packages/airflow/example_dags/plugins/workday.py for tasks to queue
[2024-11-06T16:15:11.640+0100] {logging_mixin.py:154} INFO - [2024-11-06T16:15:11.640+0100] {dagbag.py:536} INFO - Filling up the DagBag from /Users/pranavikusu/recurring_deliveries/venv/lib/python3.11/site-packages/airflow/example_dags/plugins/workday.py
[2024-11-06T16:15:12.033+0100] {processor.py:841} WARNING - No viable dags retrieved from /Users/pranavikusu/recurring_deliveries/venv/lib/python3.11/site-packages/airflow/example_dags/plugins/workday.py
[2024-11-06T16:15:12.108+0100] {processor.py:179} INFO - Processing /Users/pranavikusu/recurring_deliveries/venv/lib/python3.11/site-packages/airflow/example_dags/plugins/workday.py took 0.470 seconds
[2024-11-06T16:15:55.968+0100] {processor.py:157} INFO - Started process (PID=74538) to work on /Users/pranavikusu/recurring_deliveries/venv/lib/python3.11/site-packages/airflow/example_dags/plugins/workday.py
[2024-11-06T16:15:55.971+0100] {processor.py:829} INFO - Processing file /Users/pranavikusu/recurring_deliveries/venv/lib/python3.11/site-packages/airflow/example_dags/plugins/workday.py for tasks to queue
[2024-11-06T16:15:55.971+0100] {logging_mixin.py:154} INFO - [2024-11-06T16:15:55.971+0100] {dagbag.py:536} INFO - Filling up the DagBag from /Users/pranavikusu/recurring_deliveries/venv/lib/python3.11/site-packages/airflow/example_dags/plugins/workday.py
[2024-11-06T16:15:56.388+0100] {processor.py:841} WARNING - No viable dags retrieved from /Users/pranavikusu/recurring_deliveries/venv/lib/python3.11/site-packages/airflow/example_dags/plugins/workday.py
[2024-11-06T16:15:56.459+0100] {processor.py:179} INFO - Processing /Users/pranavikusu/recurring_deliveries/venv/lib/python3.11/site-packages/airflow/example_dags/plugins/workday.py took 0.491 seconds
[2024-11-06T16:16:34.861+0100] {processor.py:157} INFO - Started process (PID=74568) to work on /Users/pranavikusu/recurring_deliveries/venv/lib/python3.11/site-packages/airflow/example_dags/plugins/workday.py
[2024-11-06T16:16:34.864+0100] {processor.py:829} INFO - Processing file /Users/pranavikusu/recurring_deliveries/venv/lib/python3.11/site-packages/airflow/example_dags/plugins/workday.py for tasks to queue
[2024-11-06T16:16:34.864+0100] {logging_mixin.py:154} INFO - [2024-11-06T16:16:34.864+0100] {dagbag.py:536} INFO - Filling up the DagBag from /Users/pranavikusu/recurring_deliveries/venv/lib/python3.11/site-packages/airflow/example_dags/plugins/workday.py
[2024-11-06T16:16:35.252+0100] {processor.py:841} WARNING - No viable dags retrieved from /Users/pranavikusu/recurring_deliveries/venv/lib/python3.11/site-packages/airflow/example_dags/plugins/workday.py
[2024-11-06T16:16:35.322+0100] {processor.py:179} INFO - Processing /Users/pranavikusu/recurring_deliveries/venv/lib/python3.11/site-packages/airflow/example_dags/plugins/workday.py took 0.461 seconds
[2024-11-06T16:17:11.596+0100] {processor.py:157} INFO - Started process (PID=74598) to work on /Users/pranavikusu/recurring_deliveries/venv/lib/python3.11/site-packages/airflow/example_dags/plugins/workday.py
[2024-11-06T16:17:11.599+0100] {processor.py:829} INFO - Processing file /Users/pranavikusu/recurring_deliveries/venv/lib/python3.11/site-packages/airflow/example_dags/plugins/workday.py for tasks to queue
[2024-11-06T16:17:11.599+0100] {logging_mixin.py:154} INFO - [2024-11-06T16:17:11.599+0100] {dagbag.py:536} INFO - Filling up the DagBag from /Users/pranavikusu/recurring_deliveries/venv/lib/python3.11/site-packages/airflow/example_dags/plugins/workday.py
[2024-11-06T16:17:11.990+0100] {processor.py:841} WARNING - No viable dags retrieved from /Users/pranavikusu/recurring_deliveries/venv/lib/python3.11/site-packages/airflow/example_dags/plugins/workday.py
[2024-11-06T16:17:12.062+0100] {processor.py:179} INFO - Processing /Users/pranavikusu/recurring_deliveries/venv/lib/python3.11/site-packages/airflow/example_dags/plugins/workday.py took 0.466 seconds
[2024-11-06T16:17:51.524+0100] {processor.py:157} INFO - Started process (PID=74634) to work on /Users/pranavikusu/recurring_deliveries/venv/lib/python3.11/site-packages/airflow/example_dags/plugins/workday.py
[2024-11-06T16:17:51.526+0100] {processor.py:829} INFO - Processing file /Users/pranavikusu/recurring_deliveries/venv/lib/python3.11/site-packages/airflow/example_dags/plugins/workday.py for tasks to queue
[2024-11-06T16:17:51.526+0100] {logging_mixin.py:154} INFO - [2024-11-06T16:17:51.526+0100] {dagbag.py:536} INFO - Filling up the DagBag from /Users/pranavikusu/recurring_deliveries/venv/lib/python3.11/site-packages/airflow/example_dags/plugins/workday.py
[2024-11-06T16:17:51.946+0100] {processor.py:841} WARNING - No viable dags retrieved from /Users/pranavikusu/recurring_deliveries/venv/lib/python3.11/site-packages/airflow/example_dags/plugins/workday.py
[2024-11-06T16:17:52.018+0100] {processor.py:179} INFO - Processing /Users/pranavikusu/recurring_deliveries/venv/lib/python3.11/site-packages/airflow/example_dags/plugins/workday.py took 0.495 seconds
[2024-11-06T16:18:30.289+0100] {processor.py:157} INFO - Started process (PID=74664) to work on /Users/pranavikusu/recurring_deliveries/venv/lib/python3.11/site-packages/airflow/example_dags/plugins/workday.py
[2024-11-06T16:18:30.292+0100] {processor.py:829} INFO - Processing file /Users/pranavikusu/recurring_deliveries/venv/lib/python3.11/site-packages/airflow/example_dags/plugins/workday.py for tasks to queue
[2024-11-06T16:18:30.292+0100] {logging_mixin.py:154} INFO - [2024-11-06T16:18:30.292+0100] {dagbag.py:536} INFO - Filling up the DagBag from /Users/pranavikusu/recurring_deliveries/venv/lib/python3.11/site-packages/airflow/example_dags/plugins/workday.py
[2024-11-06T16:18:30.856+0100] {processor.py:841} WARNING - No viable dags retrieved from /Users/pranavikusu/recurring_deliveries/venv/lib/python3.11/site-packages/airflow/example_dags/plugins/workday.py
[2024-11-06T16:18:30.938+0100] {processor.py:179} INFO - Processing /Users/pranavikusu/recurring_deliveries/venv/lib/python3.11/site-packages/airflow/example_dags/plugins/workday.py took 0.650 seconds
[2024-11-06T16:19:12.923+0100] {processor.py:157} INFO - Started process (PID=74729) to work on /Users/pranavikusu/recurring_deliveries/venv/lib/python3.11/site-packages/airflow/example_dags/plugins/workday.py
[2024-11-06T16:19:12.925+0100] {processor.py:829} INFO - Processing file /Users/pranavikusu/recurring_deliveries/venv/lib/python3.11/site-packages/airflow/example_dags/plugins/workday.py for tasks to queue
[2024-11-06T16:19:12.926+0100] {logging_mixin.py:154} INFO - [2024-11-06T16:19:12.926+0100] {dagbag.py:536} INFO - Filling up the DagBag from /Users/pranavikusu/recurring_deliveries/venv/lib/python3.11/site-packages/airflow/example_dags/plugins/workday.py
[2024-11-06T16:19:13.306+0100] {processor.py:841} WARNING - No viable dags retrieved from /Users/pranavikusu/recurring_deliveries/venv/lib/python3.11/site-packages/airflow/example_dags/plugins/workday.py
[2024-11-06T16:19:13.381+0100] {processor.py:179} INFO - Processing /Users/pranavikusu/recurring_deliveries/venv/lib/python3.11/site-packages/airflow/example_dags/plugins/workday.py took 0.459 seconds
[2024-11-06T16:20:00.447+0100] {processor.py:157} INFO - Started process (PID=74782) to work on /Users/pranavikusu/recurring_deliveries/venv/lib/python3.11/site-packages/airflow/example_dags/plugins/workday.py
[2024-11-06T16:20:00.449+0100] {processor.py:829} INFO - Processing file /Users/pranavikusu/recurring_deliveries/venv/lib/python3.11/site-packages/airflow/example_dags/plugins/workday.py for tasks to queue
[2024-11-06T16:20:00.450+0100] {logging_mixin.py:154} INFO - [2024-11-06T16:20:00.450+0100] {dagbag.py:536} INFO - Filling up the DagBag from /Users/pranavikusu/recurring_deliveries/venv/lib/python3.11/site-packages/airflow/example_dags/plugins/workday.py
[2024-11-06T16:20:00.686+0100] {processor.py:841} WARNING - No viable dags retrieved from /Users/pranavikusu/recurring_deliveries/venv/lib/python3.11/site-packages/airflow/example_dags/plugins/workday.py
[2024-11-06T16:20:00.773+0100] {processor.py:179} INFO - Processing /Users/pranavikusu/recurring_deliveries/venv/lib/python3.11/site-packages/airflow/example_dags/plugins/workday.py took 0.327 seconds
[2024-11-06T16:20:42.220+0100] {processor.py:157} INFO - Started process (PID=74836) to work on /Users/pranavikusu/recurring_deliveries/venv/lib/python3.11/site-packages/airflow/example_dags/plugins/workday.py
[2024-11-06T16:20:42.223+0100] {processor.py:829} INFO - Processing file /Users/pranavikusu/recurring_deliveries/venv/lib/python3.11/site-packages/airflow/example_dags/plugins/workday.py for tasks to queue
[2024-11-06T16:20:42.224+0100] {logging_mixin.py:154} INFO - [2024-11-06T16:20:42.223+0100] {dagbag.py:536} INFO - Filling up the DagBag from /Users/pranavikusu/recurring_deliveries/venv/lib/python3.11/site-packages/airflow/example_dags/plugins/workday.py
[2024-11-06T16:20:42.527+0100] {processor.py:841} WARNING - No viable dags retrieved from /Users/pranavikusu/recurring_deliveries/venv/lib/python3.11/site-packages/airflow/example_dags/plugins/workday.py
[2024-11-06T16:20:42.602+0100] {processor.py:179} INFO - Processing /Users/pranavikusu/recurring_deliveries/venv/lib/python3.11/site-packages/airflow/example_dags/plugins/workday.py took 0.382 seconds
[2024-11-06T16:21:25.959+0100] {processor.py:157} INFO - Started process (PID=74889) to work on /Users/pranavikusu/recurring_deliveries/venv/lib/python3.11/site-packages/airflow/example_dags/plugins/workday.py
[2024-11-06T16:21:25.961+0100] {processor.py:829} INFO - Processing file /Users/pranavikusu/recurring_deliveries/venv/lib/python3.11/site-packages/airflow/example_dags/plugins/workday.py for tasks to queue
[2024-11-06T16:21:25.962+0100] {logging_mixin.py:154} INFO - [2024-11-06T16:21:25.962+0100] {dagbag.py:536} INFO - Filling up the DagBag from /Users/pranavikusu/recurring_deliveries/venv/lib/python3.11/site-packages/airflow/example_dags/plugins/workday.py
[2024-11-06T16:21:26.211+0100] {processor.py:841} WARNING - No viable dags retrieved from /Users/pranavikusu/recurring_deliveries/venv/lib/python3.11/site-packages/airflow/example_dags/plugins/workday.py
[2024-11-06T16:21:26.303+0100] {processor.py:179} INFO - Processing /Users/pranavikusu/recurring_deliveries/venv/lib/python3.11/site-packages/airflow/example_dags/plugins/workday.py took 0.345 seconds
[2024-11-06T16:22:08.822+0100] {processor.py:157} INFO - Started process (PID=74946) to work on /Users/pranavikusu/recurring_deliveries/venv/lib/python3.11/site-packages/airflow/example_dags/plugins/workday.py
[2024-11-06T16:22:08.825+0100] {processor.py:829} INFO - Processing file /Users/pranavikusu/recurring_deliveries/venv/lib/python3.11/site-packages/airflow/example_dags/plugins/workday.py for tasks to queue
[2024-11-06T16:22:08.825+0100] {logging_mixin.py:154} INFO - [2024-11-06T16:22:08.825+0100] {dagbag.py:536} INFO - Filling up the DagBag from /Users/pranavikusu/recurring_deliveries/venv/lib/python3.11/site-packages/airflow/example_dags/plugins/workday.py
[2024-11-06T16:22:09.157+0100] {processor.py:841} WARNING - No viable dags retrieved from /Users/pranavikusu/recurring_deliveries/venv/lib/python3.11/site-packages/airflow/example_dags/plugins/workday.py
[2024-11-06T16:22:09.235+0100] {processor.py:179} INFO - Processing /Users/pranavikusu/recurring_deliveries/venv/lib/python3.11/site-packages/airflow/example_dags/plugins/workday.py took 0.414 seconds
[2024-11-06T16:22:54.563+0100] {processor.py:157} INFO - Started process (PID=75008) to work on /Users/pranavikusu/recurring_deliveries/venv/lib/python3.11/site-packages/airflow/example_dags/plugins/workday.py
[2024-11-06T16:22:54.566+0100] {processor.py:829} INFO - Processing file /Users/pranavikusu/recurring_deliveries/venv/lib/python3.11/site-packages/airflow/example_dags/plugins/workday.py for tasks to queue
[2024-11-06T16:22:54.566+0100] {logging_mixin.py:154} INFO - [2024-11-06T16:22:54.566+0100] {dagbag.py:536} INFO - Filling up the DagBag from /Users/pranavikusu/recurring_deliveries/venv/lib/python3.11/site-packages/airflow/example_dags/plugins/workday.py
[2024-11-06T16:22:54.850+0100] {processor.py:841} WARNING - No viable dags retrieved from /Users/pranavikusu/recurring_deliveries/venv/lib/python3.11/site-packages/airflow/example_dags/plugins/workday.py
[2024-11-06T16:22:54.926+0100] {processor.py:179} INFO - Processing /Users/pranavikusu/recurring_deliveries/venv/lib/python3.11/site-packages/airflow/example_dags/plugins/workday.py took 0.363 seconds
[2024-11-06T16:23:43.874+0100] {processor.py:157} INFO - Started process (PID=75072) to work on /Users/pranavikusu/recurring_deliveries/venv/lib/python3.11/site-packages/airflow/example_dags/plugins/workday.py
[2024-11-06T16:23:43.877+0100] {processor.py:829} INFO - Processing file /Users/pranavikusu/recurring_deliveries/venv/lib/python3.11/site-packages/airflow/example_dags/plugins/workday.py for tasks to queue
[2024-11-06T16:23:43.877+0100] {logging_mixin.py:154} INFO - [2024-11-06T16:23:43.877+0100] {dagbag.py:536} INFO - Filling up the DagBag from /Users/pranavikusu/recurring_deliveries/venv/lib/python3.11/site-packages/airflow/example_dags/plugins/workday.py
[2024-11-06T16:23:44.223+0100] {processor.py:841} WARNING - No viable dags retrieved from /Users/pranavikusu/recurring_deliveries/venv/lib/python3.11/site-packages/airflow/example_dags/plugins/workday.py
[2024-11-06T16:23:44.294+0100] {processor.py:179} INFO - Processing /Users/pranavikusu/recurring_deliveries/venv/lib/python3.11/site-packages/airflow/example_dags/plugins/workday.py took 0.420 seconds
[2024-11-06T16:24:35.671+0100] {processor.py:157} INFO - Started process (PID=75136) to work on /Users/pranavikusu/recurring_deliveries/venv/lib/python3.11/site-packages/airflow/example_dags/plugins/workday.py
[2024-11-06T16:24:35.674+0100] {processor.py:829} INFO - Processing file /Users/pranavikusu/recurring_deliveries/venv/lib/python3.11/site-packages/airflow/example_dags/plugins/workday.py for tasks to queue
[2024-11-06T16:24:35.674+0100] {logging_mixin.py:154} INFO - [2024-11-06T16:24:35.674+0100] {dagbag.py:536} INFO - Filling up the DagBag from /Users/pranavikusu/recurring_deliveries/venv/lib/python3.11/site-packages/airflow/example_dags/plugins/workday.py
[2024-11-06T16:24:35.900+0100] {processor.py:841} WARNING - No viable dags retrieved from /Users/pranavikusu/recurring_deliveries/venv/lib/python3.11/site-packages/airflow/example_dags/plugins/workday.py
[2024-11-06T16:24:35.984+0100] {processor.py:179} INFO - Processing /Users/pranavikusu/recurring_deliveries/venv/lib/python3.11/site-packages/airflow/example_dags/plugins/workday.py took 0.313 seconds
[2024-11-06T16:25:25.248+0100] {processor.py:157} INFO - Started process (PID=75201) to work on /Users/pranavikusu/recurring_deliveries/venv/lib/python3.11/site-packages/airflow/example_dags/plugins/workday.py
[2024-11-06T16:25:25.250+0100] {processor.py:829} INFO - Processing file /Users/pranavikusu/recurring_deliveries/venv/lib/python3.11/site-packages/airflow/example_dags/plugins/workday.py for tasks to queue
[2024-11-06T16:25:25.251+0100] {logging_mixin.py:154} INFO - [2024-11-06T16:25:25.251+0100] {dagbag.py:536} INFO - Filling up the DagBag from /Users/pranavikusu/recurring_deliveries/venv/lib/python3.11/site-packages/airflow/example_dags/plugins/workday.py
[2024-11-06T16:25:25.527+0100] {processor.py:841} WARNING - No viable dags retrieved from /Users/pranavikusu/recurring_deliveries/venv/lib/python3.11/site-packages/airflow/example_dags/plugins/workday.py
[2024-11-06T16:25:25.600+0100] {processor.py:179} INFO - Processing /Users/pranavikusu/recurring_deliveries/venv/lib/python3.11/site-packages/airflow/example_dags/plugins/workday.py took 0.353 seconds
