[2024-11-06T16:14:07.988+0100] {processor.py:157} INFO - Started process (PID=74417) to work on /Users/pranavikusu/recurring_deliveries/venv/lib/python3.11/site-packages/airflow/example_dags/example_trigger_controller_dag.py
[2024-11-06T16:14:07.990+0100] {processor.py:829} INFO - Processing file /Users/pranavikusu/recurring_deliveries/venv/lib/python3.11/site-packages/airflow/example_dags/example_trigger_controller_dag.py for tasks to queue
[2024-11-06T16:14:07.991+0100] {logging_mixin.py:154} INFO - [2024-11-06T16:14:07.990+0100] {dagbag.py:536} INFO - Filling up the DagBag from /Users/pranavikusu/recurring_deliveries/venv/lib/python3.11/site-packages/airflow/example_dags/example_trigger_controller_dag.py
[2024-11-06T16:14:08.006+0100] {processor.py:839} INFO - DAG(s) dict_keys(['example_trigger_controller_dag']) retrieved from /Users/pranavikusu/recurring_deliveries/venv/lib/python3.11/site-packages/airflow/example_dags/example_trigger_controller_dag.py
[2024-11-06T16:14:08.235+0100] {logging_mixin.py:154} INFO - [2024-11-06T16:14:08.235+0100] {manager.py:499} INFO - Created Permission View: %s
[2024-11-06T16:14:08.239+0100] {logging_mixin.py:154} INFO - [2024-11-06T16:14:08.239+0100] {manager.py:499} INFO - Created Permission View: %s
[2024-11-06T16:14:08.242+0100] {logging_mixin.py:154} INFO - [2024-11-06T16:14:08.242+0100] {manager.py:499} INFO - Created Permission View: %s
[2024-11-06T16:14:08.243+0100] {logging_mixin.py:154} INFO - [2024-11-06T16:14:08.243+0100] {dag.py:2941} INFO - Sync 1 DAGs
[2024-11-06T16:14:08.246+0100] {logging_mixin.py:154} INFO - [2024-11-06T16:14:08.246+0100] {dag.py:2963} INFO - Creating ORM DAG for example_trigger_controller_dag
[2024-11-06T16:14:08.250+0100] {logging_mixin.py:154} INFO - [2024-11-06T16:14:08.250+0100] {dag.py:3722} INFO - Setting next_dagrun for example_trigger_controller_dag to 2021-01-01T00:00:00+00:00, run_after=2021-01-01T00:00:00+00:00
[2024-11-06T16:14:08.259+0100] {processor.py:179} INFO - Processing /Users/pranavikusu/recurring_deliveries/venv/lib/python3.11/site-packages/airflow/example_dags/example_trigger_controller_dag.py took 0.272 seconds
[2024-11-06T16:15:27.619+0100] {processor.py:157} INFO - Started process (PID=74508) to work on /Users/pranavikusu/recurring_deliveries/venv/lib/python3.11/site-packages/airflow/example_dags/example_trigger_controller_dag.py
[2024-11-06T16:15:27.622+0100] {processor.py:829} INFO - Processing file /Users/pranavikusu/recurring_deliveries/venv/lib/python3.11/site-packages/airflow/example_dags/example_trigger_controller_dag.py for tasks to queue
[2024-11-06T16:15:27.622+0100] {logging_mixin.py:154} INFO - [2024-11-06T16:15:27.622+0100] {dagbag.py:536} INFO - Filling up the DagBag from /Users/pranavikusu/recurring_deliveries/venv/lib/python3.11/site-packages/airflow/example_dags/example_trigger_controller_dag.py
[2024-11-06T16:15:27.632+0100] {processor.py:839} INFO - DAG(s) dict_keys(['example_trigger_controller_dag']) retrieved from /Users/pranavikusu/recurring_deliveries/venv/lib/python3.11/site-packages/airflow/example_dags/example_trigger_controller_dag.py
[2024-11-06T16:15:27.692+0100] {logging_mixin.py:154} INFO - [2024-11-06T16:15:27.692+0100] {dag.py:2941} INFO - Sync 1 DAGs
[2024-11-06T16:15:27.698+0100] {logging_mixin.py:154} INFO - [2024-11-06T16:15:27.698+0100] {dag.py:3722} INFO - Setting next_dagrun for example_trigger_controller_dag to 2021-01-01T00:00:00+00:00, run_after=2021-01-01T00:00:00+00:00
[2024-11-06T16:15:27.705+0100] {processor.py:179} INFO - Processing /Users/pranavikusu/recurring_deliveries/venv/lib/python3.11/site-packages/airflow/example_dags/example_trigger_controller_dag.py took 0.086 seconds
[2024-11-06T16:16:42.794+0100] {processor.py:157} INFO - Started process (PID=74575) to work on /Users/pranavikusu/recurring_deliveries/venv/lib/python3.11/site-packages/airflow/example_dags/example_trigger_controller_dag.py
[2024-11-06T16:16:42.797+0100] {processor.py:829} INFO - Processing file /Users/pranavikusu/recurring_deliveries/venv/lib/python3.11/site-packages/airflow/example_dags/example_trigger_controller_dag.py for tasks to queue
[2024-11-06T16:16:42.797+0100] {logging_mixin.py:154} INFO - [2024-11-06T16:16:42.797+0100] {dagbag.py:536} INFO - Filling up the DagBag from /Users/pranavikusu/recurring_deliveries/venv/lib/python3.11/site-packages/airflow/example_dags/example_trigger_controller_dag.py
[2024-11-06T16:16:42.807+0100] {processor.py:839} INFO - DAG(s) dict_keys(['example_trigger_controller_dag']) retrieved from /Users/pranavikusu/recurring_deliveries/venv/lib/python3.11/site-packages/airflow/example_dags/example_trigger_controller_dag.py
[2024-11-06T16:16:42.867+0100] {logging_mixin.py:154} INFO - [2024-11-06T16:16:42.867+0100] {dag.py:2941} INFO - Sync 1 DAGs
[2024-11-06T16:16:42.873+0100] {logging_mixin.py:154} INFO - [2024-11-06T16:16:42.873+0100] {dag.py:3722} INFO - Setting next_dagrun for example_trigger_controller_dag to 2021-01-01T00:00:00+00:00, run_after=2021-01-01T00:00:00+00:00
[2024-11-06T16:16:42.880+0100] {processor.py:179} INFO - Processing /Users/pranavikusu/recurring_deliveries/venv/lib/python3.11/site-packages/airflow/example_dags/example_trigger_controller_dag.py took 0.086 seconds
[2024-11-06T16:18:02.185+0100] {processor.py:157} INFO - Started process (PID=74642) to work on /Users/pranavikusu/recurring_deliveries/venv/lib/python3.11/site-packages/airflow/example_dags/example_trigger_controller_dag.py
[2024-11-06T16:18:02.187+0100] {processor.py:829} INFO - Processing file /Users/pranavikusu/recurring_deliveries/venv/lib/python3.11/site-packages/airflow/example_dags/example_trigger_controller_dag.py for tasks to queue
[2024-11-06T16:18:02.187+0100] {logging_mixin.py:154} INFO - [2024-11-06T16:18:02.187+0100] {dagbag.py:536} INFO - Filling up the DagBag from /Users/pranavikusu/recurring_deliveries/venv/lib/python3.11/site-packages/airflow/example_dags/example_trigger_controller_dag.py
[2024-11-06T16:18:02.198+0100] {processor.py:839} INFO - DAG(s) dict_keys(['example_trigger_controller_dag']) retrieved from /Users/pranavikusu/recurring_deliveries/venv/lib/python3.11/site-packages/airflow/example_dags/example_trigger_controller_dag.py
[2024-11-06T16:18:02.258+0100] {logging_mixin.py:154} INFO - [2024-11-06T16:18:02.258+0100] {dag.py:2941} INFO - Sync 1 DAGs
[2024-11-06T16:18:02.264+0100] {logging_mixin.py:154} INFO - [2024-11-06T16:18:02.264+0100] {dag.py:3722} INFO - Setting next_dagrun for example_trigger_controller_dag to 2021-01-01T00:00:00+00:00, run_after=2021-01-01T00:00:00+00:00
[2024-11-06T16:18:02.271+0100] {processor.py:179} INFO - Processing /Users/pranavikusu/recurring_deliveries/venv/lib/python3.11/site-packages/airflow/example_dags/example_trigger_controller_dag.py took 0.087 seconds
[2024-11-06T16:19:27.868+0100] {processor.py:157} INFO - Started process (PID=74740) to work on /Users/pranavikusu/recurring_deliveries/venv/lib/python3.11/site-packages/airflow/example_dags/example_trigger_controller_dag.py
[2024-11-06T16:19:27.871+0100] {processor.py:829} INFO - Processing file /Users/pranavikusu/recurring_deliveries/venv/lib/python3.11/site-packages/airflow/example_dags/example_trigger_controller_dag.py for tasks to queue
[2024-11-06T16:19:27.871+0100] {logging_mixin.py:154} INFO - [2024-11-06T16:19:27.871+0100] {dagbag.py:536} INFO - Filling up the DagBag from /Users/pranavikusu/recurring_deliveries/venv/lib/python3.11/site-packages/airflow/example_dags/example_trigger_controller_dag.py
[2024-11-06T16:19:27.881+0100] {processor.py:839} INFO - DAG(s) dict_keys(['example_trigger_controller_dag']) retrieved from /Users/pranavikusu/recurring_deliveries/venv/lib/python3.11/site-packages/airflow/example_dags/example_trigger_controller_dag.py
[2024-11-06T16:19:27.941+0100] {logging_mixin.py:154} INFO - [2024-11-06T16:19:27.941+0100] {dag.py:2941} INFO - Sync 1 DAGs
[2024-11-06T16:19:27.947+0100] {logging_mixin.py:154} INFO - [2024-11-06T16:19:27.947+0100] {dag.py:3722} INFO - Setting next_dagrun for example_trigger_controller_dag to 2021-01-01T00:00:00+00:00, run_after=2021-01-01T00:00:00+00:00
[2024-11-06T16:19:27.954+0100] {processor.py:179} INFO - Processing /Users/pranavikusu/recurring_deliveries/venv/lib/python3.11/site-packages/airflow/example_dags/example_trigger_controller_dag.py took 0.086 seconds
[2024-11-06T16:20:49.891+0100] {processor.py:157} INFO - Started process (PID=74843) to work on /Users/pranavikusu/recurring_deliveries/venv/lib/python3.11/site-packages/airflow/example_dags/example_trigger_controller_dag.py
[2024-11-06T16:20:49.894+0100] {processor.py:829} INFO - Processing file /Users/pranavikusu/recurring_deliveries/venv/lib/python3.11/site-packages/airflow/example_dags/example_trigger_controller_dag.py for tasks to queue
[2024-11-06T16:20:49.894+0100] {logging_mixin.py:154} INFO - [2024-11-06T16:20:49.894+0100] {dagbag.py:536} INFO - Filling up the DagBag from /Users/pranavikusu/recurring_deliveries/venv/lib/python3.11/site-packages/airflow/example_dags/example_trigger_controller_dag.py
[2024-11-06T16:20:49.904+0100] {processor.py:839} INFO - DAG(s) dict_keys(['example_trigger_controller_dag']) retrieved from /Users/pranavikusu/recurring_deliveries/venv/lib/python3.11/site-packages/airflow/example_dags/example_trigger_controller_dag.py
[2024-11-06T16:20:49.968+0100] {logging_mixin.py:154} INFO - [2024-11-06T16:20:49.968+0100] {dag.py:2941} INFO - Sync 1 DAGs
[2024-11-06T16:20:49.974+0100] {logging_mixin.py:154} INFO - [2024-11-06T16:20:49.974+0100] {dag.py:3722} INFO - Setting next_dagrun for example_trigger_controller_dag to 2021-01-01T00:00:00+00:00, run_after=2021-01-01T00:00:00+00:00
[2024-11-06T16:20:49.981+0100] {processor.py:179} INFO - Processing /Users/pranavikusu/recurring_deliveries/venv/lib/python3.11/site-packages/airflow/example_dags/example_trigger_controller_dag.py took 0.091 seconds
[2024-11-06T16:22:15.974+0100] {processor.py:157} INFO - Started process (PID=74960) to work on /Users/pranavikusu/recurring_deliveries/venv/lib/python3.11/site-packages/airflow/example_dags/example_trigger_controller_dag.py
[2024-11-06T16:22:15.976+0100] {processor.py:829} INFO - Processing file /Users/pranavikusu/recurring_deliveries/venv/lib/python3.11/site-packages/airflow/example_dags/example_trigger_controller_dag.py for tasks to queue
[2024-11-06T16:22:15.976+0100] {logging_mixin.py:154} INFO - [2024-11-06T16:22:15.976+0100] {dagbag.py:536} INFO - Filling up the DagBag from /Users/pranavikusu/recurring_deliveries/venv/lib/python3.11/site-packages/airflow/example_dags/example_trigger_controller_dag.py
[2024-11-06T16:22:15.989+0100] {processor.py:839} INFO - DAG(s) dict_keys(['example_trigger_controller_dag']) retrieved from /Users/pranavikusu/recurring_deliveries/venv/lib/python3.11/site-packages/airflow/example_dags/example_trigger_controller_dag.py
[2024-11-06T16:22:16.064+0100] {logging_mixin.py:154} INFO - [2024-11-06T16:22:16.064+0100] {dag.py:2941} INFO - Sync 1 DAGs
[2024-11-06T16:22:16.072+0100] {logging_mixin.py:154} INFO - [2024-11-06T16:22:16.071+0100] {dag.py:3722} INFO - Setting next_dagrun for example_trigger_controller_dag to 2021-01-01T00:00:00+00:00, run_after=2021-01-01T00:00:00+00:00
[2024-11-06T16:22:16.079+0100] {processor.py:179} INFO - Processing /Users/pranavikusu/recurring_deliveries/venv/lib/python3.11/site-packages/airflow/example_dags/example_trigger_controller_dag.py took 0.105 seconds
[2024-11-06T16:23:09.877+0100] {processor.py:157} INFO - Started process (PID=75021) to work on /Users/pranavikusu/recurring_deliveries/venv/lib/python3.11/site-packages/airflow/example_dags/example_trigger_controller_dag.py
[2024-11-06T16:23:09.880+0100] {processor.py:829} INFO - Processing file /Users/pranavikusu/recurring_deliveries/venv/lib/python3.11/site-packages/airflow/example_dags/example_trigger_controller_dag.py for tasks to queue
[2024-11-06T16:23:09.880+0100] {logging_mixin.py:154} INFO - [2024-11-06T16:23:09.880+0100] {dagbag.py:536} INFO - Filling up the DagBag from /Users/pranavikusu/recurring_deliveries/venv/lib/python3.11/site-packages/airflow/example_dags/example_trigger_controller_dag.py
[2024-11-06T16:23:09.897+0100] {processor.py:839} INFO - DAG(s) dict_keys(['example_trigger_controller_dag']) retrieved from /Users/pranavikusu/recurring_deliveries/venv/lib/python3.11/site-packages/airflow/example_dags/example_trigger_controller_dag.py
[2024-11-06T16:23:09.980+0100] {logging_mixin.py:154} INFO - [2024-11-06T16:23:09.980+0100] {dag.py:2941} INFO - Sync 1 DAGs
[2024-11-06T16:23:09.998+0100] {logging_mixin.py:154} INFO - [2024-11-06T16:23:09.998+0100] {dag.py:3722} INFO - Setting next_dagrun for example_trigger_controller_dag to 2021-01-01T00:00:00+00:00, run_after=2021-01-01T00:00:00+00:00
[2024-11-06T16:23:10.011+0100] {processor.py:179} INFO - Processing /Users/pranavikusu/recurring_deliveries/venv/lib/python3.11/site-packages/airflow/example_dags/example_trigger_controller_dag.py took 0.135 seconds
[2024-11-06T16:24:50.539+0100] {processor.py:157} INFO - Started process (PID=75148) to work on /Users/pranavikusu/recurring_deliveries/venv/lib/python3.11/site-packages/airflow/example_dags/example_trigger_controller_dag.py
[2024-11-06T16:24:50.541+0100] {processor.py:829} INFO - Processing file /Users/pranavikusu/recurring_deliveries/venv/lib/python3.11/site-packages/airflow/example_dags/example_trigger_controller_dag.py for tasks to queue
[2024-11-06T16:24:50.542+0100] {logging_mixin.py:154} INFO - [2024-11-06T16:24:50.542+0100] {dagbag.py:536} INFO - Filling up the DagBag from /Users/pranavikusu/recurring_deliveries/venv/lib/python3.11/site-packages/airflow/example_dags/example_trigger_controller_dag.py
[2024-11-06T16:24:50.552+0100] {processor.py:839} INFO - DAG(s) dict_keys(['example_trigger_controller_dag']) retrieved from /Users/pranavikusu/recurring_deliveries/venv/lib/python3.11/site-packages/airflow/example_dags/example_trigger_controller_dag.py
[2024-11-06T16:24:50.617+0100] {logging_mixin.py:154} INFO - [2024-11-06T16:24:50.617+0100] {dag.py:2941} INFO - Sync 1 DAGs
[2024-11-06T16:24:50.624+0100] {logging_mixin.py:154} INFO - [2024-11-06T16:24:50.624+0100] {dag.py:3722} INFO - Setting next_dagrun for example_trigger_controller_dag to 2021-01-01T00:00:00+00:00, run_after=2021-01-01T00:00:00+00:00
[2024-11-06T16:24:50.632+0100] {processor.py:179} INFO - Processing /Users/pranavikusu/recurring_deliveries/venv/lib/python3.11/site-packages/airflow/example_dags/example_trigger_controller_dag.py took 0.093 seconds
