[2024-11-06T16:14:17.503+0100] {processor.py:157} INFO - Started process (PID=74426) to work on /Users/pranavikusu/recurring_deliveries/venv/lib/python3.11/site-packages/airflow/example_dags/example_sla_dag.py
[2024-11-06T16:14:17.505+0100] {processor.py:829} INFO - Processing file /Users/pranavikusu/recurring_deliveries/venv/lib/python3.11/site-packages/airflow/example_dags/example_sla_dag.py for tasks to queue
[2024-11-06T16:14:17.505+0100] {logging_mixin.py:154} INFO - [2024-11-06T16:14:17.505+0100] {dagbag.py:536} INFO - Filling up the DagBag from /Users/pranavikusu/recurring_deliveries/venv/lib/python3.11/site-packages/airflow/example_dags/example_sla_dag.py
[2024-11-06T16:14:17.536+0100] {processor.py:839} INFO - DAG(s) dict_keys(['example_sla_dag']) retrieved from /Users/pranavikusu/recurring_deliveries/venv/lib/python3.11/site-packages/airflow/example_dags/example_sla_dag.py
[2024-11-06T16:14:17.782+0100] {logging_mixin.py:154} INFO - [2024-11-06T16:14:17.782+0100] {manager.py:499} INFO - Created Permission View: %s
[2024-11-06T16:14:17.785+0100] {logging_mixin.py:154} INFO - [2024-11-06T16:14:17.785+0100] {manager.py:499} INFO - Created Permission View: %s
[2024-11-06T16:14:17.787+0100] {logging_mixin.py:154} INFO - [2024-11-06T16:14:17.787+0100] {manager.py:499} INFO - Created Permission View: %s
[2024-11-06T16:14:17.787+0100] {logging_mixin.py:154} INFO - [2024-11-06T16:14:17.787+0100] {dag.py:2941} INFO - Sync 1 DAGs
[2024-11-06T16:14:17.791+0100] {logging_mixin.py:154} INFO - [2024-11-06T16:14:17.791+0100] {dag.py:2963} INFO - Creating ORM DAG for example_sla_dag
[2024-11-06T16:14:17.796+0100] {logging_mixin.py:154} INFO - [2024-11-06T16:14:17.796+0100] {dag.py:3722} INFO - Setting next_dagrun for example_sla_dag to 2024-11-06T15:12:00+00:00, run_after=2024-11-06T15:14:00+00:00
[2024-11-06T16:14:17.804+0100] {processor.py:179} INFO - Processing /Users/pranavikusu/recurring_deliveries/venv/lib/python3.11/site-packages/airflow/example_dags/example_sla_dag.py took 0.302 seconds
[2024-11-06T16:15:35.276+0100] {processor.py:157} INFO - Started process (PID=74513) to work on /Users/pranavikusu/recurring_deliveries/venv/lib/python3.11/site-packages/airflow/example_dags/example_sla_dag.py
[2024-11-06T16:15:35.279+0100] {processor.py:829} INFO - Processing file /Users/pranavikusu/recurring_deliveries/venv/lib/python3.11/site-packages/airflow/example_dags/example_sla_dag.py for tasks to queue
[2024-11-06T16:15:35.279+0100] {logging_mixin.py:154} INFO - [2024-11-06T16:15:35.279+0100] {dagbag.py:536} INFO - Filling up the DagBag from /Users/pranavikusu/recurring_deliveries/venv/lib/python3.11/site-packages/airflow/example_dags/example_sla_dag.py
[2024-11-06T16:15:35.304+0100] {processor.py:839} INFO - DAG(s) dict_keys(['example_sla_dag']) retrieved from /Users/pranavikusu/recurring_deliveries/venv/lib/python3.11/site-packages/airflow/example_dags/example_sla_dag.py
[2024-11-06T16:15:35.374+0100] {logging_mixin.py:154} INFO - [2024-11-06T16:15:35.374+0100] {dag.py:2941} INFO - Sync 1 DAGs
[2024-11-06T16:15:35.381+0100] {logging_mixin.py:154} INFO - [2024-11-06T16:15:35.381+0100] {dag.py:3722} INFO - Setting next_dagrun for example_sla_dag to 2024-11-06T15:12:00+00:00, run_after=2024-11-06T15:14:00+00:00
[2024-11-06T16:15:35.388+0100] {processor.py:179} INFO - Processing /Users/pranavikusu/recurring_deliveries/venv/lib/python3.11/site-packages/airflow/example_dags/example_sla_dag.py took 0.112 seconds
[2024-11-06T16:16:50.055+0100] {processor.py:157} INFO - Started process (PID=74582) to work on /Users/pranavikusu/recurring_deliveries/venv/lib/python3.11/site-packages/airflow/example_dags/example_sla_dag.py
[2024-11-06T16:16:50.057+0100] {processor.py:829} INFO - Processing file /Users/pranavikusu/recurring_deliveries/venv/lib/python3.11/site-packages/airflow/example_dags/example_sla_dag.py for tasks to queue
[2024-11-06T16:16:50.058+0100] {logging_mixin.py:154} INFO - [2024-11-06T16:16:50.058+0100] {dagbag.py:536} INFO - Filling up the DagBag from /Users/pranavikusu/recurring_deliveries/venv/lib/python3.11/site-packages/airflow/example_dags/example_sla_dag.py
[2024-11-06T16:16:50.078+0100] {processor.py:839} INFO - DAG(s) dict_keys(['example_sla_dag']) retrieved from /Users/pranavikusu/recurring_deliveries/venv/lib/python3.11/site-packages/airflow/example_dags/example_sla_dag.py
[2024-11-06T16:16:50.136+0100] {logging_mixin.py:154} INFO - [2024-11-06T16:16:50.136+0100] {dag.py:2941} INFO - Sync 1 DAGs
[2024-11-06T16:16:50.142+0100] {logging_mixin.py:154} INFO - [2024-11-06T16:16:50.142+0100] {dag.py:3722} INFO - Setting next_dagrun for example_sla_dag to 2024-11-06T15:14:00+00:00, run_after=2024-11-06T15:16:00+00:00
[2024-11-06T16:16:50.149+0100] {processor.py:179} INFO - Processing /Users/pranavikusu/recurring_deliveries/venv/lib/python3.11/site-packages/airflow/example_dags/example_sla_dag.py took 0.095 seconds
[2024-11-06T16:18:09.723+0100] {processor.py:157} INFO - Started process (PID=74647) to work on /Users/pranavikusu/recurring_deliveries/venv/lib/python3.11/site-packages/airflow/example_dags/example_sla_dag.py
[2024-11-06T16:18:09.726+0100] {processor.py:829} INFO - Processing file /Users/pranavikusu/recurring_deliveries/venv/lib/python3.11/site-packages/airflow/example_dags/example_sla_dag.py for tasks to queue
[2024-11-06T16:18:09.726+0100] {logging_mixin.py:154} INFO - [2024-11-06T16:18:09.726+0100] {dagbag.py:536} INFO - Filling up the DagBag from /Users/pranavikusu/recurring_deliveries/venv/lib/python3.11/site-packages/airflow/example_dags/example_sla_dag.py
[2024-11-06T16:18:09.748+0100] {processor.py:839} INFO - DAG(s) dict_keys(['example_sla_dag']) retrieved from /Users/pranavikusu/recurring_deliveries/venv/lib/python3.11/site-packages/airflow/example_dags/example_sla_dag.py
[2024-11-06T16:18:09.806+0100] {logging_mixin.py:154} INFO - [2024-11-06T16:18:09.806+0100] {dag.py:2941} INFO - Sync 1 DAGs
[2024-11-06T16:18:09.812+0100] {logging_mixin.py:154} INFO - [2024-11-06T16:18:09.812+0100] {dag.py:3722} INFO - Setting next_dagrun for example_sla_dag to 2024-11-06T15:16:00+00:00, run_after=2024-11-06T15:18:00+00:00
[2024-11-06T16:18:09.819+0100] {processor.py:179} INFO - Processing /Users/pranavikusu/recurring_deliveries/venv/lib/python3.11/site-packages/airflow/example_dags/example_sla_dag.py took 0.096 seconds
[2024-11-06T16:19:35.357+0100] {processor.py:157} INFO - Started process (PID=74745) to work on /Users/pranavikusu/recurring_deliveries/venv/lib/python3.11/site-packages/airflow/example_dags/example_sla_dag.py
[2024-11-06T16:19:35.360+0100] {processor.py:829} INFO - Processing file /Users/pranavikusu/recurring_deliveries/venv/lib/python3.11/site-packages/airflow/example_dags/example_sla_dag.py for tasks to queue
[2024-11-06T16:19:35.360+0100] {logging_mixin.py:154} INFO - [2024-11-06T16:19:35.360+0100] {dagbag.py:536} INFO - Filling up the DagBag from /Users/pranavikusu/recurring_deliveries/venv/lib/python3.11/site-packages/airflow/example_dags/example_sla_dag.py
[2024-11-06T16:19:35.382+0100] {processor.py:839} INFO - DAG(s) dict_keys(['example_sla_dag']) retrieved from /Users/pranavikusu/recurring_deliveries/venv/lib/python3.11/site-packages/airflow/example_dags/example_sla_dag.py
[2024-11-06T16:19:35.440+0100] {logging_mixin.py:154} INFO - [2024-11-06T16:19:35.439+0100] {dag.py:2941} INFO - Sync 1 DAGs
[2024-11-06T16:19:35.446+0100] {logging_mixin.py:154} INFO - [2024-11-06T16:19:35.446+0100] {dag.py:3722} INFO - Setting next_dagrun for example_sla_dag to 2024-11-06T15:16:00+00:00, run_after=2024-11-06T15:18:00+00:00
[2024-11-06T16:19:35.453+0100] {processor.py:179} INFO - Processing /Users/pranavikusu/recurring_deliveries/venv/lib/python3.11/site-packages/airflow/example_dags/example_sla_dag.py took 0.096 seconds
[2024-11-06T16:20:57.167+0100] {processor.py:157} INFO - Started process (PID=74849) to work on /Users/pranavikusu/recurring_deliveries/venv/lib/python3.11/site-packages/airflow/example_dags/example_sla_dag.py
[2024-11-06T16:20:57.170+0100] {processor.py:829} INFO - Processing file /Users/pranavikusu/recurring_deliveries/venv/lib/python3.11/site-packages/airflow/example_dags/example_sla_dag.py for tasks to queue
[2024-11-06T16:20:57.170+0100] {logging_mixin.py:154} INFO - [2024-11-06T16:20:57.170+0100] {dagbag.py:536} INFO - Filling up the DagBag from /Users/pranavikusu/recurring_deliveries/venv/lib/python3.11/site-packages/airflow/example_dags/example_sla_dag.py
[2024-11-06T16:20:57.193+0100] {processor.py:839} INFO - DAG(s) dict_keys(['example_sla_dag']) retrieved from /Users/pranavikusu/recurring_deliveries/venv/lib/python3.11/site-packages/airflow/example_dags/example_sla_dag.py
[2024-11-06T16:20:57.252+0100] {logging_mixin.py:154} INFO - [2024-11-06T16:20:57.252+0100] {dag.py:2941} INFO - Sync 1 DAGs
[2024-11-06T16:20:57.259+0100] {logging_mixin.py:154} INFO - [2024-11-06T16:20:57.259+0100] {dag.py:3722} INFO - Setting next_dagrun for example_sla_dag to 2024-11-06T15:18:00+00:00, run_after=2024-11-06T15:20:00+00:00
[2024-11-06T16:20:57.267+0100] {processor.py:179} INFO - Processing /Users/pranavikusu/recurring_deliveries/venv/lib/python3.11/site-packages/airflow/example_dags/example_sla_dag.py took 0.100 seconds
[2024-11-06T16:22:24.454+0100] {processor.py:157} INFO - Started process (PID=74968) to work on /Users/pranavikusu/recurring_deliveries/venv/lib/python3.11/site-packages/airflow/example_dags/example_sla_dag.py
[2024-11-06T16:22:24.456+0100] {processor.py:829} INFO - Processing file /Users/pranavikusu/recurring_deliveries/venv/lib/python3.11/site-packages/airflow/example_dags/example_sla_dag.py for tasks to queue
[2024-11-06T16:22:24.456+0100] {logging_mixin.py:154} INFO - [2024-11-06T16:22:24.456+0100] {dagbag.py:536} INFO - Filling up the DagBag from /Users/pranavikusu/recurring_deliveries/venv/lib/python3.11/site-packages/airflow/example_dags/example_sla_dag.py
[2024-11-06T16:22:24.478+0100] {processor.py:839} INFO - DAG(s) dict_keys(['example_sla_dag']) retrieved from /Users/pranavikusu/recurring_deliveries/venv/lib/python3.11/site-packages/airflow/example_dags/example_sla_dag.py
[2024-11-06T16:22:24.537+0100] {logging_mixin.py:154} INFO - [2024-11-06T16:22:24.537+0100] {dag.py:2941} INFO - Sync 1 DAGs
[2024-11-06T16:22:24.545+0100] {logging_mixin.py:154} INFO - [2024-11-06T16:22:24.545+0100] {dag.py:3722} INFO - Setting next_dagrun for example_sla_dag to 2024-11-06T15:20:00+00:00, run_after=2024-11-06T15:22:00+00:00
[2024-11-06T16:22:24.553+0100] {processor.py:179} INFO - Processing /Users/pranavikusu/recurring_deliveries/venv/lib/python3.11/site-packages/airflow/example_dags/example_sla_dag.py took 0.100 seconds
[2024-11-06T16:24:03.481+0100] {processor.py:157} INFO - Started process (PID=75091) to work on /Users/pranavikusu/recurring_deliveries/venv/lib/python3.11/site-packages/airflow/example_dags/example_sla_dag.py
[2024-11-06T16:24:03.484+0100] {processor.py:829} INFO - Processing file /Users/pranavikusu/recurring_deliveries/venv/lib/python3.11/site-packages/airflow/example_dags/example_sla_dag.py for tasks to queue
[2024-11-06T16:24:03.485+0100] {logging_mixin.py:154} INFO - [2024-11-06T16:24:03.485+0100] {dagbag.py:536} INFO - Filling up the DagBag from /Users/pranavikusu/recurring_deliveries/venv/lib/python3.11/site-packages/airflow/example_dags/example_sla_dag.py
[2024-11-06T16:24:03.506+0100] {processor.py:839} INFO - DAG(s) dict_keys(['example_sla_dag']) retrieved from /Users/pranavikusu/recurring_deliveries/venv/lib/python3.11/site-packages/airflow/example_dags/example_sla_dag.py
[2024-11-06T16:24:03.568+0100] {logging_mixin.py:154} INFO - [2024-11-06T16:24:03.568+0100] {dag.py:2941} INFO - Sync 1 DAGs
[2024-11-06T16:24:03.575+0100] {logging_mixin.py:154} INFO - [2024-11-06T16:24:03.575+0100] {dag.py:3722} INFO - Setting next_dagrun for example_sla_dag to 2024-11-06T15:22:00+00:00, run_after=2024-11-06T15:24:00+00:00
[2024-11-06T16:24:03.582+0100] {processor.py:179} INFO - Processing /Users/pranavikusu/recurring_deliveries/venv/lib/python3.11/site-packages/airflow/example_dags/example_sla_dag.py took 0.100 seconds
