[2024-11-06T16:14:59.888+0100] {processor.py:157} INFO - Started process (PID=74477) to work on /Users/pranavikusu/recurring_deliveries/venv/lib/python3.11/site-packages/airflow/example_dags/example_branch_operator_decorator.py
[2024-11-06T16:14:59.891+0100] {processor.py:829} INFO - Processing file /Users/pranavikusu/recurring_deliveries/venv/lib/python3.11/site-packages/airflow/example_dags/example_branch_operator_decorator.py for tasks to queue
[2024-11-06T16:14:59.891+0100] {logging_mixin.py:154} INFO - [2024-11-06T16:14:59.891+0100] {dagbag.py:536} INFO - Filling up the DagBag from /Users/pranavikusu/recurring_deliveries/venv/lib/python3.11/site-packages/airflow/example_dags/example_branch_operator_decorator.py
[2024-11-06T16:14:59.912+0100] {processor.py:839} INFO - DAG(s) dict_keys(['example_branch_python_operator_decorator']) retrieved from /Users/pranavikusu/recurring_deliveries/venv/lib/python3.11/site-packages/airflow/example_dags/example_branch_operator_decorator.py
[2024-11-06T16:15:00.151+0100] {logging_mixin.py:154} INFO - [2024-11-06T16:15:00.151+0100] {manager.py:499} INFO - Created Permission View: %s
[2024-11-06T16:15:00.155+0100] {logging_mixin.py:154} INFO - [2024-11-06T16:15:00.155+0100] {manager.py:499} INFO - Created Permission View: %s
[2024-11-06T16:15:00.157+0100] {logging_mixin.py:154} INFO - [2024-11-06T16:15:00.157+0100] {manager.py:499} INFO - Created Permission View: %s
[2024-11-06T16:15:00.157+0100] {logging_mixin.py:154} INFO - [2024-11-06T16:15:00.157+0100] {dag.py:2941} INFO - Sync 1 DAGs
[2024-11-06T16:15:00.160+0100] {logging_mixin.py:154} INFO - [2024-11-06T16:15:00.160+0100] {dag.py:2963} INFO - Creating ORM DAG for example_branch_python_operator_decorator
[2024-11-06T16:15:00.164+0100] {logging_mixin.py:154} INFO - [2024-11-06T16:15:00.164+0100] {dag.py:3722} INFO - Setting next_dagrun for example_branch_python_operator_decorator to 2024-11-05T00:00:00+00:00, run_after=2024-11-06T00:00:00+00:00
[2024-11-06T16:15:00.170+0100] {processor.py:179} INFO - Processing /Users/pranavikusu/recurring_deliveries/venv/lib/python3.11/site-packages/airflow/example_dags/example_branch_operator_decorator.py took 0.282 seconds
[2024-11-06T16:16:25.377+0100] {processor.py:157} INFO - Started process (PID=74558) to work on /Users/pranavikusu/recurring_deliveries/venv/lib/python3.11/site-packages/airflow/example_dags/example_branch_operator_decorator.py
[2024-11-06T16:16:25.379+0100] {processor.py:829} INFO - Processing file /Users/pranavikusu/recurring_deliveries/venv/lib/python3.11/site-packages/airflow/example_dags/example_branch_operator_decorator.py for tasks to queue
[2024-11-06T16:16:25.379+0100] {logging_mixin.py:154} INFO - [2024-11-06T16:16:25.379+0100] {dagbag.py:536} INFO - Filling up the DagBag from /Users/pranavikusu/recurring_deliveries/venv/lib/python3.11/site-packages/airflow/example_dags/example_branch_operator_decorator.py
[2024-11-06T16:16:25.401+0100] {processor.py:839} INFO - DAG(s) dict_keys(['example_branch_python_operator_decorator']) retrieved from /Users/pranavikusu/recurring_deliveries/venv/lib/python3.11/site-packages/airflow/example_dags/example_branch_operator_decorator.py
[2024-11-06T16:16:25.459+0100] {logging_mixin.py:154} INFO - [2024-11-06T16:16:25.459+0100] {dag.py:2941} INFO - Sync 1 DAGs
[2024-11-06T16:16:25.465+0100] {logging_mixin.py:154} INFO - [2024-11-06T16:16:25.465+0100] {dag.py:3722} INFO - Setting next_dagrun for example_branch_python_operator_decorator to 2024-11-05T00:00:00+00:00, run_after=2024-11-06T00:00:00+00:00
[2024-11-06T16:16:25.472+0100] {processor.py:179} INFO - Processing /Users/pranavikusu/recurring_deliveries/venv/lib/python3.11/site-packages/airflow/example_dags/example_branch_operator_decorator.py took 0.095 seconds
[2024-11-06T16:17:40.950+0100] {processor.py:157} INFO - Started process (PID=74621) to work on /Users/pranavikusu/recurring_deliveries/venv/lib/python3.11/site-packages/airflow/example_dags/example_branch_operator_decorator.py
[2024-11-06T16:17:40.952+0100] {processor.py:829} INFO - Processing file /Users/pranavikusu/recurring_deliveries/venv/lib/python3.11/site-packages/airflow/example_dags/example_branch_operator_decorator.py for tasks to queue
[2024-11-06T16:17:40.952+0100] {logging_mixin.py:154} INFO - [2024-11-06T16:17:40.952+0100] {dagbag.py:536} INFO - Filling up the DagBag from /Users/pranavikusu/recurring_deliveries/venv/lib/python3.11/site-packages/airflow/example_dags/example_branch_operator_decorator.py
[2024-11-06T16:17:40.975+0100] {processor.py:839} INFO - DAG(s) dict_keys(['example_branch_python_operator_decorator']) retrieved from /Users/pranavikusu/recurring_deliveries/venv/lib/python3.11/site-packages/airflow/example_dags/example_branch_operator_decorator.py
[2024-11-06T16:17:41.035+0100] {logging_mixin.py:154} INFO - [2024-11-06T16:17:41.035+0100] {dag.py:2941} INFO - Sync 1 DAGs
[2024-11-06T16:17:41.042+0100] {logging_mixin.py:154} INFO - [2024-11-06T16:17:41.042+0100] {dag.py:3722} INFO - Setting next_dagrun for example_branch_python_operator_decorator to 2024-11-05T00:00:00+00:00, run_after=2024-11-06T00:00:00+00:00
[2024-11-06T16:17:41.048+0100] {processor.py:179} INFO - Processing /Users/pranavikusu/recurring_deliveries/venv/lib/python3.11/site-packages/airflow/example_dags/example_branch_operator_decorator.py took 0.099 seconds
[2024-11-06T16:19:02.286+0100] {processor.py:157} INFO - Started process (PID=74719) to work on /Users/pranavikusu/recurring_deliveries/venv/lib/python3.11/site-packages/airflow/example_dags/example_branch_operator_decorator.py
[2024-11-06T16:19:02.289+0100] {processor.py:829} INFO - Processing file /Users/pranavikusu/recurring_deliveries/venv/lib/python3.11/site-packages/airflow/example_dags/example_branch_operator_decorator.py for tasks to queue
[2024-11-06T16:19:02.289+0100] {logging_mixin.py:154} INFO - [2024-11-06T16:19:02.289+0100] {dagbag.py:536} INFO - Filling up the DagBag from /Users/pranavikusu/recurring_deliveries/venv/lib/python3.11/site-packages/airflow/example_dags/example_branch_operator_decorator.py
[2024-11-06T16:19:02.310+0100] {processor.py:839} INFO - DAG(s) dict_keys(['example_branch_python_operator_decorator']) retrieved from /Users/pranavikusu/recurring_deliveries/venv/lib/python3.11/site-packages/airflow/example_dags/example_branch_operator_decorator.py
[2024-11-06T16:19:02.372+0100] {logging_mixin.py:154} INFO - [2024-11-06T16:19:02.371+0100] {dag.py:2941} INFO - Sync 1 DAGs
[2024-11-06T16:19:02.378+0100] {logging_mixin.py:154} INFO - [2024-11-06T16:19:02.378+0100] {dag.py:3722} INFO - Setting next_dagrun for example_branch_python_operator_decorator to 2024-11-05T00:00:00+00:00, run_after=2024-11-06T00:00:00+00:00
[2024-11-06T16:19:02.385+0100] {processor.py:179} INFO - Processing /Users/pranavikusu/recurring_deliveries/venv/lib/python3.11/site-packages/airflow/example_dags/example_branch_operator_decorator.py took 0.099 seconds
[2024-11-06T16:20:28.626+0100] {processor.py:157} INFO - Started process (PID=74809) to work on /Users/pranavikusu/recurring_deliveries/venv/lib/python3.11/site-packages/airflow/example_dags/example_branch_operator_decorator.py
[2024-11-06T16:20:28.629+0100] {processor.py:829} INFO - Processing file /Users/pranavikusu/recurring_deliveries/venv/lib/python3.11/site-packages/airflow/example_dags/example_branch_operator_decorator.py for tasks to queue
[2024-11-06T16:20:28.629+0100] {logging_mixin.py:154} INFO - [2024-11-06T16:20:28.629+0100] {dagbag.py:536} INFO - Filling up the DagBag from /Users/pranavikusu/recurring_deliveries/venv/lib/python3.11/site-packages/airflow/example_dags/example_branch_operator_decorator.py
[2024-11-06T16:20:28.650+0100] {processor.py:839} INFO - DAG(s) dict_keys(['example_branch_python_operator_decorator']) retrieved from /Users/pranavikusu/recurring_deliveries/venv/lib/python3.11/site-packages/airflow/example_dags/example_branch_operator_decorator.py
[2024-11-06T16:20:28.709+0100] {logging_mixin.py:154} INFO - [2024-11-06T16:20:28.709+0100] {dag.py:2941} INFO - Sync 1 DAGs
[2024-11-06T16:20:28.715+0100] {logging_mixin.py:154} INFO - [2024-11-06T16:20:28.715+0100] {dag.py:3722} INFO - Setting next_dagrun for example_branch_python_operator_decorator to 2024-11-05T00:00:00+00:00, run_after=2024-11-06T00:00:00+00:00
[2024-11-06T16:20:28.722+0100] {processor.py:179} INFO - Processing /Users/pranavikusu/recurring_deliveries/venv/lib/python3.11/site-packages/airflow/example_dags/example_branch_operator_decorator.py took 0.096 seconds
[2024-11-06T16:21:53.772+0100] {processor.py:157} INFO - Started process (PID=74911) to work on /Users/pranavikusu/recurring_deliveries/venv/lib/python3.11/site-packages/airflow/example_dags/example_branch_operator_decorator.py
[2024-11-06T16:21:53.775+0100] {processor.py:829} INFO - Processing file /Users/pranavikusu/recurring_deliveries/venv/lib/python3.11/site-packages/airflow/example_dags/example_branch_operator_decorator.py for tasks to queue
[2024-11-06T16:21:53.775+0100] {logging_mixin.py:154} INFO - [2024-11-06T16:21:53.775+0100] {dagbag.py:536} INFO - Filling up the DagBag from /Users/pranavikusu/recurring_deliveries/venv/lib/python3.11/site-packages/airflow/example_dags/example_branch_operator_decorator.py
[2024-11-06T16:21:53.802+0100] {processor.py:839} INFO - DAG(s) dict_keys(['example_branch_python_operator_decorator']) retrieved from /Users/pranavikusu/recurring_deliveries/venv/lib/python3.11/site-packages/airflow/example_dags/example_branch_operator_decorator.py
[2024-11-06T16:21:53.872+0100] {logging_mixin.py:154} INFO - [2024-11-06T16:21:53.872+0100] {dag.py:2941} INFO - Sync 1 DAGs
[2024-11-06T16:21:53.879+0100] {logging_mixin.py:154} INFO - [2024-11-06T16:21:53.878+0100] {dag.py:3722} INFO - Setting next_dagrun for example_branch_python_operator_decorator to 2024-11-05T00:00:00+00:00, run_after=2024-11-06T00:00:00+00:00
[2024-11-06T16:21:53.887+0100] {processor.py:179} INFO - Processing /Users/pranavikusu/recurring_deliveries/venv/lib/python3.11/site-packages/airflow/example_dags/example_branch_operator_decorator.py took 0.115 seconds
[2024-11-06T16:23:27.902+0100] {processor.py:157} INFO - Started process (PID=75042) to work on /Users/pranavikusu/recurring_deliveries/venv/lib/python3.11/site-packages/airflow/example_dags/example_branch_operator_decorator.py
[2024-11-06T16:23:27.904+0100] {processor.py:829} INFO - Processing file /Users/pranavikusu/recurring_deliveries/venv/lib/python3.11/site-packages/airflow/example_dags/example_branch_operator_decorator.py for tasks to queue
[2024-11-06T16:23:27.904+0100] {logging_mixin.py:154} INFO - [2024-11-06T16:23:27.904+0100] {dagbag.py:536} INFO - Filling up the DagBag from /Users/pranavikusu/recurring_deliveries/venv/lib/python3.11/site-packages/airflow/example_dags/example_branch_operator_decorator.py
[2024-11-06T16:23:27.926+0100] {processor.py:839} INFO - DAG(s) dict_keys(['example_branch_python_operator_decorator']) retrieved from /Users/pranavikusu/recurring_deliveries/venv/lib/python3.11/site-packages/airflow/example_dags/example_branch_operator_decorator.py
[2024-11-06T16:23:27.987+0100] {logging_mixin.py:154} INFO - [2024-11-06T16:23:27.986+0100] {dag.py:2941} INFO - Sync 1 DAGs
[2024-11-06T16:23:27.993+0100] {logging_mixin.py:154} INFO - [2024-11-06T16:23:27.993+0100] {dag.py:3722} INFO - Setting next_dagrun for example_branch_python_operator_decorator to 2024-11-05T00:00:00+00:00, run_after=2024-11-06T00:00:00+00:00
[2024-11-06T16:23:28.000+0100] {processor.py:179} INFO - Processing /Users/pranavikusu/recurring_deliveries/venv/lib/python3.11/site-packages/airflow/example_dags/example_branch_operator_decorator.py took 0.098 seconds
[2024-11-06T16:25:09.969+0100] {processor.py:157} INFO - Started process (PID=75171) to work on /Users/pranavikusu/recurring_deliveries/venv/lib/python3.11/site-packages/airflow/example_dags/example_branch_operator_decorator.py
[2024-11-06T16:25:09.971+0100] {processor.py:829} INFO - Processing file /Users/pranavikusu/recurring_deliveries/venv/lib/python3.11/site-packages/airflow/example_dags/example_branch_operator_decorator.py for tasks to queue
[2024-11-06T16:25:09.972+0100] {logging_mixin.py:154} INFO - [2024-11-06T16:25:09.972+0100] {dagbag.py:536} INFO - Filling up the DagBag from /Users/pranavikusu/recurring_deliveries/venv/lib/python3.11/site-packages/airflow/example_dags/example_branch_operator_decorator.py
[2024-11-06T16:25:09.994+0100] {processor.py:839} INFO - DAG(s) dict_keys(['example_branch_python_operator_decorator']) retrieved from /Users/pranavikusu/recurring_deliveries/venv/lib/python3.11/site-packages/airflow/example_dags/example_branch_operator_decorator.py
[2024-11-06T16:25:10.057+0100] {logging_mixin.py:154} INFO - [2024-11-06T16:25:10.057+0100] {dag.py:2941} INFO - Sync 1 DAGs
[2024-11-06T16:25:10.064+0100] {logging_mixin.py:154} INFO - [2024-11-06T16:25:10.064+0100] {dag.py:3722} INFO - Setting next_dagrun for example_branch_python_operator_decorator to 2024-11-05T00:00:00+00:00, run_after=2024-11-06T00:00:00+00:00
[2024-11-06T16:25:10.071+0100] {processor.py:179} INFO - Processing /Users/pranavikusu/recurring_deliveries/venv/lib/python3.11/site-packages/airflow/example_dags/example_branch_operator_decorator.py took 0.102 seconds
