[2024-11-06T16:14:24.864+0100] {processor.py:157} INFO - Started process (PID=74438) to work on /Users/pranavikusu/recurring_deliveries/venv/lib/python3.11/site-packages/airflow/example_dags/example_setup_teardown_taskflow.py
[2024-11-06T16:14:24.866+0100] {processor.py:829} INFO - Processing file /Users/pranavikusu/recurring_deliveries/venv/lib/python3.11/site-packages/airflow/example_dags/example_setup_teardown_taskflow.py for tasks to queue
[2024-11-06T16:14:24.867+0100] {logging_mixin.py:154} INFO - [2024-11-06T16:14:24.867+0100] {dagbag.py:536} INFO - Filling up the DagBag from /Users/pranavikusu/recurring_deliveries/venv/lib/python3.11/site-packages/airflow/example_dags/example_setup_teardown_taskflow.py
[2024-11-06T16:14:24.888+0100] {processor.py:839} INFO - DAG(s) dict_keys(['example_setup_teardown_taskflow']) retrieved from /Users/pranavikusu/recurring_deliveries/venv/lib/python3.11/site-packages/airflow/example_dags/example_setup_teardown_taskflow.py
[2024-11-06T16:14:25.146+0100] {logging_mixin.py:154} INFO - [2024-11-06T16:14:25.146+0100] {manager.py:499} INFO - Created Permission View: %s
[2024-11-06T16:14:25.149+0100] {logging_mixin.py:154} INFO - [2024-11-06T16:14:25.149+0100] {manager.py:499} INFO - Created Permission View: %s
[2024-11-06T16:14:25.151+0100] {logging_mixin.py:154} INFO - [2024-11-06T16:14:25.151+0100] {manager.py:499} INFO - Created Permission View: %s
[2024-11-06T16:14:25.151+0100] {logging_mixin.py:154} INFO - [2024-11-06T16:14:25.151+0100] {dag.py:2941} INFO - Sync 1 DAGs
[2024-11-06T16:14:25.154+0100] {logging_mixin.py:154} INFO - [2024-11-06T16:14:25.154+0100] {dag.py:2963} INFO - Creating ORM DAG for example_setup_teardown_taskflow
[2024-11-06T16:14:25.157+0100] {logging_mixin.py:154} INFO - [2024-11-06T16:14:25.157+0100] {dag.py:3722} INFO - Setting next_dagrun for example_setup_teardown_taskflow to 2024-11-05T15:14:25.157642+00:00, run_after=2024-11-06T15:14:25.157642+00:00
[2024-11-06T16:14:25.164+0100] {processor.py:179} INFO - Processing /Users/pranavikusu/recurring_deliveries/venv/lib/python3.11/site-packages/airflow/example_dags/example_setup_teardown_taskflow.py took 0.300 seconds
[2024-11-06T16:15:40.965+0100] {processor.py:157} INFO - Started process (PID=74519) to work on /Users/pranavikusu/recurring_deliveries/venv/lib/python3.11/site-packages/airflow/example_dags/example_setup_teardown_taskflow.py
[2024-11-06T16:15:40.968+0100] {processor.py:829} INFO - Processing file /Users/pranavikusu/recurring_deliveries/venv/lib/python3.11/site-packages/airflow/example_dags/example_setup_teardown_taskflow.py for tasks to queue
[2024-11-06T16:15:40.968+0100] {logging_mixin.py:154} INFO - [2024-11-06T16:15:40.968+0100] {dagbag.py:536} INFO - Filling up the DagBag from /Users/pranavikusu/recurring_deliveries/venv/lib/python3.11/site-packages/airflow/example_dags/example_setup_teardown_taskflow.py
[2024-11-06T16:15:40.989+0100] {processor.py:839} INFO - DAG(s) dict_keys(['example_setup_teardown_taskflow']) retrieved from /Users/pranavikusu/recurring_deliveries/venv/lib/python3.11/site-packages/airflow/example_dags/example_setup_teardown_taskflow.py
[2024-11-06T16:15:41.050+0100] {logging_mixin.py:154} INFO - [2024-11-06T16:15:41.050+0100] {dag.py:2941} INFO - Sync 1 DAGs
[2024-11-06T16:15:41.057+0100] {logging_mixin.py:154} INFO - [2024-11-06T16:15:41.056+0100] {dag.py:3722} INFO - Setting next_dagrun for example_setup_teardown_taskflow to 2024-11-05T15:15:41.056847+00:00, run_after=2024-11-06T15:15:41.056847+00:00
[2024-11-06T16:15:41.064+0100] {processor.py:179} INFO - Processing /Users/pranavikusu/recurring_deliveries/venv/lib/python3.11/site-packages/airflow/example_dags/example_setup_teardown_taskflow.py took 0.099 seconds
[2024-11-06T16:16:55.771+0100] {processor.py:157} INFO - Started process (PID=74586) to work on /Users/pranavikusu/recurring_deliveries/venv/lib/python3.11/site-packages/airflow/example_dags/example_setup_teardown_taskflow.py
[2024-11-06T16:16:55.774+0100] {processor.py:829} INFO - Processing file /Users/pranavikusu/recurring_deliveries/venv/lib/python3.11/site-packages/airflow/example_dags/example_setup_teardown_taskflow.py for tasks to queue
[2024-11-06T16:16:55.774+0100] {logging_mixin.py:154} INFO - [2024-11-06T16:16:55.774+0100] {dagbag.py:536} INFO - Filling up the DagBag from /Users/pranavikusu/recurring_deliveries/venv/lib/python3.11/site-packages/airflow/example_dags/example_setup_teardown_taskflow.py
[2024-11-06T16:16:55.796+0100] {processor.py:839} INFO - DAG(s) dict_keys(['example_setup_teardown_taskflow']) retrieved from /Users/pranavikusu/recurring_deliveries/venv/lib/python3.11/site-packages/airflow/example_dags/example_setup_teardown_taskflow.py
[2024-11-06T16:16:55.857+0100] {logging_mixin.py:154} INFO - [2024-11-06T16:16:55.857+0100] {dag.py:2941} INFO - Sync 1 DAGs
[2024-11-06T16:16:55.863+0100] {logging_mixin.py:154} INFO - [2024-11-06T16:16:55.863+0100] {dag.py:3722} INFO - Setting next_dagrun for example_setup_teardown_taskflow to 2024-11-05T15:16:55.863079+00:00, run_after=2024-11-06T15:16:55.863079+00:00
[2024-11-06T16:16:55.869+0100] {processor.py:179} INFO - Processing /Users/pranavikusu/recurring_deliveries/venv/lib/python3.11/site-packages/airflow/example_dags/example_setup_teardown_taskflow.py took 0.098 seconds
[2024-11-06T16:18:14.460+0100] {processor.py:157} INFO - Started process (PID=74651) to work on /Users/pranavikusu/recurring_deliveries/venv/lib/python3.11/site-packages/airflow/example_dags/example_setup_teardown_taskflow.py
[2024-11-06T16:18:14.463+0100] {processor.py:829} INFO - Processing file /Users/pranavikusu/recurring_deliveries/venv/lib/python3.11/site-packages/airflow/example_dags/example_setup_teardown_taskflow.py for tasks to queue
[2024-11-06T16:18:14.463+0100] {logging_mixin.py:154} INFO - [2024-11-06T16:18:14.463+0100] {dagbag.py:536} INFO - Filling up the DagBag from /Users/pranavikusu/recurring_deliveries/venv/lib/python3.11/site-packages/airflow/example_dags/example_setup_teardown_taskflow.py
[2024-11-06T16:18:14.484+0100] {processor.py:839} INFO - DAG(s) dict_keys(['example_setup_teardown_taskflow']) retrieved from /Users/pranavikusu/recurring_deliveries/venv/lib/python3.11/site-packages/airflow/example_dags/example_setup_teardown_taskflow.py
[2024-11-06T16:18:14.543+0100] {logging_mixin.py:154} INFO - [2024-11-06T16:18:14.543+0100] {dag.py:2941} INFO - Sync 1 DAGs
[2024-11-06T16:18:14.549+0100] {logging_mixin.py:154} INFO - [2024-11-06T16:18:14.549+0100] {dag.py:3722} INFO - Setting next_dagrun for example_setup_teardown_taskflow to 2024-11-05T15:18:14.548950+00:00, run_after=2024-11-06T15:18:14.548950+00:00
[2024-11-06T16:18:14.555+0100] {processor.py:179} INFO - Processing /Users/pranavikusu/recurring_deliveries/venv/lib/python3.11/site-packages/airflow/example_dags/example_setup_teardown_taskflow.py took 0.095 seconds
[2024-11-06T16:19:40.944+0100] {processor.py:157} INFO - Started process (PID=74749) to work on /Users/pranavikusu/recurring_deliveries/venv/lib/python3.11/site-packages/airflow/example_dags/example_setup_teardown_taskflow.py
[2024-11-06T16:19:40.947+0100] {processor.py:829} INFO - Processing file /Users/pranavikusu/recurring_deliveries/venv/lib/python3.11/site-packages/airflow/example_dags/example_setup_teardown_taskflow.py for tasks to queue
[2024-11-06T16:19:40.947+0100] {logging_mixin.py:154} INFO - [2024-11-06T16:19:40.947+0100] {dagbag.py:536} INFO - Filling up the DagBag from /Users/pranavikusu/recurring_deliveries/venv/lib/python3.11/site-packages/airflow/example_dags/example_setup_teardown_taskflow.py
[2024-11-06T16:19:40.971+0100] {processor.py:839} INFO - DAG(s) dict_keys(['example_setup_teardown_taskflow']) retrieved from /Users/pranavikusu/recurring_deliveries/venv/lib/python3.11/site-packages/airflow/example_dags/example_setup_teardown_taskflow.py
[2024-11-06T16:19:41.031+0100] {logging_mixin.py:154} INFO - [2024-11-06T16:19:41.031+0100] {dag.py:2941} INFO - Sync 1 DAGs
[2024-11-06T16:19:41.037+0100] {logging_mixin.py:154} INFO - [2024-11-06T16:19:41.037+0100] {dag.py:3722} INFO - Setting next_dagrun for example_setup_teardown_taskflow to 2024-11-05T15:19:41.037234+00:00, run_after=2024-11-06T15:19:41.037234+00:00
[2024-11-06T16:19:41.044+0100] {processor.py:179} INFO - Processing /Users/pranavikusu/recurring_deliveries/venv/lib/python3.11/site-packages/airflow/example_dags/example_setup_teardown_taskflow.py took 0.100 seconds
[2024-11-06T16:21:03.049+0100] {processor.py:157} INFO - Started process (PID=74854) to work on /Users/pranavikusu/recurring_deliveries/venv/lib/python3.11/site-packages/airflow/example_dags/example_setup_teardown_taskflow.py
[2024-11-06T16:21:03.051+0100] {processor.py:829} INFO - Processing file /Users/pranavikusu/recurring_deliveries/venv/lib/python3.11/site-packages/airflow/example_dags/example_setup_teardown_taskflow.py for tasks to queue
[2024-11-06T16:21:03.052+0100] {logging_mixin.py:154} INFO - [2024-11-06T16:21:03.052+0100] {dagbag.py:536} INFO - Filling up the DagBag from /Users/pranavikusu/recurring_deliveries/venv/lib/python3.11/site-packages/airflow/example_dags/example_setup_teardown_taskflow.py
[2024-11-06T16:21:03.073+0100] {processor.py:839} INFO - DAG(s) dict_keys(['example_setup_teardown_taskflow']) retrieved from /Users/pranavikusu/recurring_deliveries/venv/lib/python3.11/site-packages/airflow/example_dags/example_setup_teardown_taskflow.py
[2024-11-06T16:21:03.134+0100] {logging_mixin.py:154} INFO - [2024-11-06T16:21:03.134+0100] {dag.py:2941} INFO - Sync 1 DAGs
[2024-11-06T16:21:03.141+0100] {logging_mixin.py:154} INFO - [2024-11-06T16:21:03.140+0100] {dag.py:3722} INFO - Setting next_dagrun for example_setup_teardown_taskflow to 2024-11-05T15:21:03.140881+00:00, run_after=2024-11-06T15:21:03.140881+00:00
[2024-11-06T16:21:03.148+0100] {processor.py:179} INFO - Processing /Users/pranavikusu/recurring_deliveries/venv/lib/python3.11/site-packages/airflow/example_dags/example_setup_teardown_taskflow.py took 0.099 seconds
[2024-11-06T16:22:31.491+0100] {processor.py:157} INFO - Started process (PID=74973) to work on /Users/pranavikusu/recurring_deliveries/venv/lib/python3.11/site-packages/airflow/example_dags/example_setup_teardown_taskflow.py
[2024-11-06T16:22:31.496+0100] {processor.py:829} INFO - Processing file /Users/pranavikusu/recurring_deliveries/venv/lib/python3.11/site-packages/airflow/example_dags/example_setup_teardown_taskflow.py for tasks to queue
[2024-11-06T16:22:31.497+0100] {logging_mixin.py:154} INFO - [2024-11-06T16:22:31.497+0100] {dagbag.py:536} INFO - Filling up the DagBag from /Users/pranavikusu/recurring_deliveries/venv/lib/python3.11/site-packages/airflow/example_dags/example_setup_teardown_taskflow.py
[2024-11-06T16:22:31.597+0100] {processor.py:839} INFO - DAG(s) dict_keys(['example_setup_teardown_taskflow']) retrieved from /Users/pranavikusu/recurring_deliveries/venv/lib/python3.11/site-packages/airflow/example_dags/example_setup_teardown_taskflow.py
[2024-11-06T16:22:31.682+0100] {logging_mixin.py:154} INFO - [2024-11-06T16:22:31.682+0100] {dag.py:2941} INFO - Sync 1 DAGs
[2024-11-06T16:22:31.688+0100] {logging_mixin.py:154} INFO - [2024-11-06T16:22:31.688+0100] {dag.py:3722} INFO - Setting next_dagrun for example_setup_teardown_taskflow to 2024-11-05T15:22:31.688600+00:00, run_after=2024-11-06T15:22:31.688600+00:00
[2024-11-06T16:22:31.695+0100] {processor.py:179} INFO - Processing /Users/pranavikusu/recurring_deliveries/venv/lib/python3.11/site-packages/airflow/example_dags/example_setup_teardown_taskflow.py took 0.204 seconds
[2024-11-06T16:24:10.557+0100] {processor.py:157} INFO - Started process (PID=75097) to work on /Users/pranavikusu/recurring_deliveries/venv/lib/python3.11/site-packages/airflow/example_dags/example_setup_teardown_taskflow.py
[2024-11-06T16:24:10.560+0100] {processor.py:829} INFO - Processing file /Users/pranavikusu/recurring_deliveries/venv/lib/python3.11/site-packages/airflow/example_dags/example_setup_teardown_taskflow.py for tasks to queue
[2024-11-06T16:24:10.560+0100] {logging_mixin.py:154} INFO - [2024-11-06T16:24:10.560+0100] {dagbag.py:536} INFO - Filling up the DagBag from /Users/pranavikusu/recurring_deliveries/venv/lib/python3.11/site-packages/airflow/example_dags/example_setup_teardown_taskflow.py
[2024-11-06T16:24:10.583+0100] {processor.py:839} INFO - DAG(s) dict_keys(['example_setup_teardown_taskflow']) retrieved from /Users/pranavikusu/recurring_deliveries/venv/lib/python3.11/site-packages/airflow/example_dags/example_setup_teardown_taskflow.py
[2024-11-06T16:24:10.643+0100] {logging_mixin.py:154} INFO - [2024-11-06T16:24:10.643+0100] {dag.py:2941} INFO - Sync 1 DAGs
[2024-11-06T16:24:10.649+0100] {logging_mixin.py:154} INFO - [2024-11-06T16:24:10.649+0100] {dag.py:3722} INFO - Setting next_dagrun for example_setup_teardown_taskflow to 2024-11-05T15:24:10.649474+00:00, run_after=2024-11-06T15:24:10.649474+00:00
[2024-11-06T16:24:10.656+0100] {processor.py:179} INFO - Processing /Users/pranavikusu/recurring_deliveries/venv/lib/python3.11/site-packages/airflow/example_dags/example_setup_teardown_taskflow.py took 0.099 seconds
