[2024-11-06T16:14:36.437+0100] {processor.py:157} INFO - Started process (PID=74452) to work on /Users/pranavikusu/recurring_deliveries/venv/lib/python3.11/site-packages/airflow/example_dags/example_params_trigger_ui.py
[2024-11-06T16:14:36.439+0100] {processor.py:829} INFO - Processing file /Users/pranavikusu/recurring_deliveries/venv/lib/python3.11/site-packages/airflow/example_dags/example_params_trigger_ui.py for tasks to queue
[2024-11-06T16:14:36.439+0100] {logging_mixin.py:154} INFO - [2024-11-06T16:14:36.439+0100] {dagbag.py:536} INFO - Filling up the DagBag from /Users/pranavikusu/recurring_deliveries/venv/lib/python3.11/site-packages/airflow/example_dags/example_params_trigger_ui.py
[2024-11-06T16:14:36.478+0100] {processor.py:839} INFO - DAG(s) dict_keys(['example_params_trigger_ui']) retrieved from /Users/pranavikusu/recurring_deliveries/venv/lib/python3.11/site-packages/airflow/example_dags/example_params_trigger_ui.py
[2024-11-06T16:14:36.686+0100] {logging_mixin.py:154} INFO - [2024-11-06T16:14:36.686+0100] {manager.py:499} INFO - Created Permission View: %s
[2024-11-06T16:14:36.689+0100] {logging_mixin.py:154} INFO - [2024-11-06T16:14:36.689+0100] {manager.py:499} INFO - Created Permission View: %s
[2024-11-06T16:14:36.691+0100] {logging_mixin.py:154} INFO - [2024-11-06T16:14:36.691+0100] {manager.py:499} INFO - Created Permission View: %s
[2024-11-06T16:14:36.691+0100] {logging_mixin.py:154} INFO - [2024-11-06T16:14:36.691+0100] {dag.py:2941} INFO - Sync 1 DAGs
[2024-11-06T16:14:36.696+0100] {logging_mixin.py:154} INFO - [2024-11-06T16:14:36.696+0100] {dag.py:2963} INFO - Creating ORM DAG for example_params_trigger_ui
[2024-11-06T16:14:36.696+0100] {logging_mixin.py:154} INFO - [2024-11-06T16:14:36.696+0100] {dag.py:3722} INFO - Setting next_dagrun for example_params_trigger_ui to None, run_after=None
[2024-11-06T16:14:36.711+0100] {processor.py:179} INFO - Processing /Users/pranavikusu/recurring_deliveries/venv/lib/python3.11/site-packages/airflow/example_dags/example_params_trigger_ui.py took 0.274 seconds
[2024-11-06T16:15:51.473+0100] {processor.py:157} INFO - Started process (PID=74532) to work on /Users/pranavikusu/recurring_deliveries/venv/lib/python3.11/site-packages/airflow/example_dags/example_params_trigger_ui.py
[2024-11-06T16:15:51.476+0100] {processor.py:829} INFO - Processing file /Users/pranavikusu/recurring_deliveries/venv/lib/python3.11/site-packages/airflow/example_dags/example_params_trigger_ui.py for tasks to queue
[2024-11-06T16:15:51.476+0100] {logging_mixin.py:154} INFO - [2024-11-06T16:15:51.476+0100] {dagbag.py:536} INFO - Filling up the DagBag from /Users/pranavikusu/recurring_deliveries/venv/lib/python3.11/site-packages/airflow/example_dags/example_params_trigger_ui.py
[2024-11-06T16:15:51.516+0100] {processor.py:839} INFO - DAG(s) dict_keys(['example_params_trigger_ui']) retrieved from /Users/pranavikusu/recurring_deliveries/venv/lib/python3.11/site-packages/airflow/example_dags/example_params_trigger_ui.py
[2024-11-06T16:15:51.568+0100] {logging_mixin.py:154} INFO - [2024-11-06T16:15:51.568+0100] {dag.py:2941} INFO - Sync 1 DAGs
[2024-11-06T16:15:51.571+0100] {logging_mixin.py:154} INFO - [2024-11-06T16:15:51.571+0100] {dag.py:3722} INFO - Setting next_dagrun for example_params_trigger_ui to None, run_after=None
[2024-11-06T16:15:51.578+0100] {processor.py:179} INFO - Processing /Users/pranavikusu/recurring_deliveries/venv/lib/python3.11/site-packages/airflow/example_dags/example_params_trigger_ui.py took 0.105 seconds
[2024-11-06T16:17:07.656+0100] {processor.py:157} INFO - Started process (PID=74594) to work on /Users/pranavikusu/recurring_deliveries/venv/lib/python3.11/site-packages/airflow/example_dags/example_params_trigger_ui.py
[2024-11-06T16:17:07.659+0100] {processor.py:829} INFO - Processing file /Users/pranavikusu/recurring_deliveries/venv/lib/python3.11/site-packages/airflow/example_dags/example_params_trigger_ui.py for tasks to queue
[2024-11-06T16:17:07.659+0100] {logging_mixin.py:154} INFO - [2024-11-06T16:17:07.659+0100] {dagbag.py:536} INFO - Filling up the DagBag from /Users/pranavikusu/recurring_deliveries/venv/lib/python3.11/site-packages/airflow/example_dags/example_params_trigger_ui.py
[2024-11-06T16:17:07.697+0100] {processor.py:839} INFO - DAG(s) dict_keys(['example_params_trigger_ui']) retrieved from /Users/pranavikusu/recurring_deliveries/venv/lib/python3.11/site-packages/airflow/example_dags/example_params_trigger_ui.py
[2024-11-06T16:17:07.747+0100] {logging_mixin.py:154} INFO - [2024-11-06T16:17:07.747+0100] {dag.py:2941} INFO - Sync 1 DAGs
[2024-11-06T16:17:07.750+0100] {logging_mixin.py:154} INFO - [2024-11-06T16:17:07.750+0100] {dag.py:3722} INFO - Setting next_dagrun for example_params_trigger_ui to None, run_after=None
[2024-11-06T16:17:07.757+0100] {processor.py:179} INFO - Processing /Users/pranavikusu/recurring_deliveries/venv/lib/python3.11/site-packages/airflow/example_dags/example_params_trigger_ui.py took 0.101 seconds
[2024-11-06T16:18:26.055+0100] {processor.py:157} INFO - Started process (PID=74660) to work on /Users/pranavikusu/recurring_deliveries/venv/lib/python3.11/site-packages/airflow/example_dags/example_params_trigger_ui.py
[2024-11-06T16:18:26.057+0100] {processor.py:829} INFO - Processing file /Users/pranavikusu/recurring_deliveries/venv/lib/python3.11/site-packages/airflow/example_dags/example_params_trigger_ui.py for tasks to queue
[2024-11-06T16:18:26.057+0100] {logging_mixin.py:154} INFO - [2024-11-06T16:18:26.057+0100] {dagbag.py:536} INFO - Filling up the DagBag from /Users/pranavikusu/recurring_deliveries/venv/lib/python3.11/site-packages/airflow/example_dags/example_params_trigger_ui.py
[2024-11-06T16:18:26.096+0100] {processor.py:839} INFO - DAG(s) dict_keys(['example_params_trigger_ui']) retrieved from /Users/pranavikusu/recurring_deliveries/venv/lib/python3.11/site-packages/airflow/example_dags/example_params_trigger_ui.py
[2024-11-06T16:18:26.146+0100] {logging_mixin.py:154} INFO - [2024-11-06T16:18:26.146+0100] {dag.py:2941} INFO - Sync 1 DAGs
[2024-11-06T16:18:26.149+0100] {logging_mixin.py:154} INFO - [2024-11-06T16:18:26.149+0100] {dag.py:3722} INFO - Setting next_dagrun for example_params_trigger_ui to None, run_after=None
[2024-11-06T16:18:26.156+0100] {processor.py:179} INFO - Processing /Users/pranavikusu/recurring_deliveries/venv/lib/python3.11/site-packages/airflow/example_dags/example_params_trigger_ui.py took 0.102 seconds
[2024-11-06T16:19:50.061+0100] {processor.py:157} INFO - Started process (PID=74758) to work on /Users/pranavikusu/recurring_deliveries/venv/lib/python3.11/site-packages/airflow/example_dags/example_params_trigger_ui.py
[2024-11-06T16:19:50.063+0100] {processor.py:829} INFO - Processing file /Users/pranavikusu/recurring_deliveries/venv/lib/python3.11/site-packages/airflow/example_dags/example_params_trigger_ui.py for tasks to queue
[2024-11-06T16:19:50.063+0100] {logging_mixin.py:154} INFO - [2024-11-06T16:19:50.063+0100] {dagbag.py:536} INFO - Filling up the DagBag from /Users/pranavikusu/recurring_deliveries/venv/lib/python3.11/site-packages/airflow/example_dags/example_params_trigger_ui.py
[2024-11-06T16:19:50.103+0100] {processor.py:839} INFO - DAG(s) dict_keys(['example_params_trigger_ui']) retrieved from /Users/pranavikusu/recurring_deliveries/venv/lib/python3.11/site-packages/airflow/example_dags/example_params_trigger_ui.py
[2024-11-06T16:19:50.153+0100] {logging_mixin.py:154} INFO - [2024-11-06T16:19:50.153+0100] {dag.py:2941} INFO - Sync 1 DAGs
[2024-11-06T16:19:50.156+0100] {logging_mixin.py:154} INFO - [2024-11-06T16:19:50.156+0100] {dag.py:3722} INFO - Setting next_dagrun for example_params_trigger_ui to None, run_after=None
[2024-11-06T16:19:50.163+0100] {processor.py:179} INFO - Processing /Users/pranavikusu/recurring_deliveries/venv/lib/python3.11/site-packages/airflow/example_dags/example_params_trigger_ui.py took 0.103 seconds
[2024-11-06T16:21:15.153+0100] {processor.py:157} INFO - Started process (PID=74863) to work on /Users/pranavikusu/recurring_deliveries/venv/lib/python3.11/site-packages/airflow/example_dags/example_params_trigger_ui.py
[2024-11-06T16:21:15.155+0100] {processor.py:829} INFO - Processing file /Users/pranavikusu/recurring_deliveries/venv/lib/python3.11/site-packages/airflow/example_dags/example_params_trigger_ui.py for tasks to queue
[2024-11-06T16:21:15.155+0100] {logging_mixin.py:154} INFO - [2024-11-06T16:21:15.155+0100] {dagbag.py:536} INFO - Filling up the DagBag from /Users/pranavikusu/recurring_deliveries/venv/lib/python3.11/site-packages/airflow/example_dags/example_params_trigger_ui.py
[2024-11-06T16:21:15.194+0100] {processor.py:839} INFO - DAG(s) dict_keys(['example_params_trigger_ui']) retrieved from /Users/pranavikusu/recurring_deliveries/venv/lib/python3.11/site-packages/airflow/example_dags/example_params_trigger_ui.py
[2024-11-06T16:21:15.243+0100] {logging_mixin.py:154} INFO - [2024-11-06T16:21:15.243+0100] {dag.py:2941} INFO - Sync 1 DAGs
[2024-11-06T16:21:15.246+0100] {logging_mixin.py:154} INFO - [2024-11-06T16:21:15.246+0100] {dag.py:3722} INFO - Setting next_dagrun for example_params_trigger_ui to None, run_after=None
[2024-11-06T16:21:15.253+0100] {processor.py:179} INFO - Processing /Users/pranavikusu/recurring_deliveries/venv/lib/python3.11/site-packages/airflow/example_dags/example_params_trigger_ui.py took 0.100 seconds
[2024-11-06T16:22:43.754+0100] {processor.py:157} INFO - Started process (PID=74983) to work on /Users/pranavikusu/recurring_deliveries/venv/lib/python3.11/site-packages/airflow/example_dags/example_params_trigger_ui.py
[2024-11-06T16:22:43.757+0100] {processor.py:829} INFO - Processing file /Users/pranavikusu/recurring_deliveries/venv/lib/python3.11/site-packages/airflow/example_dags/example_params_trigger_ui.py for tasks to queue
[2024-11-06T16:22:43.757+0100] {logging_mixin.py:154} INFO - [2024-11-06T16:22:43.757+0100] {dagbag.py:536} INFO - Filling up the DagBag from /Users/pranavikusu/recurring_deliveries/venv/lib/python3.11/site-packages/airflow/example_dags/example_params_trigger_ui.py
[2024-11-06T16:22:43.801+0100] {processor.py:839} INFO - DAG(s) dict_keys(['example_params_trigger_ui']) retrieved from /Users/pranavikusu/recurring_deliveries/venv/lib/python3.11/site-packages/airflow/example_dags/example_params_trigger_ui.py
[2024-11-06T16:22:43.855+0100] {logging_mixin.py:154} INFO - [2024-11-06T16:22:43.854+0100] {dag.py:2941} INFO - Sync 1 DAGs
[2024-11-06T16:22:43.858+0100] {logging_mixin.py:154} INFO - [2024-11-06T16:22:43.858+0100] {dag.py:3722} INFO - Setting next_dagrun for example_params_trigger_ui to None, run_after=None
[2024-11-06T16:22:43.865+0100] {processor.py:179} INFO - Processing /Users/pranavikusu/recurring_deliveries/venv/lib/python3.11/site-packages/airflow/example_dags/example_params_trigger_ui.py took 0.111 seconds
[2024-11-06T16:24:22.734+0100] {processor.py:157} INFO - Started process (PID=75110) to work on /Users/pranavikusu/recurring_deliveries/venv/lib/python3.11/site-packages/airflow/example_dags/example_params_trigger_ui.py
[2024-11-06T16:24:22.737+0100] {processor.py:829} INFO - Processing file /Users/pranavikusu/recurring_deliveries/venv/lib/python3.11/site-packages/airflow/example_dags/example_params_trigger_ui.py for tasks to queue
[2024-11-06T16:24:22.737+0100] {logging_mixin.py:154} INFO - [2024-11-06T16:24:22.737+0100] {dagbag.py:536} INFO - Filling up the DagBag from /Users/pranavikusu/recurring_deliveries/venv/lib/python3.11/site-packages/airflow/example_dags/example_params_trigger_ui.py
[2024-11-06T16:24:22.776+0100] {processor.py:839} INFO - DAG(s) dict_keys(['example_params_trigger_ui']) retrieved from /Users/pranavikusu/recurring_deliveries/venv/lib/python3.11/site-packages/airflow/example_dags/example_params_trigger_ui.py
[2024-11-06T16:24:22.827+0100] {logging_mixin.py:154} INFO - [2024-11-06T16:24:22.826+0100] {dag.py:2941} INFO - Sync 1 DAGs
[2024-11-06T16:24:22.830+0100] {logging_mixin.py:154} INFO - [2024-11-06T16:24:22.830+0100] {dag.py:3722} INFO - Setting next_dagrun for example_params_trigger_ui to None, run_after=None
[2024-11-06T16:24:22.836+0100] {processor.py:179} INFO - Processing /Users/pranavikusu/recurring_deliveries/venv/lib/python3.11/site-packages/airflow/example_dags/example_params_trigger_ui.py took 0.103 seconds
