[2024-11-06T16:14:41.827+0100] {processor.py:157} INFO - Started process (PID=74459) to work on /Users/pranavikusu/recurring_deliveries/venv/lib/python3.11/site-packages/airflow/example_dags/example_latest_only_with_trigger.py
[2024-11-06T16:14:41.830+0100] {processor.py:829} INFO - Processing file /Users/pranavikusu/recurring_deliveries/venv/lib/python3.11/site-packages/airflow/example_dags/example_latest_only_with_trigger.py for tasks to queue
[2024-11-06T16:14:41.830+0100] {logging_mixin.py:154} INFO - [2024-11-06T16:14:41.830+0100] {dagbag.py:536} INFO - Filling up the DagBag from /Users/pranavikusu/recurring_deliveries/venv/lib/python3.11/site-packages/airflow/example_dags/example_latest_only_with_trigger.py
[2024-11-06T16:14:41.844+0100] {processor.py:839} INFO - DAG(s) dict_keys(['latest_only_with_trigger']) retrieved from /Users/pranavikusu/recurring_deliveries/venv/lib/python3.11/site-packages/airflow/example_dags/example_latest_only_with_trigger.py
[2024-11-06T16:14:42.069+0100] {logging_mixin.py:154} INFO - [2024-11-06T16:14:42.069+0100] {manager.py:499} INFO - Created Permission View: %s
[2024-11-06T16:14:42.073+0100] {logging_mixin.py:154} INFO - [2024-11-06T16:14:42.072+0100] {manager.py:499} INFO - Created Permission View: %s
[2024-11-06T16:14:42.074+0100] {logging_mixin.py:154} INFO - [2024-11-06T16:14:42.074+0100] {manager.py:499} INFO - Created Permission View: %s
[2024-11-06T16:14:42.075+0100] {logging_mixin.py:154} INFO - [2024-11-06T16:14:42.075+0100] {dag.py:2941} INFO - Sync 1 DAGs
[2024-11-06T16:14:42.078+0100] {logging_mixin.py:154} INFO - [2024-11-06T16:14:42.078+0100] {dag.py:2963} INFO - Creating ORM DAG for latest_only_with_trigger
[2024-11-06T16:14:42.081+0100] {logging_mixin.py:154} INFO - [2024-11-06T16:14:42.081+0100] {dag.py:3722} INFO - Setting next_dagrun for latest_only_with_trigger to 2024-11-06T11:14:42.081210+00:00, run_after=2024-11-06T15:14:42.081210+00:00
[2024-11-06T16:14:42.086+0100] {processor.py:179} INFO - Processing /Users/pranavikusu/recurring_deliveries/venv/lib/python3.11/site-packages/airflow/example_dags/example_latest_only_with_trigger.py took 0.259 seconds
[2024-11-06T16:16:09.387+0100] {processor.py:157} INFO - Started process (PID=74548) to work on /Users/pranavikusu/recurring_deliveries/venv/lib/python3.11/site-packages/airflow/example_dags/example_latest_only_with_trigger.py
[2024-11-06T16:16:09.389+0100] {processor.py:829} INFO - Processing file /Users/pranavikusu/recurring_deliveries/venv/lib/python3.11/site-packages/airflow/example_dags/example_latest_only_with_trigger.py for tasks to queue
[2024-11-06T16:16:09.389+0100] {logging_mixin.py:154} INFO - [2024-11-06T16:16:09.389+0100] {dagbag.py:536} INFO - Filling up the DagBag from /Users/pranavikusu/recurring_deliveries/venv/lib/python3.11/site-packages/airflow/example_dags/example_latest_only_with_trigger.py
[2024-11-06T16:16:09.399+0100] {processor.py:839} INFO - DAG(s) dict_keys(['latest_only_with_trigger']) retrieved from /Users/pranavikusu/recurring_deliveries/venv/lib/python3.11/site-packages/airflow/example_dags/example_latest_only_with_trigger.py
[2024-11-06T16:16:09.460+0100] {logging_mixin.py:154} INFO - [2024-11-06T16:16:09.460+0100] {dag.py:2941} INFO - Sync 1 DAGs
[2024-11-06T16:16:09.466+0100] {logging_mixin.py:154} INFO - [2024-11-06T16:16:09.466+0100] {dag.py:3722} INFO - Setting next_dagrun for latest_only_with_trigger to 2024-11-06T11:16:09.466231+00:00, run_after=2024-11-06T15:16:09.466231+00:00
[2024-11-06T16:16:09.473+0100] {processor.py:179} INFO - Processing /Users/pranavikusu/recurring_deliveries/venv/lib/python3.11/site-packages/airflow/example_dags/example_latest_only_with_trigger.py took 0.086 seconds
[2024-11-06T16:17:25.709+0100] {processor.py:157} INFO - Started process (PID=74608) to work on /Users/pranavikusu/recurring_deliveries/venv/lib/python3.11/site-packages/airflow/example_dags/example_latest_only_with_trigger.py
[2024-11-06T16:17:25.712+0100] {processor.py:829} INFO - Processing file /Users/pranavikusu/recurring_deliveries/venv/lib/python3.11/site-packages/airflow/example_dags/example_latest_only_with_trigger.py for tasks to queue
[2024-11-06T16:17:25.712+0100] {logging_mixin.py:154} INFO - [2024-11-06T16:17:25.712+0100] {dagbag.py:536} INFO - Filling up the DagBag from /Users/pranavikusu/recurring_deliveries/venv/lib/python3.11/site-packages/airflow/example_dags/example_latest_only_with_trigger.py
[2024-11-06T16:17:25.722+0100] {processor.py:839} INFO - DAG(s) dict_keys(['latest_only_with_trigger']) retrieved from /Users/pranavikusu/recurring_deliveries/venv/lib/python3.11/site-packages/airflow/example_dags/example_latest_only_with_trigger.py
[2024-11-06T16:17:25.788+0100] {logging_mixin.py:154} INFO - [2024-11-06T16:17:25.787+0100] {dag.py:2941} INFO - Sync 1 DAGs
[2024-11-06T16:17:25.794+0100] {logging_mixin.py:154} INFO - [2024-11-06T16:17:25.794+0100] {dag.py:3722} INFO - Setting next_dagrun for latest_only_with_trigger to 2024-11-06T11:17:25.794188+00:00, run_after=2024-11-06T15:17:25.794188+00:00
[2024-11-06T16:17:25.801+0100] {processor.py:179} INFO - Processing /Users/pranavikusu/recurring_deliveries/venv/lib/python3.11/site-packages/airflow/example_dags/example_latest_only_with_trigger.py took 0.092 seconds
[2024-11-06T16:18:41.502+0100] {processor.py:157} INFO - Started process (PID=74682) to work on /Users/pranavikusu/recurring_deliveries/venv/lib/python3.11/site-packages/airflow/example_dags/example_latest_only_with_trigger.py
[2024-11-06T16:18:41.504+0100] {processor.py:829} INFO - Processing file /Users/pranavikusu/recurring_deliveries/venv/lib/python3.11/site-packages/airflow/example_dags/example_latest_only_with_trigger.py for tasks to queue
[2024-11-06T16:18:41.505+0100] {logging_mixin.py:154} INFO - [2024-11-06T16:18:41.505+0100] {dagbag.py:536} INFO - Filling up the DagBag from /Users/pranavikusu/recurring_deliveries/venv/lib/python3.11/site-packages/airflow/example_dags/example_latest_only_with_trigger.py
[2024-11-06T16:18:41.515+0100] {processor.py:839} INFO - DAG(s) dict_keys(['latest_only_with_trigger']) retrieved from /Users/pranavikusu/recurring_deliveries/venv/lib/python3.11/site-packages/airflow/example_dags/example_latest_only_with_trigger.py
[2024-11-06T16:18:41.575+0100] {logging_mixin.py:154} INFO - [2024-11-06T16:18:41.575+0100] {dag.py:2941} INFO - Sync 1 DAGs
[2024-11-06T16:18:41.582+0100] {logging_mixin.py:154} INFO - [2024-11-06T16:18:41.581+0100] {dag.py:3722} INFO - Setting next_dagrun for latest_only_with_trigger to 2024-11-06T11:18:41.581930+00:00, run_after=2024-11-06T15:18:41.581930+00:00
[2024-11-06T16:18:41.588+0100] {processor.py:179} INFO - Processing /Users/pranavikusu/recurring_deliveries/venv/lib/python3.11/site-packages/airflow/example_dags/example_latest_only_with_trigger.py took 0.087 seconds
[2024-11-06T16:19:53.998+0100] {processor.py:157} INFO - Started process (PID=74761) to work on /Users/pranavikusu/recurring_deliveries/venv/lib/python3.11/site-packages/airflow/example_dags/example_latest_only_with_trigger.py
[2024-11-06T16:19:54.001+0100] {processor.py:829} INFO - Processing file /Users/pranavikusu/recurring_deliveries/venv/lib/python3.11/site-packages/airflow/example_dags/example_latest_only_with_trigger.py for tasks to queue
[2024-11-06T16:19:54.001+0100] {logging_mixin.py:154} INFO - [2024-11-06T16:19:54.001+0100] {dagbag.py:536} INFO - Filling up the DagBag from /Users/pranavikusu/recurring_deliveries/venv/lib/python3.11/site-packages/airflow/example_dags/example_latest_only_with_trigger.py
[2024-11-06T16:19:54.011+0100] {processor.py:839} INFO - DAG(s) dict_keys(['latest_only_with_trigger']) retrieved from /Users/pranavikusu/recurring_deliveries/venv/lib/python3.11/site-packages/airflow/example_dags/example_latest_only_with_trigger.py
[2024-11-06T16:19:54.073+0100] {logging_mixin.py:154} INFO - [2024-11-06T16:19:54.073+0100] {dag.py:2941} INFO - Sync 1 DAGs
[2024-11-06T16:19:54.079+0100] {logging_mixin.py:154} INFO - [2024-11-06T16:19:54.079+0100] {dag.py:3722} INFO - Setting next_dagrun for latest_only_with_trigger to 2024-11-06T11:19:54.079391+00:00, run_after=2024-11-06T15:19:54.079391+00:00
[2024-11-06T16:19:54.086+0100] {processor.py:179} INFO - Processing /Users/pranavikusu/recurring_deliveries/venv/lib/python3.11/site-packages/airflow/example_dags/example_latest_only_with_trigger.py took 0.089 seconds
[2024-11-06T16:21:18.652+0100] {processor.py:157} INFO - Started process (PID=74867) to work on /Users/pranavikusu/recurring_deliveries/venv/lib/python3.11/site-packages/airflow/example_dags/example_latest_only_with_trigger.py
[2024-11-06T16:21:18.655+0100] {processor.py:829} INFO - Processing file /Users/pranavikusu/recurring_deliveries/venv/lib/python3.11/site-packages/airflow/example_dags/example_latest_only_with_trigger.py for tasks to queue
[2024-11-06T16:21:18.655+0100] {logging_mixin.py:154} INFO - [2024-11-06T16:21:18.655+0100] {dagbag.py:536} INFO - Filling up the DagBag from /Users/pranavikusu/recurring_deliveries/venv/lib/python3.11/site-packages/airflow/example_dags/example_latest_only_with_trigger.py
[2024-11-06T16:21:18.665+0100] {processor.py:839} INFO - DAG(s) dict_keys(['latest_only_with_trigger']) retrieved from /Users/pranavikusu/recurring_deliveries/venv/lib/python3.11/site-packages/airflow/example_dags/example_latest_only_with_trigger.py
[2024-11-06T16:21:18.725+0100] {logging_mixin.py:154} INFO - [2024-11-06T16:21:18.725+0100] {dag.py:2941} INFO - Sync 1 DAGs
[2024-11-06T16:21:18.732+0100] {logging_mixin.py:154} INFO - [2024-11-06T16:21:18.731+0100] {dag.py:3722} INFO - Setting next_dagrun for latest_only_with_trigger to 2024-11-06T11:21:18.731897+00:00, run_after=2024-11-06T15:21:18.731897+00:00
[2024-11-06T16:21:18.738+0100] {processor.py:179} INFO - Processing /Users/pranavikusu/recurring_deliveries/venv/lib/python3.11/site-packages/airflow/example_dags/example_latest_only_with_trigger.py took 0.086 seconds
[2024-11-06T16:22:47.759+0100] {processor.py:157} INFO - Started process (PID=74986) to work on /Users/pranavikusu/recurring_deliveries/venv/lib/python3.11/site-packages/airflow/example_dags/example_latest_only_with_trigger.py
[2024-11-06T16:22:47.761+0100] {processor.py:829} INFO - Processing file /Users/pranavikusu/recurring_deliveries/venv/lib/python3.11/site-packages/airflow/example_dags/example_latest_only_with_trigger.py for tasks to queue
[2024-11-06T16:22:47.762+0100] {logging_mixin.py:154} INFO - [2024-11-06T16:22:47.762+0100] {dagbag.py:536} INFO - Filling up the DagBag from /Users/pranavikusu/recurring_deliveries/venv/lib/python3.11/site-packages/airflow/example_dags/example_latest_only_with_trigger.py
[2024-11-06T16:22:47.773+0100] {processor.py:839} INFO - DAG(s) dict_keys(['latest_only_with_trigger']) retrieved from /Users/pranavikusu/recurring_deliveries/venv/lib/python3.11/site-packages/airflow/example_dags/example_latest_only_with_trigger.py
[2024-11-06T16:22:47.836+0100] {logging_mixin.py:154} INFO - [2024-11-06T16:22:47.836+0100] {dag.py:2941} INFO - Sync 1 DAGs
[2024-11-06T16:22:47.843+0100] {logging_mixin.py:154} INFO - [2024-11-06T16:22:47.843+0100] {dag.py:3722} INFO - Setting next_dagrun for latest_only_with_trigger to 2024-11-06T11:22:47.843539+00:00, run_after=2024-11-06T15:22:47.843539+00:00
[2024-11-06T16:22:47.850+0100] {processor.py:179} INFO - Processing /Users/pranavikusu/recurring_deliveries/venv/lib/python3.11/site-packages/airflow/example_dags/example_latest_only_with_trigger.py took 0.092 seconds
[2024-11-06T16:24:27.676+0100] {processor.py:157} INFO - Started process (PID=75113) to work on /Users/pranavikusu/recurring_deliveries/venv/lib/python3.11/site-packages/airflow/example_dags/example_latest_only_with_trigger.py
[2024-11-06T16:24:27.679+0100] {processor.py:829} INFO - Processing file /Users/pranavikusu/recurring_deliveries/venv/lib/python3.11/site-packages/airflow/example_dags/example_latest_only_with_trigger.py for tasks to queue
[2024-11-06T16:24:27.679+0100] {logging_mixin.py:154} INFO - [2024-11-06T16:24:27.679+0100] {dagbag.py:536} INFO - Filling up the DagBag from /Users/pranavikusu/recurring_deliveries/venv/lib/python3.11/site-packages/airflow/example_dags/example_latest_only_with_trigger.py
[2024-11-06T16:24:27.689+0100] {processor.py:839} INFO - DAG(s) dict_keys(['latest_only_with_trigger']) retrieved from /Users/pranavikusu/recurring_deliveries/venv/lib/python3.11/site-packages/airflow/example_dags/example_latest_only_with_trigger.py
[2024-11-06T16:24:27.750+0100] {logging_mixin.py:154} INFO - [2024-11-06T16:24:27.750+0100] {dag.py:2941} INFO - Sync 1 DAGs
[2024-11-06T16:24:27.756+0100] {logging_mixin.py:154} INFO - [2024-11-06T16:24:27.756+0100] {dag.py:3722} INFO - Setting next_dagrun for latest_only_with_trigger to 2024-11-06T11:24:27.756553+00:00, run_after=2024-11-06T15:24:27.756553+00:00
[2024-11-06T16:24:27.763+0100] {processor.py:179} INFO - Processing /Users/pranavikusu/recurring_deliveries/venv/lib/python3.11/site-packages/airflow/example_dags/example_latest_only_with_trigger.py took 0.087 seconds
