[2024-11-06T16:15:04.390+0100] {processor.py:157} INFO - Started process (PID=74480) to work on /Users/pranavikusu/recurring_deliveries/venv/lib/python3.11/site-packages/airflow/example_dags/example_branch_day_of_week_operator.py
[2024-11-06T16:15:04.392+0100] {processor.py:829} INFO - Processing file /Users/pranavikusu/recurring_deliveries/venv/lib/python3.11/site-packages/airflow/example_dags/example_branch_day_of_week_operator.py for tasks to queue
[2024-11-06T16:15:04.392+0100] {logging_mixin.py:154} INFO - [2024-11-06T16:15:04.392+0100] {dagbag.py:536} INFO - Filling up the DagBag from /Users/pranavikusu/recurring_deliveries/venv/lib/python3.11/site-packages/airflow/example_dags/example_branch_day_of_week_operator.py
[2024-11-06T16:15:04.403+0100] {processor.py:839} INFO - DAG(s) dict_keys(['example_weekday_branch_operator']) retrieved from /Users/pranavikusu/recurring_deliveries/venv/lib/python3.11/site-packages/airflow/example_dags/example_branch_day_of_week_operator.py
[2024-11-06T16:15:04.627+0100] {logging_mixin.py:154} INFO - [2024-11-06T16:15:04.626+0100] {manager.py:499} INFO - Created Permission View: %s
[2024-11-06T16:15:04.630+0100] {logging_mixin.py:154} INFO - [2024-11-06T16:15:04.630+0100] {manager.py:499} INFO - Created Permission View: %s
[2024-11-06T16:15:04.632+0100] {logging_mixin.py:154} INFO - [2024-11-06T16:15:04.631+0100] {manager.py:499} INFO - Created Permission View: %s
[2024-11-06T16:15:04.632+0100] {logging_mixin.py:154} INFO - [2024-11-06T16:15:04.632+0100] {dag.py:2941} INFO - Sync 1 DAGs
[2024-11-06T16:15:04.642+0100] {logging_mixin.py:154} INFO - [2024-11-06T16:15:04.641+0100] {dag.py:2963} INFO - Creating ORM DAG for example_weekday_branch_operator
[2024-11-06T16:15:04.645+0100] {logging_mixin.py:154} INFO - [2024-11-06T16:15:04.645+0100] {dag.py:3722} INFO - Setting next_dagrun for example_weekday_branch_operator to 2024-11-05T00:00:00+00:00, run_after=2024-11-06T00:00:00+00:00
[2024-11-06T16:15:04.652+0100] {processor.py:179} INFO - Processing /Users/pranavikusu/recurring_deliveries/venv/lib/python3.11/site-packages/airflow/example_dags/example_branch_day_of_week_operator.py took 0.262 seconds
[2024-11-06T16:16:29.320+0100] {processor.py:157} INFO - Started process (PID=74562) to work on /Users/pranavikusu/recurring_deliveries/venv/lib/python3.11/site-packages/airflow/example_dags/example_branch_day_of_week_operator.py
[2024-11-06T16:16:29.322+0100] {processor.py:829} INFO - Processing file /Users/pranavikusu/recurring_deliveries/venv/lib/python3.11/site-packages/airflow/example_dags/example_branch_day_of_week_operator.py for tasks to queue
[2024-11-06T16:16:29.322+0100] {logging_mixin.py:154} INFO - [2024-11-06T16:16:29.322+0100] {dagbag.py:536} INFO - Filling up the DagBag from /Users/pranavikusu/recurring_deliveries/venv/lib/python3.11/site-packages/airflow/example_dags/example_branch_day_of_week_operator.py
[2024-11-06T16:16:29.333+0100] {processor.py:839} INFO - DAG(s) dict_keys(['example_weekday_branch_operator']) retrieved from /Users/pranavikusu/recurring_deliveries/venv/lib/python3.11/site-packages/airflow/example_dags/example_branch_day_of_week_operator.py
[2024-11-06T16:16:29.395+0100] {logging_mixin.py:154} INFO - [2024-11-06T16:16:29.395+0100] {dag.py:2941} INFO - Sync 1 DAGs
[2024-11-06T16:16:29.402+0100] {logging_mixin.py:154} INFO - [2024-11-06T16:16:29.402+0100] {dag.py:3722} INFO - Setting next_dagrun for example_weekday_branch_operator to 2024-11-05T00:00:00+00:00, run_after=2024-11-06T00:00:00+00:00
[2024-11-06T16:16:29.408+0100] {processor.py:179} INFO - Processing /Users/pranavikusu/recurring_deliveries/venv/lib/python3.11/site-packages/airflow/example_dags/example_branch_day_of_week_operator.py took 0.089 seconds
[2024-11-06T16:17:45.920+0100] {processor.py:157} INFO - Started process (PID=74624) to work on /Users/pranavikusu/recurring_deliveries/venv/lib/python3.11/site-packages/airflow/example_dags/example_branch_day_of_week_operator.py
[2024-11-06T16:17:45.922+0100] {processor.py:829} INFO - Processing file /Users/pranavikusu/recurring_deliveries/venv/lib/python3.11/site-packages/airflow/example_dags/example_branch_day_of_week_operator.py for tasks to queue
[2024-11-06T16:17:45.923+0100] {logging_mixin.py:154} INFO - [2024-11-06T16:17:45.923+0100] {dagbag.py:536} INFO - Filling up the DagBag from /Users/pranavikusu/recurring_deliveries/venv/lib/python3.11/site-packages/airflow/example_dags/example_branch_day_of_week_operator.py
[2024-11-06T16:17:45.934+0100] {processor.py:839} INFO - DAG(s) dict_keys(['example_weekday_branch_operator']) retrieved from /Users/pranavikusu/recurring_deliveries/venv/lib/python3.11/site-packages/airflow/example_dags/example_branch_day_of_week_operator.py
[2024-11-06T16:17:45.999+0100] {logging_mixin.py:154} INFO - [2024-11-06T16:17:45.999+0100] {dag.py:2941} INFO - Sync 1 DAGs
[2024-11-06T16:17:46.006+0100] {logging_mixin.py:154} INFO - [2024-11-06T16:17:46.006+0100] {dag.py:3722} INFO - Setting next_dagrun for example_weekday_branch_operator to 2024-11-05T00:00:00+00:00, run_after=2024-11-06T00:00:00+00:00
[2024-11-06T16:17:46.013+0100] {processor.py:179} INFO - Processing /Users/pranavikusu/recurring_deliveries/venv/lib/python3.11/site-packages/airflow/example_dags/example_branch_day_of_week_operator.py took 0.094 seconds
[2024-11-06T16:19:07.294+0100] {processor.py:157} INFO - Started process (PID=74723) to work on /Users/pranavikusu/recurring_deliveries/venv/lib/python3.11/site-packages/airflow/example_dags/example_branch_day_of_week_operator.py
[2024-11-06T16:19:07.296+0100] {processor.py:829} INFO - Processing file /Users/pranavikusu/recurring_deliveries/venv/lib/python3.11/site-packages/airflow/example_dags/example_branch_day_of_week_operator.py for tasks to queue
[2024-11-06T16:19:07.297+0100] {logging_mixin.py:154} INFO - [2024-11-06T16:19:07.297+0100] {dagbag.py:536} INFO - Filling up the DagBag from /Users/pranavikusu/recurring_deliveries/venv/lib/python3.11/site-packages/airflow/example_dags/example_branch_day_of_week_operator.py
[2024-11-06T16:19:07.308+0100] {processor.py:839} INFO - DAG(s) dict_keys(['example_weekday_branch_operator']) retrieved from /Users/pranavikusu/recurring_deliveries/venv/lib/python3.11/site-packages/airflow/example_dags/example_branch_day_of_week_operator.py
[2024-11-06T16:19:07.371+0100] {logging_mixin.py:154} INFO - [2024-11-06T16:19:07.371+0100] {dag.py:2941} INFO - Sync 1 DAGs
[2024-11-06T16:19:07.378+0100] {logging_mixin.py:154} INFO - [2024-11-06T16:19:07.378+0100] {dag.py:3722} INFO - Setting next_dagrun for example_weekday_branch_operator to 2024-11-05T00:00:00+00:00, run_after=2024-11-06T00:00:00+00:00
[2024-11-06T16:19:07.385+0100] {processor.py:179} INFO - Processing /Users/pranavikusu/recurring_deliveries/venv/lib/python3.11/site-packages/airflow/example_dags/example_branch_day_of_week_operator.py took 0.092 seconds
[2024-11-06T16:20:32.637+0100] {processor.py:157} INFO - Started process (PID=74814) to work on /Users/pranavikusu/recurring_deliveries/venv/lib/python3.11/site-packages/airflow/example_dags/example_branch_day_of_week_operator.py
[2024-11-06T16:20:32.640+0100] {processor.py:829} INFO - Processing file /Users/pranavikusu/recurring_deliveries/venv/lib/python3.11/site-packages/airflow/example_dags/example_branch_day_of_week_operator.py for tasks to queue
[2024-11-06T16:20:32.640+0100] {logging_mixin.py:154} INFO - [2024-11-06T16:20:32.640+0100] {dagbag.py:536} INFO - Filling up the DagBag from /Users/pranavikusu/recurring_deliveries/venv/lib/python3.11/site-packages/airflow/example_dags/example_branch_day_of_week_operator.py
[2024-11-06T16:20:32.652+0100] {processor.py:839} INFO - DAG(s) dict_keys(['example_weekday_branch_operator']) retrieved from /Users/pranavikusu/recurring_deliveries/venv/lib/python3.11/site-packages/airflow/example_dags/example_branch_day_of_week_operator.py
[2024-11-06T16:20:32.713+0100] {logging_mixin.py:154} INFO - [2024-11-06T16:20:32.713+0100] {dag.py:2941} INFO - Sync 1 DAGs
[2024-11-06T16:20:32.720+0100] {logging_mixin.py:154} INFO - [2024-11-06T16:20:32.720+0100] {dag.py:3722} INFO - Setting next_dagrun for example_weekday_branch_operator to 2024-11-05T00:00:00+00:00, run_after=2024-11-06T00:00:00+00:00
[2024-11-06T16:20:32.727+0100] {processor.py:179} INFO - Processing /Users/pranavikusu/recurring_deliveries/venv/lib/python3.11/site-packages/airflow/example_dags/example_branch_day_of_week_operator.py took 0.090 seconds
[2024-11-06T16:21:57.980+0100] {processor.py:157} INFO - Started process (PID=74924) to work on /Users/pranavikusu/recurring_deliveries/venv/lib/python3.11/site-packages/airflow/example_dags/example_branch_day_of_week_operator.py
[2024-11-06T16:21:57.982+0100] {processor.py:829} INFO - Processing file /Users/pranavikusu/recurring_deliveries/venv/lib/python3.11/site-packages/airflow/example_dags/example_branch_day_of_week_operator.py for tasks to queue
[2024-11-06T16:21:57.983+0100] {logging_mixin.py:154} INFO - [2024-11-06T16:21:57.982+0100] {dagbag.py:536} INFO - Filling up the DagBag from /Users/pranavikusu/recurring_deliveries/venv/lib/python3.11/site-packages/airflow/example_dags/example_branch_day_of_week_operator.py
[2024-11-06T16:21:57.994+0100] {processor.py:839} INFO - DAG(s) dict_keys(['example_weekday_branch_operator']) retrieved from /Users/pranavikusu/recurring_deliveries/venv/lib/python3.11/site-packages/airflow/example_dags/example_branch_day_of_week_operator.py
[2024-11-06T16:21:58.055+0100] {logging_mixin.py:154} INFO - [2024-11-06T16:21:58.055+0100] {dag.py:2941} INFO - Sync 1 DAGs
[2024-11-06T16:21:58.061+0100] {logging_mixin.py:154} INFO - [2024-11-06T16:21:58.061+0100] {dag.py:3722} INFO - Setting next_dagrun for example_weekday_branch_operator to 2024-11-05T00:00:00+00:00, run_after=2024-11-06T00:00:00+00:00
[2024-11-06T16:21:58.068+0100] {processor.py:179} INFO - Processing /Users/pranavikusu/recurring_deliveries/venv/lib/python3.11/site-packages/airflow/example_dags/example_branch_day_of_week_operator.py took 0.088 seconds
[2024-11-06T16:23:33.097+0100] {processor.py:157} INFO - Started process (PID=75045) to work on /Users/pranavikusu/recurring_deliveries/venv/lib/python3.11/site-packages/airflow/example_dags/example_branch_day_of_week_operator.py
[2024-11-06T16:23:33.100+0100] {processor.py:829} INFO - Processing file /Users/pranavikusu/recurring_deliveries/venv/lib/python3.11/site-packages/airflow/example_dags/example_branch_day_of_week_operator.py for tasks to queue
[2024-11-06T16:23:33.100+0100] {logging_mixin.py:154} INFO - [2024-11-06T16:23:33.100+0100] {dagbag.py:536} INFO - Filling up the DagBag from /Users/pranavikusu/recurring_deliveries/venv/lib/python3.11/site-packages/airflow/example_dags/example_branch_day_of_week_operator.py
[2024-11-06T16:23:33.119+0100] {processor.py:839} INFO - DAG(s) dict_keys(['example_weekday_branch_operator']) retrieved from /Users/pranavikusu/recurring_deliveries/venv/lib/python3.11/site-packages/airflow/example_dags/example_branch_day_of_week_operator.py
[2024-11-06T16:23:33.216+0100] {logging_mixin.py:154} INFO - [2024-11-06T16:23:33.216+0100] {dag.py:2941} INFO - Sync 1 DAGs
[2024-11-06T16:23:33.231+0100] {logging_mixin.py:154} INFO - [2024-11-06T16:23:33.231+0100] {dag.py:3722} INFO - Setting next_dagrun for example_weekday_branch_operator to 2024-11-05T00:00:00+00:00, run_after=2024-11-06T00:00:00+00:00
[2024-11-06T16:23:33.248+0100] {processor.py:179} INFO - Processing /Users/pranavikusu/recurring_deliveries/venv/lib/python3.11/site-packages/airflow/example_dags/example_branch_day_of_week_operator.py took 0.152 seconds
[2024-11-06T16:25:13.999+0100] {processor.py:157} INFO - Started process (PID=75174) to work on /Users/pranavikusu/recurring_deliveries/venv/lib/python3.11/site-packages/airflow/example_dags/example_branch_day_of_week_operator.py
[2024-11-06T16:25:14.002+0100] {processor.py:829} INFO - Processing file /Users/pranavikusu/recurring_deliveries/venv/lib/python3.11/site-packages/airflow/example_dags/example_branch_day_of_week_operator.py for tasks to queue
[2024-11-06T16:25:14.002+0100] {logging_mixin.py:154} INFO - [2024-11-06T16:25:14.002+0100] {dagbag.py:536} INFO - Filling up the DagBag from /Users/pranavikusu/recurring_deliveries/venv/lib/python3.11/site-packages/airflow/example_dags/example_branch_day_of_week_operator.py
[2024-11-06T16:25:14.013+0100] {processor.py:839} INFO - DAG(s) dict_keys(['example_weekday_branch_operator']) retrieved from /Users/pranavikusu/recurring_deliveries/venv/lib/python3.11/site-packages/airflow/example_dags/example_branch_day_of_week_operator.py
[2024-11-06T16:25:14.080+0100] {logging_mixin.py:154} INFO - [2024-11-06T16:25:14.080+0100] {dag.py:2941} INFO - Sync 1 DAGs
[2024-11-06T16:25:14.087+0100] {logging_mixin.py:154} INFO - [2024-11-06T16:25:14.087+0100] {dag.py:3722} INFO - Setting next_dagrun for example_weekday_branch_operator to 2024-11-05T00:00:00+00:00, run_after=2024-11-06T00:00:00+00:00
[2024-11-06T16:25:14.094+0100] {processor.py:179} INFO - Processing /Users/pranavikusu/recurring_deliveries/venv/lib/python3.11/site-packages/airflow/example_dags/example_branch_day_of_week_operator.py took 0.096 seconds
