[2024-11-06T16:14:38.325+0100] {processor.py:157} INFO - Started process (PID=74455) to work on /Users/pranavikusu/recurring_deliveries/venv/lib/python3.11/site-packages/airflow/example_dags/example_nested_branch_dag.py
[2024-11-06T16:14:38.327+0100] {processor.py:829} INFO - Processing file /Users/pranavikusu/recurring_deliveries/venv/lib/python3.11/site-packages/airflow/example_dags/example_nested_branch_dag.py for tasks to queue
[2024-11-06T16:14:38.327+0100] {logging_mixin.py:154} INFO - [2024-11-06T16:14:38.327+0100] {dagbag.py:536} INFO - Filling up the DagBag from /Users/pranavikusu/recurring_deliveries/venv/lib/python3.11/site-packages/airflow/example_dags/example_nested_branch_dag.py
[2024-11-06T16:14:38.349+0100] {processor.py:839} INFO - DAG(s) dict_keys(['example_nested_branch_dag']) retrieved from /Users/pranavikusu/recurring_deliveries/venv/lib/python3.11/site-packages/airflow/example_dags/example_nested_branch_dag.py
[2024-11-06T16:14:38.578+0100] {logging_mixin.py:154} INFO - [2024-11-06T16:14:38.578+0100] {manager.py:499} INFO - Created Permission View: %s
[2024-11-06T16:14:38.581+0100] {logging_mixin.py:154} INFO - [2024-11-06T16:14:38.581+0100] {manager.py:499} INFO - Created Permission View: %s
[2024-11-06T16:14:38.582+0100] {logging_mixin.py:154} INFO - [2024-11-06T16:14:38.582+0100] {manager.py:499} INFO - Created Permission View: %s
[2024-11-06T16:14:38.583+0100] {logging_mixin.py:154} INFO - [2024-11-06T16:14:38.583+0100] {dag.py:2941} INFO - Sync 1 DAGs
[2024-11-06T16:14:38.586+0100] {logging_mixin.py:154} INFO - [2024-11-06T16:14:38.586+0100] {dag.py:2963} INFO - Creating ORM DAG for example_nested_branch_dag
[2024-11-06T16:14:38.589+0100] {logging_mixin.py:154} INFO - [2024-11-06T16:14:38.589+0100] {dag.py:3722} INFO - Setting next_dagrun for example_nested_branch_dag to 2024-11-05T00:00:00+00:00, run_after=2024-11-06T00:00:00+00:00
[2024-11-06T16:14:38.596+0100] {processor.py:179} INFO - Processing /Users/pranavikusu/recurring_deliveries/venv/lib/python3.11/site-packages/airflow/example_dags/example_nested_branch_dag.py took 0.271 seconds
[2024-11-06T16:15:52.691+0100] {processor.py:157} INFO - Started process (PID=74533) to work on /Users/pranavikusu/recurring_deliveries/venv/lib/python3.11/site-packages/airflow/example_dags/example_nested_branch_dag.py
[2024-11-06T16:15:52.693+0100] {processor.py:829} INFO - Processing file /Users/pranavikusu/recurring_deliveries/venv/lib/python3.11/site-packages/airflow/example_dags/example_nested_branch_dag.py for tasks to queue
[2024-11-06T16:15:52.694+0100] {logging_mixin.py:154} INFO - [2024-11-06T16:15:52.694+0100] {dagbag.py:536} INFO - Filling up the DagBag from /Users/pranavikusu/recurring_deliveries/venv/lib/python3.11/site-packages/airflow/example_dags/example_nested_branch_dag.py
[2024-11-06T16:15:52.715+0100] {processor.py:839} INFO - DAG(s) dict_keys(['example_nested_branch_dag']) retrieved from /Users/pranavikusu/recurring_deliveries/venv/lib/python3.11/site-packages/airflow/example_dags/example_nested_branch_dag.py
[2024-11-06T16:15:52.775+0100] {logging_mixin.py:154} INFO - [2024-11-06T16:15:52.774+0100] {dag.py:2941} INFO - Sync 1 DAGs
[2024-11-06T16:15:52.781+0100] {logging_mixin.py:154} INFO - [2024-11-06T16:15:52.781+0100] {dag.py:3722} INFO - Setting next_dagrun for example_nested_branch_dag to 2024-11-05T00:00:00+00:00, run_after=2024-11-06T00:00:00+00:00
[2024-11-06T16:15:52.788+0100] {processor.py:179} INFO - Processing /Users/pranavikusu/recurring_deliveries/venv/lib/python3.11/site-packages/airflow/example_dags/example_nested_branch_dag.py took 0.098 seconds
[2024-11-06T16:17:08.432+0100] {processor.py:157} INFO - Started process (PID=74595) to work on /Users/pranavikusu/recurring_deliveries/venv/lib/python3.11/site-packages/airflow/example_dags/example_nested_branch_dag.py
[2024-11-06T16:17:08.435+0100] {processor.py:829} INFO - Processing file /Users/pranavikusu/recurring_deliveries/venv/lib/python3.11/site-packages/airflow/example_dags/example_nested_branch_dag.py for tasks to queue
[2024-11-06T16:17:08.435+0100] {logging_mixin.py:154} INFO - [2024-11-06T16:17:08.435+0100] {dagbag.py:536} INFO - Filling up the DagBag from /Users/pranavikusu/recurring_deliveries/venv/lib/python3.11/site-packages/airflow/example_dags/example_nested_branch_dag.py
[2024-11-06T16:17:08.457+0100] {processor.py:839} INFO - DAG(s) dict_keys(['example_nested_branch_dag']) retrieved from /Users/pranavikusu/recurring_deliveries/venv/lib/python3.11/site-packages/airflow/example_dags/example_nested_branch_dag.py
[2024-11-06T16:17:08.515+0100] {logging_mixin.py:154} INFO - [2024-11-06T16:17:08.515+0100] {dag.py:2941} INFO - Sync 1 DAGs
[2024-11-06T16:17:08.522+0100] {logging_mixin.py:154} INFO - [2024-11-06T16:17:08.522+0100] {dag.py:3722} INFO - Setting next_dagrun for example_nested_branch_dag to 2024-11-05T00:00:00+00:00, run_after=2024-11-06T00:00:00+00:00
[2024-11-06T16:17:08.528+0100] {processor.py:179} INFO - Processing /Users/pranavikusu/recurring_deliveries/venv/lib/python3.11/site-packages/airflow/example_dags/example_nested_branch_dag.py took 0.097 seconds
[2024-11-06T16:18:26.956+0100] {processor.py:157} INFO - Started process (PID=74661) to work on /Users/pranavikusu/recurring_deliveries/venv/lib/python3.11/site-packages/airflow/example_dags/example_nested_branch_dag.py
[2024-11-06T16:18:26.959+0100] {processor.py:829} INFO - Processing file /Users/pranavikusu/recurring_deliveries/venv/lib/python3.11/site-packages/airflow/example_dags/example_nested_branch_dag.py for tasks to queue
[2024-11-06T16:18:26.959+0100] {logging_mixin.py:154} INFO - [2024-11-06T16:18:26.959+0100] {dagbag.py:536} INFO - Filling up the DagBag from /Users/pranavikusu/recurring_deliveries/venv/lib/python3.11/site-packages/airflow/example_dags/example_nested_branch_dag.py
[2024-11-06T16:18:26.981+0100] {processor.py:839} INFO - DAG(s) dict_keys(['example_nested_branch_dag']) retrieved from /Users/pranavikusu/recurring_deliveries/venv/lib/python3.11/site-packages/airflow/example_dags/example_nested_branch_dag.py
[2024-11-06T16:18:27.047+0100] {logging_mixin.py:154} INFO - [2024-11-06T16:18:27.047+0100] {dag.py:2941} INFO - Sync 1 DAGs
[2024-11-06T16:18:27.054+0100] {logging_mixin.py:154} INFO - [2024-11-06T16:18:27.053+0100] {dag.py:3722} INFO - Setting next_dagrun for example_nested_branch_dag to 2024-11-05T00:00:00+00:00, run_after=2024-11-06T00:00:00+00:00
[2024-11-06T16:18:27.061+0100] {processor.py:179} INFO - Processing /Users/pranavikusu/recurring_deliveries/venv/lib/python3.11/site-packages/airflow/example_dags/example_nested_branch_dag.py took 0.106 seconds
[2024-11-06T16:19:51.715+0100] {processor.py:157} INFO - Started process (PID=74759) to work on /Users/pranavikusu/recurring_deliveries/venv/lib/python3.11/site-packages/airflow/example_dags/example_nested_branch_dag.py
[2024-11-06T16:19:51.717+0100] {processor.py:829} INFO - Processing file /Users/pranavikusu/recurring_deliveries/venv/lib/python3.11/site-packages/airflow/example_dags/example_nested_branch_dag.py for tasks to queue
[2024-11-06T16:19:51.718+0100] {logging_mixin.py:154} INFO - [2024-11-06T16:19:51.718+0100] {dagbag.py:536} INFO - Filling up the DagBag from /Users/pranavikusu/recurring_deliveries/venv/lib/python3.11/site-packages/airflow/example_dags/example_nested_branch_dag.py
[2024-11-06T16:19:51.739+0100] {processor.py:839} INFO - DAG(s) dict_keys(['example_nested_branch_dag']) retrieved from /Users/pranavikusu/recurring_deliveries/venv/lib/python3.11/site-packages/airflow/example_dags/example_nested_branch_dag.py
[2024-11-06T16:19:51.797+0100] {logging_mixin.py:154} INFO - [2024-11-06T16:19:51.797+0100] {dag.py:2941} INFO - Sync 1 DAGs
[2024-11-06T16:19:51.803+0100] {logging_mixin.py:154} INFO - [2024-11-06T16:19:51.803+0100] {dag.py:3722} INFO - Setting next_dagrun for example_nested_branch_dag to 2024-11-05T00:00:00+00:00, run_after=2024-11-06T00:00:00+00:00
[2024-11-06T16:19:51.810+0100] {processor.py:179} INFO - Processing /Users/pranavikusu/recurring_deliveries/venv/lib/python3.11/site-packages/airflow/example_dags/example_nested_branch_dag.py took 0.096 seconds
[2024-11-06T16:21:15.821+0100] {processor.py:157} INFO - Started process (PID=74864) to work on /Users/pranavikusu/recurring_deliveries/venv/lib/python3.11/site-packages/airflow/example_dags/example_nested_branch_dag.py
[2024-11-06T16:21:15.824+0100] {processor.py:829} INFO - Processing file /Users/pranavikusu/recurring_deliveries/venv/lib/python3.11/site-packages/airflow/example_dags/example_nested_branch_dag.py for tasks to queue
[2024-11-06T16:21:15.825+0100] {logging_mixin.py:154} INFO - [2024-11-06T16:21:15.825+0100] {dagbag.py:536} INFO - Filling up the DagBag from /Users/pranavikusu/recurring_deliveries/venv/lib/python3.11/site-packages/airflow/example_dags/example_nested_branch_dag.py
[2024-11-06T16:21:15.850+0100] {processor.py:839} INFO - DAG(s) dict_keys(['example_nested_branch_dag']) retrieved from /Users/pranavikusu/recurring_deliveries/venv/lib/python3.11/site-packages/airflow/example_dags/example_nested_branch_dag.py
[2024-11-06T16:21:15.911+0100] {logging_mixin.py:154} INFO - [2024-11-06T16:21:15.911+0100] {dag.py:2941} INFO - Sync 1 DAGs
[2024-11-06T16:21:15.918+0100] {logging_mixin.py:154} INFO - [2024-11-06T16:21:15.918+0100] {dag.py:3722} INFO - Setting next_dagrun for example_nested_branch_dag to 2024-11-05T00:00:00+00:00, run_after=2024-11-06T00:00:00+00:00
[2024-11-06T16:21:15.926+0100] {processor.py:179} INFO - Processing /Users/pranavikusu/recurring_deliveries/venv/lib/python3.11/site-packages/airflow/example_dags/example_nested_branch_dag.py took 0.106 seconds
[2024-11-06T16:22:45.425+0100] {processor.py:157} INFO - Started process (PID=74984) to work on /Users/pranavikusu/recurring_deliveries/venv/lib/python3.11/site-packages/airflow/example_dags/example_nested_branch_dag.py
[2024-11-06T16:22:45.427+0100] {processor.py:829} INFO - Processing file /Users/pranavikusu/recurring_deliveries/venv/lib/python3.11/site-packages/airflow/example_dags/example_nested_branch_dag.py for tasks to queue
[2024-11-06T16:22:45.427+0100] {logging_mixin.py:154} INFO - [2024-11-06T16:22:45.427+0100] {dagbag.py:536} INFO - Filling up the DagBag from /Users/pranavikusu/recurring_deliveries/venv/lib/python3.11/site-packages/airflow/example_dags/example_nested_branch_dag.py
[2024-11-06T16:22:45.449+0100] {processor.py:839} INFO - DAG(s) dict_keys(['example_nested_branch_dag']) retrieved from /Users/pranavikusu/recurring_deliveries/venv/lib/python3.11/site-packages/airflow/example_dags/example_nested_branch_dag.py
[2024-11-06T16:22:45.509+0100] {logging_mixin.py:154} INFO - [2024-11-06T16:22:45.508+0100] {dag.py:2941} INFO - Sync 1 DAGs
[2024-11-06T16:22:45.515+0100] {logging_mixin.py:154} INFO - [2024-11-06T16:22:45.515+0100] {dag.py:3722} INFO - Setting next_dagrun for example_nested_branch_dag to 2024-11-05T00:00:00+00:00, run_after=2024-11-06T00:00:00+00:00
[2024-11-06T16:22:45.522+0100] {processor.py:179} INFO - Processing /Users/pranavikusu/recurring_deliveries/venv/lib/python3.11/site-packages/airflow/example_dags/example_nested_branch_dag.py took 0.098 seconds
[2024-11-06T16:24:24.409+0100] {processor.py:157} INFO - Started process (PID=75111) to work on /Users/pranavikusu/recurring_deliveries/venv/lib/python3.11/site-packages/airflow/example_dags/example_nested_branch_dag.py
[2024-11-06T16:24:24.412+0100] {processor.py:829} INFO - Processing file /Users/pranavikusu/recurring_deliveries/venv/lib/python3.11/site-packages/airflow/example_dags/example_nested_branch_dag.py for tasks to queue
[2024-11-06T16:24:24.412+0100] {logging_mixin.py:154} INFO - [2024-11-06T16:24:24.412+0100] {dagbag.py:536} INFO - Filling up the DagBag from /Users/pranavikusu/recurring_deliveries/venv/lib/python3.11/site-packages/airflow/example_dags/example_nested_branch_dag.py
[2024-11-06T16:24:24.435+0100] {processor.py:839} INFO - DAG(s) dict_keys(['example_nested_branch_dag']) retrieved from /Users/pranavikusu/recurring_deliveries/venv/lib/python3.11/site-packages/airflow/example_dags/example_nested_branch_dag.py
[2024-11-06T16:24:24.495+0100] {logging_mixin.py:154} INFO - [2024-11-06T16:24:24.495+0100] {dag.py:2941} INFO - Sync 1 DAGs
[2024-11-06T16:24:24.501+0100] {logging_mixin.py:154} INFO - [2024-11-06T16:24:24.501+0100] {dag.py:3722} INFO - Setting next_dagrun for example_nested_branch_dag to 2024-11-05T00:00:00+00:00, run_after=2024-11-06T00:00:00+00:00
[2024-11-06T16:24:24.508+0100] {processor.py:179} INFO - Processing /Users/pranavikusu/recurring_deliveries/venv/lib/python3.11/site-packages/airflow/example_dags/example_nested_branch_dag.py took 0.099 seconds
