[2024-11-06T16:14:26.771+0100] {processor.py:157} INFO - Started process (PID=74442) to work on /Users/pranavikusu/recurring_deliveries/venv/lib/python3.11/site-packages/airflow/example_dags/example_setup_teardown.py
[2024-11-06T16:14:26.774+0100] {processor.py:829} INFO - Processing file /Users/pranavikusu/recurring_deliveries/venv/lib/python3.11/site-packages/airflow/example_dags/example_setup_teardown.py for tasks to queue
[2024-11-06T16:14:26.774+0100] {logging_mixin.py:154} INFO - [2024-11-06T16:14:26.774+0100] {dagbag.py:536} INFO - Filling up the DagBag from /Users/pranavikusu/recurring_deliveries/venv/lib/python3.11/site-packages/airflow/example_dags/example_setup_teardown.py
[2024-11-06T16:14:26.784+0100] {processor.py:839} INFO - DAG(s) dict_keys(['example_setup_teardown']) retrieved from /Users/pranavikusu/recurring_deliveries/venv/lib/python3.11/site-packages/airflow/example_dags/example_setup_teardown.py
[2024-11-06T16:14:27.002+0100] {logging_mixin.py:154} INFO - [2024-11-06T16:14:27.002+0100] {manager.py:499} INFO - Created Permission View: %s
[2024-11-06T16:14:27.005+0100] {logging_mixin.py:154} INFO - [2024-11-06T16:14:27.005+0100] {manager.py:499} INFO - Created Permission View: %s
[2024-11-06T16:14:27.007+0100] {logging_mixin.py:154} INFO - [2024-11-06T16:14:27.007+0100] {manager.py:499} INFO - Created Permission View: %s
[2024-11-06T16:14:27.007+0100] {logging_mixin.py:154} INFO - [2024-11-06T16:14:27.007+0100] {dag.py:2941} INFO - Sync 1 DAGs
[2024-11-06T16:14:27.011+0100] {logging_mixin.py:154} INFO - [2024-11-06T16:14:27.011+0100] {dag.py:2963} INFO - Creating ORM DAG for example_setup_teardown
[2024-11-06T16:14:27.013+0100] {logging_mixin.py:154} INFO - [2024-11-06T16:14:27.013+0100] {dag.py:3722} INFO - Setting next_dagrun for example_setup_teardown to 2024-11-05T15:14:27.013850+00:00, run_after=2024-11-06T15:14:27.013850+00:00
[2024-11-06T16:14:27.019+0100] {processor.py:179} INFO - Processing /Users/pranavikusu/recurring_deliveries/venv/lib/python3.11/site-packages/airflow/example_dags/example_setup_teardown.py took 0.248 seconds
[2024-11-06T16:15:42.615+0100] {processor.py:157} INFO - Started process (PID=74522) to work on /Users/pranavikusu/recurring_deliveries/venv/lib/python3.11/site-packages/airflow/example_dags/example_setup_teardown.py
[2024-11-06T16:15:42.618+0100] {processor.py:829} INFO - Processing file /Users/pranavikusu/recurring_deliveries/venv/lib/python3.11/site-packages/airflow/example_dags/example_setup_teardown.py for tasks to queue
[2024-11-06T16:15:42.618+0100] {logging_mixin.py:154} INFO - [2024-11-06T16:15:42.618+0100] {dagbag.py:536} INFO - Filling up the DagBag from /Users/pranavikusu/recurring_deliveries/venv/lib/python3.11/site-packages/airflow/example_dags/example_setup_teardown.py
[2024-11-06T16:15:42.628+0100] {processor.py:839} INFO - DAG(s) dict_keys(['example_setup_teardown']) retrieved from /Users/pranavikusu/recurring_deliveries/venv/lib/python3.11/site-packages/airflow/example_dags/example_setup_teardown.py
[2024-11-06T16:15:42.689+0100] {logging_mixin.py:154} INFO - [2024-11-06T16:15:42.689+0100] {dag.py:2941} INFO - Sync 1 DAGs
[2024-11-06T16:15:42.695+0100] {logging_mixin.py:154} INFO - [2024-11-06T16:15:42.695+0100] {dag.py:3722} INFO - Setting next_dagrun for example_setup_teardown to 2024-11-05T15:15:42.695400+00:00, run_after=2024-11-06T15:15:42.695400+00:00
[2024-11-06T16:15:42.702+0100] {processor.py:179} INFO - Processing /Users/pranavikusu/recurring_deliveries/venv/lib/python3.11/site-packages/airflow/example_dags/example_setup_teardown.py took 0.087 seconds
[2024-11-06T16:16:57.447+0100] {processor.py:157} INFO - Started process (PID=74588) to work on /Users/pranavikusu/recurring_deliveries/venv/lib/python3.11/site-packages/airflow/example_dags/example_setup_teardown.py
[2024-11-06T16:16:57.450+0100] {processor.py:829} INFO - Processing file /Users/pranavikusu/recurring_deliveries/venv/lib/python3.11/site-packages/airflow/example_dags/example_setup_teardown.py for tasks to queue
[2024-11-06T16:16:57.450+0100] {logging_mixin.py:154} INFO - [2024-11-06T16:16:57.450+0100] {dagbag.py:536} INFO - Filling up the DagBag from /Users/pranavikusu/recurring_deliveries/venv/lib/python3.11/site-packages/airflow/example_dags/example_setup_teardown.py
[2024-11-06T16:16:57.461+0100] {processor.py:839} INFO - DAG(s) dict_keys(['example_setup_teardown']) retrieved from /Users/pranavikusu/recurring_deliveries/venv/lib/python3.11/site-packages/airflow/example_dags/example_setup_teardown.py
[2024-11-06T16:16:57.524+0100] {logging_mixin.py:154} INFO - [2024-11-06T16:16:57.524+0100] {dag.py:2941} INFO - Sync 1 DAGs
[2024-11-06T16:16:57.531+0100] {logging_mixin.py:154} INFO - [2024-11-06T16:16:57.531+0100] {dag.py:3722} INFO - Setting next_dagrun for example_setup_teardown to 2024-11-05T15:16:57.531037+00:00, run_after=2024-11-06T15:16:57.531037+00:00
[2024-11-06T16:16:57.538+0100] {processor.py:179} INFO - Processing /Users/pranavikusu/recurring_deliveries/venv/lib/python3.11/site-packages/airflow/example_dags/example_setup_teardown.py took 0.091 seconds
[2024-11-06T16:18:16.023+0100] {processor.py:157} INFO - Started process (PID=74652) to work on /Users/pranavikusu/recurring_deliveries/venv/lib/python3.11/site-packages/airflow/example_dags/example_setup_teardown.py
[2024-11-06T16:18:16.025+0100] {processor.py:829} INFO - Processing file /Users/pranavikusu/recurring_deliveries/venv/lib/python3.11/site-packages/airflow/example_dags/example_setup_teardown.py for tasks to queue
[2024-11-06T16:18:16.026+0100] {logging_mixin.py:154} INFO - [2024-11-06T16:18:16.025+0100] {dagbag.py:536} INFO - Filling up the DagBag from /Users/pranavikusu/recurring_deliveries/venv/lib/python3.11/site-packages/airflow/example_dags/example_setup_teardown.py
[2024-11-06T16:18:16.035+0100] {processor.py:839} INFO - DAG(s) dict_keys(['example_setup_teardown']) retrieved from /Users/pranavikusu/recurring_deliveries/venv/lib/python3.11/site-packages/airflow/example_dags/example_setup_teardown.py
[2024-11-06T16:18:16.096+0100] {logging_mixin.py:154} INFO - [2024-11-06T16:18:16.096+0100] {dag.py:2941} INFO - Sync 1 DAGs
[2024-11-06T16:18:16.102+0100] {logging_mixin.py:154} INFO - [2024-11-06T16:18:16.102+0100] {dag.py:3722} INFO - Setting next_dagrun for example_setup_teardown to 2024-11-05T15:18:16.102610+00:00, run_after=2024-11-06T15:18:16.102610+00:00
[2024-11-06T16:18:16.109+0100] {processor.py:179} INFO - Processing /Users/pranavikusu/recurring_deliveries/venv/lib/python3.11/site-packages/airflow/example_dags/example_setup_teardown.py took 0.087 seconds
[2024-11-06T16:19:41.592+0100] {processor.py:157} INFO - Started process (PID=74750) to work on /Users/pranavikusu/recurring_deliveries/venv/lib/python3.11/site-packages/airflow/example_dags/example_setup_teardown.py
[2024-11-06T16:19:41.595+0100] {processor.py:829} INFO - Processing file /Users/pranavikusu/recurring_deliveries/venv/lib/python3.11/site-packages/airflow/example_dags/example_setup_teardown.py for tasks to queue
[2024-11-06T16:19:41.595+0100] {logging_mixin.py:154} INFO - [2024-11-06T16:19:41.595+0100] {dagbag.py:536} INFO - Filling up the DagBag from /Users/pranavikusu/recurring_deliveries/venv/lib/python3.11/site-packages/airflow/example_dags/example_setup_teardown.py
[2024-11-06T16:19:41.605+0100] {processor.py:839} INFO - DAG(s) dict_keys(['example_setup_teardown']) retrieved from /Users/pranavikusu/recurring_deliveries/venv/lib/python3.11/site-packages/airflow/example_dags/example_setup_teardown.py
[2024-11-06T16:19:41.667+0100] {logging_mixin.py:154} INFO - [2024-11-06T16:19:41.667+0100] {dag.py:2941} INFO - Sync 1 DAGs
[2024-11-06T16:19:41.673+0100] {logging_mixin.py:154} INFO - [2024-11-06T16:19:41.673+0100] {dag.py:3722} INFO - Setting next_dagrun for example_setup_teardown to 2024-11-05T15:19:41.673200+00:00, run_after=2024-11-06T15:19:41.673200+00:00
[2024-11-06T16:19:41.680+0100] {processor.py:179} INFO - Processing /Users/pranavikusu/recurring_deliveries/venv/lib/python3.11/site-packages/airflow/example_dags/example_setup_teardown.py took 0.088 seconds
[2024-11-06T16:21:04.707+0100] {processor.py:157} INFO - Started process (PID=74855) to work on /Users/pranavikusu/recurring_deliveries/venv/lib/python3.11/site-packages/airflow/example_dags/example_setup_teardown.py
[2024-11-06T16:21:04.710+0100] {processor.py:829} INFO - Processing file /Users/pranavikusu/recurring_deliveries/venv/lib/python3.11/site-packages/airflow/example_dags/example_setup_teardown.py for tasks to queue
[2024-11-06T16:21:04.710+0100] {logging_mixin.py:154} INFO - [2024-11-06T16:21:04.710+0100] {dagbag.py:536} INFO - Filling up the DagBag from /Users/pranavikusu/recurring_deliveries/venv/lib/python3.11/site-packages/airflow/example_dags/example_setup_teardown.py
[2024-11-06T16:21:04.720+0100] {processor.py:839} INFO - DAG(s) dict_keys(['example_setup_teardown']) retrieved from /Users/pranavikusu/recurring_deliveries/venv/lib/python3.11/site-packages/airflow/example_dags/example_setup_teardown.py
[2024-11-06T16:21:04.783+0100] {logging_mixin.py:154} INFO - [2024-11-06T16:21:04.783+0100] {dag.py:2941} INFO - Sync 1 DAGs
[2024-11-06T16:21:04.789+0100] {logging_mixin.py:154} INFO - [2024-11-06T16:21:04.789+0100] {dag.py:3722} INFO - Setting next_dagrun for example_setup_teardown to 2024-11-05T15:21:04.789738+00:00, run_after=2024-11-06T15:21:04.789738+00:00
[2024-11-06T16:21:04.796+0100] {processor.py:179} INFO - Processing /Users/pranavikusu/recurring_deliveries/venv/lib/python3.11/site-packages/airflow/example_dags/example_setup_teardown.py took 0.089 seconds
[2024-11-06T16:22:33.319+0100] {processor.py:157} INFO - Started process (PID=74977) to work on /Users/pranavikusu/recurring_deliveries/venv/lib/python3.11/site-packages/airflow/example_dags/example_setup_teardown.py
[2024-11-06T16:22:33.322+0100] {processor.py:829} INFO - Processing file /Users/pranavikusu/recurring_deliveries/venv/lib/python3.11/site-packages/airflow/example_dags/example_setup_teardown.py for tasks to queue
[2024-11-06T16:22:33.322+0100] {logging_mixin.py:154} INFO - [2024-11-06T16:22:33.322+0100] {dagbag.py:536} INFO - Filling up the DagBag from /Users/pranavikusu/recurring_deliveries/venv/lib/python3.11/site-packages/airflow/example_dags/example_setup_teardown.py
[2024-11-06T16:22:33.332+0100] {processor.py:839} INFO - DAG(s) dict_keys(['example_setup_teardown']) retrieved from /Users/pranavikusu/recurring_deliveries/venv/lib/python3.11/site-packages/airflow/example_dags/example_setup_teardown.py
[2024-11-06T16:22:33.396+0100] {logging_mixin.py:154} INFO - [2024-11-06T16:22:33.396+0100] {dag.py:2941} INFO - Sync 1 DAGs
[2024-11-06T16:22:33.402+0100] {logging_mixin.py:154} INFO - [2024-11-06T16:22:33.402+0100] {dag.py:3722} INFO - Setting next_dagrun for example_setup_teardown to 2024-11-05T15:22:33.402664+00:00, run_after=2024-11-06T15:22:33.402664+00:00
[2024-11-06T16:22:33.409+0100] {processor.py:179} INFO - Processing /Users/pranavikusu/recurring_deliveries/venv/lib/python3.11/site-packages/airflow/example_dags/example_setup_teardown.py took 0.091 seconds
[2024-11-06T16:24:12.256+0100] {processor.py:157} INFO - Started process (PID=75100) to work on /Users/pranavikusu/recurring_deliveries/venv/lib/python3.11/site-packages/airflow/example_dags/example_setup_teardown.py
[2024-11-06T16:24:12.258+0100] {processor.py:829} INFO - Processing file /Users/pranavikusu/recurring_deliveries/venv/lib/python3.11/site-packages/airflow/example_dags/example_setup_teardown.py for tasks to queue
[2024-11-06T16:24:12.259+0100] {logging_mixin.py:154} INFO - [2024-11-06T16:24:12.259+0100] {dagbag.py:536} INFO - Filling up the DagBag from /Users/pranavikusu/recurring_deliveries/venv/lib/python3.11/site-packages/airflow/example_dags/example_setup_teardown.py
[2024-11-06T16:24:12.269+0100] {processor.py:839} INFO - DAG(s) dict_keys(['example_setup_teardown']) retrieved from /Users/pranavikusu/recurring_deliveries/venv/lib/python3.11/site-packages/airflow/example_dags/example_setup_teardown.py
[2024-11-06T16:24:12.332+0100] {logging_mixin.py:154} INFO - [2024-11-06T16:24:12.332+0100] {dag.py:2941} INFO - Sync 1 DAGs
[2024-11-06T16:24:12.338+0100] {logging_mixin.py:154} INFO - [2024-11-06T16:24:12.338+0100] {dag.py:3722} INFO - Setting next_dagrun for example_setup_teardown to 2024-11-05T15:24:12.338712+00:00, run_after=2024-11-06T15:24:12.338712+00:00
[2024-11-06T16:24:12.346+0100] {processor.py:179} INFO - Processing /Users/pranavikusu/recurring_deliveries/venv/lib/python3.11/site-packages/airflow/example_dags/example_setup_teardown.py took 0.090 seconds
