[2024-11-06T16:14:47.201+0100] {processor.py:157} INFO - Started process (PID=74464) to work on /Users/pranavikusu/recurring_deliveries/venv/lib/python3.11/site-packages/airflow/example_dags/example_external_task_marker_dag.py
[2024-11-06T16:14:47.203+0100] {processor.py:829} INFO - Processing file /Users/pranavikusu/recurring_deliveries/venv/lib/python3.11/site-packages/airflow/example_dags/example_external_task_marker_dag.py for tasks to queue
[2024-11-06T16:14:47.203+0100] {logging_mixin.py:154} INFO - [2024-11-06T16:14:47.203+0100] {dagbag.py:536} INFO - Filling up the DagBag from /Users/pranavikusu/recurring_deliveries/venv/lib/python3.11/site-packages/airflow/example_dags/example_external_task_marker_dag.py
[2024-11-06T16:14:47.215+0100] {processor.py:839} INFO - DAG(s) dict_keys(['example_external_task_marker_parent', 'example_external_task_marker_child']) retrieved from /Users/pranavikusu/recurring_deliveries/venv/lib/python3.11/site-packages/airflow/example_dags/example_external_task_marker_dag.py
[2024-11-06T16:14:47.450+0100] {logging_mixin.py:154} INFO - [2024-11-06T16:14:47.450+0100] {manager.py:499} INFO - Created Permission View: %s
[2024-11-06T16:14:47.453+0100] {logging_mixin.py:154} INFO - [2024-11-06T16:14:47.453+0100] {manager.py:499} INFO - Created Permission View: %s
[2024-11-06T16:14:47.455+0100] {logging_mixin.py:154} INFO - [2024-11-06T16:14:47.455+0100] {manager.py:499} INFO - Created Permission View: %s
[2024-11-06T16:14:47.464+0100] {logging_mixin.py:154} INFO - [2024-11-06T16:14:47.464+0100] {manager.py:499} INFO - Created Permission View: %s
[2024-11-06T16:14:47.466+0100] {logging_mixin.py:154} INFO - [2024-11-06T16:14:47.466+0100] {manager.py:499} INFO - Created Permission View: %s
[2024-11-06T16:14:47.468+0100] {logging_mixin.py:154} INFO - [2024-11-06T16:14:47.468+0100] {manager.py:499} INFO - Created Permission View: %s
[2024-11-06T16:14:47.468+0100] {logging_mixin.py:154} INFO - [2024-11-06T16:14:47.468+0100] {dag.py:2941} INFO - Sync 2 DAGs
[2024-11-06T16:14:47.471+0100] {logging_mixin.py:154} INFO - [2024-11-06T16:14:47.471+0100] {dag.py:2963} INFO - Creating ORM DAG for example_external_task_marker_child
[2024-11-06T16:14:47.472+0100] {logging_mixin.py:154} INFO - [2024-11-06T16:14:47.472+0100] {dag.py:2963} INFO - Creating ORM DAG for example_external_task_marker_parent
[2024-11-06T16:14:47.472+0100] {logging_mixin.py:154} INFO - [2024-11-06T16:14:47.472+0100] {dag.py:3722} INFO - Setting next_dagrun for example_external_task_marker_child to None, run_after=None
[2024-11-06T16:14:47.472+0100] {logging_mixin.py:154} INFO - [2024-11-06T16:14:47.472+0100] {dag.py:3722} INFO - Setting next_dagrun for example_external_task_marker_parent to None, run_after=None
[2024-11-06T16:14:47.478+0100] {processor.py:179} INFO - Processing /Users/pranavikusu/recurring_deliveries/venv/lib/python3.11/site-packages/airflow/example_dags/example_external_task_marker_dag.py took 0.278 seconds
[2024-11-06T16:16:14.358+0100] {processor.py:157} INFO - Started process (PID=74551) to work on /Users/pranavikusu/recurring_deliveries/venv/lib/python3.11/site-packages/airflow/example_dags/example_external_task_marker_dag.py
[2024-11-06T16:16:14.363+0100] {processor.py:829} INFO - Processing file /Users/pranavikusu/recurring_deliveries/venv/lib/python3.11/site-packages/airflow/example_dags/example_external_task_marker_dag.py for tasks to queue
[2024-11-06T16:16:14.363+0100] {logging_mixin.py:154} INFO - [2024-11-06T16:16:14.363+0100] {dagbag.py:536} INFO - Filling up the DagBag from /Users/pranavikusu/recurring_deliveries/venv/lib/python3.11/site-packages/airflow/example_dags/example_external_task_marker_dag.py
[2024-11-06T16:16:14.377+0100] {processor.py:839} INFO - DAG(s) dict_keys(['example_external_task_marker_parent', 'example_external_task_marker_child']) retrieved from /Users/pranavikusu/recurring_deliveries/venv/lib/python3.11/site-packages/airflow/example_dags/example_external_task_marker_dag.py
[2024-11-06T16:16:14.447+0100] {logging_mixin.py:154} INFO - [2024-11-06T16:16:14.447+0100] {dag.py:2941} INFO - Sync 2 DAGs
[2024-11-06T16:16:14.451+0100] {logging_mixin.py:154} INFO - [2024-11-06T16:16:14.451+0100] {dag.py:3722} INFO - Setting next_dagrun for example_external_task_marker_child to None, run_after=None
[2024-11-06T16:16:14.453+0100] {logging_mixin.py:154} INFO - [2024-11-06T16:16:14.452+0100] {dag.py:3722} INFO - Setting next_dagrun for example_external_task_marker_parent to None, run_after=None
[2024-11-06T16:16:14.459+0100] {processor.py:179} INFO - Processing /Users/pranavikusu/recurring_deliveries/venv/lib/python3.11/site-packages/airflow/example_dags/example_external_task_marker_dag.py took 0.101 seconds
[2024-11-06T16:17:28.949+0100] {processor.py:157} INFO - Started process (PID=74611) to work on /Users/pranavikusu/recurring_deliveries/venv/lib/python3.11/site-packages/airflow/example_dags/example_external_task_marker_dag.py
[2024-11-06T16:17:28.952+0100] {processor.py:829} INFO - Processing file /Users/pranavikusu/recurring_deliveries/venv/lib/python3.11/site-packages/airflow/example_dags/example_external_task_marker_dag.py for tasks to queue
[2024-11-06T16:17:28.952+0100] {logging_mixin.py:154} INFO - [2024-11-06T16:17:28.952+0100] {dagbag.py:536} INFO - Filling up the DagBag from /Users/pranavikusu/recurring_deliveries/venv/lib/python3.11/site-packages/airflow/example_dags/example_external_task_marker_dag.py
[2024-11-06T16:17:28.964+0100] {processor.py:839} INFO - DAG(s) dict_keys(['example_external_task_marker_child', 'example_external_task_marker_parent']) retrieved from /Users/pranavikusu/recurring_deliveries/venv/lib/python3.11/site-packages/airflow/example_dags/example_external_task_marker_dag.py
[2024-11-06T16:17:29.031+0100] {logging_mixin.py:154} INFO - [2024-11-06T16:17:29.031+0100] {dag.py:2941} INFO - Sync 2 DAGs
[2024-11-06T16:17:29.034+0100] {logging_mixin.py:154} INFO - [2024-11-06T16:17:29.034+0100] {dag.py:3722} INFO - Setting next_dagrun for example_external_task_marker_child to None, run_after=None
[2024-11-06T16:17:29.036+0100] {logging_mixin.py:154} INFO - [2024-11-06T16:17:29.036+0100] {dag.py:3722} INFO - Setting next_dagrun for example_external_task_marker_parent to None, run_after=None
[2024-11-06T16:17:29.042+0100] {processor.py:179} INFO - Processing /Users/pranavikusu/recurring_deliveries/venv/lib/python3.11/site-packages/airflow/example_dags/example_external_task_marker_dag.py took 0.093 seconds
[2024-11-06T16:18:45.521+0100] {processor.py:157} INFO - Started process (PID=74686) to work on /Users/pranavikusu/recurring_deliveries/venv/lib/python3.11/site-packages/airflow/example_dags/example_external_task_marker_dag.py
[2024-11-06T16:18:45.523+0100] {processor.py:829} INFO - Processing file /Users/pranavikusu/recurring_deliveries/venv/lib/python3.11/site-packages/airflow/example_dags/example_external_task_marker_dag.py for tasks to queue
[2024-11-06T16:18:45.523+0100] {logging_mixin.py:154} INFO - [2024-11-06T16:18:45.523+0100] {dagbag.py:536} INFO - Filling up the DagBag from /Users/pranavikusu/recurring_deliveries/venv/lib/python3.11/site-packages/airflow/example_dags/example_external_task_marker_dag.py
[2024-11-06T16:18:45.534+0100] {processor.py:839} INFO - DAG(s) dict_keys(['example_external_task_marker_parent', 'example_external_task_marker_child']) retrieved from /Users/pranavikusu/recurring_deliveries/venv/lib/python3.11/site-packages/airflow/example_dags/example_external_task_marker_dag.py
[2024-11-06T16:18:45.607+0100] {logging_mixin.py:154} INFO - [2024-11-06T16:18:45.607+0100] {dag.py:2941} INFO - Sync 2 DAGs
[2024-11-06T16:18:45.611+0100] {logging_mixin.py:154} INFO - [2024-11-06T16:18:45.611+0100] {dag.py:3722} INFO - Setting next_dagrun for example_external_task_marker_child to None, run_after=None
[2024-11-06T16:18:45.613+0100] {logging_mixin.py:154} INFO - [2024-11-06T16:18:45.613+0100] {dag.py:3722} INFO - Setting next_dagrun for example_external_task_marker_parent to None, run_after=None
[2024-11-06T16:18:45.619+0100] {processor.py:179} INFO - Processing /Users/pranavikusu/recurring_deliveries/venv/lib/python3.11/site-packages/airflow/example_dags/example_external_task_marker_dag.py took 0.098 seconds
[2024-11-06T16:20:17.658+0100] {processor.py:157} INFO - Started process (PID=74800) to work on /Users/pranavikusu/recurring_deliveries/venv/lib/python3.11/site-packages/airflow/example_dags/example_external_task_marker_dag.py
[2024-11-06T16:20:17.660+0100] {processor.py:829} INFO - Processing file /Users/pranavikusu/recurring_deliveries/venv/lib/python3.11/site-packages/airflow/example_dags/example_external_task_marker_dag.py for tasks to queue
[2024-11-06T16:20:17.660+0100] {logging_mixin.py:154} INFO - [2024-11-06T16:20:17.660+0100] {dagbag.py:536} INFO - Filling up the DagBag from /Users/pranavikusu/recurring_deliveries/venv/lib/python3.11/site-packages/airflow/example_dags/example_external_task_marker_dag.py
[2024-11-06T16:20:17.671+0100] {processor.py:839} INFO - DAG(s) dict_keys(['example_external_task_marker_parent', 'example_external_task_marker_child']) retrieved from /Users/pranavikusu/recurring_deliveries/venv/lib/python3.11/site-packages/airflow/example_dags/example_external_task_marker_dag.py
[2024-11-06T16:20:17.737+0100] {logging_mixin.py:154} INFO - [2024-11-06T16:20:17.736+0100] {dag.py:2941} INFO - Sync 2 DAGs
[2024-11-06T16:20:17.740+0100] {logging_mixin.py:154} INFO - [2024-11-06T16:20:17.740+0100] {dag.py:3722} INFO - Setting next_dagrun for example_external_task_marker_child to None, run_after=None
[2024-11-06T16:20:17.742+0100] {logging_mixin.py:154} INFO - [2024-11-06T16:20:17.742+0100] {dag.py:3722} INFO - Setting next_dagrun for example_external_task_marker_parent to None, run_after=None
[2024-11-06T16:20:17.748+0100] {processor.py:179} INFO - Processing /Users/pranavikusu/recurring_deliveries/venv/lib/python3.11/site-packages/airflow/example_dags/example_external_task_marker_dag.py took 0.090 seconds
[2024-11-06T16:21:43.938+0100] {processor.py:157} INFO - Started process (PID=74901) to work on /Users/pranavikusu/recurring_deliveries/venv/lib/python3.11/site-packages/airflow/example_dags/example_external_task_marker_dag.py
[2024-11-06T16:21:43.941+0100] {processor.py:829} INFO - Processing file /Users/pranavikusu/recurring_deliveries/venv/lib/python3.11/site-packages/airflow/example_dags/example_external_task_marker_dag.py for tasks to queue
[2024-11-06T16:21:43.941+0100] {logging_mixin.py:154} INFO - [2024-11-06T16:21:43.941+0100] {dagbag.py:536} INFO - Filling up the DagBag from /Users/pranavikusu/recurring_deliveries/venv/lib/python3.11/site-packages/airflow/example_dags/example_external_task_marker_dag.py
[2024-11-06T16:21:43.952+0100] {processor.py:839} INFO - DAG(s) dict_keys(['example_external_task_marker_parent', 'example_external_task_marker_child']) retrieved from /Users/pranavikusu/recurring_deliveries/venv/lib/python3.11/site-packages/airflow/example_dags/example_external_task_marker_dag.py
[2024-11-06T16:21:44.017+0100] {logging_mixin.py:154} INFO - [2024-11-06T16:21:44.017+0100] {dag.py:2941} INFO - Sync 2 DAGs
[2024-11-06T16:21:44.021+0100] {logging_mixin.py:154} INFO - [2024-11-06T16:21:44.021+0100] {dag.py:3722} INFO - Setting next_dagrun for example_external_task_marker_child to None, run_after=None
[2024-11-06T16:21:44.022+0100] {logging_mixin.py:154} INFO - [2024-11-06T16:21:44.022+0100] {dag.py:3722} INFO - Setting next_dagrun for example_external_task_marker_parent to None, run_after=None
[2024-11-06T16:21:44.028+0100] {processor.py:179} INFO - Processing /Users/pranavikusu/recurring_deliveries/venv/lib/python3.11/site-packages/airflow/example_dags/example_external_task_marker_dag.py took 0.090 seconds
[2024-11-06T16:23:16.782+0100] {processor.py:157} INFO - Started process (PID=75031) to work on /Users/pranavikusu/recurring_deliveries/venv/lib/python3.11/site-packages/airflow/example_dags/example_external_task_marker_dag.py
[2024-11-06T16:23:16.785+0100] {processor.py:829} INFO - Processing file /Users/pranavikusu/recurring_deliveries/venv/lib/python3.11/site-packages/airflow/example_dags/example_external_task_marker_dag.py for tasks to queue
[2024-11-06T16:23:16.785+0100] {logging_mixin.py:154} INFO - [2024-11-06T16:23:16.785+0100] {dagbag.py:536} INFO - Filling up the DagBag from /Users/pranavikusu/recurring_deliveries/venv/lib/python3.11/site-packages/airflow/example_dags/example_external_task_marker_dag.py
[2024-11-06T16:23:16.797+0100] {processor.py:839} INFO - DAG(s) dict_keys(['example_external_task_marker_parent', 'example_external_task_marker_child']) retrieved from /Users/pranavikusu/recurring_deliveries/venv/lib/python3.11/site-packages/airflow/example_dags/example_external_task_marker_dag.py
[2024-11-06T16:23:16.869+0100] {logging_mixin.py:154} INFO - [2024-11-06T16:23:16.869+0100] {dag.py:2941} INFO - Sync 2 DAGs
[2024-11-06T16:23:16.873+0100] {logging_mixin.py:154} INFO - [2024-11-06T16:23:16.873+0100] {dag.py:3722} INFO - Setting next_dagrun for example_external_task_marker_child to None, run_after=None
[2024-11-06T16:23:16.874+0100] {logging_mixin.py:154} INFO - [2024-11-06T16:23:16.874+0100] {dag.py:3722} INFO - Setting next_dagrun for example_external_task_marker_parent to None, run_after=None
[2024-11-06T16:23:16.880+0100] {processor.py:179} INFO - Processing /Users/pranavikusu/recurring_deliveries/venv/lib/python3.11/site-packages/airflow/example_dags/example_external_task_marker_dag.py took 0.099 seconds
[2024-11-06T16:24:57.894+0100] {processor.py:157} INFO - Started process (PID=75157) to work on /Users/pranavikusu/recurring_deliveries/venv/lib/python3.11/site-packages/airflow/example_dags/example_external_task_marker_dag.py
[2024-11-06T16:24:57.896+0100] {processor.py:829} INFO - Processing file /Users/pranavikusu/recurring_deliveries/venv/lib/python3.11/site-packages/airflow/example_dags/example_external_task_marker_dag.py for tasks to queue
[2024-11-06T16:24:57.896+0100] {logging_mixin.py:154} INFO - [2024-11-06T16:24:57.896+0100] {dagbag.py:536} INFO - Filling up the DagBag from /Users/pranavikusu/recurring_deliveries/venv/lib/python3.11/site-packages/airflow/example_dags/example_external_task_marker_dag.py
[2024-11-06T16:24:57.907+0100] {processor.py:839} INFO - DAG(s) dict_keys(['example_external_task_marker_parent', 'example_external_task_marker_child']) retrieved from /Users/pranavikusu/recurring_deliveries/venv/lib/python3.11/site-packages/airflow/example_dags/example_external_task_marker_dag.py
[2024-11-06T16:24:57.972+0100] {logging_mixin.py:154} INFO - [2024-11-06T16:24:57.972+0100] {dag.py:2941} INFO - Sync 2 DAGs
[2024-11-06T16:24:57.976+0100] {logging_mixin.py:154} INFO - [2024-11-06T16:24:57.976+0100] {dag.py:3722} INFO - Setting next_dagrun for example_external_task_marker_child to None, run_after=None
[2024-11-06T16:24:57.977+0100] {logging_mixin.py:154} INFO - [2024-11-06T16:24:57.977+0100] {dag.py:3722} INFO - Setting next_dagrun for example_external_task_marker_parent to None, run_after=None
[2024-11-06T16:24:57.983+0100] {processor.py:179} INFO - Processing /Users/pranavikusu/recurring_deliveries/venv/lib/python3.11/site-packages/airflow/example_dags/example_external_task_marker_dag.py took 0.090 seconds
