[2024-11-06T16:14:22.934+0100] {processor.py:157} INFO - Started process (PID=74434) to work on /Users/pranavikusu/recurring_deliveries/venv/lib/python3.11/site-packages/airflow/example_dags/example_short_circuit_decorator.py
[2024-11-06T16:14:22.936+0100] {processor.py:829} INFO - Processing file /Users/pranavikusu/recurring_deliveries/venv/lib/python3.11/site-packages/airflow/example_dags/example_short_circuit_decorator.py for tasks to queue
[2024-11-06T16:14:22.936+0100] {logging_mixin.py:154} INFO - [2024-11-06T16:14:22.936+0100] {dagbag.py:536} INFO - Filling up the DagBag from /Users/pranavikusu/recurring_deliveries/venv/lib/python3.11/site-packages/airflow/example_dags/example_short_circuit_decorator.py
[2024-11-06T16:14:22.958+0100] {processor.py:839} INFO - DAG(s) dict_keys(['example_short_circuit_decorator']) retrieved from /Users/pranavikusu/recurring_deliveries/venv/lib/python3.11/site-packages/airflow/example_dags/example_short_circuit_decorator.py
[2024-11-06T16:14:23.199+0100] {logging_mixin.py:154} INFO - [2024-11-06T16:14:23.199+0100] {manager.py:499} INFO - Created Permission View: %s
[2024-11-06T16:14:23.203+0100] {logging_mixin.py:154} INFO - [2024-11-06T16:14:23.203+0100] {manager.py:499} INFO - Created Permission View: %s
[2024-11-06T16:14:23.206+0100] {logging_mixin.py:154} INFO - [2024-11-06T16:14:23.206+0100] {manager.py:499} INFO - Created Permission View: %s
[2024-11-06T16:14:23.206+0100] {logging_mixin.py:154} INFO - [2024-11-06T16:14:23.206+0100] {dag.py:2941} INFO - Sync 1 DAGs
[2024-11-06T16:14:23.210+0100] {logging_mixin.py:154} INFO - [2024-11-06T16:14:23.210+0100] {dag.py:2963} INFO - Creating ORM DAG for example_short_circuit_decorator
[2024-11-06T16:14:23.214+0100] {logging_mixin.py:154} INFO - [2024-11-06T16:14:23.214+0100] {dag.py:3722} INFO - Setting next_dagrun for example_short_circuit_decorator to 2024-11-05T15:14:23.214254+00:00, run_after=2024-11-06T15:14:23.214254+00:00
[2024-11-06T16:14:23.221+0100] {processor.py:179} INFO - Processing /Users/pranavikusu/recurring_deliveries/venv/lib/python3.11/site-packages/airflow/example_dags/example_short_circuit_decorator.py took 0.288 seconds
[2024-11-06T16:15:39.279+0100] {processor.py:157} INFO - Started process (PID=74518) to work on /Users/pranavikusu/recurring_deliveries/venv/lib/python3.11/site-packages/airflow/example_dags/example_short_circuit_decorator.py
[2024-11-06T16:15:39.281+0100] {processor.py:829} INFO - Processing file /Users/pranavikusu/recurring_deliveries/venv/lib/python3.11/site-packages/airflow/example_dags/example_short_circuit_decorator.py for tasks to queue
[2024-11-06T16:15:39.281+0100] {logging_mixin.py:154} INFO - [2024-11-06T16:15:39.281+0100] {dagbag.py:536} INFO - Filling up the DagBag from /Users/pranavikusu/recurring_deliveries/venv/lib/python3.11/site-packages/airflow/example_dags/example_short_circuit_decorator.py
[2024-11-06T16:15:39.302+0100] {processor.py:839} INFO - DAG(s) dict_keys(['example_short_circuit_decorator']) retrieved from /Users/pranavikusu/recurring_deliveries/venv/lib/python3.11/site-packages/airflow/example_dags/example_short_circuit_decorator.py
[2024-11-06T16:15:39.361+0100] {logging_mixin.py:154} INFO - [2024-11-06T16:15:39.361+0100] {dag.py:2941} INFO - Sync 1 DAGs
[2024-11-06T16:15:39.367+0100] {logging_mixin.py:154} INFO - [2024-11-06T16:15:39.366+0100] {dag.py:3722} INFO - Setting next_dagrun for example_short_circuit_decorator to 2024-11-05T15:15:39.366910+00:00, run_after=2024-11-06T15:15:39.366910+00:00
[2024-11-06T16:15:39.373+0100] {processor.py:179} INFO - Processing /Users/pranavikusu/recurring_deliveries/venv/lib/python3.11/site-packages/airflow/example_dags/example_short_circuit_decorator.py took 0.095 seconds
[2024-11-06T16:16:54.065+0100] {processor.py:157} INFO - Started process (PID=74585) to work on /Users/pranavikusu/recurring_deliveries/venv/lib/python3.11/site-packages/airflow/example_dags/example_short_circuit_decorator.py
[2024-11-06T16:16:54.067+0100] {processor.py:829} INFO - Processing file /Users/pranavikusu/recurring_deliveries/venv/lib/python3.11/site-packages/airflow/example_dags/example_short_circuit_decorator.py for tasks to queue
[2024-11-06T16:16:54.067+0100] {logging_mixin.py:154} INFO - [2024-11-06T16:16:54.067+0100] {dagbag.py:536} INFO - Filling up the DagBag from /Users/pranavikusu/recurring_deliveries/venv/lib/python3.11/site-packages/airflow/example_dags/example_short_circuit_decorator.py
[2024-11-06T16:16:54.089+0100] {processor.py:839} INFO - DAG(s) dict_keys(['example_short_circuit_decorator']) retrieved from /Users/pranavikusu/recurring_deliveries/venv/lib/python3.11/site-packages/airflow/example_dags/example_short_circuit_decorator.py
[2024-11-06T16:16:54.148+0100] {logging_mixin.py:154} INFO - [2024-11-06T16:16:54.148+0100] {dag.py:2941} INFO - Sync 1 DAGs
[2024-11-06T16:16:54.154+0100] {logging_mixin.py:154} INFO - [2024-11-06T16:16:54.154+0100] {dag.py:3722} INFO - Setting next_dagrun for example_short_circuit_decorator to 2024-11-05T15:16:54.153984+00:00, run_after=2024-11-06T15:16:54.153984+00:00
[2024-11-06T16:16:54.171+0100] {processor.py:179} INFO - Processing /Users/pranavikusu/recurring_deliveries/venv/lib/python3.11/site-packages/airflow/example_dags/example_short_circuit_decorator.py took 0.106 seconds
[2024-11-06T16:18:12.813+0100] {processor.py:157} INFO - Started process (PID=74650) to work on /Users/pranavikusu/recurring_deliveries/venv/lib/python3.11/site-packages/airflow/example_dags/example_short_circuit_decorator.py
[2024-11-06T16:18:12.815+0100] {processor.py:829} INFO - Processing file /Users/pranavikusu/recurring_deliveries/venv/lib/python3.11/site-packages/airflow/example_dags/example_short_circuit_decorator.py for tasks to queue
[2024-11-06T16:18:12.816+0100] {logging_mixin.py:154} INFO - [2024-11-06T16:18:12.815+0100] {dagbag.py:536} INFO - Filling up the DagBag from /Users/pranavikusu/recurring_deliveries/venv/lib/python3.11/site-packages/airflow/example_dags/example_short_circuit_decorator.py
[2024-11-06T16:18:12.837+0100] {processor.py:839} INFO - DAG(s) dict_keys(['example_short_circuit_decorator']) retrieved from /Users/pranavikusu/recurring_deliveries/venv/lib/python3.11/site-packages/airflow/example_dags/example_short_circuit_decorator.py
[2024-11-06T16:18:12.896+0100] {logging_mixin.py:154} INFO - [2024-11-06T16:18:12.896+0100] {dag.py:2941} INFO - Sync 1 DAGs
[2024-11-06T16:18:12.902+0100] {logging_mixin.py:154} INFO - [2024-11-06T16:18:12.902+0100] {dag.py:3722} INFO - Setting next_dagrun for example_short_circuit_decorator to 2024-11-05T15:18:12.902274+00:00, run_after=2024-11-06T15:18:12.902274+00:00
[2024-11-06T16:18:12.909+0100] {processor.py:179} INFO - Processing /Users/pranavikusu/recurring_deliveries/venv/lib/python3.11/site-packages/airflow/example_dags/example_short_circuit_decorator.py took 0.097 seconds
[2024-11-06T16:19:39.300+0100] {processor.py:157} INFO - Started process (PID=74748) to work on /Users/pranavikusu/recurring_deliveries/venv/lib/python3.11/site-packages/airflow/example_dags/example_short_circuit_decorator.py
[2024-11-06T16:19:39.302+0100] {processor.py:829} INFO - Processing file /Users/pranavikusu/recurring_deliveries/venv/lib/python3.11/site-packages/airflow/example_dags/example_short_circuit_decorator.py for tasks to queue
[2024-11-06T16:19:39.302+0100] {logging_mixin.py:154} INFO - [2024-11-06T16:19:39.302+0100] {dagbag.py:536} INFO - Filling up the DagBag from /Users/pranavikusu/recurring_deliveries/venv/lib/python3.11/site-packages/airflow/example_dags/example_short_circuit_decorator.py
[2024-11-06T16:19:39.324+0100] {processor.py:839} INFO - DAG(s) dict_keys(['example_short_circuit_decorator']) retrieved from /Users/pranavikusu/recurring_deliveries/venv/lib/python3.11/site-packages/airflow/example_dags/example_short_circuit_decorator.py
[2024-11-06T16:19:39.383+0100] {logging_mixin.py:154} INFO - [2024-11-06T16:19:39.383+0100] {dag.py:2941} INFO - Sync 1 DAGs
[2024-11-06T16:19:39.388+0100] {logging_mixin.py:154} INFO - [2024-11-06T16:19:39.388+0100] {dag.py:3722} INFO - Setting next_dagrun for example_short_circuit_decorator to 2024-11-05T15:19:39.388810+00:00, run_after=2024-11-06T15:19:39.388810+00:00
[2024-11-06T16:19:39.396+0100] {processor.py:179} INFO - Processing /Users/pranavikusu/recurring_deliveries/venv/lib/python3.11/site-packages/airflow/example_dags/example_short_circuit_decorator.py took 0.096 seconds
[2024-11-06T16:21:01.376+0100] {processor.py:157} INFO - Started process (PID=74852) to work on /Users/pranavikusu/recurring_deliveries/venv/lib/python3.11/site-packages/airflow/example_dags/example_short_circuit_decorator.py
[2024-11-06T16:21:01.378+0100] {processor.py:829} INFO - Processing file /Users/pranavikusu/recurring_deliveries/venv/lib/python3.11/site-packages/airflow/example_dags/example_short_circuit_decorator.py for tasks to queue
[2024-11-06T16:21:01.379+0100] {logging_mixin.py:154} INFO - [2024-11-06T16:21:01.378+0100] {dagbag.py:536} INFO - Filling up the DagBag from /Users/pranavikusu/recurring_deliveries/venv/lib/python3.11/site-packages/airflow/example_dags/example_short_circuit_decorator.py
[2024-11-06T16:21:01.403+0100] {processor.py:839} INFO - DAG(s) dict_keys(['example_short_circuit_decorator']) retrieved from /Users/pranavikusu/recurring_deliveries/venv/lib/python3.11/site-packages/airflow/example_dags/example_short_circuit_decorator.py
[2024-11-06T16:21:01.465+0100] {logging_mixin.py:154} INFO - [2024-11-06T16:21:01.465+0100] {dag.py:2941} INFO - Sync 1 DAGs
[2024-11-06T16:21:01.471+0100] {logging_mixin.py:154} INFO - [2024-11-06T16:21:01.471+0100] {dag.py:3722} INFO - Setting next_dagrun for example_short_circuit_decorator to 2024-11-05T15:21:01.471026+00:00, run_after=2024-11-06T15:21:01.471026+00:00
[2024-11-06T16:21:01.477+0100] {processor.py:179} INFO - Processing /Users/pranavikusu/recurring_deliveries/venv/lib/python3.11/site-packages/airflow/example_dags/example_short_circuit_decorator.py took 0.102 seconds
[2024-11-06T16:22:29.564+0100] {processor.py:157} INFO - Started process (PID=74972) to work on /Users/pranavikusu/recurring_deliveries/venv/lib/python3.11/site-packages/airflow/example_dags/example_short_circuit_decorator.py
[2024-11-06T16:22:29.567+0100] {processor.py:829} INFO - Processing file /Users/pranavikusu/recurring_deliveries/venv/lib/python3.11/site-packages/airflow/example_dags/example_short_circuit_decorator.py for tasks to queue
[2024-11-06T16:22:29.567+0100] {logging_mixin.py:154} INFO - [2024-11-06T16:22:29.567+0100] {dagbag.py:536} INFO - Filling up the DagBag from /Users/pranavikusu/recurring_deliveries/venv/lib/python3.11/site-packages/airflow/example_dags/example_short_circuit_decorator.py
[2024-11-06T16:22:29.590+0100] {processor.py:839} INFO - DAG(s) dict_keys(['example_short_circuit_decorator']) retrieved from /Users/pranavikusu/recurring_deliveries/venv/lib/python3.11/site-packages/airflow/example_dags/example_short_circuit_decorator.py
[2024-11-06T16:22:29.651+0100] {logging_mixin.py:154} INFO - [2024-11-06T16:22:29.651+0100] {dag.py:2941} INFO - Sync 1 DAGs
[2024-11-06T16:22:29.657+0100] {logging_mixin.py:154} INFO - [2024-11-06T16:22:29.657+0100] {dag.py:3722} INFO - Setting next_dagrun for example_short_circuit_decorator to 2024-11-05T15:22:29.657243+00:00, run_after=2024-11-06T15:22:29.657243+00:00
[2024-11-06T16:22:29.664+0100] {processor.py:179} INFO - Processing /Users/pranavikusu/recurring_deliveries/venv/lib/python3.11/site-packages/airflow/example_dags/example_short_circuit_decorator.py took 0.101 seconds
[2024-11-06T16:24:08.867+0100] {processor.py:157} INFO - Started process (PID=75096) to work on /Users/pranavikusu/recurring_deliveries/venv/lib/python3.11/site-packages/airflow/example_dags/example_short_circuit_decorator.py
[2024-11-06T16:24:08.869+0100] {processor.py:829} INFO - Processing file /Users/pranavikusu/recurring_deliveries/venv/lib/python3.11/site-packages/airflow/example_dags/example_short_circuit_decorator.py for tasks to queue
[2024-11-06T16:24:08.869+0100] {logging_mixin.py:154} INFO - [2024-11-06T16:24:08.869+0100] {dagbag.py:536} INFO - Filling up the DagBag from /Users/pranavikusu/recurring_deliveries/venv/lib/python3.11/site-packages/airflow/example_dags/example_short_circuit_decorator.py
[2024-11-06T16:24:08.891+0100] {processor.py:839} INFO - DAG(s) dict_keys(['example_short_circuit_decorator']) retrieved from /Users/pranavikusu/recurring_deliveries/venv/lib/python3.11/site-packages/airflow/example_dags/example_short_circuit_decorator.py
[2024-11-06T16:24:08.953+0100] {logging_mixin.py:154} INFO - [2024-11-06T16:24:08.953+0100] {dag.py:2941} INFO - Sync 1 DAGs
[2024-11-06T16:24:08.959+0100] {logging_mixin.py:154} INFO - [2024-11-06T16:24:08.959+0100] {dag.py:3722} INFO - Setting next_dagrun for example_short_circuit_decorator to 2024-11-05T15:24:08.959023+00:00, run_after=2024-11-06T15:24:08.959023+00:00
[2024-11-06T16:24:08.966+0100] {processor.py:179} INFO - Processing /Users/pranavikusu/recurring_deliveries/venv/lib/python3.11/site-packages/airflow/example_dags/example_short_circuit_decorator.py took 0.099 seconds
