[2024-11-06T16:14:29.838+0100] {processor.py:157} INFO - Started process (PID=74444) to work on /Users/pranavikusu/recurring_deliveries/venv/lib/python3.11/site-packages/airflow/example_dags/example_sensor_decorator.py
[2024-11-06T16:14:29.841+0100] {processor.py:829} INFO - Processing file /Users/pranavikusu/recurring_deliveries/venv/lib/python3.11/site-packages/airflow/example_dags/example_sensor_decorator.py for tasks to queue
[2024-11-06T16:14:29.841+0100] {logging_mixin.py:154} INFO - [2024-11-06T16:14:29.841+0100] {dagbag.py:536} INFO - Filling up the DagBag from /Users/pranavikusu/recurring_deliveries/venv/lib/python3.11/site-packages/airflow/example_dags/example_sensor_decorator.py
[2024-11-06T16:14:29.864+0100] {processor.py:839} INFO - DAG(s) dict_keys(['example_sensor_decorator']) retrieved from /Users/pranavikusu/recurring_deliveries/venv/lib/python3.11/site-packages/airflow/example_dags/example_sensor_decorator.py
[2024-11-06T16:14:30.084+0100] {logging_mixin.py:154} INFO - [2024-11-06T16:14:30.084+0100] {manager.py:499} INFO - Created Permission View: %s
[2024-11-06T16:14:30.087+0100] {logging_mixin.py:154} INFO - [2024-11-06T16:14:30.087+0100] {manager.py:499} INFO - Created Permission View: %s
[2024-11-06T16:14:30.088+0100] {logging_mixin.py:154} INFO - [2024-11-06T16:14:30.088+0100] {manager.py:499} INFO - Created Permission View: %s
[2024-11-06T16:14:30.089+0100] {logging_mixin.py:154} INFO - [2024-11-06T16:14:30.088+0100] {dag.py:2941} INFO - Sync 1 DAGs
[2024-11-06T16:14:30.092+0100] {logging_mixin.py:154} INFO - [2024-11-06T16:14:30.092+0100] {dag.py:2963} INFO - Creating ORM DAG for example_sensor_decorator
[2024-11-06T16:14:30.092+0100] {logging_mixin.py:154} INFO - [2024-11-06T16:14:30.092+0100] {dag.py:3722} INFO - Setting next_dagrun for example_sensor_decorator to None, run_after=None
[2024-11-06T16:14:30.099+0100] {processor.py:179} INFO - Processing /Users/pranavikusu/recurring_deliveries/venv/lib/python3.11/site-packages/airflow/example_dags/example_sensor_decorator.py took 0.261 seconds
[2024-11-06T16:15:45.645+0100] {processor.py:157} INFO - Started process (PID=74524) to work on /Users/pranavikusu/recurring_deliveries/venv/lib/python3.11/site-packages/airflow/example_dags/example_sensor_decorator.py
[2024-11-06T16:15:45.648+0100] {processor.py:829} INFO - Processing file /Users/pranavikusu/recurring_deliveries/venv/lib/python3.11/site-packages/airflow/example_dags/example_sensor_decorator.py for tasks to queue
[2024-11-06T16:15:45.648+0100] {logging_mixin.py:154} INFO - [2024-11-06T16:15:45.648+0100] {dagbag.py:536} INFO - Filling up the DagBag from /Users/pranavikusu/recurring_deliveries/venv/lib/python3.11/site-packages/airflow/example_dags/example_sensor_decorator.py
[2024-11-06T16:15:45.668+0100] {processor.py:839} INFO - DAG(s) dict_keys(['example_sensor_decorator']) retrieved from /Users/pranavikusu/recurring_deliveries/venv/lib/python3.11/site-packages/airflow/example_dags/example_sensor_decorator.py
[2024-11-06T16:15:45.730+0100] {logging_mixin.py:154} INFO - [2024-11-06T16:15:45.730+0100] {dag.py:2941} INFO - Sync 1 DAGs
[2024-11-06T16:15:45.733+0100] {logging_mixin.py:154} INFO - [2024-11-06T16:15:45.733+0100] {dag.py:3722} INFO - Setting next_dagrun for example_sensor_decorator to None, run_after=None
[2024-11-06T16:15:45.740+0100] {processor.py:179} INFO - Processing /Users/pranavikusu/recurring_deliveries/venv/lib/python3.11/site-packages/airflow/example_dags/example_sensor_decorator.py took 0.096 seconds
[2024-11-06T16:17:00.726+0100] {processor.py:157} INFO - Started process (PID=74590) to work on /Users/pranavikusu/recurring_deliveries/venv/lib/python3.11/site-packages/airflow/example_dags/example_sensor_decorator.py
[2024-11-06T16:17:00.729+0100] {processor.py:829} INFO - Processing file /Users/pranavikusu/recurring_deliveries/venv/lib/python3.11/site-packages/airflow/example_dags/example_sensor_decorator.py for tasks to queue
[2024-11-06T16:17:00.729+0100] {logging_mixin.py:154} INFO - [2024-11-06T16:17:00.729+0100] {dagbag.py:536} INFO - Filling up the DagBag from /Users/pranavikusu/recurring_deliveries/venv/lib/python3.11/site-packages/airflow/example_dags/example_sensor_decorator.py
[2024-11-06T16:17:00.754+0100] {processor.py:839} INFO - DAG(s) dict_keys(['example_sensor_decorator']) retrieved from /Users/pranavikusu/recurring_deliveries/venv/lib/python3.11/site-packages/airflow/example_dags/example_sensor_decorator.py
[2024-11-06T16:17:00.817+0100] {logging_mixin.py:154} INFO - [2024-11-06T16:17:00.817+0100] {dag.py:2941} INFO - Sync 1 DAGs
[2024-11-06T16:17:00.820+0100] {logging_mixin.py:154} INFO - [2024-11-06T16:17:00.820+0100] {dag.py:3722} INFO - Setting next_dagrun for example_sensor_decorator to None, run_after=None
[2024-11-06T16:17:00.828+0100] {processor.py:179} INFO - Processing /Users/pranavikusu/recurring_deliveries/venv/lib/python3.11/site-packages/airflow/example_dags/example_sensor_decorator.py took 0.102 seconds
[2024-11-06T16:18:19.322+0100] {processor.py:157} INFO - Started process (PID=74654) to work on /Users/pranavikusu/recurring_deliveries/venv/lib/python3.11/site-packages/airflow/example_dags/example_sensor_decorator.py
[2024-11-06T16:18:19.324+0100] {processor.py:829} INFO - Processing file /Users/pranavikusu/recurring_deliveries/venv/lib/python3.11/site-packages/airflow/example_dags/example_sensor_decorator.py for tasks to queue
[2024-11-06T16:18:19.324+0100] {logging_mixin.py:154} INFO - [2024-11-06T16:18:19.324+0100] {dagbag.py:536} INFO - Filling up the DagBag from /Users/pranavikusu/recurring_deliveries/venv/lib/python3.11/site-packages/airflow/example_dags/example_sensor_decorator.py
[2024-11-06T16:18:19.346+0100] {processor.py:839} INFO - DAG(s) dict_keys(['example_sensor_decorator']) retrieved from /Users/pranavikusu/recurring_deliveries/venv/lib/python3.11/site-packages/airflow/example_dags/example_sensor_decorator.py
[2024-11-06T16:18:19.409+0100] {logging_mixin.py:154} INFO - [2024-11-06T16:18:19.409+0100] {dag.py:2941} INFO - Sync 1 DAGs
[2024-11-06T16:18:19.412+0100] {logging_mixin.py:154} INFO - [2024-11-06T16:18:19.412+0100] {dag.py:3722} INFO - Setting next_dagrun for example_sensor_decorator to None, run_after=None
[2024-11-06T16:18:19.419+0100] {processor.py:179} INFO - Processing /Users/pranavikusu/recurring_deliveries/venv/lib/python3.11/site-packages/airflow/example_dags/example_sensor_decorator.py took 0.098 seconds
[2024-11-06T16:19:44.888+0100] {processor.py:157} INFO - Started process (PID=74752) to work on /Users/pranavikusu/recurring_deliveries/venv/lib/python3.11/site-packages/airflow/example_dags/example_sensor_decorator.py
[2024-11-06T16:19:44.891+0100] {processor.py:829} INFO - Processing file /Users/pranavikusu/recurring_deliveries/venv/lib/python3.11/site-packages/airflow/example_dags/example_sensor_decorator.py for tasks to queue
[2024-11-06T16:19:44.891+0100] {logging_mixin.py:154} INFO - [2024-11-06T16:19:44.891+0100] {dagbag.py:536} INFO - Filling up the DagBag from /Users/pranavikusu/recurring_deliveries/venv/lib/python3.11/site-packages/airflow/example_dags/example_sensor_decorator.py
[2024-11-06T16:19:44.911+0100] {processor.py:839} INFO - DAG(s) dict_keys(['example_sensor_decorator']) retrieved from /Users/pranavikusu/recurring_deliveries/venv/lib/python3.11/site-packages/airflow/example_dags/example_sensor_decorator.py
[2024-11-06T16:19:44.974+0100] {logging_mixin.py:154} INFO - [2024-11-06T16:19:44.974+0100] {dag.py:2941} INFO - Sync 1 DAGs
[2024-11-06T16:19:44.977+0100] {logging_mixin.py:154} INFO - [2024-11-06T16:19:44.977+0100] {dag.py:3722} INFO - Setting next_dagrun for example_sensor_decorator to None, run_after=None
[2024-11-06T16:19:44.984+0100] {processor.py:179} INFO - Processing /Users/pranavikusu/recurring_deliveries/venv/lib/python3.11/site-packages/airflow/example_dags/example_sensor_decorator.py took 0.096 seconds
[2024-11-06T16:21:08.129+0100] {processor.py:157} INFO - Started process (PID=74859) to work on /Users/pranavikusu/recurring_deliveries/venv/lib/python3.11/site-packages/airflow/example_dags/example_sensor_decorator.py
[2024-11-06T16:21:08.131+0100] {processor.py:829} INFO - Processing file /Users/pranavikusu/recurring_deliveries/venv/lib/python3.11/site-packages/airflow/example_dags/example_sensor_decorator.py for tasks to queue
[2024-11-06T16:21:08.131+0100] {logging_mixin.py:154} INFO - [2024-11-06T16:21:08.131+0100] {dagbag.py:536} INFO - Filling up the DagBag from /Users/pranavikusu/recurring_deliveries/venv/lib/python3.11/site-packages/airflow/example_dags/example_sensor_decorator.py
[2024-11-06T16:21:08.222+0100] {processor.py:839} INFO - DAG(s) dict_keys(['example_sensor_decorator']) retrieved from /Users/pranavikusu/recurring_deliveries/venv/lib/python3.11/site-packages/airflow/example_dags/example_sensor_decorator.py
[2024-11-06T16:21:08.289+0100] {logging_mixin.py:154} INFO - [2024-11-06T16:21:08.289+0100] {dag.py:2941} INFO - Sync 1 DAGs
[2024-11-06T16:21:08.292+0100] {logging_mixin.py:154} INFO - [2024-11-06T16:21:08.292+0100] {dag.py:3722} INFO - Setting next_dagrun for example_sensor_decorator to None, run_after=None
[2024-11-06T16:21:08.299+0100] {processor.py:179} INFO - Processing /Users/pranavikusu/recurring_deliveries/venv/lib/python3.11/site-packages/airflow/example_dags/example_sensor_decorator.py took 0.171 seconds
[2024-11-06T16:22:36.702+0100] {processor.py:157} INFO - Started process (PID=74979) to work on /Users/pranavikusu/recurring_deliveries/venv/lib/python3.11/site-packages/airflow/example_dags/example_sensor_decorator.py
[2024-11-06T16:22:36.705+0100] {processor.py:829} INFO - Processing file /Users/pranavikusu/recurring_deliveries/venv/lib/python3.11/site-packages/airflow/example_dags/example_sensor_decorator.py for tasks to queue
[2024-11-06T16:22:36.705+0100] {logging_mixin.py:154} INFO - [2024-11-06T16:22:36.705+0100] {dagbag.py:536} INFO - Filling up the DagBag from /Users/pranavikusu/recurring_deliveries/venv/lib/python3.11/site-packages/airflow/example_dags/example_sensor_decorator.py
[2024-11-06T16:22:36.726+0100] {processor.py:839} INFO - DAG(s) dict_keys(['example_sensor_decorator']) retrieved from /Users/pranavikusu/recurring_deliveries/venv/lib/python3.11/site-packages/airflow/example_dags/example_sensor_decorator.py
[2024-11-06T16:22:36.792+0100] {logging_mixin.py:154} INFO - [2024-11-06T16:22:36.792+0100] {dag.py:2941} INFO - Sync 1 DAGs
[2024-11-06T16:22:36.796+0100] {logging_mixin.py:154} INFO - [2024-11-06T16:22:36.796+0100] {dag.py:3722} INFO - Setting next_dagrun for example_sensor_decorator to None, run_after=None
[2024-11-06T16:22:36.803+0100] {processor.py:179} INFO - Processing /Users/pranavikusu/recurring_deliveries/venv/lib/python3.11/site-packages/airflow/example_dags/example_sensor_decorator.py took 0.101 seconds
[2024-11-06T16:24:15.603+0100] {processor.py:157} INFO - Started process (PID=75102) to work on /Users/pranavikusu/recurring_deliveries/venv/lib/python3.11/site-packages/airflow/example_dags/example_sensor_decorator.py
[2024-11-06T16:24:15.605+0100] {processor.py:829} INFO - Processing file /Users/pranavikusu/recurring_deliveries/venv/lib/python3.11/site-packages/airflow/example_dags/example_sensor_decorator.py for tasks to queue
[2024-11-06T16:24:15.606+0100] {logging_mixin.py:154} INFO - [2024-11-06T16:24:15.606+0100] {dagbag.py:536} INFO - Filling up the DagBag from /Users/pranavikusu/recurring_deliveries/venv/lib/python3.11/site-packages/airflow/example_dags/example_sensor_decorator.py
[2024-11-06T16:24:15.628+0100] {processor.py:839} INFO - DAG(s) dict_keys(['example_sensor_decorator']) retrieved from /Users/pranavikusu/recurring_deliveries/venv/lib/python3.11/site-packages/airflow/example_dags/example_sensor_decorator.py
[2024-11-06T16:24:15.693+0100] {logging_mixin.py:154} INFO - [2024-11-06T16:24:15.693+0100] {dag.py:2941} INFO - Sync 1 DAGs
[2024-11-06T16:24:15.696+0100] {logging_mixin.py:154} INFO - [2024-11-06T16:24:15.696+0100] {dag.py:3722} INFO - Setting next_dagrun for example_sensor_decorator to None, run_after=None
[2024-11-06T16:24:15.703+0100] {processor.py:179} INFO - Processing /Users/pranavikusu/recurring_deliveries/venv/lib/python3.11/site-packages/airflow/example_dags/example_sensor_decorator.py took 0.101 seconds
