[2024-11-06T16:14:15.559+0100] {processor.py:157} INFO - Started process (PID=74425) to work on /Users/pranavikusu/recurring_deliveries/venv/lib/python3.11/site-packages/airflow/example_dags/example_subdag_operator.py
[2024-11-06T16:14:15.561+0100] {processor.py:829} INFO - Processing file /Users/pranavikusu/recurring_deliveries/venv/lib/python3.11/site-packages/airflow/example_dags/example_subdag_operator.py for tasks to queue
[2024-11-06T16:14:15.561+0100] {logging_mixin.py:154} INFO - [2024-11-06T16:14:15.561+0100] {dagbag.py:536} INFO - Filling up the DagBag from /Users/pranavikusu/recurring_deliveries/venv/lib/python3.11/site-packages/airflow/example_dags/example_subdag_operator.py
[2024-11-06T16:14:15.613+0100] {processor.py:839} INFO - DAG(s) dict_keys(['example_subdag_operator.section-1', 'example_subdag_operator.section-2', 'example_subdag_operator']) retrieved from /Users/pranavikusu/recurring_deliveries/venv/lib/python3.11/site-packages/airflow/example_dags/example_subdag_operator.py
[2024-11-06T16:14:15.810+0100] {logging_mixin.py:154} INFO - [2024-11-06T16:14:15.810+0100] {manager.py:499} INFO - Created Permission View: %s
[2024-11-06T16:14:15.813+0100] {logging_mixin.py:154} INFO - [2024-11-06T16:14:15.813+0100] {manager.py:499} INFO - Created Permission View: %s
[2024-11-06T16:14:15.815+0100] {logging_mixin.py:154} INFO - [2024-11-06T16:14:15.815+0100] {manager.py:499} INFO - Created Permission View: %s
[2024-11-06T16:14:15.815+0100] {logging_mixin.py:154} INFO - [2024-11-06T16:14:15.815+0100] {dag.py:2941} INFO - Sync 3 DAGs
[2024-11-06T16:14:15.818+0100] {logging_mixin.py:154} INFO - [2024-11-06T16:14:15.818+0100] {dag.py:2963} INFO - Creating ORM DAG for example_subdag_operator.section-1
[2024-11-06T16:14:15.818+0100] {logging_mixin.py:154} INFO - [2024-11-06T16:14:15.818+0100] {dag.py:2963} INFO - Creating ORM DAG for example_subdag_operator.section-2
[2024-11-06T16:14:15.819+0100] {logging_mixin.py:154} INFO - [2024-11-06T16:14:15.819+0100] {dag.py:2963} INFO - Creating ORM DAG for example_subdag_operator
[2024-11-06T16:14:15.821+0100] {logging_mixin.py:154} INFO - [2024-11-06T16:14:15.821+0100] {dag.py:3722} INFO - Setting next_dagrun for example_subdag_operator to 2022-01-01T00:00:00+00:00, run_after=2022-01-01T00:00:00+00:00
[2024-11-06T16:14:15.821+0100] {logging_mixin.py:154} INFO - [2024-11-06T16:14:15.821+0100] {dag.py:3722} INFO - Setting next_dagrun for example_subdag_operator.section-1 to None, run_after=None
[2024-11-06T16:14:15.822+0100] {logging_mixin.py:154} INFO - [2024-11-06T16:14:15.821+0100] {dag.py:3722} INFO - Setting next_dagrun for example_subdag_operator.section-2 to None, run_after=None
[2024-11-06T16:14:15.824+0100] {logging_mixin.py:154} INFO - [2024-11-06T16:14:15.824+0100] {dag.py:2941} INFO - Sync 2 DAGs
[2024-11-06T16:14:15.825+0100] {logging_mixin.py:154} INFO - [2024-11-06T16:14:15.825+0100] {dag.py:3722} INFO - Setting next_dagrun for example_subdag_operator.section-1 to None, run_after=None
[2024-11-06T16:14:15.826+0100] {logging_mixin.py:154} INFO - [2024-11-06T16:14:15.826+0100] {dag.py:3722} INFO - Setting next_dagrun for example_subdag_operator.section-2 to None, run_after=None
[2024-11-06T16:14:15.830+0100] {processor.py:179} INFO - Processing /Users/pranavikusu/recurring_deliveries/venv/lib/python3.11/site-packages/airflow/example_dags/example_subdag_operator.py took 0.272 seconds
[2024-11-06T16:15:33.354+0100] {processor.py:157} INFO - Started process (PID=74512) to work on /Users/pranavikusu/recurring_deliveries/venv/lib/python3.11/site-packages/airflow/example_dags/example_subdag_operator.py
[2024-11-06T16:15:33.356+0100] {processor.py:829} INFO - Processing file /Users/pranavikusu/recurring_deliveries/venv/lib/python3.11/site-packages/airflow/example_dags/example_subdag_operator.py for tasks to queue
[2024-11-06T16:15:33.356+0100] {logging_mixin.py:154} INFO - [2024-11-06T16:15:33.356+0100] {dagbag.py:536} INFO - Filling up the DagBag from /Users/pranavikusu/recurring_deliveries/venv/lib/python3.11/site-packages/airflow/example_dags/example_subdag_operator.py
[2024-11-06T16:15:33.410+0100] {processor.py:839} INFO - DAG(s) dict_keys(['example_subdag_operator.section-1', 'example_subdag_operator.section-2', 'example_subdag_operator']) retrieved from /Users/pranavikusu/recurring_deliveries/venv/lib/python3.11/site-packages/airflow/example_dags/example_subdag_operator.py
[2024-11-06T16:15:33.439+0100] {logging_mixin.py:154} INFO - [2024-11-06T16:15:33.439+0100] {dag.py:2941} INFO - Sync 3 DAGs
[2024-11-06T16:15:33.445+0100] {logging_mixin.py:154} INFO - [2024-11-06T16:15:33.445+0100] {dag.py:3722} INFO - Setting next_dagrun for example_subdag_operator to 2022-01-01T00:00:00+00:00, run_after=2022-01-01T00:00:00+00:00
[2024-11-06T16:15:33.446+0100] {logging_mixin.py:154} INFO - [2024-11-06T16:15:33.446+0100] {dag.py:3722} INFO - Setting next_dagrun for example_subdag_operator.section-1 to None, run_after=None
[2024-11-06T16:15:33.447+0100] {logging_mixin.py:154} INFO - [2024-11-06T16:15:33.447+0100] {dag.py:3722} INFO - Setting next_dagrun for example_subdag_operator.section-2 to None, run_after=None
[2024-11-06T16:15:33.449+0100] {logging_mixin.py:154} INFO - [2024-11-06T16:15:33.449+0100] {dag.py:2941} INFO - Sync 2 DAGs
[2024-11-06T16:15:33.450+0100] {logging_mixin.py:154} INFO - [2024-11-06T16:15:33.450+0100] {dag.py:3722} INFO - Setting next_dagrun for example_subdag_operator.section-1 to None, run_after=None
[2024-11-06T16:15:33.450+0100] {logging_mixin.py:154} INFO - [2024-11-06T16:15:33.450+0100] {dag.py:3722} INFO - Setting next_dagrun for example_subdag_operator.section-2 to None, run_after=None
[2024-11-06T16:15:33.455+0100] {processor.py:179} INFO - Processing /Users/pranavikusu/recurring_deliveries/venv/lib/python3.11/site-packages/airflow/example_dags/example_subdag_operator.py took 0.101 seconds
[2024-11-06T16:16:48.413+0100] {processor.py:157} INFO - Started process (PID=74581) to work on /Users/pranavikusu/recurring_deliveries/venv/lib/python3.11/site-packages/airflow/example_dags/example_subdag_operator.py
[2024-11-06T16:16:48.416+0100] {processor.py:829} INFO - Processing file /Users/pranavikusu/recurring_deliveries/venv/lib/python3.11/site-packages/airflow/example_dags/example_subdag_operator.py for tasks to queue
[2024-11-06T16:16:48.416+0100] {logging_mixin.py:154} INFO - [2024-11-06T16:16:48.416+0100] {dagbag.py:536} INFO - Filling up the DagBag from /Users/pranavikusu/recurring_deliveries/venv/lib/python3.11/site-packages/airflow/example_dags/example_subdag_operator.py
[2024-11-06T16:16:48.467+0100] {processor.py:839} INFO - DAG(s) dict_keys(['example_subdag_operator.section-1', 'example_subdag_operator.section-2', 'example_subdag_operator']) retrieved from /Users/pranavikusu/recurring_deliveries/venv/lib/python3.11/site-packages/airflow/example_dags/example_subdag_operator.py
[2024-11-06T16:16:48.496+0100] {logging_mixin.py:154} INFO - [2024-11-06T16:16:48.496+0100] {dag.py:2941} INFO - Sync 3 DAGs
[2024-11-06T16:16:48.502+0100] {logging_mixin.py:154} INFO - [2024-11-06T16:16:48.502+0100] {dag.py:3722} INFO - Setting next_dagrun for example_subdag_operator to 2022-01-01T00:00:00+00:00, run_after=2022-01-01T00:00:00+00:00
[2024-11-06T16:16:48.503+0100] {logging_mixin.py:154} INFO - [2024-11-06T16:16:48.503+0100] {dag.py:3722} INFO - Setting next_dagrun for example_subdag_operator.section-1 to None, run_after=None
[2024-11-06T16:16:48.503+0100] {logging_mixin.py:154} INFO - [2024-11-06T16:16:48.503+0100] {dag.py:3722} INFO - Setting next_dagrun for example_subdag_operator.section-2 to None, run_after=None
[2024-11-06T16:16:48.505+0100] {logging_mixin.py:154} INFO - [2024-11-06T16:16:48.505+0100] {dag.py:2941} INFO - Sync 2 DAGs
[2024-11-06T16:16:48.506+0100] {logging_mixin.py:154} INFO - [2024-11-06T16:16:48.506+0100] {dag.py:3722} INFO - Setting next_dagrun for example_subdag_operator.section-1 to None, run_after=None
[2024-11-06T16:16:48.506+0100] {logging_mixin.py:154} INFO - [2024-11-06T16:16:48.506+0100] {dag.py:3722} INFO - Setting next_dagrun for example_subdag_operator.section-2 to None, run_after=None
[2024-11-06T16:16:48.511+0100] {processor.py:179} INFO - Processing /Users/pranavikusu/recurring_deliveries/venv/lib/python3.11/site-packages/airflow/example_dags/example_subdag_operator.py took 0.098 seconds
[2024-11-06T16:18:08.078+0100] {processor.py:157} INFO - Started process (PID=74646) to work on /Users/pranavikusu/recurring_deliveries/venv/lib/python3.11/site-packages/airflow/example_dags/example_subdag_operator.py
[2024-11-06T16:18:08.080+0100] {processor.py:829} INFO - Processing file /Users/pranavikusu/recurring_deliveries/venv/lib/python3.11/site-packages/airflow/example_dags/example_subdag_operator.py for tasks to queue
[2024-11-06T16:18:08.081+0100] {logging_mixin.py:154} INFO - [2024-11-06T16:18:08.081+0100] {dagbag.py:536} INFO - Filling up the DagBag from /Users/pranavikusu/recurring_deliveries/venv/lib/python3.11/site-packages/airflow/example_dags/example_subdag_operator.py
[2024-11-06T16:18:08.133+0100] {processor.py:839} INFO - DAG(s) dict_keys(['example_subdag_operator.section-1', 'example_subdag_operator.section-2', 'example_subdag_operator']) retrieved from /Users/pranavikusu/recurring_deliveries/venv/lib/python3.11/site-packages/airflow/example_dags/example_subdag_operator.py
[2024-11-06T16:18:08.162+0100] {logging_mixin.py:154} INFO - [2024-11-06T16:18:08.162+0100] {dag.py:2941} INFO - Sync 3 DAGs
[2024-11-06T16:18:08.168+0100] {logging_mixin.py:154} INFO - [2024-11-06T16:18:08.168+0100] {dag.py:3722} INFO - Setting next_dagrun for example_subdag_operator to 2022-01-01T00:00:00+00:00, run_after=2022-01-01T00:00:00+00:00
[2024-11-06T16:18:08.169+0100] {logging_mixin.py:154} INFO - [2024-11-06T16:18:08.169+0100] {dag.py:3722} INFO - Setting next_dagrun for example_subdag_operator.section-1 to None, run_after=None
[2024-11-06T16:18:08.169+0100] {logging_mixin.py:154} INFO - [2024-11-06T16:18:08.169+0100] {dag.py:3722} INFO - Setting next_dagrun for example_subdag_operator.section-2 to None, run_after=None
[2024-11-06T16:18:08.171+0100] {logging_mixin.py:154} INFO - [2024-11-06T16:18:08.171+0100] {dag.py:2941} INFO - Sync 2 DAGs
[2024-11-06T16:18:08.173+0100] {logging_mixin.py:154} INFO - [2024-11-06T16:18:08.172+0100] {dag.py:3722} INFO - Setting next_dagrun for example_subdag_operator.section-1 to None, run_after=None
[2024-11-06T16:18:08.173+0100] {logging_mixin.py:154} INFO - [2024-11-06T16:18:08.173+0100] {dag.py:3722} INFO - Setting next_dagrun for example_subdag_operator.section-2 to None, run_after=None
[2024-11-06T16:18:08.177+0100] {processor.py:179} INFO - Processing /Users/pranavikusu/recurring_deliveries/venv/lib/python3.11/site-packages/airflow/example_dags/example_subdag_operator.py took 0.099 seconds
[2024-11-06T16:19:33.665+0100] {processor.py:157} INFO - Started process (PID=74744) to work on /Users/pranavikusu/recurring_deliveries/venv/lib/python3.11/site-packages/airflow/example_dags/example_subdag_operator.py
[2024-11-06T16:19:33.687+0100] {processor.py:829} INFO - Processing file /Users/pranavikusu/recurring_deliveries/venv/lib/python3.11/site-packages/airflow/example_dags/example_subdag_operator.py for tasks to queue
[2024-11-06T16:19:33.687+0100] {logging_mixin.py:154} INFO - [2024-11-06T16:19:33.687+0100] {dagbag.py:536} INFO - Filling up the DagBag from /Users/pranavikusu/recurring_deliveries/venv/lib/python3.11/site-packages/airflow/example_dags/example_subdag_operator.py
[2024-11-06T16:19:33.743+0100] {processor.py:839} INFO - DAG(s) dict_keys(['example_subdag_operator.section-1', 'example_subdag_operator.section-2', 'example_subdag_operator']) retrieved from /Users/pranavikusu/recurring_deliveries/venv/lib/python3.11/site-packages/airflow/example_dags/example_subdag_operator.py
[2024-11-06T16:19:33.772+0100] {logging_mixin.py:154} INFO - [2024-11-06T16:19:33.772+0100] {dag.py:2941} INFO - Sync 3 DAGs
[2024-11-06T16:19:33.778+0100] {logging_mixin.py:154} INFO - [2024-11-06T16:19:33.778+0100] {dag.py:3722} INFO - Setting next_dagrun for example_subdag_operator to 2022-01-01T00:00:00+00:00, run_after=2022-01-01T00:00:00+00:00
[2024-11-06T16:19:33.779+0100] {logging_mixin.py:154} INFO - [2024-11-06T16:19:33.779+0100] {dag.py:3722} INFO - Setting next_dagrun for example_subdag_operator.section-1 to None, run_after=None
[2024-11-06T16:19:33.780+0100] {logging_mixin.py:154} INFO - [2024-11-06T16:19:33.780+0100] {dag.py:3722} INFO - Setting next_dagrun for example_subdag_operator.section-2 to None, run_after=None
[2024-11-06T16:19:33.781+0100] {logging_mixin.py:154} INFO - [2024-11-06T16:19:33.781+0100] {dag.py:2941} INFO - Sync 2 DAGs
[2024-11-06T16:19:33.783+0100] {logging_mixin.py:154} INFO - [2024-11-06T16:19:33.783+0100] {dag.py:3722} INFO - Setting next_dagrun for example_subdag_operator.section-1 to None, run_after=None
[2024-11-06T16:19:33.783+0100] {logging_mixin.py:154} INFO - [2024-11-06T16:19:33.783+0100] {dag.py:3722} INFO - Setting next_dagrun for example_subdag_operator.section-2 to None, run_after=None
[2024-11-06T16:19:33.787+0100] {processor.py:179} INFO - Processing /Users/pranavikusu/recurring_deliveries/venv/lib/python3.11/site-packages/airflow/example_dags/example_subdag_operator.py took 0.122 seconds
[2024-11-06T16:20:55.538+0100] {processor.py:157} INFO - Started process (PID=74847) to work on /Users/pranavikusu/recurring_deliveries/venv/lib/python3.11/site-packages/airflow/example_dags/example_subdag_operator.py
[2024-11-06T16:20:55.540+0100] {processor.py:829} INFO - Processing file /Users/pranavikusu/recurring_deliveries/venv/lib/python3.11/site-packages/airflow/example_dags/example_subdag_operator.py for tasks to queue
[2024-11-06T16:20:55.541+0100] {logging_mixin.py:154} INFO - [2024-11-06T16:20:55.541+0100] {dagbag.py:536} INFO - Filling up the DagBag from /Users/pranavikusu/recurring_deliveries/venv/lib/python3.11/site-packages/airflow/example_dags/example_subdag_operator.py
[2024-11-06T16:20:55.593+0100] {processor.py:839} INFO - DAG(s) dict_keys(['example_subdag_operator.section-1', 'example_subdag_operator.section-2', 'example_subdag_operator']) retrieved from /Users/pranavikusu/recurring_deliveries/venv/lib/python3.11/site-packages/airflow/example_dags/example_subdag_operator.py
[2024-11-06T16:20:55.622+0100] {logging_mixin.py:154} INFO - [2024-11-06T16:20:55.621+0100] {dag.py:2941} INFO - Sync 3 DAGs
[2024-11-06T16:20:55.628+0100] {logging_mixin.py:154} INFO - [2024-11-06T16:20:55.628+0100] {dag.py:3722} INFO - Setting next_dagrun for example_subdag_operator to 2022-01-01T00:00:00+00:00, run_after=2022-01-01T00:00:00+00:00
[2024-11-06T16:20:55.629+0100] {logging_mixin.py:154} INFO - [2024-11-06T16:20:55.629+0100] {dag.py:3722} INFO - Setting next_dagrun for example_subdag_operator.section-1 to None, run_after=None
[2024-11-06T16:20:55.629+0100] {logging_mixin.py:154} INFO - [2024-11-06T16:20:55.629+0100] {dag.py:3722} INFO - Setting next_dagrun for example_subdag_operator.section-2 to None, run_after=None
[2024-11-06T16:20:55.631+0100] {logging_mixin.py:154} INFO - [2024-11-06T16:20:55.631+0100] {dag.py:2941} INFO - Sync 2 DAGs
[2024-11-06T16:20:55.632+0100] {logging_mixin.py:154} INFO - [2024-11-06T16:20:55.632+0100] {dag.py:3722} INFO - Setting next_dagrun for example_subdag_operator.section-1 to None, run_after=None
[2024-11-06T16:20:55.632+0100] {logging_mixin.py:154} INFO - [2024-11-06T16:20:55.632+0100] {dag.py:3722} INFO - Setting next_dagrun for example_subdag_operator.section-2 to None, run_after=None
[2024-11-06T16:20:55.637+0100] {processor.py:179} INFO - Processing /Users/pranavikusu/recurring_deliveries/venv/lib/python3.11/site-packages/airflow/example_dags/example_subdag_operator.py took 0.099 seconds
[2024-11-06T16:22:22.785+0100] {processor.py:157} INFO - Started process (PID=74967) to work on /Users/pranavikusu/recurring_deliveries/venv/lib/python3.11/site-packages/airflow/example_dags/example_subdag_operator.py
[2024-11-06T16:22:22.787+0100] {processor.py:829} INFO - Processing file /Users/pranavikusu/recurring_deliveries/venv/lib/python3.11/site-packages/airflow/example_dags/example_subdag_operator.py for tasks to queue
[2024-11-06T16:22:22.788+0100] {logging_mixin.py:154} INFO - [2024-11-06T16:22:22.787+0100] {dagbag.py:536} INFO - Filling up the DagBag from /Users/pranavikusu/recurring_deliveries/venv/lib/python3.11/site-packages/airflow/example_dags/example_subdag_operator.py
[2024-11-06T16:22:22.845+0100] {processor.py:839} INFO - DAG(s) dict_keys(['example_subdag_operator.section-1', 'example_subdag_operator.section-2', 'example_subdag_operator']) retrieved from /Users/pranavikusu/recurring_deliveries/venv/lib/python3.11/site-packages/airflow/example_dags/example_subdag_operator.py
[2024-11-06T16:22:22.877+0100] {logging_mixin.py:154} INFO - [2024-11-06T16:22:22.877+0100] {dag.py:2941} INFO - Sync 3 DAGs
[2024-11-06T16:22:22.883+0100] {logging_mixin.py:154} INFO - [2024-11-06T16:22:22.883+0100] {dag.py:3722} INFO - Setting next_dagrun for example_subdag_operator to 2022-01-01T00:00:00+00:00, run_after=2022-01-01T00:00:00+00:00
[2024-11-06T16:22:22.884+0100] {logging_mixin.py:154} INFO - [2024-11-06T16:22:22.884+0100] {dag.py:3722} INFO - Setting next_dagrun for example_subdag_operator.section-1 to None, run_after=None
[2024-11-06T16:22:22.884+0100] {logging_mixin.py:154} INFO - [2024-11-06T16:22:22.884+0100] {dag.py:3722} INFO - Setting next_dagrun for example_subdag_operator.section-2 to None, run_after=None
[2024-11-06T16:22:22.886+0100] {logging_mixin.py:154} INFO - [2024-11-06T16:22:22.886+0100] {dag.py:2941} INFO - Sync 2 DAGs
[2024-11-06T16:22:22.888+0100] {logging_mixin.py:154} INFO - [2024-11-06T16:22:22.888+0100] {dag.py:3722} INFO - Setting next_dagrun for example_subdag_operator.section-1 to None, run_after=None
[2024-11-06T16:22:22.888+0100] {logging_mixin.py:154} INFO - [2024-11-06T16:22:22.888+0100] {dag.py:3722} INFO - Setting next_dagrun for example_subdag_operator.section-2 to None, run_after=None
[2024-11-06T16:22:22.892+0100] {processor.py:179} INFO - Processing /Users/pranavikusu/recurring_deliveries/venv/lib/python3.11/site-packages/airflow/example_dags/example_subdag_operator.py took 0.107 seconds
[2024-11-06T16:24:01.797+0100] {processor.py:157} INFO - Started process (PID=75090) to work on /Users/pranavikusu/recurring_deliveries/venv/lib/python3.11/site-packages/airflow/example_dags/example_subdag_operator.py
[2024-11-06T16:24:01.799+0100] {processor.py:829} INFO - Processing file /Users/pranavikusu/recurring_deliveries/venv/lib/python3.11/site-packages/airflow/example_dags/example_subdag_operator.py for tasks to queue
[2024-11-06T16:24:01.799+0100] {logging_mixin.py:154} INFO - [2024-11-06T16:24:01.799+0100] {dagbag.py:536} INFO - Filling up the DagBag from /Users/pranavikusu/recurring_deliveries/venv/lib/python3.11/site-packages/airflow/example_dags/example_subdag_operator.py
[2024-11-06T16:24:01.853+0100] {processor.py:839} INFO - DAG(s) dict_keys(['example_subdag_operator.section-1', 'example_subdag_operator.section-2', 'example_subdag_operator']) retrieved from /Users/pranavikusu/recurring_deliveries/venv/lib/python3.11/site-packages/airflow/example_dags/example_subdag_operator.py
[2024-11-06T16:24:01.882+0100] {logging_mixin.py:154} INFO - [2024-11-06T16:24:01.882+0100] {dag.py:2941} INFO - Sync 3 DAGs
[2024-11-06T16:24:01.888+0100] {logging_mixin.py:154} INFO - [2024-11-06T16:24:01.888+0100] {dag.py:3722} INFO - Setting next_dagrun for example_subdag_operator to 2022-01-01T00:00:00+00:00, run_after=2022-01-01T00:00:00+00:00
[2024-11-06T16:24:01.889+0100] {logging_mixin.py:154} INFO - [2024-11-06T16:24:01.889+0100] {dag.py:3722} INFO - Setting next_dagrun for example_subdag_operator.section-1 to None, run_after=None
[2024-11-06T16:24:01.890+0100] {logging_mixin.py:154} INFO - [2024-11-06T16:24:01.890+0100] {dag.py:3722} INFO - Setting next_dagrun for example_subdag_operator.section-2 to None, run_after=None
[2024-11-06T16:24:01.892+0100] {logging_mixin.py:154} INFO - [2024-11-06T16:24:01.892+0100] {dag.py:2941} INFO - Sync 2 DAGs
[2024-11-06T16:24:01.901+0100] {logging_mixin.py:154} INFO - [2024-11-06T16:24:01.901+0100] {dag.py:3722} INFO - Setting next_dagrun for example_subdag_operator.section-1 to None, run_after=None
[2024-11-06T16:24:01.902+0100] {logging_mixin.py:154} INFO - [2024-11-06T16:24:01.902+0100] {dag.py:3722} INFO - Setting next_dagrun for example_subdag_operator.section-2 to None, run_after=None
[2024-11-06T16:24:01.909+0100] {processor.py:179} INFO - Processing /Users/pranavikusu/recurring_deliveries/venv/lib/python3.11/site-packages/airflow/example_dags/example_subdag_operator.py took 0.113 seconds
