[2024-11-06T16:14:57.969+0100] {processor.py:157} INFO - Started process (PID=74474) to work on /Users/pranavikusu/recurring_deliveries/venv/lib/python3.11/site-packages/airflow/example_dags/example_branch_python_dop_operator_3.py
[2024-11-06T16:14:57.971+0100] {processor.py:829} INFO - Processing file /Users/pranavikusu/recurring_deliveries/venv/lib/python3.11/site-packages/airflow/example_dags/example_branch_python_dop_operator_3.py for tasks to queue
[2024-11-06T16:14:57.971+0100] {logging_mixin.py:154} INFO - [2024-11-06T16:14:57.971+0100] {dagbag.py:536} INFO - Filling up the DagBag from /Users/pranavikusu/recurring_deliveries/venv/lib/python3.11/site-packages/airflow/example_dags/example_branch_python_dop_operator_3.py
[2024-11-06T16:14:57.993+0100] {processor.py:839} INFO - DAG(s) dict_keys(['example_branch_dop_operator_v3']) retrieved from /Users/pranavikusu/recurring_deliveries/venv/lib/python3.11/site-packages/airflow/example_dags/example_branch_python_dop_operator_3.py
[2024-11-06T16:14:58.234+0100] {logging_mixin.py:154} INFO - [2024-11-06T16:14:58.234+0100] {manager.py:499} INFO - Created Permission View: %s
[2024-11-06T16:14:58.238+0100] {logging_mixin.py:154} INFO - [2024-11-06T16:14:58.238+0100] {manager.py:499} INFO - Created Permission View: %s
[2024-11-06T16:14:58.240+0100] {logging_mixin.py:154} INFO - [2024-11-06T16:14:58.240+0100] {manager.py:499} INFO - Created Permission View: %s
[2024-11-06T16:14:58.240+0100] {logging_mixin.py:154} INFO - [2024-11-06T16:14:58.240+0100] {dag.py:2941} INFO - Sync 1 DAGs
[2024-11-06T16:14:58.245+0100] {logging_mixin.py:154} INFO - [2024-11-06T16:14:58.245+0100] {dag.py:2963} INFO - Creating ORM DAG for example_branch_dop_operator_v3
[2024-11-06T16:14:58.251+0100] {logging_mixin.py:154} INFO - [2024-11-06T16:14:58.251+0100] {dag.py:3722} INFO - Setting next_dagrun for example_branch_dop_operator_v3 to 2024-11-06T15:13:00+00:00, run_after=2024-11-06T15:14:00+00:00
[2024-11-06T16:14:58.258+0100] {processor.py:179} INFO - Processing /Users/pranavikusu/recurring_deliveries/venv/lib/python3.11/site-packages/airflow/example_dags/example_branch_python_dop_operator_3.py took 0.290 seconds
[2024-11-06T16:16:23.722+0100] {processor.py:157} INFO - Started process (PID=74557) to work on /Users/pranavikusu/recurring_deliveries/venv/lib/python3.11/site-packages/airflow/example_dags/example_branch_python_dop_operator_3.py
[2024-11-06T16:16:23.725+0100] {processor.py:829} INFO - Processing file /Users/pranavikusu/recurring_deliveries/venv/lib/python3.11/site-packages/airflow/example_dags/example_branch_python_dop_operator_3.py for tasks to queue
[2024-11-06T16:16:23.725+0100] {logging_mixin.py:154} INFO - [2024-11-06T16:16:23.725+0100] {dagbag.py:536} INFO - Filling up the DagBag from /Users/pranavikusu/recurring_deliveries/venv/lib/python3.11/site-packages/airflow/example_dags/example_branch_python_dop_operator_3.py
[2024-11-06T16:16:23.747+0100] {processor.py:839} INFO - DAG(s) dict_keys(['example_branch_dop_operator_v3']) retrieved from /Users/pranavikusu/recurring_deliveries/venv/lib/python3.11/site-packages/airflow/example_dags/example_branch_python_dop_operator_3.py
[2024-11-06T16:16:23.805+0100] {logging_mixin.py:154} INFO - [2024-11-06T16:16:23.805+0100] {dag.py:2941} INFO - Sync 1 DAGs
[2024-11-06T16:16:23.813+0100] {logging_mixin.py:154} INFO - [2024-11-06T16:16:23.813+0100] {dag.py:3722} INFO - Setting next_dagrun for example_branch_dop_operator_v3 to 2024-11-06T15:15:00+00:00, run_after=2024-11-06T15:16:00+00:00
[2024-11-06T16:16:23.820+0100] {processor.py:179} INFO - Processing /Users/pranavikusu/recurring_deliveries/venv/lib/python3.11/site-packages/airflow/example_dags/example_branch_python_dop_operator_3.py took 0.098 seconds
[2024-11-06T16:17:39.255+0100] {processor.py:157} INFO - Started process (PID=74617) to work on /Users/pranavikusu/recurring_deliveries/venv/lib/python3.11/site-packages/airflow/example_dags/example_branch_python_dop_operator_3.py
[2024-11-06T16:17:39.258+0100] {processor.py:829} INFO - Processing file /Users/pranavikusu/recurring_deliveries/venv/lib/python3.11/site-packages/airflow/example_dags/example_branch_python_dop_operator_3.py for tasks to queue
[2024-11-06T16:17:39.258+0100] {logging_mixin.py:154} INFO - [2024-11-06T16:17:39.258+0100] {dagbag.py:536} INFO - Filling up the DagBag from /Users/pranavikusu/recurring_deliveries/venv/lib/python3.11/site-packages/airflow/example_dags/example_branch_python_dop_operator_3.py
[2024-11-06T16:17:39.279+0100] {processor.py:839} INFO - DAG(s) dict_keys(['example_branch_dop_operator_v3']) retrieved from /Users/pranavikusu/recurring_deliveries/venv/lib/python3.11/site-packages/airflow/example_dags/example_branch_python_dop_operator_3.py
[2024-11-06T16:17:39.340+0100] {logging_mixin.py:154} INFO - [2024-11-06T16:17:39.340+0100] {dag.py:2941} INFO - Sync 1 DAGs
[2024-11-06T16:17:39.348+0100] {logging_mixin.py:154} INFO - [2024-11-06T16:17:39.348+0100] {dag.py:3722} INFO - Setting next_dagrun for example_branch_dop_operator_v3 to 2024-11-06T15:16:00+00:00, run_after=2024-11-06T15:17:00+00:00
[2024-11-06T16:17:39.356+0100] {processor.py:179} INFO - Processing /Users/pranavikusu/recurring_deliveries/venv/lib/python3.11/site-packages/airflow/example_dags/example_branch_python_dop_operator_3.py took 0.101 seconds
[2024-11-06T16:19:00.606+0100] {processor.py:157} INFO - Started process (PID=74718) to work on /Users/pranavikusu/recurring_deliveries/venv/lib/python3.11/site-packages/airflow/example_dags/example_branch_python_dop_operator_3.py
[2024-11-06T16:19:00.609+0100] {processor.py:829} INFO - Processing file /Users/pranavikusu/recurring_deliveries/venv/lib/python3.11/site-packages/airflow/example_dags/example_branch_python_dop_operator_3.py for tasks to queue
[2024-11-06T16:19:00.609+0100] {logging_mixin.py:154} INFO - [2024-11-06T16:19:00.609+0100] {dagbag.py:536} INFO - Filling up the DagBag from /Users/pranavikusu/recurring_deliveries/venv/lib/python3.11/site-packages/airflow/example_dags/example_branch_python_dop_operator_3.py
[2024-11-06T16:19:00.632+0100] {processor.py:839} INFO - DAG(s) dict_keys(['example_branch_dop_operator_v3']) retrieved from /Users/pranavikusu/recurring_deliveries/venv/lib/python3.11/site-packages/airflow/example_dags/example_branch_python_dop_operator_3.py
[2024-11-06T16:19:00.693+0100] {logging_mixin.py:154} INFO - [2024-11-06T16:19:00.693+0100] {dag.py:2941} INFO - Sync 1 DAGs
[2024-11-06T16:19:00.700+0100] {logging_mixin.py:154} INFO - [2024-11-06T16:19:00.700+0100] {dag.py:3722} INFO - Setting next_dagrun for example_branch_dop_operator_v3 to 2024-11-06T15:18:00+00:00, run_after=2024-11-06T15:19:00+00:00
[2024-11-06T16:19:00.707+0100] {processor.py:179} INFO - Processing /Users/pranavikusu/recurring_deliveries/venv/lib/python3.11/site-packages/airflow/example_dags/example_branch_python_dop_operator_3.py took 0.101 seconds
[2024-11-06T16:20:26.987+0100] {processor.py:157} INFO - Started process (PID=74808) to work on /Users/pranavikusu/recurring_deliveries/venv/lib/python3.11/site-packages/airflow/example_dags/example_branch_python_dop_operator_3.py
[2024-11-06T16:20:26.989+0100] {processor.py:829} INFO - Processing file /Users/pranavikusu/recurring_deliveries/venv/lib/python3.11/site-packages/airflow/example_dags/example_branch_python_dop_operator_3.py for tasks to queue
[2024-11-06T16:20:26.990+0100] {logging_mixin.py:154} INFO - [2024-11-06T16:20:26.990+0100] {dagbag.py:536} INFO - Filling up the DagBag from /Users/pranavikusu/recurring_deliveries/venv/lib/python3.11/site-packages/airflow/example_dags/example_branch_python_dop_operator_3.py
[2024-11-06T16:20:27.012+0100] {processor.py:839} INFO - DAG(s) dict_keys(['example_branch_dop_operator_v3']) retrieved from /Users/pranavikusu/recurring_deliveries/venv/lib/python3.11/site-packages/airflow/example_dags/example_branch_python_dop_operator_3.py
[2024-11-06T16:20:27.070+0100] {logging_mixin.py:154} INFO - [2024-11-06T16:20:27.070+0100] {dag.py:2941} INFO - Sync 1 DAGs
[2024-11-06T16:20:27.077+0100] {logging_mixin.py:154} INFO - [2024-11-06T16:20:27.077+0100] {dag.py:3722} INFO - Setting next_dagrun for example_branch_dop_operator_v3 to 2024-11-06T15:19:00+00:00, run_after=2024-11-06T15:20:00+00:00
[2024-11-06T16:20:27.084+0100] {processor.py:179} INFO - Processing /Users/pranavikusu/recurring_deliveries/venv/lib/python3.11/site-packages/airflow/example_dags/example_branch_python_dop_operator_3.py took 0.097 seconds
[2024-11-06T16:21:52.786+0100] {processor.py:157} INFO - Started process (PID=74910) to work on /Users/pranavikusu/recurring_deliveries/venv/lib/python3.11/site-packages/airflow/example_dags/example_branch_python_dop_operator_3.py
[2024-11-06T16:21:52.788+0100] {processor.py:829} INFO - Processing file /Users/pranavikusu/recurring_deliveries/venv/lib/python3.11/site-packages/airflow/example_dags/example_branch_python_dop_operator_3.py for tasks to queue
[2024-11-06T16:21:52.789+0100] {logging_mixin.py:154} INFO - [2024-11-06T16:21:52.789+0100] {dagbag.py:536} INFO - Filling up the DagBag from /Users/pranavikusu/recurring_deliveries/venv/lib/python3.11/site-packages/airflow/example_dags/example_branch_python_dop_operator_3.py
[2024-11-06T16:21:52.811+0100] {processor.py:839} INFO - DAG(s) dict_keys(['example_branch_dop_operator_v3']) retrieved from /Users/pranavikusu/recurring_deliveries/venv/lib/python3.11/site-packages/airflow/example_dags/example_branch_python_dop_operator_3.py
[2024-11-06T16:21:52.873+0100] {logging_mixin.py:154} INFO - [2024-11-06T16:21:52.873+0100] {dag.py:2941} INFO - Sync 1 DAGs
[2024-11-06T16:21:52.880+0100] {logging_mixin.py:154} INFO - [2024-11-06T16:21:52.880+0100] {dag.py:3722} INFO - Setting next_dagrun for example_branch_dop_operator_v3 to 2024-11-06T15:20:00+00:00, run_after=2024-11-06T15:21:00+00:00
[2024-11-06T16:21:52.887+0100] {processor.py:179} INFO - Processing /Users/pranavikusu/recurring_deliveries/venv/lib/python3.11/site-packages/airflow/example_dags/example_branch_python_dop_operator_3.py took 0.102 seconds
[2024-11-06T16:23:26.196+0100] {processor.py:157} INFO - Started process (PID=75041) to work on /Users/pranavikusu/recurring_deliveries/venv/lib/python3.11/site-packages/airflow/example_dags/example_branch_python_dop_operator_3.py
[2024-11-06T16:23:26.199+0100] {processor.py:829} INFO - Processing file /Users/pranavikusu/recurring_deliveries/venv/lib/python3.11/site-packages/airflow/example_dags/example_branch_python_dop_operator_3.py for tasks to queue
[2024-11-06T16:23:26.200+0100] {logging_mixin.py:154} INFO - [2024-11-06T16:23:26.200+0100] {dagbag.py:536} INFO - Filling up the DagBag from /Users/pranavikusu/recurring_deliveries/venv/lib/python3.11/site-packages/airflow/example_dags/example_branch_python_dop_operator_3.py
[2024-11-06T16:23:26.227+0100] {processor.py:839} INFO - DAG(s) dict_keys(['example_branch_dop_operator_v3']) retrieved from /Users/pranavikusu/recurring_deliveries/venv/lib/python3.11/site-packages/airflow/example_dags/example_branch_python_dop_operator_3.py
[2024-11-06T16:23:26.288+0100] {logging_mixin.py:154} INFO - [2024-11-06T16:23:26.287+0100] {dag.py:2941} INFO - Sync 1 DAGs
[2024-11-06T16:23:26.296+0100] {logging_mixin.py:154} INFO - [2024-11-06T16:23:26.296+0100] {dag.py:3722} INFO - Setting next_dagrun for example_branch_dop_operator_v3 to 2024-11-06T15:22:00+00:00, run_after=2024-11-06T15:23:00+00:00
[2024-11-06T16:23:26.303+0100] {processor.py:179} INFO - Processing /Users/pranavikusu/recurring_deliveries/venv/lib/python3.11/site-packages/airflow/example_dags/example_branch_python_dop_operator_3.py took 0.108 seconds
[2024-11-06T16:25:08.299+0100] {processor.py:157} INFO - Started process (PID=75169) to work on /Users/pranavikusu/recurring_deliveries/venv/lib/python3.11/site-packages/airflow/example_dags/example_branch_python_dop_operator_3.py
[2024-11-06T16:25:08.303+0100] {processor.py:829} INFO - Processing file /Users/pranavikusu/recurring_deliveries/venv/lib/python3.11/site-packages/airflow/example_dags/example_branch_python_dop_operator_3.py for tasks to queue
[2024-11-06T16:25:08.303+0100] {logging_mixin.py:154} INFO - [2024-11-06T16:25:08.303+0100] {dagbag.py:536} INFO - Filling up the DagBag from /Users/pranavikusu/recurring_deliveries/venv/lib/python3.11/site-packages/airflow/example_dags/example_branch_python_dop_operator_3.py
[2024-11-06T16:25:08.326+0100] {processor.py:839} INFO - DAG(s) dict_keys(['example_branch_dop_operator_v3']) retrieved from /Users/pranavikusu/recurring_deliveries/venv/lib/python3.11/site-packages/airflow/example_dags/example_branch_python_dop_operator_3.py
[2024-11-06T16:25:08.387+0100] {logging_mixin.py:154} INFO - [2024-11-06T16:25:08.387+0100] {dag.py:2941} INFO - Sync 1 DAGs
[2024-11-06T16:25:08.394+0100] {logging_mixin.py:154} INFO - [2024-11-06T16:25:08.394+0100] {dag.py:3722} INFO - Setting next_dagrun for example_branch_dop_operator_v3 to 2024-11-06T15:24:00+00:00, run_after=2024-11-06T15:25:00+00:00
[2024-11-06T16:25:08.401+0100] {processor.py:179} INFO - Processing /Users/pranavikusu/recurring_deliveries/venv/lib/python3.11/site-packages/airflow/example_dags/example_branch_python_dop_operator_3.py took 0.102 seconds
