[2024-11-06T16:14:18.979+0100] {processor.py:157} INFO - Started process (PID=74431) to work on /Users/pranavikusu/recurring_deliveries/venv/lib/python3.11/site-packages/airflow/example_dags/example_skip_dag.py
[2024-11-06T16:14:18.981+0100] {processor.py:829} INFO - Processing file /Users/pranavikusu/recurring_deliveries/venv/lib/python3.11/site-packages/airflow/example_dags/example_skip_dag.py for tasks to queue
[2024-11-06T16:14:18.981+0100] {logging_mixin.py:154} INFO - [2024-11-06T16:14:18.981+0100] {dagbag.py:536} INFO - Filling up the DagBag from /Users/pranavikusu/recurring_deliveries/venv/lib/python3.11/site-packages/airflow/example_dags/example_skip_dag.py
[2024-11-06T16:14:18.994+0100] {processor.py:839} INFO - DAG(s) dict_keys(['example_skip_dag']) retrieved from /Users/pranavikusu/recurring_deliveries/venv/lib/python3.11/site-packages/airflow/example_dags/example_skip_dag.py
[2024-11-06T16:14:19.216+0100] {logging_mixin.py:154} INFO - [2024-11-06T16:14:19.216+0100] {manager.py:499} INFO - Created Permission View: %s
[2024-11-06T16:14:19.219+0100] {logging_mixin.py:154} INFO - [2024-11-06T16:14:19.219+0100] {manager.py:499} INFO - Created Permission View: %s
[2024-11-06T16:14:19.221+0100] {logging_mixin.py:154} INFO - [2024-11-06T16:14:19.221+0100] {manager.py:499} INFO - Created Permission View: %s
[2024-11-06T16:14:19.221+0100] {logging_mixin.py:154} INFO - [2024-11-06T16:14:19.221+0100] {dag.py:2941} INFO - Sync 1 DAGs
[2024-11-06T16:14:19.225+0100] {logging_mixin.py:154} INFO - [2024-11-06T16:14:19.225+0100] {dag.py:2963} INFO - Creating ORM DAG for example_skip_dag
[2024-11-06T16:14:19.229+0100] {logging_mixin.py:154} INFO - [2024-11-06T16:14:19.228+0100] {dag.py:3722} INFO - Setting next_dagrun for example_skip_dag to 2024-11-05T15:14:19.228882+00:00, run_after=2024-11-06T15:14:19.228882+00:00
[2024-11-06T16:14:19.237+0100] {processor.py:179} INFO - Processing /Users/pranavikusu/recurring_deliveries/venv/lib/python3.11/site-packages/airflow/example_dags/example_skip_dag.py took 0.259 seconds
[2024-11-06T16:15:35.975+0100] {processor.py:157} INFO - Started process (PID=74514) to work on /Users/pranavikusu/recurring_deliveries/venv/lib/python3.11/site-packages/airflow/example_dags/example_skip_dag.py
[2024-11-06T16:15:35.977+0100] {processor.py:829} INFO - Processing file /Users/pranavikusu/recurring_deliveries/venv/lib/python3.11/site-packages/airflow/example_dags/example_skip_dag.py for tasks to queue
[2024-11-06T16:15:35.978+0100] {logging_mixin.py:154} INFO - [2024-11-06T16:15:35.978+0100] {dagbag.py:536} INFO - Filling up the DagBag from /Users/pranavikusu/recurring_deliveries/venv/lib/python3.11/site-packages/airflow/example_dags/example_skip_dag.py
[2024-11-06T16:15:35.988+0100] {processor.py:839} INFO - DAG(s) dict_keys(['example_skip_dag']) retrieved from /Users/pranavikusu/recurring_deliveries/venv/lib/python3.11/site-packages/airflow/example_dags/example_skip_dag.py
[2024-11-06T16:15:36.053+0100] {logging_mixin.py:154} INFO - [2024-11-06T16:15:36.052+0100] {dag.py:2941} INFO - Sync 1 DAGs
[2024-11-06T16:15:36.059+0100] {logging_mixin.py:154} INFO - [2024-11-06T16:15:36.059+0100] {dag.py:3722} INFO - Setting next_dagrun for example_skip_dag to 2024-11-05T15:15:36.059144+00:00, run_after=2024-11-06T15:15:36.059144+00:00
[2024-11-06T16:15:36.066+0100] {processor.py:179} INFO - Processing /Users/pranavikusu/recurring_deliveries/venv/lib/python3.11/site-packages/airflow/example_dags/example_skip_dag.py took 0.092 seconds
[2024-11-06T16:16:51.709+0100] {processor.py:157} INFO - Started process (PID=74583) to work on /Users/pranavikusu/recurring_deliveries/venv/lib/python3.11/site-packages/airflow/example_dags/example_skip_dag.py
[2024-11-06T16:16:51.711+0100] {processor.py:829} INFO - Processing file /Users/pranavikusu/recurring_deliveries/venv/lib/python3.11/site-packages/airflow/example_dags/example_skip_dag.py for tasks to queue
[2024-11-06T16:16:51.712+0100] {logging_mixin.py:154} INFO - [2024-11-06T16:16:51.712+0100] {dagbag.py:536} INFO - Filling up the DagBag from /Users/pranavikusu/recurring_deliveries/venv/lib/python3.11/site-packages/airflow/example_dags/example_skip_dag.py
[2024-11-06T16:16:51.721+0100] {processor.py:839} INFO - DAG(s) dict_keys(['example_skip_dag']) retrieved from /Users/pranavikusu/recurring_deliveries/venv/lib/python3.11/site-packages/airflow/example_dags/example_skip_dag.py
[2024-11-06T16:16:51.783+0100] {logging_mixin.py:154} INFO - [2024-11-06T16:16:51.783+0100] {dag.py:2941} INFO - Sync 1 DAGs
[2024-11-06T16:16:51.789+0100] {logging_mixin.py:154} INFO - [2024-11-06T16:16:51.789+0100] {dag.py:3722} INFO - Setting next_dagrun for example_skip_dag to 2024-11-05T15:16:51.789480+00:00, run_after=2024-11-06T15:16:51.789480+00:00
[2024-11-06T16:16:51.796+0100] {processor.py:179} INFO - Processing /Users/pranavikusu/recurring_deliveries/venv/lib/python3.11/site-packages/airflow/example_dags/example_skip_dag.py took 0.087 seconds
[2024-11-06T16:18:10.385+0100] {processor.py:157} INFO - Started process (PID=74648) to work on /Users/pranavikusu/recurring_deliveries/venv/lib/python3.11/site-packages/airflow/example_dags/example_skip_dag.py
[2024-11-06T16:18:10.387+0100] {processor.py:829} INFO - Processing file /Users/pranavikusu/recurring_deliveries/venv/lib/python3.11/site-packages/airflow/example_dags/example_skip_dag.py for tasks to queue
[2024-11-06T16:18:10.388+0100] {logging_mixin.py:154} INFO - [2024-11-06T16:18:10.388+0100] {dagbag.py:536} INFO - Filling up the DagBag from /Users/pranavikusu/recurring_deliveries/venv/lib/python3.11/site-packages/airflow/example_dags/example_skip_dag.py
[2024-11-06T16:18:10.397+0100] {processor.py:839} INFO - DAG(s) dict_keys(['example_skip_dag']) retrieved from /Users/pranavikusu/recurring_deliveries/venv/lib/python3.11/site-packages/airflow/example_dags/example_skip_dag.py
[2024-11-06T16:18:10.458+0100] {logging_mixin.py:154} INFO - [2024-11-06T16:18:10.458+0100] {dag.py:2941} INFO - Sync 1 DAGs
[2024-11-06T16:18:10.464+0100] {logging_mixin.py:154} INFO - [2024-11-06T16:18:10.464+0100] {dag.py:3722} INFO - Setting next_dagrun for example_skip_dag to 2024-11-05T15:18:10.464196+00:00, run_after=2024-11-06T15:18:10.464196+00:00
[2024-11-06T16:18:10.471+0100] {processor.py:179} INFO - Processing /Users/pranavikusu/recurring_deliveries/venv/lib/python3.11/site-packages/airflow/example_dags/example_skip_dag.py took 0.086 seconds
[2024-11-06T16:19:35.985+0100] {processor.py:157} INFO - Started process (PID=74746) to work on /Users/pranavikusu/recurring_deliveries/venv/lib/python3.11/site-packages/airflow/example_dags/example_skip_dag.py
[2024-11-06T16:19:35.987+0100] {processor.py:829} INFO - Processing file /Users/pranavikusu/recurring_deliveries/venv/lib/python3.11/site-packages/airflow/example_dags/example_skip_dag.py for tasks to queue
[2024-11-06T16:19:35.987+0100] {logging_mixin.py:154} INFO - [2024-11-06T16:19:35.987+0100] {dagbag.py:536} INFO - Filling up the DagBag from /Users/pranavikusu/recurring_deliveries/venv/lib/python3.11/site-packages/airflow/example_dags/example_skip_dag.py
[2024-11-06T16:19:35.996+0100] {processor.py:839} INFO - DAG(s) dict_keys(['example_skip_dag']) retrieved from /Users/pranavikusu/recurring_deliveries/venv/lib/python3.11/site-packages/airflow/example_dags/example_skip_dag.py
[2024-11-06T16:19:36.059+0100] {logging_mixin.py:154} INFO - [2024-11-06T16:19:36.059+0100] {dag.py:2941} INFO - Sync 1 DAGs
[2024-11-06T16:19:36.065+0100] {logging_mixin.py:154} INFO - [2024-11-06T16:19:36.065+0100] {dag.py:3722} INFO - Setting next_dagrun for example_skip_dag to 2024-11-05T15:19:36.065626+00:00, run_after=2024-11-06T15:19:36.065626+00:00
[2024-11-06T16:19:36.072+0100] {processor.py:179} INFO - Processing /Users/pranavikusu/recurring_deliveries/venv/lib/python3.11/site-packages/airflow/example_dags/example_skip_dag.py took 0.088 seconds
[2024-11-06T16:20:58.826+0100] {processor.py:157} INFO - Started process (PID=74850) to work on /Users/pranavikusu/recurring_deliveries/venv/lib/python3.11/site-packages/airflow/example_dags/example_skip_dag.py
[2024-11-06T16:20:58.828+0100] {processor.py:829} INFO - Processing file /Users/pranavikusu/recurring_deliveries/venv/lib/python3.11/site-packages/airflow/example_dags/example_skip_dag.py for tasks to queue
[2024-11-06T16:20:58.828+0100] {logging_mixin.py:154} INFO - [2024-11-06T16:20:58.828+0100] {dagbag.py:536} INFO - Filling up the DagBag from /Users/pranavikusu/recurring_deliveries/venv/lib/python3.11/site-packages/airflow/example_dags/example_skip_dag.py
[2024-11-06T16:20:58.844+0100] {processor.py:839} INFO - DAG(s) dict_keys(['example_skip_dag']) retrieved from /Users/pranavikusu/recurring_deliveries/venv/lib/python3.11/site-packages/airflow/example_dags/example_skip_dag.py
[2024-11-06T16:20:58.907+0100] {logging_mixin.py:154} INFO - [2024-11-06T16:20:58.907+0100] {dag.py:2941} INFO - Sync 1 DAGs
[2024-11-06T16:20:58.913+0100] {logging_mixin.py:154} INFO - [2024-11-06T16:20:58.913+0100] {dag.py:3722} INFO - Setting next_dagrun for example_skip_dag to 2024-11-05T15:20:58.913514+00:00, run_after=2024-11-06T15:20:58.913514+00:00
[2024-11-06T16:20:58.920+0100] {processor.py:179} INFO - Processing /Users/pranavikusu/recurring_deliveries/venv/lib/python3.11/site-packages/airflow/example_dags/example_skip_dag.py took 0.094 seconds
[2024-11-06T16:22:26.162+0100] {processor.py:157} INFO - Started process (PID=74969) to work on /Users/pranavikusu/recurring_deliveries/venv/lib/python3.11/site-packages/airflow/example_dags/example_skip_dag.py
[2024-11-06T16:22:26.165+0100] {processor.py:829} INFO - Processing file /Users/pranavikusu/recurring_deliveries/venv/lib/python3.11/site-packages/airflow/example_dags/example_skip_dag.py for tasks to queue
[2024-11-06T16:22:26.165+0100] {logging_mixin.py:154} INFO - [2024-11-06T16:22:26.165+0100] {dagbag.py:536} INFO - Filling up the DagBag from /Users/pranavikusu/recurring_deliveries/venv/lib/python3.11/site-packages/airflow/example_dags/example_skip_dag.py
[2024-11-06T16:22:26.174+0100] {processor.py:839} INFO - DAG(s) dict_keys(['example_skip_dag']) retrieved from /Users/pranavikusu/recurring_deliveries/venv/lib/python3.11/site-packages/airflow/example_dags/example_skip_dag.py
[2024-11-06T16:22:26.237+0100] {logging_mixin.py:154} INFO - [2024-11-06T16:22:26.237+0100] {dag.py:2941} INFO - Sync 1 DAGs
[2024-11-06T16:22:26.244+0100] {logging_mixin.py:154} INFO - [2024-11-06T16:22:26.244+0100] {dag.py:3722} INFO - Setting next_dagrun for example_skip_dag to 2024-11-05T15:22:26.244267+00:00, run_after=2024-11-06T15:22:26.244267+00:00
[2024-11-06T16:22:26.251+0100] {processor.py:179} INFO - Processing /Users/pranavikusu/recurring_deliveries/venv/lib/python3.11/site-packages/airflow/example_dags/example_skip_dag.py took 0.089 seconds
[2024-11-06T16:24:05.182+0100] {processor.py:157} INFO - Started process (PID=75092) to work on /Users/pranavikusu/recurring_deliveries/venv/lib/python3.11/site-packages/airflow/example_dags/example_skip_dag.py
[2024-11-06T16:24:05.184+0100] {processor.py:829} INFO - Processing file /Users/pranavikusu/recurring_deliveries/venv/lib/python3.11/site-packages/airflow/example_dags/example_skip_dag.py for tasks to queue
[2024-11-06T16:24:05.185+0100] {logging_mixin.py:154} INFO - [2024-11-06T16:24:05.185+0100] {dagbag.py:536} INFO - Filling up the DagBag from /Users/pranavikusu/recurring_deliveries/venv/lib/python3.11/site-packages/airflow/example_dags/example_skip_dag.py
[2024-11-06T16:24:05.194+0100] {processor.py:839} INFO - DAG(s) dict_keys(['example_skip_dag']) retrieved from /Users/pranavikusu/recurring_deliveries/venv/lib/python3.11/site-packages/airflow/example_dags/example_skip_dag.py
[2024-11-06T16:24:05.257+0100] {logging_mixin.py:154} INFO - [2024-11-06T16:24:05.257+0100] {dag.py:2941} INFO - Sync 1 DAGs
[2024-11-06T16:24:05.263+0100] {logging_mixin.py:154} INFO - [2024-11-06T16:24:05.263+0100] {dag.py:3722} INFO - Setting next_dagrun for example_skip_dag to 2024-11-05T15:24:05.263820+00:00, run_after=2024-11-06T15:24:05.263820+00:00
[2024-11-06T16:24:05.271+0100] {processor.py:179} INFO - Processing /Users/pranavikusu/recurring_deliveries/venv/lib/python3.11/site-packages/airflow/example_dags/example_skip_dag.py took 0.089 seconds
