[2024-11-06T16:14:13.637+0100] {processor.py:157} INFO - Started process (PID=74422) to work on /Users/pranavikusu/recurring_deliveries/venv/lib/python3.11/site-packages/airflow/example_dags/example_task_group.py
[2024-11-06T16:14:13.639+0100] {processor.py:829} INFO - Processing file /Users/pranavikusu/recurring_deliveries/venv/lib/python3.11/site-packages/airflow/example_dags/example_task_group.py for tasks to queue
[2024-11-06T16:14:13.640+0100] {logging_mixin.py:154} INFO - [2024-11-06T16:14:13.640+0100] {dagbag.py:536} INFO - Filling up the DagBag from /Users/pranavikusu/recurring_deliveries/venv/lib/python3.11/site-packages/airflow/example_dags/example_task_group.py
[2024-11-06T16:14:13.651+0100] {processor.py:839} INFO - DAG(s) dict_keys(['example_task_group']) retrieved from /Users/pranavikusu/recurring_deliveries/venv/lib/python3.11/site-packages/airflow/example_dags/example_task_group.py
[2024-11-06T16:14:13.898+0100] {logging_mixin.py:154} INFO - [2024-11-06T16:14:13.898+0100] {manager.py:499} INFO - Created Permission View: %s
[2024-11-06T16:14:13.901+0100] {logging_mixin.py:154} INFO - [2024-11-06T16:14:13.901+0100] {manager.py:499} INFO - Created Permission View: %s
[2024-11-06T16:14:13.903+0100] {logging_mixin.py:154} INFO - [2024-11-06T16:14:13.903+0100] {manager.py:499} INFO - Created Permission View: %s
[2024-11-06T16:14:13.903+0100] {logging_mixin.py:154} INFO - [2024-11-06T16:14:13.903+0100] {dag.py:2941} INFO - Sync 1 DAGs
[2024-11-06T16:14:13.906+0100] {logging_mixin.py:154} INFO - [2024-11-06T16:14:13.906+0100] {dag.py:2963} INFO - Creating ORM DAG for example_task_group
[2024-11-06T16:14:13.909+0100] {logging_mixin.py:154} INFO - [2024-11-06T16:14:13.909+0100] {dag.py:3722} INFO - Setting next_dagrun for example_task_group to 2024-11-05T15:14:13.909267+00:00, run_after=2024-11-06T15:14:13.909267+00:00
[2024-11-06T16:14:13.919+0100] {processor.py:179} INFO - Processing /Users/pranavikusu/recurring_deliveries/venv/lib/python3.11/site-packages/airflow/example_dags/example_task_group.py took 0.282 seconds
[2024-11-06T16:15:31.677+0100] {processor.py:157} INFO - Started process (PID=74511) to work on /Users/pranavikusu/recurring_deliveries/venv/lib/python3.11/site-packages/airflow/example_dags/example_task_group.py
[2024-11-06T16:15:31.679+0100] {processor.py:829} INFO - Processing file /Users/pranavikusu/recurring_deliveries/venv/lib/python3.11/site-packages/airflow/example_dags/example_task_group.py for tasks to queue
[2024-11-06T16:15:31.680+0100] {logging_mixin.py:154} INFO - [2024-11-06T16:15:31.680+0100] {dagbag.py:536} INFO - Filling up the DagBag from /Users/pranavikusu/recurring_deliveries/venv/lib/python3.11/site-packages/airflow/example_dags/example_task_group.py
[2024-11-06T16:15:31.692+0100] {processor.py:839} INFO - DAG(s) dict_keys(['example_task_group']) retrieved from /Users/pranavikusu/recurring_deliveries/venv/lib/python3.11/site-packages/airflow/example_dags/example_task_group.py
[2024-11-06T16:15:31.755+0100] {logging_mixin.py:154} INFO - [2024-11-06T16:15:31.755+0100] {dag.py:2941} INFO - Sync 1 DAGs
[2024-11-06T16:15:31.762+0100] {logging_mixin.py:154} INFO - [2024-11-06T16:15:31.762+0100] {dag.py:3722} INFO - Setting next_dagrun for example_task_group to 2024-11-05T15:15:31.762076+00:00, run_after=2024-11-06T15:15:31.762076+00:00
[2024-11-06T16:15:31.769+0100] {processor.py:179} INFO - Processing /Users/pranavikusu/recurring_deliveries/venv/lib/python3.11/site-packages/airflow/example_dags/example_task_group.py took 0.092 seconds
[2024-11-06T16:16:47.237+0100] {processor.py:157} INFO - Started process (PID=74578) to work on /Users/pranavikusu/recurring_deliveries/venv/lib/python3.11/site-packages/airflow/example_dags/example_task_group.py
[2024-11-06T16:16:47.239+0100] {processor.py:829} INFO - Processing file /Users/pranavikusu/recurring_deliveries/venv/lib/python3.11/site-packages/airflow/example_dags/example_task_group.py for tasks to queue
[2024-11-06T16:16:47.240+0100] {logging_mixin.py:154} INFO - [2024-11-06T16:16:47.240+0100] {dagbag.py:536} INFO - Filling up the DagBag from /Users/pranavikusu/recurring_deliveries/venv/lib/python3.11/site-packages/airflow/example_dags/example_task_group.py
[2024-11-06T16:16:47.249+0100] {processor.py:839} INFO - DAG(s) dict_keys(['example_task_group']) retrieved from /Users/pranavikusu/recurring_deliveries/venv/lib/python3.11/site-packages/airflow/example_dags/example_task_group.py
[2024-11-06T16:16:47.310+0100] {logging_mixin.py:154} INFO - [2024-11-06T16:16:47.310+0100] {dag.py:2941} INFO - Sync 1 DAGs
[2024-11-06T16:16:47.316+0100] {logging_mixin.py:154} INFO - [2024-11-06T16:16:47.316+0100] {dag.py:3722} INFO - Setting next_dagrun for example_task_group to 2024-11-05T15:16:47.316431+00:00, run_after=2024-11-06T15:16:47.316431+00:00
[2024-11-06T16:16:47.323+0100] {processor.py:179} INFO - Processing /Users/pranavikusu/recurring_deliveries/venv/lib/python3.11/site-packages/airflow/example_dags/example_task_group.py took 0.087 seconds
[2024-11-06T16:18:06.431+0100] {processor.py:157} INFO - Started process (PID=74645) to work on /Users/pranavikusu/recurring_deliveries/venv/lib/python3.11/site-packages/airflow/example_dags/example_task_group.py
[2024-11-06T16:18:06.434+0100] {processor.py:829} INFO - Processing file /Users/pranavikusu/recurring_deliveries/venv/lib/python3.11/site-packages/airflow/example_dags/example_task_group.py for tasks to queue
[2024-11-06T16:18:06.434+0100] {logging_mixin.py:154} INFO - [2024-11-06T16:18:06.434+0100] {dagbag.py:536} INFO - Filling up the DagBag from /Users/pranavikusu/recurring_deliveries/venv/lib/python3.11/site-packages/airflow/example_dags/example_task_group.py
[2024-11-06T16:18:06.444+0100] {processor.py:839} INFO - DAG(s) dict_keys(['example_task_group']) retrieved from /Users/pranavikusu/recurring_deliveries/venv/lib/python3.11/site-packages/airflow/example_dags/example_task_group.py
[2024-11-06T16:18:06.506+0100] {logging_mixin.py:154} INFO - [2024-11-06T16:18:06.506+0100] {dag.py:2941} INFO - Sync 1 DAGs
[2024-11-06T16:18:06.513+0100] {logging_mixin.py:154} INFO - [2024-11-06T16:18:06.512+0100] {dag.py:3722} INFO - Setting next_dagrun for example_task_group to 2024-11-05T15:18:06.512880+00:00, run_after=2024-11-06T15:18:06.512880+00:00
[2024-11-06T16:18:06.519+0100] {processor.py:179} INFO - Processing /Users/pranavikusu/recurring_deliveries/venv/lib/python3.11/site-packages/airflow/example_dags/example_task_group.py took 0.089 seconds
[2024-11-06T16:19:32.015+0100] {processor.py:157} INFO - Started process (PID=74743) to work on /Users/pranavikusu/recurring_deliveries/venv/lib/python3.11/site-packages/airflow/example_dags/example_task_group.py
[2024-11-06T16:19:32.018+0100] {processor.py:829} INFO - Processing file /Users/pranavikusu/recurring_deliveries/venv/lib/python3.11/site-packages/airflow/example_dags/example_task_group.py for tasks to queue
[2024-11-06T16:19:32.018+0100] {logging_mixin.py:154} INFO - [2024-11-06T16:19:32.018+0100] {dagbag.py:536} INFO - Filling up the DagBag from /Users/pranavikusu/recurring_deliveries/venv/lib/python3.11/site-packages/airflow/example_dags/example_task_group.py
[2024-11-06T16:19:32.028+0100] {processor.py:839} INFO - DAG(s) dict_keys(['example_task_group']) retrieved from /Users/pranavikusu/recurring_deliveries/venv/lib/python3.11/site-packages/airflow/example_dags/example_task_group.py
[2024-11-06T16:19:32.090+0100] {logging_mixin.py:154} INFO - [2024-11-06T16:19:32.090+0100] {dag.py:2941} INFO - Sync 1 DAGs
[2024-11-06T16:19:32.096+0100] {logging_mixin.py:154} INFO - [2024-11-06T16:19:32.096+0100] {dag.py:3722} INFO - Setting next_dagrun for example_task_group to 2024-11-05T15:19:32.096769+00:00, run_after=2024-11-06T15:19:32.096769+00:00
[2024-11-06T16:19:32.103+0100] {processor.py:179} INFO - Processing /Users/pranavikusu/recurring_deliveries/venv/lib/python3.11/site-packages/airflow/example_dags/example_task_group.py took 0.088 seconds
[2024-11-06T16:20:53.893+0100] {processor.py:157} INFO - Started process (PID=74846) to work on /Users/pranavikusu/recurring_deliveries/venv/lib/python3.11/site-packages/airflow/example_dags/example_task_group.py
[2024-11-06T16:20:53.896+0100] {processor.py:829} INFO - Processing file /Users/pranavikusu/recurring_deliveries/venv/lib/python3.11/site-packages/airflow/example_dags/example_task_group.py for tasks to queue
[2024-11-06T16:20:53.896+0100] {logging_mixin.py:154} INFO - [2024-11-06T16:20:53.896+0100] {dagbag.py:536} INFO - Filling up the DagBag from /Users/pranavikusu/recurring_deliveries/venv/lib/python3.11/site-packages/airflow/example_dags/example_task_group.py
[2024-11-06T16:20:53.906+0100] {processor.py:839} INFO - DAG(s) dict_keys(['example_task_group']) retrieved from /Users/pranavikusu/recurring_deliveries/venv/lib/python3.11/site-packages/airflow/example_dags/example_task_group.py
[2024-11-06T16:20:53.967+0100] {logging_mixin.py:154} INFO - [2024-11-06T16:20:53.967+0100] {dag.py:2941} INFO - Sync 1 DAGs
[2024-11-06T16:20:53.973+0100] {logging_mixin.py:154} INFO - [2024-11-06T16:20:53.973+0100] {dag.py:3722} INFO - Setting next_dagrun for example_task_group to 2024-11-05T15:20:53.973432+00:00, run_after=2024-11-06T15:20:53.973432+00:00
[2024-11-06T16:20:53.980+0100] {processor.py:179} INFO - Processing /Users/pranavikusu/recurring_deliveries/venv/lib/python3.11/site-packages/airflow/example_dags/example_task_group.py took 0.087 seconds
[2024-11-06T16:22:21.063+0100] {processor.py:157} INFO - Started process (PID=74963) to work on /Users/pranavikusu/recurring_deliveries/venv/lib/python3.11/site-packages/airflow/example_dags/example_task_group.py
[2024-11-06T16:22:21.065+0100] {processor.py:829} INFO - Processing file /Users/pranavikusu/recurring_deliveries/venv/lib/python3.11/site-packages/airflow/example_dags/example_task_group.py for tasks to queue
[2024-11-06T16:22:21.066+0100] {logging_mixin.py:154} INFO - [2024-11-06T16:22:21.066+0100] {dagbag.py:536} INFO - Filling up the DagBag from /Users/pranavikusu/recurring_deliveries/venv/lib/python3.11/site-packages/airflow/example_dags/example_task_group.py
[2024-11-06T16:22:21.077+0100] {processor.py:839} INFO - DAG(s) dict_keys(['example_task_group']) retrieved from /Users/pranavikusu/recurring_deliveries/venv/lib/python3.11/site-packages/airflow/example_dags/example_task_group.py
[2024-11-06T16:22:21.141+0100] {logging_mixin.py:154} INFO - [2024-11-06T16:22:21.141+0100] {dag.py:2941} INFO - Sync 1 DAGs
[2024-11-06T16:22:21.148+0100] {logging_mixin.py:154} INFO - [2024-11-06T16:22:21.148+0100] {dag.py:3722} INFO - Setting next_dagrun for example_task_group to 2024-11-05T15:22:21.148080+00:00, run_after=2024-11-06T15:22:21.148080+00:00
[2024-11-06T16:22:21.155+0100] {processor.py:179} INFO - Processing /Users/pranavikusu/recurring_deliveries/venv/lib/python3.11/site-packages/airflow/example_dags/example_task_group.py took 0.093 seconds
[2024-11-06T16:24:00.108+0100] {processor.py:157} INFO - Started process (PID=75089) to work on /Users/pranavikusu/recurring_deliveries/venv/lib/python3.11/site-packages/airflow/example_dags/example_task_group.py
[2024-11-06T16:24:00.112+0100] {processor.py:829} INFO - Processing file /Users/pranavikusu/recurring_deliveries/venv/lib/python3.11/site-packages/airflow/example_dags/example_task_group.py for tasks to queue
[2024-11-06T16:24:00.112+0100] {logging_mixin.py:154} INFO - [2024-11-06T16:24:00.112+0100] {dagbag.py:536} INFO - Filling up the DagBag from /Users/pranavikusu/recurring_deliveries/venv/lib/python3.11/site-packages/airflow/example_dags/example_task_group.py
[2024-11-06T16:24:00.123+0100] {processor.py:839} INFO - DAG(s) dict_keys(['example_task_group']) retrieved from /Users/pranavikusu/recurring_deliveries/venv/lib/python3.11/site-packages/airflow/example_dags/example_task_group.py
[2024-11-06T16:24:00.187+0100] {logging_mixin.py:154} INFO - [2024-11-06T16:24:00.187+0100] {dag.py:2941} INFO - Sync 1 DAGs
[2024-11-06T16:24:00.193+0100] {logging_mixin.py:154} INFO - [2024-11-06T16:24:00.193+0100] {dag.py:3722} INFO - Setting next_dagrun for example_task_group to 2024-11-05T15:24:00.193766+00:00, run_after=2024-11-06T15:24:00.193766+00:00
[2024-11-06T16:24:00.201+0100] {processor.py:179} INFO - Processing /Users/pranavikusu/recurring_deliveries/venv/lib/python3.11/site-packages/airflow/example_dags/example_task_group.py took 0.093 seconds
