[2024-11-06T16:14:34.544+0100] {processor.py:157} INFO - Started process (PID=74449) to work on /Users/pranavikusu/recurring_deliveries/venv/lib/python3.11/site-packages/airflow/example_dags/example_params_ui_tutorial.py
[2024-11-06T16:14:34.546+0100] {processor.py:829} INFO - Processing file /Users/pranavikusu/recurring_deliveries/venv/lib/python3.11/site-packages/airflow/example_dags/example_params_ui_tutorial.py for tasks to queue
[2024-11-06T16:14:34.547+0100] {logging_mixin.py:154} INFO - [2024-11-06T16:14:34.547+0100] {dagbag.py:536} INFO - Filling up the DagBag from /Users/pranavikusu/recurring_deliveries/venv/lib/python3.11/site-packages/airflow/example_dags/example_params_ui_tutorial.py
[2024-11-06T16:14:34.590+0100] {processor.py:839} INFO - DAG(s) dict_keys(['example_params_ui_tutorial']) retrieved from /Users/pranavikusu/recurring_deliveries/venv/lib/python3.11/site-packages/airflow/example_dags/example_params_ui_tutorial.py
[2024-11-06T16:14:34.800+0100] {logging_mixin.py:154} INFO - [2024-11-06T16:14:34.800+0100] {manager.py:499} INFO - Created Permission View: %s
[2024-11-06T16:14:34.803+0100] {logging_mixin.py:154} INFO - [2024-11-06T16:14:34.803+0100] {manager.py:499} INFO - Created Permission View: %s
[2024-11-06T16:14:34.806+0100] {logging_mixin.py:154} INFO - [2024-11-06T16:14:34.805+0100] {manager.py:499} INFO - Created Permission View: %s
[2024-11-06T16:14:34.806+0100] {logging_mixin.py:154} INFO - [2024-11-06T16:14:34.806+0100] {dag.py:2941} INFO - Sync 1 DAGs
[2024-11-06T16:14:34.809+0100] {logging_mixin.py:154} INFO - [2024-11-06T16:14:34.809+0100] {dag.py:2963} INFO - Creating ORM DAG for example_params_ui_tutorial
[2024-11-06T16:14:34.809+0100] {logging_mixin.py:154} INFO - [2024-11-06T16:14:34.809+0100] {dag.py:3722} INFO - Setting next_dagrun for example_params_ui_tutorial to None, run_after=None
[2024-11-06T16:14:34.816+0100] {processor.py:179} INFO - Processing /Users/pranavikusu/recurring_deliveries/venv/lib/python3.11/site-packages/airflow/example_dags/example_params_ui_tutorial.py took 0.272 seconds
[2024-11-06T16:15:49.798+0100] {processor.py:157} INFO - Started process (PID=74531) to work on /Users/pranavikusu/recurring_deliveries/venv/lib/python3.11/site-packages/airflow/example_dags/example_params_ui_tutorial.py
[2024-11-06T16:15:49.800+0100] {processor.py:829} INFO - Processing file /Users/pranavikusu/recurring_deliveries/venv/lib/python3.11/site-packages/airflow/example_dags/example_params_ui_tutorial.py for tasks to queue
[2024-11-06T16:15:49.800+0100] {logging_mixin.py:154} INFO - [2024-11-06T16:15:49.800+0100] {dagbag.py:536} INFO - Filling up the DagBag from /Users/pranavikusu/recurring_deliveries/venv/lib/python3.11/site-packages/airflow/example_dags/example_params_ui_tutorial.py
[2024-11-06T16:15:49.845+0100] {processor.py:839} INFO - DAG(s) dict_keys(['example_params_ui_tutorial']) retrieved from /Users/pranavikusu/recurring_deliveries/venv/lib/python3.11/site-packages/airflow/example_dags/example_params_ui_tutorial.py
[2024-11-06T16:15:49.899+0100] {logging_mixin.py:154} INFO - [2024-11-06T16:15:49.899+0100] {dag.py:2941} INFO - Sync 1 DAGs
[2024-11-06T16:15:49.902+0100] {logging_mixin.py:154} INFO - [2024-11-06T16:15:49.902+0100] {dag.py:3722} INFO - Setting next_dagrun for example_params_ui_tutorial to None, run_after=None
[2024-11-06T16:15:49.909+0100] {processor.py:179} INFO - Processing /Users/pranavikusu/recurring_deliveries/venv/lib/python3.11/site-packages/airflow/example_dags/example_params_ui_tutorial.py took 0.112 seconds
[2024-11-06T16:17:05.997+0100] {processor.py:157} INFO - Started process (PID=74593) to work on /Users/pranavikusu/recurring_deliveries/venv/lib/python3.11/site-packages/airflow/example_dags/example_params_ui_tutorial.py
[2024-11-06T16:17:05.999+0100] {processor.py:829} INFO - Processing file /Users/pranavikusu/recurring_deliveries/venv/lib/python3.11/site-packages/airflow/example_dags/example_params_ui_tutorial.py for tasks to queue
[2024-11-06T16:17:06.000+0100] {logging_mixin.py:154} INFO - [2024-11-06T16:17:06.000+0100] {dagbag.py:536} INFO - Filling up the DagBag from /Users/pranavikusu/recurring_deliveries/venv/lib/python3.11/site-packages/airflow/example_dags/example_params_ui_tutorial.py
[2024-11-06T16:17:06.042+0100] {processor.py:839} INFO - DAG(s) dict_keys(['example_params_ui_tutorial']) retrieved from /Users/pranavikusu/recurring_deliveries/venv/lib/python3.11/site-packages/airflow/example_dags/example_params_ui_tutorial.py
[2024-11-06T16:17:06.093+0100] {logging_mixin.py:154} INFO - [2024-11-06T16:17:06.093+0100] {dag.py:2941} INFO - Sync 1 DAGs
[2024-11-06T16:17:06.096+0100] {logging_mixin.py:154} INFO - [2024-11-06T16:17:06.096+0100] {dag.py:3722} INFO - Setting next_dagrun for example_params_ui_tutorial to None, run_after=None
[2024-11-06T16:17:06.103+0100] {processor.py:179} INFO - Processing /Users/pranavikusu/recurring_deliveries/venv/lib/python3.11/site-packages/airflow/example_dags/example_params_ui_tutorial.py took 0.107 seconds
[2024-11-06T16:18:24.759+0100] {processor.py:157} INFO - Started process (PID=74657) to work on /Users/pranavikusu/recurring_deliveries/venv/lib/python3.11/site-packages/airflow/example_dags/example_params_ui_tutorial.py
[2024-11-06T16:18:24.762+0100] {processor.py:829} INFO - Processing file /Users/pranavikusu/recurring_deliveries/venv/lib/python3.11/site-packages/airflow/example_dags/example_params_ui_tutorial.py for tasks to queue
[2024-11-06T16:18:24.762+0100] {logging_mixin.py:154} INFO - [2024-11-06T16:18:24.762+0100] {dagbag.py:536} INFO - Filling up the DagBag from /Users/pranavikusu/recurring_deliveries/venv/lib/python3.11/site-packages/airflow/example_dags/example_params_ui_tutorial.py
[2024-11-06T16:18:24.809+0100] {processor.py:839} INFO - DAG(s) dict_keys(['example_params_ui_tutorial']) retrieved from /Users/pranavikusu/recurring_deliveries/venv/lib/python3.11/site-packages/airflow/example_dags/example_params_ui_tutorial.py
[2024-11-06T16:18:24.864+0100] {logging_mixin.py:154} INFO - [2024-11-06T16:18:24.864+0100] {dag.py:2941} INFO - Sync 1 DAGs
[2024-11-06T16:18:24.868+0100] {logging_mixin.py:154} INFO - [2024-11-06T16:18:24.868+0100] {dag.py:3722} INFO - Setting next_dagrun for example_params_ui_tutorial to None, run_after=None
[2024-11-06T16:18:24.876+0100] {processor.py:179} INFO - Processing /Users/pranavikusu/recurring_deliveries/venv/lib/python3.11/site-packages/airflow/example_dags/example_params_ui_tutorial.py took 0.118 seconds
[2024-11-06T16:19:48.400+0100] {processor.py:157} INFO - Started process (PID=74755) to work on /Users/pranavikusu/recurring_deliveries/venv/lib/python3.11/site-packages/airflow/example_dags/example_params_ui_tutorial.py
[2024-11-06T16:19:48.402+0100] {processor.py:829} INFO - Processing file /Users/pranavikusu/recurring_deliveries/venv/lib/python3.11/site-packages/airflow/example_dags/example_params_ui_tutorial.py for tasks to queue
[2024-11-06T16:19:48.403+0100] {logging_mixin.py:154} INFO - [2024-11-06T16:19:48.403+0100] {dagbag.py:536} INFO - Filling up the DagBag from /Users/pranavikusu/recurring_deliveries/venv/lib/python3.11/site-packages/airflow/example_dags/example_params_ui_tutorial.py
[2024-11-06T16:19:48.445+0100] {processor.py:839} INFO - DAG(s) dict_keys(['example_params_ui_tutorial']) retrieved from /Users/pranavikusu/recurring_deliveries/venv/lib/python3.11/site-packages/airflow/example_dags/example_params_ui_tutorial.py
[2024-11-06T16:19:48.497+0100] {logging_mixin.py:154} INFO - [2024-11-06T16:19:48.496+0100] {dag.py:2941} INFO - Sync 1 DAGs
[2024-11-06T16:19:48.500+0100] {logging_mixin.py:154} INFO - [2024-11-06T16:19:48.500+0100] {dag.py:3722} INFO - Setting next_dagrun for example_params_ui_tutorial to None, run_after=None
[2024-11-06T16:19:48.507+0100] {processor.py:179} INFO - Processing /Users/pranavikusu/recurring_deliveries/venv/lib/python3.11/site-packages/airflow/example_dags/example_params_ui_tutorial.py took 0.108 seconds
[2024-11-06T16:21:13.479+0100] {processor.py:157} INFO - Started process (PID=74862) to work on /Users/pranavikusu/recurring_deliveries/venv/lib/python3.11/site-packages/airflow/example_dags/example_params_ui_tutorial.py
[2024-11-06T16:21:13.482+0100] {processor.py:829} INFO - Processing file /Users/pranavikusu/recurring_deliveries/venv/lib/python3.11/site-packages/airflow/example_dags/example_params_ui_tutorial.py for tasks to queue
[2024-11-06T16:21:13.482+0100] {logging_mixin.py:154} INFO - [2024-11-06T16:21:13.482+0100] {dagbag.py:536} INFO - Filling up the DagBag from /Users/pranavikusu/recurring_deliveries/venv/lib/python3.11/site-packages/airflow/example_dags/example_params_ui_tutorial.py
[2024-11-06T16:21:13.525+0100] {processor.py:839} INFO - DAG(s) dict_keys(['example_params_ui_tutorial']) retrieved from /Users/pranavikusu/recurring_deliveries/venv/lib/python3.11/site-packages/airflow/example_dags/example_params_ui_tutorial.py
[2024-11-06T16:21:13.578+0100] {logging_mixin.py:154} INFO - [2024-11-06T16:21:13.578+0100] {dag.py:2941} INFO - Sync 1 DAGs
[2024-11-06T16:21:13.581+0100] {logging_mixin.py:154} INFO - [2024-11-06T16:21:13.581+0100] {dag.py:3722} INFO - Setting next_dagrun for example_params_ui_tutorial to None, run_after=None
[2024-11-06T16:21:13.588+0100] {processor.py:179} INFO - Processing /Users/pranavikusu/recurring_deliveries/venv/lib/python3.11/site-packages/airflow/example_dags/example_params_ui_tutorial.py took 0.109 seconds
[2024-11-06T16:22:42.081+0100] {processor.py:157} INFO - Started process (PID=74982) to work on /Users/pranavikusu/recurring_deliveries/venv/lib/python3.11/site-packages/airflow/example_dags/example_params_ui_tutorial.py
[2024-11-06T16:22:42.084+0100] {processor.py:829} INFO - Processing file /Users/pranavikusu/recurring_deliveries/venv/lib/python3.11/site-packages/airflow/example_dags/example_params_ui_tutorial.py for tasks to queue
[2024-11-06T16:22:42.084+0100] {logging_mixin.py:154} INFO - [2024-11-06T16:22:42.084+0100] {dagbag.py:536} INFO - Filling up the DagBag from /Users/pranavikusu/recurring_deliveries/venv/lib/python3.11/site-packages/airflow/example_dags/example_params_ui_tutorial.py
[2024-11-06T16:22:42.128+0100] {processor.py:839} INFO - DAG(s) dict_keys(['example_params_ui_tutorial']) retrieved from /Users/pranavikusu/recurring_deliveries/venv/lib/python3.11/site-packages/airflow/example_dags/example_params_ui_tutorial.py
[2024-11-06T16:22:42.183+0100] {logging_mixin.py:154} INFO - [2024-11-06T16:22:42.183+0100] {dag.py:2941} INFO - Sync 1 DAGs
[2024-11-06T16:22:42.187+0100] {logging_mixin.py:154} INFO - [2024-11-06T16:22:42.187+0100] {dag.py:3722} INFO - Setting next_dagrun for example_params_ui_tutorial to None, run_after=None
[2024-11-06T16:22:42.194+0100] {processor.py:179} INFO - Processing /Users/pranavikusu/recurring_deliveries/venv/lib/python3.11/site-packages/airflow/example_dags/example_params_ui_tutorial.py took 0.113 seconds
[2024-11-06T16:24:21.062+0100] {processor.py:157} INFO - Started process (PID=75109) to work on /Users/pranavikusu/recurring_deliveries/venv/lib/python3.11/site-packages/airflow/example_dags/example_params_ui_tutorial.py
[2024-11-06T16:24:21.064+0100] {processor.py:829} INFO - Processing file /Users/pranavikusu/recurring_deliveries/venv/lib/python3.11/site-packages/airflow/example_dags/example_params_ui_tutorial.py for tasks to queue
[2024-11-06T16:24:21.065+0100] {logging_mixin.py:154} INFO - [2024-11-06T16:24:21.065+0100] {dagbag.py:536} INFO - Filling up the DagBag from /Users/pranavikusu/recurring_deliveries/venv/lib/python3.11/site-packages/airflow/example_dags/example_params_ui_tutorial.py
[2024-11-06T16:24:21.109+0100] {processor.py:839} INFO - DAG(s) dict_keys(['example_params_ui_tutorial']) retrieved from /Users/pranavikusu/recurring_deliveries/venv/lib/python3.11/site-packages/airflow/example_dags/example_params_ui_tutorial.py
[2024-11-06T16:24:21.162+0100] {logging_mixin.py:154} INFO - [2024-11-06T16:24:21.161+0100] {dag.py:2941} INFO - Sync 1 DAGs
[2024-11-06T16:24:21.165+0100] {logging_mixin.py:154} INFO - [2024-11-06T16:24:21.165+0100] {dag.py:3722} INFO - Setting next_dagrun for example_params_ui_tutorial to None, run_after=None
[2024-11-06T16:24:21.171+0100] {processor.py:179} INFO - Processing /Users/pranavikusu/recurring_deliveries/venv/lib/python3.11/site-packages/airflow/example_dags/example_params_ui_tutorial.py took 0.110 seconds
