[2024-11-06T16:14:20.890+0100] {processor.py:157} INFO - Started process (PID=74432) to work on /Users/pranavikusu/recurring_deliveries/venv/lib/python3.11/site-packages/airflow/example_dags/example_short_circuit_operator.py
[2024-11-06T16:14:20.893+0100] {processor.py:829} INFO - Processing file /Users/pranavikusu/recurring_deliveries/venv/lib/python3.11/site-packages/airflow/example_dags/example_short_circuit_operator.py for tasks to queue
[2024-11-06T16:14:20.893+0100] {logging_mixin.py:154} INFO - [2024-11-06T16:14:20.893+0100] {dagbag.py:536} INFO - Filling up the DagBag from /Users/pranavikusu/recurring_deliveries/venv/lib/python3.11/site-packages/airflow/example_dags/example_short_circuit_operator.py
[2024-11-06T16:14:20.910+0100] {processor.py:839} INFO - DAG(s) dict_keys(['example_short_circuit_operator']) retrieved from /Users/pranavikusu/recurring_deliveries/venv/lib/python3.11/site-packages/airflow/example_dags/example_short_circuit_operator.py
[2024-11-06T16:14:21.161+0100] {logging_mixin.py:154} INFO - [2024-11-06T16:14:21.161+0100] {manager.py:499} INFO - Created Permission View: %s
[2024-11-06T16:14:21.164+0100] {logging_mixin.py:154} INFO - [2024-11-06T16:14:21.164+0100] {manager.py:499} INFO - Created Permission View: %s
[2024-11-06T16:14:21.166+0100] {logging_mixin.py:154} INFO - [2024-11-06T16:14:21.166+0100] {manager.py:499} INFO - Created Permission View: %s
[2024-11-06T16:14:21.166+0100] {logging_mixin.py:154} INFO - [2024-11-06T16:14:21.166+0100] {dag.py:2941} INFO - Sync 1 DAGs
[2024-11-06T16:14:21.170+0100] {logging_mixin.py:154} INFO - [2024-11-06T16:14:21.170+0100] {dag.py:2963} INFO - Creating ORM DAG for example_short_circuit_operator
[2024-11-06T16:14:21.173+0100] {logging_mixin.py:154} INFO - [2024-11-06T16:14:21.173+0100] {dag.py:3722} INFO - Setting next_dagrun for example_short_circuit_operator to 2024-11-05T15:14:21.172970+00:00, run_after=2024-11-06T15:14:21.172970+00:00
[2024-11-06T16:14:21.180+0100] {processor.py:179} INFO - Processing /Users/pranavikusu/recurring_deliveries/venv/lib/python3.11/site-packages/airflow/example_dags/example_short_circuit_operator.py took 0.290 seconds
[2024-11-06T16:15:37.624+0100] {processor.py:157} INFO - Started process (PID=74517) to work on /Users/pranavikusu/recurring_deliveries/venv/lib/python3.11/site-packages/airflow/example_dags/example_short_circuit_operator.py
[2024-11-06T16:15:37.627+0100] {processor.py:829} INFO - Processing file /Users/pranavikusu/recurring_deliveries/venv/lib/python3.11/site-packages/airflow/example_dags/example_short_circuit_operator.py for tasks to queue
[2024-11-06T16:15:37.627+0100] {logging_mixin.py:154} INFO - [2024-11-06T16:15:37.627+0100] {dagbag.py:536} INFO - Filling up the DagBag from /Users/pranavikusu/recurring_deliveries/venv/lib/python3.11/site-packages/airflow/example_dags/example_short_circuit_operator.py
[2024-11-06T16:15:37.641+0100] {processor.py:839} INFO - DAG(s) dict_keys(['example_short_circuit_operator']) retrieved from /Users/pranavikusu/recurring_deliveries/venv/lib/python3.11/site-packages/airflow/example_dags/example_short_circuit_operator.py
[2024-11-06T16:15:37.703+0100] {logging_mixin.py:154} INFO - [2024-11-06T16:15:37.703+0100] {dag.py:2941} INFO - Sync 1 DAGs
[2024-11-06T16:15:37.709+0100] {logging_mixin.py:154} INFO - [2024-11-06T16:15:37.709+0100] {dag.py:3722} INFO - Setting next_dagrun for example_short_circuit_operator to 2024-11-05T15:15:37.709157+00:00, run_after=2024-11-06T15:15:37.709157+00:00
[2024-11-06T16:15:37.716+0100] {processor.py:179} INFO - Processing /Users/pranavikusu/recurring_deliveries/venv/lib/python3.11/site-packages/airflow/example_dags/example_short_circuit_operator.py took 0.092 seconds
[2024-11-06T16:16:52.805+0100] {processor.py:157} INFO - Started process (PID=74584) to work on /Users/pranavikusu/recurring_deliveries/venv/lib/python3.11/site-packages/airflow/example_dags/example_short_circuit_operator.py
[2024-11-06T16:16:52.807+0100] {processor.py:829} INFO - Processing file /Users/pranavikusu/recurring_deliveries/venv/lib/python3.11/site-packages/airflow/example_dags/example_short_circuit_operator.py for tasks to queue
[2024-11-06T16:16:52.807+0100] {logging_mixin.py:154} INFO - [2024-11-06T16:16:52.807+0100] {dagbag.py:536} INFO - Filling up the DagBag from /Users/pranavikusu/recurring_deliveries/venv/lib/python3.11/site-packages/airflow/example_dags/example_short_circuit_operator.py
[2024-11-06T16:16:52.822+0100] {processor.py:839} INFO - DAG(s) dict_keys(['example_short_circuit_operator']) retrieved from /Users/pranavikusu/recurring_deliveries/venv/lib/python3.11/site-packages/airflow/example_dags/example_short_circuit_operator.py
[2024-11-06T16:16:52.884+0100] {logging_mixin.py:154} INFO - [2024-11-06T16:16:52.884+0100] {dag.py:2941} INFO - Sync 1 DAGs
[2024-11-06T16:16:52.889+0100] {logging_mixin.py:154} INFO - [2024-11-06T16:16:52.889+0100] {dag.py:3722} INFO - Setting next_dagrun for example_short_circuit_operator to 2024-11-05T15:16:52.889786+00:00, run_after=2024-11-06T15:16:52.889786+00:00
[2024-11-06T16:16:52.896+0100] {processor.py:179} INFO - Processing /Users/pranavikusu/recurring_deliveries/venv/lib/python3.11/site-packages/airflow/example_dags/example_short_circuit_operator.py took 0.092 seconds
[2024-11-06T16:18:11.175+0100] {processor.py:157} INFO - Started process (PID=74649) to work on /Users/pranavikusu/recurring_deliveries/venv/lib/python3.11/site-packages/airflow/example_dags/example_short_circuit_operator.py
[2024-11-06T16:18:11.177+0100] {processor.py:829} INFO - Processing file /Users/pranavikusu/recurring_deliveries/venv/lib/python3.11/site-packages/airflow/example_dags/example_short_circuit_operator.py for tasks to queue
[2024-11-06T16:18:11.177+0100] {logging_mixin.py:154} INFO - [2024-11-06T16:18:11.177+0100] {dagbag.py:536} INFO - Filling up the DagBag from /Users/pranavikusu/recurring_deliveries/venv/lib/python3.11/site-packages/airflow/example_dags/example_short_circuit_operator.py
[2024-11-06T16:18:11.192+0100] {processor.py:839} INFO - DAG(s) dict_keys(['example_short_circuit_operator']) retrieved from /Users/pranavikusu/recurring_deliveries/venv/lib/python3.11/site-packages/airflow/example_dags/example_short_circuit_operator.py
[2024-11-06T16:18:11.255+0100] {logging_mixin.py:154} INFO - [2024-11-06T16:18:11.255+0100] {dag.py:2941} INFO - Sync 1 DAGs
[2024-11-06T16:18:11.260+0100] {logging_mixin.py:154} INFO - [2024-11-06T16:18:11.260+0100] {dag.py:3722} INFO - Setting next_dagrun for example_short_circuit_operator to 2024-11-05T15:18:11.260837+00:00, run_after=2024-11-06T15:18:11.260837+00:00
[2024-11-06T16:18:11.267+0100] {processor.py:179} INFO - Processing /Users/pranavikusu/recurring_deliveries/venv/lib/python3.11/site-packages/airflow/example_dags/example_short_circuit_operator.py took 0.093 seconds
[2024-11-06T16:19:37.642+0100] {processor.py:157} INFO - Started process (PID=74747) to work on /Users/pranavikusu/recurring_deliveries/venv/lib/python3.11/site-packages/airflow/example_dags/example_short_circuit_operator.py
[2024-11-06T16:19:37.645+0100] {processor.py:829} INFO - Processing file /Users/pranavikusu/recurring_deliveries/venv/lib/python3.11/site-packages/airflow/example_dags/example_short_circuit_operator.py for tasks to queue
[2024-11-06T16:19:37.645+0100] {logging_mixin.py:154} INFO - [2024-11-06T16:19:37.645+0100] {dagbag.py:536} INFO - Filling up the DagBag from /Users/pranavikusu/recurring_deliveries/venv/lib/python3.11/site-packages/airflow/example_dags/example_short_circuit_operator.py
[2024-11-06T16:19:37.666+0100] {processor.py:839} INFO - DAG(s) dict_keys(['example_short_circuit_operator']) retrieved from /Users/pranavikusu/recurring_deliveries/venv/lib/python3.11/site-packages/airflow/example_dags/example_short_circuit_operator.py
[2024-11-06T16:19:37.734+0100] {logging_mixin.py:154} INFO - [2024-11-06T16:19:37.734+0100] {dag.py:2941} INFO - Sync 1 DAGs
[2024-11-06T16:19:37.739+0100] {logging_mixin.py:154} INFO - [2024-11-06T16:19:37.739+0100] {dag.py:3722} INFO - Setting next_dagrun for example_short_circuit_operator to 2024-11-05T15:19:37.739818+00:00, run_after=2024-11-06T15:19:37.739818+00:00
[2024-11-06T16:19:37.746+0100] {processor.py:179} INFO - Processing /Users/pranavikusu/recurring_deliveries/venv/lib/python3.11/site-packages/airflow/example_dags/example_short_circuit_operator.py took 0.104 seconds
[2024-11-06T16:20:59.510+0100] {processor.py:157} INFO - Started process (PID=74851) to work on /Users/pranavikusu/recurring_deliveries/venv/lib/python3.11/site-packages/airflow/example_dags/example_short_circuit_operator.py
[2024-11-06T16:20:59.512+0100] {processor.py:829} INFO - Processing file /Users/pranavikusu/recurring_deliveries/venv/lib/python3.11/site-packages/airflow/example_dags/example_short_circuit_operator.py for tasks to queue
[2024-11-06T16:20:59.512+0100] {logging_mixin.py:154} INFO - [2024-11-06T16:20:59.512+0100] {dagbag.py:536} INFO - Filling up the DagBag from /Users/pranavikusu/recurring_deliveries/venv/lib/python3.11/site-packages/airflow/example_dags/example_short_circuit_operator.py
[2024-11-06T16:20:59.527+0100] {processor.py:839} INFO - DAG(s) dict_keys(['example_short_circuit_operator']) retrieved from /Users/pranavikusu/recurring_deliveries/venv/lib/python3.11/site-packages/airflow/example_dags/example_short_circuit_operator.py
[2024-11-06T16:20:59.590+0100] {logging_mixin.py:154} INFO - [2024-11-06T16:20:59.590+0100] {dag.py:2941} INFO - Sync 1 DAGs
[2024-11-06T16:20:59.596+0100] {logging_mixin.py:154} INFO - [2024-11-06T16:20:59.595+0100] {dag.py:3722} INFO - Setting next_dagrun for example_short_circuit_operator to 2024-11-05T15:20:59.595901+00:00, run_after=2024-11-06T15:20:59.595901+00:00
[2024-11-06T16:20:59.603+0100] {processor.py:179} INFO - Processing /Users/pranavikusu/recurring_deliveries/venv/lib/python3.11/site-packages/airflow/example_dags/example_short_circuit_operator.py took 0.094 seconds
[2024-11-06T16:22:27.821+0100] {processor.py:157} INFO - Started process (PID=74971) to work on /Users/pranavikusu/recurring_deliveries/venv/lib/python3.11/site-packages/airflow/example_dags/example_short_circuit_operator.py
[2024-11-06T16:22:27.824+0100] {processor.py:829} INFO - Processing file /Users/pranavikusu/recurring_deliveries/venv/lib/python3.11/site-packages/airflow/example_dags/example_short_circuit_operator.py for tasks to queue
[2024-11-06T16:22:27.824+0100] {logging_mixin.py:154} INFO - [2024-11-06T16:22:27.824+0100] {dagbag.py:536} INFO - Filling up the DagBag from /Users/pranavikusu/recurring_deliveries/venv/lib/python3.11/site-packages/airflow/example_dags/example_short_circuit_operator.py
[2024-11-06T16:22:27.838+0100] {processor.py:839} INFO - DAG(s) dict_keys(['example_short_circuit_operator']) retrieved from /Users/pranavikusu/recurring_deliveries/venv/lib/python3.11/site-packages/airflow/example_dags/example_short_circuit_operator.py
[2024-11-06T16:22:27.914+0100] {logging_mixin.py:154} INFO - [2024-11-06T16:22:27.913+0100] {dag.py:2941} INFO - Sync 1 DAGs
[2024-11-06T16:22:27.921+0100] {logging_mixin.py:154} INFO - [2024-11-06T16:22:27.921+0100] {dag.py:3722} INFO - Setting next_dagrun for example_short_circuit_operator to 2024-11-05T15:22:27.921121+00:00, run_after=2024-11-06T15:22:27.921121+00:00
[2024-11-06T16:22:27.931+0100] {processor.py:179} INFO - Processing /Users/pranavikusu/recurring_deliveries/venv/lib/python3.11/site-packages/airflow/example_dags/example_short_circuit_operator.py took 0.110 seconds
[2024-11-06T16:24:07.084+0100] {processor.py:157} INFO - Started process (PID=75095) to work on /Users/pranavikusu/recurring_deliveries/venv/lib/python3.11/site-packages/airflow/example_dags/example_short_circuit_operator.py
[2024-11-06T16:24:07.090+0100] {processor.py:829} INFO - Processing file /Users/pranavikusu/recurring_deliveries/venv/lib/python3.11/site-packages/airflow/example_dags/example_short_circuit_operator.py for tasks to queue
[2024-11-06T16:24:07.090+0100] {logging_mixin.py:154} INFO - [2024-11-06T16:24:07.090+0100] {dagbag.py:536} INFO - Filling up the DagBag from /Users/pranavikusu/recurring_deliveries/venv/lib/python3.11/site-packages/airflow/example_dags/example_short_circuit_operator.py
[2024-11-06T16:24:07.109+0100] {processor.py:839} INFO - DAG(s) dict_keys(['example_short_circuit_operator']) retrieved from /Users/pranavikusu/recurring_deliveries/venv/lib/python3.11/site-packages/airflow/example_dags/example_short_circuit_operator.py
[2024-11-06T16:24:07.182+0100] {logging_mixin.py:154} INFO - [2024-11-06T16:24:07.182+0100] {dag.py:2941} INFO - Sync 1 DAGs
[2024-11-06T16:24:07.189+0100] {logging_mixin.py:154} INFO - [2024-11-06T16:24:07.189+0100] {dag.py:3722} INFO - Setting next_dagrun for example_short_circuit_operator to 2024-11-05T15:24:07.188991+00:00, run_after=2024-11-06T15:24:07.188991+00:00
[2024-11-06T16:24:07.196+0100] {processor.py:179} INFO - Processing /Users/pranavikusu/recurring_deliveries/venv/lib/python3.11/site-packages/airflow/example_dags/example_short_circuit_operator.py took 0.113 seconds
