[2024-11-06T16:14:06.066+0100] {processor.py:157} INFO - Started process (PID=74416) to work on /Users/pranavikusu/recurring_deliveries/venv/lib/python3.11/site-packages/airflow/example_dags/example_trigger_target_dag.py
[2024-11-06T16:14:06.068+0100] {processor.py:829} INFO - Processing file /Users/pranavikusu/recurring_deliveries/venv/lib/python3.11/site-packages/airflow/example_dags/example_trigger_target_dag.py for tasks to queue
[2024-11-06T16:14:06.068+0100] {logging_mixin.py:154} INFO - [2024-11-06T16:14:06.068+0100] {dagbag.py:536} INFO - Filling up the DagBag from /Users/pranavikusu/recurring_deliveries/venv/lib/python3.11/site-packages/airflow/example_dags/example_trigger_target_dag.py
[2024-11-06T16:14:06.089+0100] {processor.py:839} INFO - DAG(s) dict_keys(['example_trigger_target_dag']) retrieved from /Users/pranavikusu/recurring_deliveries/venv/lib/python3.11/site-packages/airflow/example_dags/example_trigger_target_dag.py
[2024-11-06T16:14:06.311+0100] {logging_mixin.py:154} INFO - [2024-11-06T16:14:06.311+0100] {manager.py:499} INFO - Created Permission View: %s
[2024-11-06T16:14:06.314+0100] {logging_mixin.py:154} INFO - [2024-11-06T16:14:06.314+0100] {manager.py:499} INFO - Created Permission View: %s
[2024-11-06T16:14:06.316+0100] {logging_mixin.py:154} INFO - [2024-11-06T16:14:06.316+0100] {manager.py:499} INFO - Created Permission View: %s
[2024-11-06T16:14:06.316+0100] {logging_mixin.py:154} INFO - [2024-11-06T16:14:06.316+0100] {dag.py:2941} INFO - Sync 1 DAGs
[2024-11-06T16:14:06.319+0100] {logging_mixin.py:154} INFO - [2024-11-06T16:14:06.319+0100] {dag.py:2963} INFO - Creating ORM DAG for example_trigger_target_dag
[2024-11-06T16:14:06.319+0100] {logging_mixin.py:154} INFO - [2024-11-06T16:14:06.319+0100] {dag.py:3722} INFO - Setting next_dagrun for example_trigger_target_dag to None, run_after=None
[2024-11-06T16:14:06.326+0100] {processor.py:179} INFO - Processing /Users/pranavikusu/recurring_deliveries/venv/lib/python3.11/site-packages/airflow/example_dags/example_trigger_target_dag.py took 0.260 seconds
[2024-11-06T16:15:25.986+0100] {processor.py:157} INFO - Started process (PID=74507) to work on /Users/pranavikusu/recurring_deliveries/venv/lib/python3.11/site-packages/airflow/example_dags/example_trigger_target_dag.py
[2024-11-06T16:15:25.989+0100] {processor.py:829} INFO - Processing file /Users/pranavikusu/recurring_deliveries/venv/lib/python3.11/site-packages/airflow/example_dags/example_trigger_target_dag.py for tasks to queue
[2024-11-06T16:15:25.989+0100] {logging_mixin.py:154} INFO - [2024-11-06T16:15:25.989+0100] {dagbag.py:536} INFO - Filling up the DagBag from /Users/pranavikusu/recurring_deliveries/venv/lib/python3.11/site-packages/airflow/example_dags/example_trigger_target_dag.py
[2024-11-06T16:15:26.010+0100] {processor.py:839} INFO - DAG(s) dict_keys(['example_trigger_target_dag']) retrieved from /Users/pranavikusu/recurring_deliveries/venv/lib/python3.11/site-packages/airflow/example_dags/example_trigger_target_dag.py
[2024-11-06T16:15:26.068+0100] {logging_mixin.py:154} INFO - [2024-11-06T16:15:26.067+0100] {dag.py:2941} INFO - Sync 1 DAGs
[2024-11-06T16:15:26.071+0100] {logging_mixin.py:154} INFO - [2024-11-06T16:15:26.071+0100] {dag.py:3722} INFO - Setting next_dagrun for example_trigger_target_dag to None, run_after=None
[2024-11-06T16:15:26.078+0100] {processor.py:179} INFO - Processing /Users/pranavikusu/recurring_deliveries/venv/lib/python3.11/site-packages/airflow/example_dags/example_trigger_target_dag.py took 0.092 seconds
[2024-11-06T16:16:42.137+0100] {processor.py:157} INFO - Started process (PID=74574) to work on /Users/pranavikusu/recurring_deliveries/venv/lib/python3.11/site-packages/airflow/example_dags/example_trigger_target_dag.py
[2024-11-06T16:16:42.140+0100] {processor.py:829} INFO - Processing file /Users/pranavikusu/recurring_deliveries/venv/lib/python3.11/site-packages/airflow/example_dags/example_trigger_target_dag.py for tasks to queue
[2024-11-06T16:16:42.140+0100] {logging_mixin.py:154} INFO - [2024-11-06T16:16:42.140+0100] {dagbag.py:536} INFO - Filling up the DagBag from /Users/pranavikusu/recurring_deliveries/venv/lib/python3.11/site-packages/airflow/example_dags/example_trigger_target_dag.py
[2024-11-06T16:16:42.168+0100] {processor.py:839} INFO - DAG(s) dict_keys(['example_trigger_target_dag']) retrieved from /Users/pranavikusu/recurring_deliveries/venv/lib/python3.11/site-packages/airflow/example_dags/example_trigger_target_dag.py
[2024-11-06T16:16:42.231+0100] {logging_mixin.py:154} INFO - [2024-11-06T16:16:42.230+0100] {dag.py:2941} INFO - Sync 1 DAGs
[2024-11-06T16:16:42.234+0100] {logging_mixin.py:154} INFO - [2024-11-06T16:16:42.234+0100] {dag.py:3722} INFO - Setting next_dagrun for example_trigger_target_dag to None, run_after=None
[2024-11-06T16:16:42.241+0100] {processor.py:179} INFO - Processing /Users/pranavikusu/recurring_deliveries/venv/lib/python3.11/site-packages/airflow/example_dags/example_trigger_target_dag.py took 0.104 seconds
[2024-11-06T16:18:00.533+0100] {processor.py:157} INFO - Started process (PID=74641) to work on /Users/pranavikusu/recurring_deliveries/venv/lib/python3.11/site-packages/airflow/example_dags/example_trigger_target_dag.py
[2024-11-06T16:18:00.535+0100] {processor.py:829} INFO - Processing file /Users/pranavikusu/recurring_deliveries/venv/lib/python3.11/site-packages/airflow/example_dags/example_trigger_target_dag.py for tasks to queue
[2024-11-06T16:18:00.535+0100] {logging_mixin.py:154} INFO - [2024-11-06T16:18:00.535+0100] {dagbag.py:536} INFO - Filling up the DagBag from /Users/pranavikusu/recurring_deliveries/venv/lib/python3.11/site-packages/airflow/example_dags/example_trigger_target_dag.py
[2024-11-06T16:18:00.556+0100] {processor.py:839} INFO - DAG(s) dict_keys(['example_trigger_target_dag']) retrieved from /Users/pranavikusu/recurring_deliveries/venv/lib/python3.11/site-packages/airflow/example_dags/example_trigger_target_dag.py
[2024-11-06T16:18:00.616+0100] {logging_mixin.py:154} INFO - [2024-11-06T16:18:00.615+0100] {dag.py:2941} INFO - Sync 1 DAGs
[2024-11-06T16:18:00.619+0100] {logging_mixin.py:154} INFO - [2024-11-06T16:18:00.619+0100] {dag.py:3722} INFO - Setting next_dagrun for example_trigger_target_dag to None, run_after=None
[2024-11-06T16:18:00.626+0100] {processor.py:179} INFO - Processing /Users/pranavikusu/recurring_deliveries/venv/lib/python3.11/site-packages/airflow/example_dags/example_trigger_target_dag.py took 0.093 seconds
[2024-11-06T16:19:26.349+0100] {processor.py:157} INFO - Started process (PID=74738) to work on /Users/pranavikusu/recurring_deliveries/venv/lib/python3.11/site-packages/airflow/example_dags/example_trigger_target_dag.py
[2024-11-06T16:19:26.352+0100] {processor.py:829} INFO - Processing file /Users/pranavikusu/recurring_deliveries/venv/lib/python3.11/site-packages/airflow/example_dags/example_trigger_target_dag.py for tasks to queue
[2024-11-06T16:19:26.352+0100] {logging_mixin.py:154} INFO - [2024-11-06T16:19:26.352+0100] {dagbag.py:536} INFO - Filling up the DagBag from /Users/pranavikusu/recurring_deliveries/venv/lib/python3.11/site-packages/airflow/example_dags/example_trigger_target_dag.py
[2024-11-06T16:19:26.372+0100] {processor.py:839} INFO - DAG(s) dict_keys(['example_trigger_target_dag']) retrieved from /Users/pranavikusu/recurring_deliveries/venv/lib/python3.11/site-packages/airflow/example_dags/example_trigger_target_dag.py
[2024-11-06T16:19:26.430+0100] {logging_mixin.py:154} INFO - [2024-11-06T16:19:26.430+0100] {dag.py:2941} INFO - Sync 1 DAGs
[2024-11-06T16:19:26.434+0100] {logging_mixin.py:154} INFO - [2024-11-06T16:19:26.433+0100] {dag.py:3722} INFO - Setting next_dagrun for example_trigger_target_dag to None, run_after=None
[2024-11-06T16:19:26.440+0100] {processor.py:179} INFO - Processing /Users/pranavikusu/recurring_deliveries/venv/lib/python3.11/site-packages/airflow/example_dags/example_trigger_target_dag.py took 0.092 seconds
[2024-11-06T16:20:48.228+0100] {processor.py:157} INFO - Started process (PID=74840) to work on /Users/pranavikusu/recurring_deliveries/venv/lib/python3.11/site-packages/airflow/example_dags/example_trigger_target_dag.py
[2024-11-06T16:20:48.230+0100] {processor.py:829} INFO - Processing file /Users/pranavikusu/recurring_deliveries/venv/lib/python3.11/site-packages/airflow/example_dags/example_trigger_target_dag.py for tasks to queue
[2024-11-06T16:20:48.231+0100] {logging_mixin.py:154} INFO - [2024-11-06T16:20:48.231+0100] {dagbag.py:536} INFO - Filling up the DagBag from /Users/pranavikusu/recurring_deliveries/venv/lib/python3.11/site-packages/airflow/example_dags/example_trigger_target_dag.py
[2024-11-06T16:20:48.253+0100] {processor.py:839} INFO - DAG(s) dict_keys(['example_trigger_target_dag']) retrieved from /Users/pranavikusu/recurring_deliveries/venv/lib/python3.11/site-packages/airflow/example_dags/example_trigger_target_dag.py
[2024-11-06T16:20:48.313+0100] {logging_mixin.py:154} INFO - [2024-11-06T16:20:48.313+0100] {dag.py:2941} INFO - Sync 1 DAGs
[2024-11-06T16:20:48.316+0100] {logging_mixin.py:154} INFO - [2024-11-06T16:20:48.316+0100] {dag.py:3722} INFO - Setting next_dagrun for example_trigger_target_dag to None, run_after=None
[2024-11-06T16:20:48.323+0100] {processor.py:179} INFO - Processing /Users/pranavikusu/recurring_deliveries/venv/lib/python3.11/site-packages/airflow/example_dags/example_trigger_target_dag.py took 0.096 seconds
[2024-11-06T16:21:40.000+0100] {processor.py:157} INFO - Started process (PID=74898) to work on /Users/pranavikusu/recurring_deliveries/venv/lib/python3.11/site-packages/airflow/example_dags/example_trigger_target_dag.py
[2024-11-06T16:21:40.003+0100] {processor.py:829} INFO - Processing file /Users/pranavikusu/recurring_deliveries/venv/lib/python3.11/site-packages/airflow/example_dags/example_trigger_target_dag.py for tasks to queue
[2024-11-06T16:21:40.004+0100] {logging_mixin.py:154} INFO - [2024-11-06T16:21:40.003+0100] {dagbag.py:536} INFO - Filling up the DagBag from /Users/pranavikusu/recurring_deliveries/venv/lib/python3.11/site-packages/airflow/example_dags/example_trigger_target_dag.py
[2024-11-06T16:21:40.024+0100] {processor.py:839} INFO - DAG(s) dict_keys(['example_trigger_target_dag']) retrieved from /Users/pranavikusu/recurring_deliveries/venv/lib/python3.11/site-packages/airflow/example_dags/example_trigger_target_dag.py
[2024-11-06T16:21:40.082+0100] {logging_mixin.py:154} INFO - [2024-11-06T16:21:40.082+0100] {dag.py:2941} INFO - Sync 1 DAGs
[2024-11-06T16:21:40.085+0100] {logging_mixin.py:154} INFO - [2024-11-06T16:21:40.085+0100] {dag.py:3722} INFO - Setting next_dagrun for example_trigger_target_dag to None, run_after=None
[2024-11-06T16:21:40.093+0100] {processor.py:179} INFO - Processing /Users/pranavikusu/recurring_deliveries/venv/lib/python3.11/site-packages/airflow/example_dags/example_trigger_target_dag.py took 0.092 seconds
[2024-11-06T16:23:08.419+0100] {processor.py:157} INFO - Started process (PID=75020) to work on /Users/pranavikusu/recurring_deliveries/venv/lib/python3.11/site-packages/airflow/example_dags/example_trigger_target_dag.py
[2024-11-06T16:23:08.421+0100] {processor.py:829} INFO - Processing file /Users/pranavikusu/recurring_deliveries/venv/lib/python3.11/site-packages/airflow/example_dags/example_trigger_target_dag.py for tasks to queue
[2024-11-06T16:23:08.422+0100] {logging_mixin.py:154} INFO - [2024-11-06T16:23:08.422+0100] {dagbag.py:536} INFO - Filling up the DagBag from /Users/pranavikusu/recurring_deliveries/venv/lib/python3.11/site-packages/airflow/example_dags/example_trigger_target_dag.py
[2024-11-06T16:23:08.446+0100] {processor.py:839} INFO - DAG(s) dict_keys(['example_trigger_target_dag']) retrieved from /Users/pranavikusu/recurring_deliveries/venv/lib/python3.11/site-packages/airflow/example_dags/example_trigger_target_dag.py
[2024-11-06T16:23:08.515+0100] {logging_mixin.py:154} INFO - [2024-11-06T16:23:08.515+0100] {dag.py:2941} INFO - Sync 1 DAGs
[2024-11-06T16:23:08.519+0100] {logging_mixin.py:154} INFO - [2024-11-06T16:23:08.519+0100] {dag.py:3722} INFO - Setting next_dagrun for example_trigger_target_dag to None, run_after=None
[2024-11-06T16:23:08.527+0100] {processor.py:179} INFO - Processing /Users/pranavikusu/recurring_deliveries/venv/lib/python3.11/site-packages/airflow/example_dags/example_trigger_target_dag.py took 0.109 seconds
[2024-11-06T16:24:48.858+0100] {processor.py:157} INFO - Started process (PID=75145) to work on /Users/pranavikusu/recurring_deliveries/venv/lib/python3.11/site-packages/airflow/example_dags/example_trigger_target_dag.py
[2024-11-06T16:24:48.861+0100] {processor.py:829} INFO - Processing file /Users/pranavikusu/recurring_deliveries/venv/lib/python3.11/site-packages/airflow/example_dags/example_trigger_target_dag.py for tasks to queue
[2024-11-06T16:24:48.861+0100] {logging_mixin.py:154} INFO - [2024-11-06T16:24:48.861+0100] {dagbag.py:536} INFO - Filling up the DagBag from /Users/pranavikusu/recurring_deliveries/venv/lib/python3.11/site-packages/airflow/example_dags/example_trigger_target_dag.py
[2024-11-06T16:24:48.882+0100] {processor.py:839} INFO - DAG(s) dict_keys(['example_trigger_target_dag']) retrieved from /Users/pranavikusu/recurring_deliveries/venv/lib/python3.11/site-packages/airflow/example_dags/example_trigger_target_dag.py
[2024-11-06T16:24:48.945+0100] {logging_mixin.py:154} INFO - [2024-11-06T16:24:48.945+0100] {dag.py:2941} INFO - Sync 1 DAGs
[2024-11-06T16:24:48.949+0100] {logging_mixin.py:154} INFO - [2024-11-06T16:24:48.949+0100] {dag.py:3722} INFO - Setting next_dagrun for example_trigger_target_dag to None, run_after=None
[2024-11-06T16:24:48.956+0100] {processor.py:179} INFO - Processing /Users/pranavikusu/recurring_deliveries/venv/lib/python3.11/site-packages/airflow/example_dags/example_trigger_target_dag.py took 0.098 seconds
