[2024-11-06T16:14:45.583+0100] {processor.py:157} INFO - Started process (PID=74461) to work on /Users/pranavikusu/recurring_deliveries/venv/lib/python3.11/site-packages/airflow/example_dags/example_kubernetes_executor.py
[2024-11-06T16:14:45.585+0100] {processor.py:829} INFO - Processing file /Users/pranavikusu/recurring_deliveries/venv/lib/python3.11/site-packages/airflow/example_dags/example_kubernetes_executor.py for tasks to queue
[2024-11-06T16:14:45.586+0100] {logging_mixin.py:154} INFO - [2024-11-06T16:14:45.586+0100] {dagbag.py:536} INFO - Filling up the DagBag from /Users/pranavikusu/recurring_deliveries/venv/lib/python3.11/site-packages/airflow/example_dags/example_kubernetes_executor.py
[2024-11-06T16:14:45.613+0100] {logging_mixin.py:154} INFO - [2024-11-06T16:14:45.613+0100] {example_kubernetes_executor.py:38} WARNING - The example_kubernetes_executor example DAG requires the kubernetes provider. Please install it with: pip install apache-airflow[cncf.kubernetes]
[2024-11-06T16:14:45.613+0100] {processor.py:841} WARNING - No viable dags retrieved from /Users/pranavikusu/recurring_deliveries/venv/lib/python3.11/site-packages/airflow/example_dags/example_kubernetes_executor.py
[2024-11-06T16:14:45.653+0100] {processor.py:179} INFO - Processing /Users/pranavikusu/recurring_deliveries/venv/lib/python3.11/site-packages/airflow/example_dags/example_kubernetes_executor.py took 0.071 seconds
[2024-11-06T16:16:12.706+0100] {processor.py:157} INFO - Started process (PID=74550) to work on /Users/pranavikusu/recurring_deliveries/venv/lib/python3.11/site-packages/airflow/example_dags/example_kubernetes_executor.py
[2024-11-06T16:16:12.708+0100] {processor.py:829} INFO - Processing file /Users/pranavikusu/recurring_deliveries/venv/lib/python3.11/site-packages/airflow/example_dags/example_kubernetes_executor.py for tasks to queue
[2024-11-06T16:16:12.709+0100] {logging_mixin.py:154} INFO - [2024-11-06T16:16:12.708+0100] {dagbag.py:536} INFO - Filling up the DagBag from /Users/pranavikusu/recurring_deliveries/venv/lib/python3.11/site-packages/airflow/example_dags/example_kubernetes_executor.py
[2024-11-06T16:16:12.729+0100] {logging_mixin.py:154} INFO - [2024-11-06T16:16:12.729+0100] {example_kubernetes_executor.py:38} WARNING - The example_kubernetes_executor example DAG requires the kubernetes provider. Please install it with: pip install apache-airflow[cncf.kubernetes]
[2024-11-06T16:16:12.729+0100] {processor.py:841} WARNING - No viable dags retrieved from /Users/pranavikusu/recurring_deliveries/venv/lib/python3.11/site-packages/airflow/example_dags/example_kubernetes_executor.py
[2024-11-06T16:16:12.769+0100] {processor.py:179} INFO - Processing /Users/pranavikusu/recurring_deliveries/venv/lib/python3.11/site-packages/airflow/example_dags/example_kubernetes_executor.py took 0.064 seconds
[2024-11-06T16:17:28.198+0100] {processor.py:157} INFO - Started process (PID=74610) to work on /Users/pranavikusu/recurring_deliveries/venv/lib/python3.11/site-packages/airflow/example_dags/example_kubernetes_executor.py
[2024-11-06T16:17:28.200+0100] {processor.py:829} INFO - Processing file /Users/pranavikusu/recurring_deliveries/venv/lib/python3.11/site-packages/airflow/example_dags/example_kubernetes_executor.py for tasks to queue
[2024-11-06T16:17:28.201+0100] {logging_mixin.py:154} INFO - [2024-11-06T16:17:28.201+0100] {dagbag.py:536} INFO - Filling up the DagBag from /Users/pranavikusu/recurring_deliveries/venv/lib/python3.11/site-packages/airflow/example_dags/example_kubernetes_executor.py
[2024-11-06T16:17:28.219+0100] {logging_mixin.py:154} INFO - [2024-11-06T16:17:28.219+0100] {example_kubernetes_executor.py:38} WARNING - The example_kubernetes_executor example DAG requires the kubernetes provider. Please install it with: pip install apache-airflow[cncf.kubernetes]
[2024-11-06T16:17:28.219+0100] {processor.py:841} WARNING - No viable dags retrieved from /Users/pranavikusu/recurring_deliveries/venv/lib/python3.11/site-packages/airflow/example_dags/example_kubernetes_executor.py
[2024-11-06T16:17:28.257+0100] {processor.py:179} INFO - Processing /Users/pranavikusu/recurring_deliveries/venv/lib/python3.11/site-packages/airflow/example_dags/example_kubernetes_executor.py took 0.060 seconds
[2024-11-06T16:18:43.881+0100] {processor.py:157} INFO - Started process (PID=74684) to work on /Users/pranavikusu/recurring_deliveries/venv/lib/python3.11/site-packages/airflow/example_dags/example_kubernetes_executor.py
[2024-11-06T16:18:43.884+0100] {processor.py:829} INFO - Processing file /Users/pranavikusu/recurring_deliveries/venv/lib/python3.11/site-packages/airflow/example_dags/example_kubernetes_executor.py for tasks to queue
[2024-11-06T16:18:43.884+0100] {logging_mixin.py:154} INFO - [2024-11-06T16:18:43.884+0100] {dagbag.py:536} INFO - Filling up the DagBag from /Users/pranavikusu/recurring_deliveries/venv/lib/python3.11/site-packages/airflow/example_dags/example_kubernetes_executor.py
[2024-11-06T16:18:43.904+0100] {logging_mixin.py:154} INFO - [2024-11-06T16:18:43.904+0100] {example_kubernetes_executor.py:38} WARNING - The example_kubernetes_executor example DAG requires the kubernetes provider. Please install it with: pip install apache-airflow[cncf.kubernetes]
[2024-11-06T16:18:43.904+0100] {processor.py:841} WARNING - No viable dags retrieved from /Users/pranavikusu/recurring_deliveries/venv/lib/python3.11/site-packages/airflow/example_dags/example_kubernetes_executor.py
[2024-11-06T16:18:43.947+0100] {processor.py:179} INFO - Processing /Users/pranavikusu/recurring_deliveries/venv/lib/python3.11/site-packages/airflow/example_dags/example_kubernetes_executor.py took 0.066 seconds
[2024-11-06T16:20:16.058+0100] {processor.py:157} INFO - Started process (PID=74795) to work on /Users/pranavikusu/recurring_deliveries/venv/lib/python3.11/site-packages/airflow/example_dags/example_kubernetes_executor.py
[2024-11-06T16:20:16.061+0100] {processor.py:829} INFO - Processing file /Users/pranavikusu/recurring_deliveries/venv/lib/python3.11/site-packages/airflow/example_dags/example_kubernetes_executor.py for tasks to queue
[2024-11-06T16:20:16.061+0100] {logging_mixin.py:154} INFO - [2024-11-06T16:20:16.061+0100] {dagbag.py:536} INFO - Filling up the DagBag from /Users/pranavikusu/recurring_deliveries/venv/lib/python3.11/site-packages/airflow/example_dags/example_kubernetes_executor.py
[2024-11-06T16:20:16.079+0100] {logging_mixin.py:154} INFO - [2024-11-06T16:20:16.079+0100] {example_kubernetes_executor.py:38} WARNING - The example_kubernetes_executor example DAG requires the kubernetes provider. Please install it with: pip install apache-airflow[cncf.kubernetes]
[2024-11-06T16:20:16.079+0100] {processor.py:841} WARNING - No viable dags retrieved from /Users/pranavikusu/recurring_deliveries/venv/lib/python3.11/site-packages/airflow/example_dags/example_kubernetes_executor.py
[2024-11-06T16:20:16.117+0100] {processor.py:179} INFO - Processing /Users/pranavikusu/recurring_deliveries/venv/lib/python3.11/site-packages/airflow/example_dags/example_kubernetes_executor.py took 0.059 seconds
[2024-11-06T16:21:43.324+0100] {processor.py:157} INFO - Started process (PID=74900) to work on /Users/pranavikusu/recurring_deliveries/venv/lib/python3.11/site-packages/airflow/example_dags/example_kubernetes_executor.py
[2024-11-06T16:21:43.327+0100] {processor.py:829} INFO - Processing file /Users/pranavikusu/recurring_deliveries/venv/lib/python3.11/site-packages/airflow/example_dags/example_kubernetes_executor.py for tasks to queue
[2024-11-06T16:21:43.327+0100] {logging_mixin.py:154} INFO - [2024-11-06T16:21:43.327+0100] {dagbag.py:536} INFO - Filling up the DagBag from /Users/pranavikusu/recurring_deliveries/venv/lib/python3.11/site-packages/airflow/example_dags/example_kubernetes_executor.py
[2024-11-06T16:21:43.346+0100] {logging_mixin.py:154} INFO - [2024-11-06T16:21:43.346+0100] {example_kubernetes_executor.py:38} WARNING - The example_kubernetes_executor example DAG requires the kubernetes provider. Please install it with: pip install apache-airflow[cncf.kubernetes]
[2024-11-06T16:21:43.346+0100] {processor.py:841} WARNING - No viable dags retrieved from /Users/pranavikusu/recurring_deliveries/venv/lib/python3.11/site-packages/airflow/example_dags/example_kubernetes_executor.py
[2024-11-06T16:21:43.384+0100] {processor.py:179} INFO - Processing /Users/pranavikusu/recurring_deliveries/venv/lib/python3.11/site-packages/airflow/example_dags/example_kubernetes_executor.py took 0.060 seconds
[2024-11-06T16:23:15.131+0100] {processor.py:157} INFO - Started process (PID=75027) to work on /Users/pranavikusu/recurring_deliveries/venv/lib/python3.11/site-packages/airflow/example_dags/example_kubernetes_executor.py
[2024-11-06T16:23:15.134+0100] {processor.py:829} INFO - Processing file /Users/pranavikusu/recurring_deliveries/venv/lib/python3.11/site-packages/airflow/example_dags/example_kubernetes_executor.py for tasks to queue
[2024-11-06T16:23:15.135+0100] {logging_mixin.py:154} INFO - [2024-11-06T16:23:15.135+0100] {dagbag.py:536} INFO - Filling up the DagBag from /Users/pranavikusu/recurring_deliveries/venv/lib/python3.11/site-packages/airflow/example_dags/example_kubernetes_executor.py
[2024-11-06T16:23:15.163+0100] {logging_mixin.py:154} INFO - [2024-11-06T16:23:15.163+0100] {example_kubernetes_executor.py:38} WARNING - The example_kubernetes_executor example DAG requires the kubernetes provider. Please install it with: pip install apache-airflow[cncf.kubernetes]
[2024-11-06T16:23:15.163+0100] {processor.py:841} WARNING - No viable dags retrieved from /Users/pranavikusu/recurring_deliveries/venv/lib/python3.11/site-packages/airflow/example_dags/example_kubernetes_executor.py
[2024-11-06T16:23:15.212+0100] {processor.py:179} INFO - Processing /Users/pranavikusu/recurring_deliveries/venv/lib/python3.11/site-packages/airflow/example_dags/example_kubernetes_executor.py took 0.081 seconds
[2024-11-06T16:24:57.274+0100] {processor.py:157} INFO - Started process (PID=75153) to work on /Users/pranavikusu/recurring_deliveries/venv/lib/python3.11/site-packages/airflow/example_dags/example_kubernetes_executor.py
[2024-11-06T16:24:57.277+0100] {processor.py:829} INFO - Processing file /Users/pranavikusu/recurring_deliveries/venv/lib/python3.11/site-packages/airflow/example_dags/example_kubernetes_executor.py for tasks to queue
[2024-11-06T16:24:57.277+0100] {logging_mixin.py:154} INFO - [2024-11-06T16:24:57.277+0100] {dagbag.py:536} INFO - Filling up the DagBag from /Users/pranavikusu/recurring_deliveries/venv/lib/python3.11/site-packages/airflow/example_dags/example_kubernetes_executor.py
[2024-11-06T16:24:57.296+0100] {logging_mixin.py:154} INFO - [2024-11-06T16:24:57.296+0100] {example_kubernetes_executor.py:38} WARNING - The example_kubernetes_executor example DAG requires the kubernetes provider. Please install it with: pip install apache-airflow[cncf.kubernetes]
[2024-11-06T16:24:57.297+0100] {processor.py:841} WARNING - No viable dags retrieved from /Users/pranavikusu/recurring_deliveries/venv/lib/python3.11/site-packages/airflow/example_dags/example_kubernetes_executor.py
[2024-11-06T16:24:57.335+0100] {processor.py:179} INFO - Processing /Users/pranavikusu/recurring_deliveries/venv/lib/python3.11/site-packages/airflow/example_dags/example_kubernetes_executor.py took 0.061 seconds
