[2024-11-06T16:15:03.129+0100] {processor.py:157} INFO - Started process (PID=74479) to work on /Users/pranavikusu/recurring_deliveries/venv/lib/python3.11/site-packages/airflow/example_dags/example_branch_labels.py
[2024-11-06T16:15:03.131+0100] {processor.py:829} INFO - Processing file /Users/pranavikusu/recurring_deliveries/venv/lib/python3.11/site-packages/airflow/example_dags/example_branch_labels.py for tasks to queue
[2024-11-06T16:15:03.131+0100] {logging_mixin.py:154} INFO - [2024-11-06T16:15:03.131+0100] {dagbag.py:536} INFO - Filling up the DagBag from /Users/pranavikusu/recurring_deliveries/venv/lib/python3.11/site-packages/airflow/example_dags/example_branch_labels.py
[2024-11-06T16:15:03.141+0100] {processor.py:839} INFO - DAG(s) dict_keys(['example_branch_labels']) retrieved from /Users/pranavikusu/recurring_deliveries/venv/lib/python3.11/site-packages/airflow/example_dags/example_branch_labels.py
[2024-11-06T16:15:03.376+0100] {logging_mixin.py:154} INFO - [2024-11-06T16:15:03.376+0100] {manager.py:499} INFO - Created Permission View: %s
[2024-11-06T16:15:03.379+0100] {logging_mixin.py:154} INFO - [2024-11-06T16:15:03.379+0100] {manager.py:499} INFO - Created Permission View: %s
[2024-11-06T16:15:03.381+0100] {logging_mixin.py:154} INFO - [2024-11-06T16:15:03.381+0100] {manager.py:499} INFO - Created Permission View: %s
[2024-11-06T16:15:03.381+0100] {logging_mixin.py:154} INFO - [2024-11-06T16:15:03.381+0100] {dag.py:2941} INFO - Sync 1 DAGs
[2024-11-06T16:15:03.384+0100] {logging_mixin.py:154} INFO - [2024-11-06T16:15:03.384+0100] {dag.py:2963} INFO - Creating ORM DAG for example_branch_labels
[2024-11-06T16:15:03.388+0100] {logging_mixin.py:154} INFO - [2024-11-06T16:15:03.388+0100] {dag.py:3722} INFO - Setting next_dagrun for example_branch_labels to 2024-11-05T00:00:00+00:00, run_after=2024-11-06T00:00:00+00:00
[2024-11-06T16:15:03.393+0100] {processor.py:179} INFO - Processing /Users/pranavikusu/recurring_deliveries/venv/lib/python3.11/site-packages/airflow/example_dags/example_branch_labels.py took 0.265 seconds
[2024-11-06T16:16:27.648+0100] {processor.py:157} INFO - Started process (PID=74560) to work on /Users/pranavikusu/recurring_deliveries/venv/lib/python3.11/site-packages/airflow/example_dags/example_branch_labels.py
[2024-11-06T16:16:27.651+0100] {processor.py:829} INFO - Processing file /Users/pranavikusu/recurring_deliveries/venv/lib/python3.11/site-packages/airflow/example_dags/example_branch_labels.py for tasks to queue
[2024-11-06T16:16:27.651+0100] {logging_mixin.py:154} INFO - [2024-11-06T16:16:27.651+0100] {dagbag.py:536} INFO - Filling up the DagBag from /Users/pranavikusu/recurring_deliveries/venv/lib/python3.11/site-packages/airflow/example_dags/example_branch_labels.py
[2024-11-06T16:16:27.661+0100] {processor.py:839} INFO - DAG(s) dict_keys(['example_branch_labels']) retrieved from /Users/pranavikusu/recurring_deliveries/venv/lib/python3.11/site-packages/airflow/example_dags/example_branch_labels.py
[2024-11-06T16:16:27.722+0100] {logging_mixin.py:154} INFO - [2024-11-06T16:16:27.721+0100] {dag.py:2941} INFO - Sync 1 DAGs
[2024-11-06T16:16:27.728+0100] {logging_mixin.py:154} INFO - [2024-11-06T16:16:27.728+0100] {dag.py:3722} INFO - Setting next_dagrun for example_branch_labels to 2024-11-05T00:00:00+00:00, run_after=2024-11-06T00:00:00+00:00
[2024-11-06T16:16:27.735+0100] {processor.py:179} INFO - Processing /Users/pranavikusu/recurring_deliveries/venv/lib/python3.11/site-packages/airflow/example_dags/example_branch_labels.py took 0.087 seconds
[2024-11-06T16:17:44.271+0100] {processor.py:157} INFO - Started process (PID=74623) to work on /Users/pranavikusu/recurring_deliveries/venv/lib/python3.11/site-packages/airflow/example_dags/example_branch_labels.py
[2024-11-06T16:17:44.274+0100] {processor.py:829} INFO - Processing file /Users/pranavikusu/recurring_deliveries/venv/lib/python3.11/site-packages/airflow/example_dags/example_branch_labels.py for tasks to queue
[2024-11-06T16:17:44.274+0100] {logging_mixin.py:154} INFO - [2024-11-06T16:17:44.274+0100] {dagbag.py:536} INFO - Filling up the DagBag from /Users/pranavikusu/recurring_deliveries/venv/lib/python3.11/site-packages/airflow/example_dags/example_branch_labels.py
[2024-11-06T16:17:44.284+0100] {processor.py:839} INFO - DAG(s) dict_keys(['example_branch_labels']) retrieved from /Users/pranavikusu/recurring_deliveries/venv/lib/python3.11/site-packages/airflow/example_dags/example_branch_labels.py
[2024-11-06T16:17:44.347+0100] {logging_mixin.py:154} INFO - [2024-11-06T16:17:44.347+0100] {dag.py:2941} INFO - Sync 1 DAGs
[2024-11-06T16:17:44.354+0100] {logging_mixin.py:154} INFO - [2024-11-06T16:17:44.354+0100] {dag.py:3722} INFO - Setting next_dagrun for example_branch_labels to 2024-11-05T00:00:00+00:00, run_after=2024-11-06T00:00:00+00:00
[2024-11-06T16:17:44.361+0100] {processor.py:179} INFO - Processing /Users/pranavikusu/recurring_deliveries/venv/lib/python3.11/site-packages/airflow/example_dags/example_branch_labels.py took 0.090 seconds
[2024-11-06T16:19:05.623+0100] {processor.py:157} INFO - Started process (PID=74721) to work on /Users/pranavikusu/recurring_deliveries/venv/lib/python3.11/site-packages/airflow/example_dags/example_branch_labels.py
[2024-11-06T16:19:05.625+0100] {processor.py:829} INFO - Processing file /Users/pranavikusu/recurring_deliveries/venv/lib/python3.11/site-packages/airflow/example_dags/example_branch_labels.py for tasks to queue
[2024-11-06T16:19:05.625+0100] {logging_mixin.py:154} INFO - [2024-11-06T16:19:05.625+0100] {dagbag.py:536} INFO - Filling up the DagBag from /Users/pranavikusu/recurring_deliveries/venv/lib/python3.11/site-packages/airflow/example_dags/example_branch_labels.py
[2024-11-06T16:19:05.650+0100] {processor.py:839} INFO - DAG(s) dict_keys(['example_branch_labels']) retrieved from /Users/pranavikusu/recurring_deliveries/venv/lib/python3.11/site-packages/airflow/example_dags/example_branch_labels.py
[2024-11-06T16:19:05.713+0100] {logging_mixin.py:154} INFO - [2024-11-06T16:19:05.713+0100] {dag.py:2941} INFO - Sync 1 DAGs
[2024-11-06T16:19:05.720+0100] {logging_mixin.py:154} INFO - [2024-11-06T16:19:05.720+0100] {dag.py:3722} INFO - Setting next_dagrun for example_branch_labels to 2024-11-05T00:00:00+00:00, run_after=2024-11-06T00:00:00+00:00
[2024-11-06T16:19:05.726+0100] {processor.py:179} INFO - Processing /Users/pranavikusu/recurring_deliveries/venv/lib/python3.11/site-packages/airflow/example_dags/example_branch_labels.py took 0.103 seconds
[2024-11-06T16:20:30.987+0100] {processor.py:157} INFO - Started process (PID=74812) to work on /Users/pranavikusu/recurring_deliveries/venv/lib/python3.11/site-packages/airflow/example_dags/example_branch_labels.py
[2024-11-06T16:20:30.989+0100] {processor.py:829} INFO - Processing file /Users/pranavikusu/recurring_deliveries/venv/lib/python3.11/site-packages/airflow/example_dags/example_branch_labels.py for tasks to queue
[2024-11-06T16:20:30.989+0100] {logging_mixin.py:154} INFO - [2024-11-06T16:20:30.989+0100] {dagbag.py:536} INFO - Filling up the DagBag from /Users/pranavikusu/recurring_deliveries/venv/lib/python3.11/site-packages/airflow/example_dags/example_branch_labels.py
[2024-11-06T16:20:30.999+0100] {processor.py:839} INFO - DAG(s) dict_keys(['example_branch_labels']) retrieved from /Users/pranavikusu/recurring_deliveries/venv/lib/python3.11/site-packages/airflow/example_dags/example_branch_labels.py
[2024-11-06T16:20:31.061+0100] {logging_mixin.py:154} INFO - [2024-11-06T16:20:31.061+0100] {dag.py:2941} INFO - Sync 1 DAGs
[2024-11-06T16:20:31.068+0100] {logging_mixin.py:154} INFO - [2024-11-06T16:20:31.068+0100] {dag.py:3722} INFO - Setting next_dagrun for example_branch_labels to 2024-11-05T00:00:00+00:00, run_after=2024-11-06T00:00:00+00:00
[2024-11-06T16:20:31.075+0100] {processor.py:179} INFO - Processing /Users/pranavikusu/recurring_deliveries/venv/lib/python3.11/site-packages/airflow/example_dags/example_branch_labels.py took 0.088 seconds
[2024-11-06T16:21:56.304+0100] {processor.py:157} INFO - Started process (PID=74921) to work on /Users/pranavikusu/recurring_deliveries/venv/lib/python3.11/site-packages/airflow/example_dags/example_branch_labels.py
[2024-11-06T16:21:56.306+0100] {processor.py:829} INFO - Processing file /Users/pranavikusu/recurring_deliveries/venv/lib/python3.11/site-packages/airflow/example_dags/example_branch_labels.py for tasks to queue
[2024-11-06T16:21:56.307+0100] {logging_mixin.py:154} INFO - [2024-11-06T16:21:56.307+0100] {dagbag.py:536} INFO - Filling up the DagBag from /Users/pranavikusu/recurring_deliveries/venv/lib/python3.11/site-packages/airflow/example_dags/example_branch_labels.py
[2024-11-06T16:21:56.316+0100] {processor.py:839} INFO - DAG(s) dict_keys(['example_branch_labels']) retrieved from /Users/pranavikusu/recurring_deliveries/venv/lib/python3.11/site-packages/airflow/example_dags/example_branch_labels.py
[2024-11-06T16:21:56.379+0100] {logging_mixin.py:154} INFO - [2024-11-06T16:21:56.379+0100] {dag.py:2941} INFO - Sync 1 DAGs
[2024-11-06T16:21:56.385+0100] {logging_mixin.py:154} INFO - [2024-11-06T16:21:56.385+0100] {dag.py:3722} INFO - Setting next_dagrun for example_branch_labels to 2024-11-05T00:00:00+00:00, run_after=2024-11-06T00:00:00+00:00
[2024-11-06T16:21:56.392+0100] {processor.py:179} INFO - Processing /Users/pranavikusu/recurring_deliveries/venv/lib/python3.11/site-packages/airflow/example_dags/example_branch_labels.py took 0.089 seconds
[2024-11-06T16:23:31.421+0100] {processor.py:157} INFO - Started process (PID=75044) to work on /Users/pranavikusu/recurring_deliveries/venv/lib/python3.11/site-packages/airflow/example_dags/example_branch_labels.py
[2024-11-06T16:23:31.424+0100] {processor.py:829} INFO - Processing file /Users/pranavikusu/recurring_deliveries/venv/lib/python3.11/site-packages/airflow/example_dags/example_branch_labels.py for tasks to queue
[2024-11-06T16:23:31.424+0100] {logging_mixin.py:154} INFO - [2024-11-06T16:23:31.424+0100] {dagbag.py:536} INFO - Filling up the DagBag from /Users/pranavikusu/recurring_deliveries/venv/lib/python3.11/site-packages/airflow/example_dags/example_branch_labels.py
[2024-11-06T16:23:31.434+0100] {processor.py:839} INFO - DAG(s) dict_keys(['example_branch_labels']) retrieved from /Users/pranavikusu/recurring_deliveries/venv/lib/python3.11/site-packages/airflow/example_dags/example_branch_labels.py
[2024-11-06T16:23:31.498+0100] {logging_mixin.py:154} INFO - [2024-11-06T16:23:31.498+0100] {dag.py:2941} INFO - Sync 1 DAGs
[2024-11-06T16:23:31.508+0100] {logging_mixin.py:154} INFO - [2024-11-06T16:23:31.508+0100] {dag.py:3722} INFO - Setting next_dagrun for example_branch_labels to 2024-11-05T00:00:00+00:00, run_after=2024-11-06T00:00:00+00:00
[2024-11-06T16:23:31.516+0100] {processor.py:179} INFO - Processing /Users/pranavikusu/recurring_deliveries/venv/lib/python3.11/site-packages/airflow/example_dags/example_branch_labels.py took 0.095 seconds
[2024-11-06T16:25:12.979+0100] {processor.py:157} INFO - Started process (PID=75173) to work on /Users/pranavikusu/recurring_deliveries/venv/lib/python3.11/site-packages/airflow/example_dags/example_branch_labels.py
[2024-11-06T16:25:12.982+0100] {processor.py:829} INFO - Processing file /Users/pranavikusu/recurring_deliveries/venv/lib/python3.11/site-packages/airflow/example_dags/example_branch_labels.py for tasks to queue
[2024-11-06T16:25:12.982+0100] {logging_mixin.py:154} INFO - [2024-11-06T16:25:12.982+0100] {dagbag.py:536} INFO - Filling up the DagBag from /Users/pranavikusu/recurring_deliveries/venv/lib/python3.11/site-packages/airflow/example_dags/example_branch_labels.py
[2024-11-06T16:25:13.000+0100] {processor.py:839} INFO - DAG(s) dict_keys(['example_branch_labels']) retrieved from /Users/pranavikusu/recurring_deliveries/venv/lib/python3.11/site-packages/airflow/example_dags/example_branch_labels.py
[2024-11-06T16:25:13.069+0100] {logging_mixin.py:154} INFO - [2024-11-06T16:25:13.069+0100] {dag.py:2941} INFO - Sync 1 DAGs
[2024-11-06T16:25:13.076+0100] {logging_mixin.py:154} INFO - [2024-11-06T16:25:13.075+0100] {dag.py:3722} INFO - Setting next_dagrun for example_branch_labels to 2024-11-05T00:00:00+00:00, run_after=2024-11-06T00:00:00+00:00
[2024-11-06T16:25:13.082+0100] {processor.py:179} INFO - Processing /Users/pranavikusu/recurring_deliveries/venv/lib/python3.11/site-packages/airflow/example_dags/example_branch_labels.py took 0.104 seconds
