[2024-11-06T16:14:54.172+0100] {processor.py:157} INFO - Started process (PID=74471) to work on /Users/pranavikusu/recurring_deliveries/venv/lib/python3.11/site-packages/airflow/example_dags/example_dag_decorator.py
[2024-11-06T16:14:54.174+0100] {processor.py:829} INFO - Processing file /Users/pranavikusu/recurring_deliveries/venv/lib/python3.11/site-packages/airflow/example_dags/example_dag_decorator.py for tasks to queue
[2024-11-06T16:14:54.174+0100] {logging_mixin.py:154} INFO - [2024-11-06T16:14:54.174+0100] {dagbag.py:536} INFO - Filling up the DagBag from /Users/pranavikusu/recurring_deliveries/venv/lib/python3.11/site-packages/airflow/example_dags/example_dag_decorator.py
[2024-11-06T16:14:54.283+0100] {processor.py:839} INFO - DAG(s) dict_keys(['example_dag_decorator']) retrieved from /Users/pranavikusu/recurring_deliveries/venv/lib/python3.11/site-packages/airflow/example_dags/example_dag_decorator.py
[2024-11-06T16:14:54.484+0100] {logging_mixin.py:154} INFO - [2024-11-06T16:14:54.484+0100] {manager.py:499} INFO - Created Permission View: %s
[2024-11-06T16:14:54.487+0100] {logging_mixin.py:154} INFO - [2024-11-06T16:14:54.487+0100] {manager.py:499} INFO - Created Permission View: %s
[2024-11-06T16:14:54.489+0100] {logging_mixin.py:154} INFO - [2024-11-06T16:14:54.489+0100] {manager.py:499} INFO - Created Permission View: %s
[2024-11-06T16:14:54.489+0100] {logging_mixin.py:154} INFO - [2024-11-06T16:14:54.489+0100] {dag.py:2941} INFO - Sync 1 DAGs
[2024-11-06T16:14:54.493+0100] {logging_mixin.py:154} INFO - [2024-11-06T16:14:54.493+0100] {dag.py:2963} INFO - Creating ORM DAG for example_dag_decorator
[2024-11-06T16:14:54.493+0100] {logging_mixin.py:154} INFO - [2024-11-06T16:14:54.493+0100] {dag.py:3722} INFO - Setting next_dagrun for example_dag_decorator to None, run_after=None
[2024-11-06T16:14:54.499+0100] {processor.py:179} INFO - Processing /Users/pranavikusu/recurring_deliveries/venv/lib/python3.11/site-packages/airflow/example_dags/example_dag_decorator.py took 0.327 seconds
[2024-11-06T16:16:20.020+0100] {processor.py:157} INFO - Started process (PID=74555) to work on /Users/pranavikusu/recurring_deliveries/venv/lib/python3.11/site-packages/airflow/example_dags/example_dag_decorator.py
[2024-11-06T16:16:20.022+0100] {processor.py:829} INFO - Processing file /Users/pranavikusu/recurring_deliveries/venv/lib/python3.11/site-packages/airflow/example_dags/example_dag_decorator.py for tasks to queue
[2024-11-06T16:16:20.022+0100] {logging_mixin.py:154} INFO - [2024-11-06T16:16:20.022+0100] {dagbag.py:536} INFO - Filling up the DagBag from /Users/pranavikusu/recurring_deliveries/venv/lib/python3.11/site-packages/airflow/example_dags/example_dag_decorator.py
[2024-11-06T16:16:20.135+0100] {processor.py:839} INFO - DAG(s) dict_keys(['example_dag_decorator']) retrieved from /Users/pranavikusu/recurring_deliveries/venv/lib/python3.11/site-packages/airflow/example_dags/example_dag_decorator.py
[2024-11-06T16:16:20.416+0100] {logging_mixin.py:154} INFO - [2024-11-06T16:16:20.416+0100] {dag.py:2941} INFO - Sync 1 DAGs
[2024-11-06T16:16:20.419+0100] {logging_mixin.py:154} INFO - [2024-11-06T16:16:20.419+0100] {dag.py:3722} INFO - Setting next_dagrun for example_dag_decorator to None, run_after=None
[2024-11-06T16:16:20.426+0100] {processor.py:179} INFO - Processing /Users/pranavikusu/recurring_deliveries/venv/lib/python3.11/site-packages/airflow/example_dags/example_dag_decorator.py took 0.406 seconds
[2024-11-06T16:17:35.533+0100] {processor.py:157} INFO - Started process (PID=74615) to work on /Users/pranavikusu/recurring_deliveries/venv/lib/python3.11/site-packages/airflow/example_dags/example_dag_decorator.py
[2024-11-06T16:17:35.535+0100] {processor.py:829} INFO - Processing file /Users/pranavikusu/recurring_deliveries/venv/lib/python3.11/site-packages/airflow/example_dags/example_dag_decorator.py for tasks to queue
[2024-11-06T16:17:35.535+0100] {logging_mixin.py:154} INFO - [2024-11-06T16:17:35.535+0100] {dagbag.py:536} INFO - Filling up the DagBag from /Users/pranavikusu/recurring_deliveries/venv/lib/python3.11/site-packages/airflow/example_dags/example_dag_decorator.py
[2024-11-06T16:17:35.668+0100] {processor.py:839} INFO - DAG(s) dict_keys(['example_dag_decorator']) retrieved from /Users/pranavikusu/recurring_deliveries/venv/lib/python3.11/site-packages/airflow/example_dags/example_dag_decorator.py
[2024-11-06T16:17:35.966+0100] {logging_mixin.py:154} INFO - [2024-11-06T16:17:35.966+0100] {dag.py:2941} INFO - Sync 1 DAGs
[2024-11-06T16:17:35.969+0100] {logging_mixin.py:154} INFO - [2024-11-06T16:17:35.969+0100] {dag.py:3722} INFO - Setting next_dagrun for example_dag_decorator to None, run_after=None
[2024-11-06T16:17:35.976+0100] {processor.py:179} INFO - Processing /Users/pranavikusu/recurring_deliveries/venv/lib/python3.11/site-packages/airflow/example_dags/example_dag_decorator.py took 0.443 seconds
[2024-11-06T16:18:56.751+0100] {processor.py:157} INFO - Started process (PID=74713) to work on /Users/pranavikusu/recurring_deliveries/venv/lib/python3.11/site-packages/airflow/example_dags/example_dag_decorator.py
[2024-11-06T16:18:56.753+0100] {processor.py:829} INFO - Processing file /Users/pranavikusu/recurring_deliveries/venv/lib/python3.11/site-packages/airflow/example_dags/example_dag_decorator.py for tasks to queue
[2024-11-06T16:18:56.754+0100] {logging_mixin.py:154} INFO - [2024-11-06T16:18:56.754+0100] {dagbag.py:536} INFO - Filling up the DagBag from /Users/pranavikusu/recurring_deliveries/venv/lib/python3.11/site-packages/airflow/example_dags/example_dag_decorator.py
[2024-11-06T16:18:56.872+0100] {processor.py:839} INFO - DAG(s) dict_keys(['example_dag_decorator']) retrieved from /Users/pranavikusu/recurring_deliveries/venv/lib/python3.11/site-packages/airflow/example_dags/example_dag_decorator.py
[2024-11-06T16:18:57.206+0100] {logging_mixin.py:154} INFO - [2024-11-06T16:18:57.206+0100] {dag.py:2941} INFO - Sync 1 DAGs
[2024-11-06T16:18:57.209+0100] {logging_mixin.py:154} INFO - [2024-11-06T16:18:57.209+0100] {dag.py:3722} INFO - Setting next_dagrun for example_dag_decorator to None, run_after=None
[2024-11-06T16:18:57.217+0100] {processor.py:179} INFO - Processing /Users/pranavikusu/recurring_deliveries/venv/lib/python3.11/site-packages/airflow/example_dags/example_dag_decorator.py took 0.466 seconds
[2024-11-06T16:20:23.344+0100] {processor.py:157} INFO - Started process (PID=74806) to work on /Users/pranavikusu/recurring_deliveries/venv/lib/python3.11/site-packages/airflow/example_dags/example_dag_decorator.py
[2024-11-06T16:20:23.347+0100] {processor.py:829} INFO - Processing file /Users/pranavikusu/recurring_deliveries/venv/lib/python3.11/site-packages/airflow/example_dags/example_dag_decorator.py for tasks to queue
[2024-11-06T16:20:23.347+0100] {logging_mixin.py:154} INFO - [2024-11-06T16:20:23.347+0100] {dagbag.py:536} INFO - Filling up the DagBag from /Users/pranavikusu/recurring_deliveries/venv/lib/python3.11/site-packages/airflow/example_dags/example_dag_decorator.py
[2024-11-06T16:20:23.457+0100] {processor.py:839} INFO - DAG(s) dict_keys(['example_dag_decorator']) retrieved from /Users/pranavikusu/recurring_deliveries/venv/lib/python3.11/site-packages/airflow/example_dags/example_dag_decorator.py
[2024-11-06T16:20:23.727+0100] {logging_mixin.py:154} INFO - [2024-11-06T16:20:23.727+0100] {dag.py:2941} INFO - Sync 1 DAGs
[2024-11-06T16:20:23.730+0100] {logging_mixin.py:154} INFO - [2024-11-06T16:20:23.730+0100] {dag.py:3722} INFO - Setting next_dagrun for example_dag_decorator to None, run_after=None
[2024-11-06T16:20:23.737+0100] {processor.py:179} INFO - Processing /Users/pranavikusu/recurring_deliveries/venv/lib/python3.11/site-packages/airflow/example_dags/example_dag_decorator.py took 0.393 seconds
[2024-11-06T16:21:49.044+0100] {processor.py:157} INFO - Started process (PID=74908) to work on /Users/pranavikusu/recurring_deliveries/venv/lib/python3.11/site-packages/airflow/example_dags/example_dag_decorator.py
[2024-11-06T16:21:49.046+0100] {processor.py:829} INFO - Processing file /Users/pranavikusu/recurring_deliveries/venv/lib/python3.11/site-packages/airflow/example_dags/example_dag_decorator.py for tasks to queue
[2024-11-06T16:21:49.046+0100] {logging_mixin.py:154} INFO - [2024-11-06T16:21:49.046+0100] {dagbag.py:536} INFO - Filling up the DagBag from /Users/pranavikusu/recurring_deliveries/venv/lib/python3.11/site-packages/airflow/example_dags/example_dag_decorator.py
[2024-11-06T16:21:49.167+0100] {processor.py:839} INFO - DAG(s) dict_keys(['example_dag_decorator']) retrieved from /Users/pranavikusu/recurring_deliveries/venv/lib/python3.11/site-packages/airflow/example_dags/example_dag_decorator.py
[2024-11-06T16:21:49.445+0100] {logging_mixin.py:154} INFO - [2024-11-06T16:21:49.445+0100] {dag.py:2941} INFO - Sync 1 DAGs
[2024-11-06T16:21:49.448+0100] {logging_mixin.py:154} INFO - [2024-11-06T16:21:49.448+0100] {dag.py:3722} INFO - Setting next_dagrun for example_dag_decorator to None, run_after=None
[2024-11-06T16:21:49.455+0100] {processor.py:179} INFO - Processing /Users/pranavikusu/recurring_deliveries/venv/lib/python3.11/site-packages/airflow/example_dags/example_dag_decorator.py took 0.411 seconds
[2024-11-06T16:23:22.511+0100] {processor.py:157} INFO - Started process (PID=75039) to work on /Users/pranavikusu/recurring_deliveries/venv/lib/python3.11/site-packages/airflow/example_dags/example_dag_decorator.py
[2024-11-06T16:23:22.513+0100] {processor.py:829} INFO - Processing file /Users/pranavikusu/recurring_deliveries/venv/lib/python3.11/site-packages/airflow/example_dags/example_dag_decorator.py for tasks to queue
[2024-11-06T16:23:22.513+0100] {logging_mixin.py:154} INFO - [2024-11-06T16:23:22.513+0100] {dagbag.py:536} INFO - Filling up the DagBag from /Users/pranavikusu/recurring_deliveries/venv/lib/python3.11/site-packages/airflow/example_dags/example_dag_decorator.py
[2024-11-06T16:23:22.633+0100] {processor.py:839} INFO - DAG(s) dict_keys(['example_dag_decorator']) retrieved from /Users/pranavikusu/recurring_deliveries/venv/lib/python3.11/site-packages/airflow/example_dags/example_dag_decorator.py
[2024-11-06T16:23:22.907+0100] {logging_mixin.py:154} INFO - [2024-11-06T16:23:22.907+0100] {dag.py:2941} INFO - Sync 1 DAGs
[2024-11-06T16:23:22.910+0100] {logging_mixin.py:154} INFO - [2024-11-06T16:23:22.910+0100] {dag.py:3722} INFO - Setting next_dagrun for example_dag_decorator to None, run_after=None
[2024-11-06T16:23:22.918+0100] {processor.py:179} INFO - Processing /Users/pranavikusu/recurring_deliveries/venv/lib/python3.11/site-packages/airflow/example_dags/example_dag_decorator.py took 0.407 seconds
[2024-11-06T16:25:04.600+0100] {processor.py:157} INFO - Started process (PID=75165) to work on /Users/pranavikusu/recurring_deliveries/venv/lib/python3.11/site-packages/airflow/example_dags/example_dag_decorator.py
[2024-11-06T16:25:04.602+0100] {processor.py:829} INFO - Processing file /Users/pranavikusu/recurring_deliveries/venv/lib/python3.11/site-packages/airflow/example_dags/example_dag_decorator.py for tasks to queue
[2024-11-06T16:25:04.602+0100] {logging_mixin.py:154} INFO - [2024-11-06T16:25:04.602+0100] {dagbag.py:536} INFO - Filling up the DagBag from /Users/pranavikusu/recurring_deliveries/venv/lib/python3.11/site-packages/airflow/example_dags/example_dag_decorator.py
[2024-11-06T16:25:04.714+0100] {processor.py:839} INFO - DAG(s) dict_keys(['example_dag_decorator']) retrieved from /Users/pranavikusu/recurring_deliveries/venv/lib/python3.11/site-packages/airflow/example_dags/example_dag_decorator.py
[2024-11-06T16:25:04.992+0100] {logging_mixin.py:154} INFO - [2024-11-06T16:25:04.992+0100] {dag.py:2941} INFO - Sync 1 DAGs
[2024-11-06T16:25:04.995+0100] {logging_mixin.py:154} INFO - [2024-11-06T16:25:04.995+0100] {dag.py:3722} INFO - Setting next_dagrun for example_dag_decorator to None, run_after=None
[2024-11-06T16:25:05.002+0100] {processor.py:179} INFO - Processing /Users/pranavikusu/recurring_deliveries/venv/lib/python3.11/site-packages/airflow/example_dags/example_dag_decorator.py took 0.402 seconds
