[2024-11-06T16:14:43.696+0100] {processor.py:157} INFO - Started process (PID=74460) to work on /Users/pranavikusu/recurring_deliveries/venv/lib/python3.11/site-packages/airflow/example_dags/example_latest_only.py
[2024-11-06T16:14:43.698+0100] {processor.py:829} INFO - Processing file /Users/pranavikusu/recurring_deliveries/venv/lib/python3.11/site-packages/airflow/example_dags/example_latest_only.py for tasks to queue
[2024-11-06T16:14:43.698+0100] {logging_mixin.py:154} INFO - [2024-11-06T16:14:43.698+0100] {dagbag.py:536} INFO - Filling up the DagBag from /Users/pranavikusu/recurring_deliveries/venv/lib/python3.11/site-packages/airflow/example_dags/example_latest_only.py
[2024-11-06T16:14:43.708+0100] {processor.py:839} INFO - DAG(s) dict_keys(['latest_only']) retrieved from /Users/pranavikusu/recurring_deliveries/venv/lib/python3.11/site-packages/airflow/example_dags/example_latest_only.py
[2024-11-06T16:14:43.929+0100] {logging_mixin.py:154} INFO - [2024-11-06T16:14:43.929+0100] {manager.py:499} INFO - Created Permission View: %s
[2024-11-06T16:14:43.933+0100] {logging_mixin.py:154} INFO - [2024-11-06T16:14:43.933+0100] {manager.py:499} INFO - Created Permission View: %s
[2024-11-06T16:14:43.935+0100] {logging_mixin.py:154} INFO - [2024-11-06T16:14:43.935+0100] {manager.py:499} INFO - Created Permission View: %s
[2024-11-06T16:14:43.935+0100] {logging_mixin.py:154} INFO - [2024-11-06T16:14:43.935+0100] {dag.py:2941} INFO - Sync 1 DAGs
[2024-11-06T16:14:43.939+0100] {logging_mixin.py:154} INFO - [2024-11-06T16:14:43.938+0100] {dag.py:2963} INFO - Creating ORM DAG for latest_only
[2024-11-06T16:14:43.941+0100] {logging_mixin.py:154} INFO - [2024-11-06T16:14:43.941+0100] {dag.py:3722} INFO - Setting next_dagrun for latest_only to 2024-11-06T11:14:43.941751+00:00, run_after=2024-11-06T15:14:43.941751+00:00
[2024-11-06T16:14:43.948+0100] {processor.py:179} INFO - Processing /Users/pranavikusu/recurring_deliveries/venv/lib/python3.11/site-packages/airflow/example_dags/example_latest_only.py took 0.253 seconds
[2024-11-06T16:16:11.030+0100] {processor.py:157} INFO - Started process (PID=74549) to work on /Users/pranavikusu/recurring_deliveries/venv/lib/python3.11/site-packages/airflow/example_dags/example_latest_only.py
[2024-11-06T16:16:11.033+0100] {processor.py:829} INFO - Processing file /Users/pranavikusu/recurring_deliveries/venv/lib/python3.11/site-packages/airflow/example_dags/example_latest_only.py for tasks to queue
[2024-11-06T16:16:11.033+0100] {logging_mixin.py:154} INFO - [2024-11-06T16:16:11.033+0100] {dagbag.py:536} INFO - Filling up the DagBag from /Users/pranavikusu/recurring_deliveries/venv/lib/python3.11/site-packages/airflow/example_dags/example_latest_only.py
[2024-11-06T16:16:11.043+0100] {processor.py:839} INFO - DAG(s) dict_keys(['latest_only']) retrieved from /Users/pranavikusu/recurring_deliveries/venv/lib/python3.11/site-packages/airflow/example_dags/example_latest_only.py
[2024-11-06T16:16:11.103+0100] {logging_mixin.py:154} INFO - [2024-11-06T16:16:11.103+0100] {dag.py:2941} INFO - Sync 1 DAGs
[2024-11-06T16:16:11.109+0100] {logging_mixin.py:154} INFO - [2024-11-06T16:16:11.109+0100] {dag.py:3722} INFO - Setting next_dagrun for latest_only to 2024-11-06T11:16:11.109479+00:00, run_after=2024-11-06T15:16:11.109479+00:00
[2024-11-06T16:16:11.116+0100] {processor.py:179} INFO - Processing /Users/pranavikusu/recurring_deliveries/venv/lib/python3.11/site-packages/airflow/example_dags/example_latest_only.py took 0.086 seconds
[2024-11-06T16:17:26.519+0100] {processor.py:157} INFO - Started process (PID=74609) to work on /Users/pranavikusu/recurring_deliveries/venv/lib/python3.11/site-packages/airflow/example_dags/example_latest_only.py
[2024-11-06T16:17:26.521+0100] {processor.py:829} INFO - Processing file /Users/pranavikusu/recurring_deliveries/venv/lib/python3.11/site-packages/airflow/example_dags/example_latest_only.py for tasks to queue
[2024-11-06T16:17:26.521+0100] {logging_mixin.py:154} INFO - [2024-11-06T16:17:26.521+0100] {dagbag.py:536} INFO - Filling up the DagBag from /Users/pranavikusu/recurring_deliveries/venv/lib/python3.11/site-packages/airflow/example_dags/example_latest_only.py
[2024-11-06T16:17:26.530+0100] {processor.py:839} INFO - DAG(s) dict_keys(['latest_only']) retrieved from /Users/pranavikusu/recurring_deliveries/venv/lib/python3.11/site-packages/airflow/example_dags/example_latest_only.py
[2024-11-06T16:17:26.593+0100] {logging_mixin.py:154} INFO - [2024-11-06T16:17:26.593+0100] {dag.py:2941} INFO - Sync 1 DAGs
[2024-11-06T16:17:26.599+0100] {logging_mixin.py:154} INFO - [2024-11-06T16:17:26.599+0100] {dag.py:3722} INFO - Setting next_dagrun for latest_only to 2024-11-06T11:17:26.599371+00:00, run_after=2024-11-06T15:17:26.599371+00:00
[2024-11-06T16:17:26.605+0100] {processor.py:179} INFO - Processing /Users/pranavikusu/recurring_deliveries/venv/lib/python3.11/site-packages/airflow/example_dags/example_latest_only.py took 0.087 seconds
[2024-11-06T16:18:42.627+0100] {processor.py:157} INFO - Started process (PID=74683) to work on /Users/pranavikusu/recurring_deliveries/venv/lib/python3.11/site-packages/airflow/example_dags/example_latest_only.py
[2024-11-06T16:18:42.630+0100] {processor.py:829} INFO - Processing file /Users/pranavikusu/recurring_deliveries/venv/lib/python3.11/site-packages/airflow/example_dags/example_latest_only.py for tasks to queue
[2024-11-06T16:18:42.630+0100] {logging_mixin.py:154} INFO - [2024-11-06T16:18:42.630+0100] {dagbag.py:536} INFO - Filling up the DagBag from /Users/pranavikusu/recurring_deliveries/venv/lib/python3.11/site-packages/airflow/example_dags/example_latest_only.py
[2024-11-06T16:18:42.639+0100] {processor.py:839} INFO - DAG(s) dict_keys(['latest_only']) retrieved from /Users/pranavikusu/recurring_deliveries/venv/lib/python3.11/site-packages/airflow/example_dags/example_latest_only.py
[2024-11-06T16:18:42.702+0100] {logging_mixin.py:154} INFO - [2024-11-06T16:18:42.702+0100] {dag.py:2941} INFO - Sync 1 DAGs
[2024-11-06T16:18:42.708+0100] {logging_mixin.py:154} INFO - [2024-11-06T16:18:42.708+0100] {dag.py:3722} INFO - Setting next_dagrun for latest_only to 2024-11-06T11:18:42.708229+00:00, run_after=2024-11-06T15:18:42.708229+00:00
[2024-11-06T16:18:42.715+0100] {processor.py:179} INFO - Processing /Users/pranavikusu/recurring_deliveries/venv/lib/python3.11/site-packages/airflow/example_dags/example_latest_only.py took 0.088 seconds
[2024-11-06T16:20:14.419+0100] {processor.py:157} INFO - Started process (PID=74792) to work on /Users/pranavikusu/recurring_deliveries/venv/lib/python3.11/site-packages/airflow/example_dags/example_latest_only.py
[2024-11-06T16:20:14.421+0100] {processor.py:829} INFO - Processing file /Users/pranavikusu/recurring_deliveries/venv/lib/python3.11/site-packages/airflow/example_dags/example_latest_only.py for tasks to queue
[2024-11-06T16:20:14.422+0100] {logging_mixin.py:154} INFO - [2024-11-06T16:20:14.422+0100] {dagbag.py:536} INFO - Filling up the DagBag from /Users/pranavikusu/recurring_deliveries/venv/lib/python3.11/site-packages/airflow/example_dags/example_latest_only.py
[2024-11-06T16:20:14.432+0100] {processor.py:839} INFO - DAG(s) dict_keys(['latest_only']) retrieved from /Users/pranavikusu/recurring_deliveries/venv/lib/python3.11/site-packages/airflow/example_dags/example_latest_only.py
[2024-11-06T16:20:14.492+0100] {logging_mixin.py:154} INFO - [2024-11-06T16:20:14.492+0100] {dag.py:2941} INFO - Sync 1 DAGs
[2024-11-06T16:20:14.498+0100] {logging_mixin.py:154} INFO - [2024-11-06T16:20:14.498+0100] {dag.py:3722} INFO - Setting next_dagrun for latest_only to 2024-11-06T11:20:14.498490+00:00, run_after=2024-11-06T15:20:14.498490+00:00
[2024-11-06T16:20:14.505+0100] {processor.py:179} INFO - Processing /Users/pranavikusu/recurring_deliveries/venv/lib/python3.11/site-packages/airflow/example_dags/example_latest_only.py took 0.087 seconds
[2024-11-06T16:21:41.674+0100] {processor.py:157} INFO - Started process (PID=74899) to work on /Users/pranavikusu/recurring_deliveries/venv/lib/python3.11/site-packages/airflow/example_dags/example_latest_only.py
[2024-11-06T16:21:41.677+0100] {processor.py:829} INFO - Processing file /Users/pranavikusu/recurring_deliveries/venv/lib/python3.11/site-packages/airflow/example_dags/example_latest_only.py for tasks to queue
[2024-11-06T16:21:41.677+0100] {logging_mixin.py:154} INFO - [2024-11-06T16:21:41.677+0100] {dagbag.py:536} INFO - Filling up the DagBag from /Users/pranavikusu/recurring_deliveries/venv/lib/python3.11/site-packages/airflow/example_dags/example_latest_only.py
[2024-11-06T16:21:41.687+0100] {processor.py:839} INFO - DAG(s) dict_keys(['latest_only']) retrieved from /Users/pranavikusu/recurring_deliveries/venv/lib/python3.11/site-packages/airflow/example_dags/example_latest_only.py
[2024-11-06T16:21:41.748+0100] {logging_mixin.py:154} INFO - [2024-11-06T16:21:41.748+0100] {dag.py:2941} INFO - Sync 1 DAGs
[2024-11-06T16:21:41.754+0100] {logging_mixin.py:154} INFO - [2024-11-06T16:21:41.754+0100] {dag.py:3722} INFO - Setting next_dagrun for latest_only to 2024-11-06T11:21:41.754551+00:00, run_after=2024-11-06T15:21:41.754551+00:00
[2024-11-06T16:21:41.761+0100] {processor.py:179} INFO - Processing /Users/pranavikusu/recurring_deliveries/venv/lib/python3.11/site-packages/airflow/example_dags/example_latest_only.py took 0.087 seconds
[2024-11-06T16:23:13.442+0100] {processor.py:157} INFO - Started process (PID=75026) to work on /Users/pranavikusu/recurring_deliveries/venv/lib/python3.11/site-packages/airflow/example_dags/example_latest_only.py
[2024-11-06T16:23:13.444+0100] {processor.py:829} INFO - Processing file /Users/pranavikusu/recurring_deliveries/venv/lib/python3.11/site-packages/airflow/example_dags/example_latest_only.py for tasks to queue
[2024-11-06T16:23:13.445+0100] {logging_mixin.py:154} INFO - [2024-11-06T16:23:13.445+0100] {dagbag.py:536} INFO - Filling up the DagBag from /Users/pranavikusu/recurring_deliveries/venv/lib/python3.11/site-packages/airflow/example_dags/example_latest_only.py
[2024-11-06T16:23:13.454+0100] {processor.py:839} INFO - DAG(s) dict_keys(['latest_only']) retrieved from /Users/pranavikusu/recurring_deliveries/venv/lib/python3.11/site-packages/airflow/example_dags/example_latest_only.py
[2024-11-06T16:23:13.517+0100] {logging_mixin.py:154} INFO - [2024-11-06T16:23:13.517+0100] {dag.py:2941} INFO - Sync 1 DAGs
[2024-11-06T16:23:13.524+0100] {logging_mixin.py:154} INFO - [2024-11-06T16:23:13.524+0100] {dag.py:3722} INFO - Setting next_dagrun for latest_only to 2024-11-06T11:23:13.524383+00:00, run_after=2024-11-06T15:23:13.524383+00:00
[2024-11-06T16:23:13.531+0100] {processor.py:179} INFO - Processing /Users/pranavikusu/recurring_deliveries/venv/lib/python3.11/site-packages/airflow/example_dags/example_latest_only.py took 0.089 seconds
[2024-11-06T16:24:55.607+0100] {processor.py:157} INFO - Started process (PID=75151) to work on /Users/pranavikusu/recurring_deliveries/venv/lib/python3.11/site-packages/airflow/example_dags/example_latest_only.py
[2024-11-06T16:24:55.609+0100] {processor.py:829} INFO - Processing file /Users/pranavikusu/recurring_deliveries/venv/lib/python3.11/site-packages/airflow/example_dags/example_latest_only.py for tasks to queue
[2024-11-06T16:24:55.609+0100] {logging_mixin.py:154} INFO - [2024-11-06T16:24:55.609+0100] {dagbag.py:536} INFO - Filling up the DagBag from /Users/pranavikusu/recurring_deliveries/venv/lib/python3.11/site-packages/airflow/example_dags/example_latest_only.py
[2024-11-06T16:24:55.619+0100] {processor.py:839} INFO - DAG(s) dict_keys(['latest_only']) retrieved from /Users/pranavikusu/recurring_deliveries/venv/lib/python3.11/site-packages/airflow/example_dags/example_latest_only.py
[2024-11-06T16:24:55.681+0100] {logging_mixin.py:154} INFO - [2024-11-06T16:24:55.681+0100] {dag.py:2941} INFO - Sync 1 DAGs
[2024-11-06T16:24:55.688+0100] {logging_mixin.py:154} INFO - [2024-11-06T16:24:55.688+0100] {dag.py:3722} INFO - Setting next_dagrun for latest_only to 2024-11-06T11:24:55.688050+00:00, run_after=2024-11-06T15:24:55.688050+00:00
[2024-11-06T16:24:55.694+0100] {processor.py:179} INFO - Processing /Users/pranavikusu/recurring_deliveries/venv/lib/python3.11/site-packages/airflow/example_dags/example_latest_only.py took 0.088 seconds
