[2024-11-06T16:15:01.262+0100] {processor.py:157} INFO - Started process (PID=74478) to work on /Users/pranavikusu/recurring_deliveries/venv/lib/python3.11/site-packages/airflow/example_dags/example_branch_operator.py
[2024-11-06T16:15:01.264+0100] {processor.py:829} INFO - Processing file /Users/pranavikusu/recurring_deliveries/venv/lib/python3.11/site-packages/airflow/example_dags/example_branch_operator.py for tasks to queue
[2024-11-06T16:15:01.264+0100] {logging_mixin.py:154} INFO - [2024-11-06T16:15:01.264+0100] {dagbag.py:536} INFO - Filling up the DagBag from /Users/pranavikusu/recurring_deliveries/venv/lib/python3.11/site-packages/airflow/example_dags/example_branch_operator.py
[2024-11-06T16:15:01.280+0100] {processor.py:839} INFO - DAG(s) dict_keys(['example_branch_operator']) retrieved from /Users/pranavikusu/recurring_deliveries/venv/lib/python3.11/site-packages/airflow/example_dags/example_branch_operator.py
[2024-11-06T16:15:01.500+0100] {logging_mixin.py:154} INFO - [2024-11-06T16:15:01.500+0100] {manager.py:499} INFO - Created Permission View: %s
[2024-11-06T16:15:01.503+0100] {logging_mixin.py:154} INFO - [2024-11-06T16:15:01.503+0100] {manager.py:499} INFO - Created Permission View: %s
[2024-11-06T16:15:01.505+0100] {logging_mixin.py:154} INFO - [2024-11-06T16:15:01.505+0100] {manager.py:499} INFO - Created Permission View: %s
[2024-11-06T16:15:01.505+0100] {logging_mixin.py:154} INFO - [2024-11-06T16:15:01.505+0100] {dag.py:2941} INFO - Sync 1 DAGs
[2024-11-06T16:15:01.509+0100] {logging_mixin.py:154} INFO - [2024-11-06T16:15:01.509+0100] {dag.py:2963} INFO - Creating ORM DAG for example_branch_operator
[2024-11-06T16:15:01.512+0100] {logging_mixin.py:154} INFO - [2024-11-06T16:15:01.512+0100] {dag.py:3722} INFO - Setting next_dagrun for example_branch_operator to 2024-11-05T00:00:00+00:00, run_after=2024-11-06T00:00:00+00:00
[2024-11-06T16:15:01.518+0100] {processor.py:179} INFO - Processing /Users/pranavikusu/recurring_deliveries/venv/lib/python3.11/site-packages/airflow/example_dags/example_branch_operator.py took 0.257 seconds
[2024-11-06T16:16:25.999+0100] {processor.py:157} INFO - Started process (PID=74559) to work on /Users/pranavikusu/recurring_deliveries/venv/lib/python3.11/site-packages/airflow/example_dags/example_branch_operator.py
[2024-11-06T16:16:26.002+0100] {processor.py:829} INFO - Processing file /Users/pranavikusu/recurring_deliveries/venv/lib/python3.11/site-packages/airflow/example_dags/example_branch_operator.py for tasks to queue
[2024-11-06T16:16:26.002+0100] {logging_mixin.py:154} INFO - [2024-11-06T16:16:26.002+0100] {dagbag.py:536} INFO - Filling up the DagBag from /Users/pranavikusu/recurring_deliveries/venv/lib/python3.11/site-packages/airflow/example_dags/example_branch_operator.py
[2024-11-06T16:16:26.017+0100] {processor.py:839} INFO - DAG(s) dict_keys(['example_branch_operator']) retrieved from /Users/pranavikusu/recurring_deliveries/venv/lib/python3.11/site-packages/airflow/example_dags/example_branch_operator.py
[2024-11-06T16:16:26.081+0100] {logging_mixin.py:154} INFO - [2024-11-06T16:16:26.081+0100] {dag.py:2941} INFO - Sync 1 DAGs
[2024-11-06T16:16:26.087+0100] {logging_mixin.py:154} INFO - [2024-11-06T16:16:26.087+0100] {dag.py:3722} INFO - Setting next_dagrun for example_branch_operator to 2024-11-05T00:00:00+00:00, run_after=2024-11-06T00:00:00+00:00
[2024-11-06T16:16:26.094+0100] {processor.py:179} INFO - Processing /Users/pranavikusu/recurring_deliveries/venv/lib/python3.11/site-packages/airflow/example_dags/example_branch_operator.py took 0.095 seconds
[2024-11-06T16:17:42.615+0100] {processor.py:157} INFO - Started process (PID=74622) to work on /Users/pranavikusu/recurring_deliveries/venv/lib/python3.11/site-packages/airflow/example_dags/example_branch_operator.py
[2024-11-06T16:17:42.617+0100] {processor.py:829} INFO - Processing file /Users/pranavikusu/recurring_deliveries/venv/lib/python3.11/site-packages/airflow/example_dags/example_branch_operator.py for tasks to queue
[2024-11-06T16:17:42.617+0100] {logging_mixin.py:154} INFO - [2024-11-06T16:17:42.617+0100] {dagbag.py:536} INFO - Filling up the DagBag from /Users/pranavikusu/recurring_deliveries/venv/lib/python3.11/site-packages/airflow/example_dags/example_branch_operator.py
[2024-11-06T16:17:42.632+0100] {processor.py:839} INFO - DAG(s) dict_keys(['example_branch_operator']) retrieved from /Users/pranavikusu/recurring_deliveries/venv/lib/python3.11/site-packages/airflow/example_dags/example_branch_operator.py
[2024-11-06T16:17:42.694+0100] {logging_mixin.py:154} INFO - [2024-11-06T16:17:42.694+0100] {dag.py:2941} INFO - Sync 1 DAGs
[2024-11-06T16:17:42.700+0100] {logging_mixin.py:154} INFO - [2024-11-06T16:17:42.700+0100] {dag.py:3722} INFO - Setting next_dagrun for example_branch_operator to 2024-11-05T00:00:00+00:00, run_after=2024-11-06T00:00:00+00:00
[2024-11-06T16:17:42.707+0100] {processor.py:179} INFO - Processing /Users/pranavikusu/recurring_deliveries/venv/lib/python3.11/site-packages/airflow/example_dags/example_branch_operator.py took 0.093 seconds
[2024-11-06T16:19:03.947+0100] {processor.py:157} INFO - Started process (PID=74720) to work on /Users/pranavikusu/recurring_deliveries/venv/lib/python3.11/site-packages/airflow/example_dags/example_branch_operator.py
[2024-11-06T16:19:03.949+0100] {processor.py:829} INFO - Processing file /Users/pranavikusu/recurring_deliveries/venv/lib/python3.11/site-packages/airflow/example_dags/example_branch_operator.py for tasks to queue
[2024-11-06T16:19:03.950+0100] {logging_mixin.py:154} INFO - [2024-11-06T16:19:03.949+0100] {dagbag.py:536} INFO - Filling up the DagBag from /Users/pranavikusu/recurring_deliveries/venv/lib/python3.11/site-packages/airflow/example_dags/example_branch_operator.py
[2024-11-06T16:19:03.983+0100] {processor.py:839} INFO - DAG(s) dict_keys(['example_branch_operator']) retrieved from /Users/pranavikusu/recurring_deliveries/venv/lib/python3.11/site-packages/airflow/example_dags/example_branch_operator.py
[2024-11-06T16:19:04.046+0100] {logging_mixin.py:154} INFO - [2024-11-06T16:19:04.046+0100] {dag.py:2941} INFO - Sync 1 DAGs
[2024-11-06T16:19:04.053+0100] {logging_mixin.py:154} INFO - [2024-11-06T16:19:04.053+0100] {dag.py:3722} INFO - Setting next_dagrun for example_branch_operator to 2024-11-05T00:00:00+00:00, run_after=2024-11-06T00:00:00+00:00
[2024-11-06T16:19:04.059+0100] {processor.py:179} INFO - Processing /Users/pranavikusu/recurring_deliveries/venv/lib/python3.11/site-packages/airflow/example_dags/example_branch_operator.py took 0.113 seconds
[2024-11-06T16:20:30.003+0100] {processor.py:157} INFO - Started process (PID=74810) to work on /Users/pranavikusu/recurring_deliveries/venv/lib/python3.11/site-packages/airflow/example_dags/example_branch_operator.py
[2024-11-06T16:20:30.006+0100] {processor.py:829} INFO - Processing file /Users/pranavikusu/recurring_deliveries/venv/lib/python3.11/site-packages/airflow/example_dags/example_branch_operator.py for tasks to queue
[2024-11-06T16:20:30.006+0100] {logging_mixin.py:154} INFO - [2024-11-06T16:20:30.006+0100] {dagbag.py:536} INFO - Filling up the DagBag from /Users/pranavikusu/recurring_deliveries/venv/lib/python3.11/site-packages/airflow/example_dags/example_branch_operator.py
[2024-11-06T16:20:30.022+0100] {processor.py:839} INFO - DAG(s) dict_keys(['example_branch_operator']) retrieved from /Users/pranavikusu/recurring_deliveries/venv/lib/python3.11/site-packages/airflow/example_dags/example_branch_operator.py
[2024-11-06T16:20:30.085+0100] {logging_mixin.py:154} INFO - [2024-11-06T16:20:30.085+0100] {dag.py:2941} INFO - Sync 1 DAGs
[2024-11-06T16:20:30.091+0100] {logging_mixin.py:154} INFO - [2024-11-06T16:20:30.091+0100] {dag.py:3722} INFO - Setting next_dagrun for example_branch_operator to 2024-11-05T00:00:00+00:00, run_after=2024-11-06T00:00:00+00:00
[2024-11-06T16:20:30.098+0100] {processor.py:179} INFO - Processing /Users/pranavikusu/recurring_deliveries/venv/lib/python3.11/site-packages/airflow/example_dags/example_branch_operator.py took 0.095 seconds
[2024-11-06T16:21:54.607+0100] {processor.py:157} INFO - Started process (PID=74912) to work on /Users/pranavikusu/recurring_deliveries/venv/lib/python3.11/site-packages/airflow/example_dags/example_branch_operator.py
[2024-11-06T16:21:54.610+0100] {processor.py:829} INFO - Processing file /Users/pranavikusu/recurring_deliveries/venv/lib/python3.11/site-packages/airflow/example_dags/example_branch_operator.py for tasks to queue
[2024-11-06T16:21:54.610+0100] {logging_mixin.py:154} INFO - [2024-11-06T16:21:54.610+0100] {dagbag.py:536} INFO - Filling up the DagBag from /Users/pranavikusu/recurring_deliveries/venv/lib/python3.11/site-packages/airflow/example_dags/example_branch_operator.py
[2024-11-06T16:21:54.625+0100] {processor.py:839} INFO - DAG(s) dict_keys(['example_branch_operator']) retrieved from /Users/pranavikusu/recurring_deliveries/venv/lib/python3.11/site-packages/airflow/example_dags/example_branch_operator.py
[2024-11-06T16:21:54.688+0100] {logging_mixin.py:154} INFO - [2024-11-06T16:21:54.687+0100] {dag.py:2941} INFO - Sync 1 DAGs
[2024-11-06T16:21:54.694+0100] {logging_mixin.py:154} INFO - [2024-11-06T16:21:54.694+0100] {dag.py:3722} INFO - Setting next_dagrun for example_branch_operator to 2024-11-05T00:00:00+00:00, run_after=2024-11-06T00:00:00+00:00
[2024-11-06T16:21:54.701+0100] {processor.py:179} INFO - Processing /Users/pranavikusu/recurring_deliveries/venv/lib/python3.11/site-packages/airflow/example_dags/example_branch_operator.py took 0.094 seconds
[2024-11-06T16:23:29.577+0100] {processor.py:157} INFO - Started process (PID=75043) to work on /Users/pranavikusu/recurring_deliveries/venv/lib/python3.11/site-packages/airflow/example_dags/example_branch_operator.py
[2024-11-06T16:23:29.579+0100] {processor.py:829} INFO - Processing file /Users/pranavikusu/recurring_deliveries/venv/lib/python3.11/site-packages/airflow/example_dags/example_branch_operator.py for tasks to queue
[2024-11-06T16:23:29.579+0100] {logging_mixin.py:154} INFO - [2024-11-06T16:23:29.579+0100] {dagbag.py:536} INFO - Filling up the DagBag from /Users/pranavikusu/recurring_deliveries/venv/lib/python3.11/site-packages/airflow/example_dags/example_branch_operator.py
[2024-11-06T16:23:29.595+0100] {processor.py:839} INFO - DAG(s) dict_keys(['example_branch_operator']) retrieved from /Users/pranavikusu/recurring_deliveries/venv/lib/python3.11/site-packages/airflow/example_dags/example_branch_operator.py
[2024-11-06T16:23:29.658+0100] {logging_mixin.py:154} INFO - [2024-11-06T16:23:29.657+0100] {dag.py:2941} INFO - Sync 1 DAGs
[2024-11-06T16:23:29.664+0100] {logging_mixin.py:154} INFO - [2024-11-06T16:23:29.664+0100] {dag.py:3722} INFO - Setting next_dagrun for example_branch_operator to 2024-11-05T00:00:00+00:00, run_after=2024-11-06T00:00:00+00:00
[2024-11-06T16:23:29.671+0100] {processor.py:179} INFO - Processing /Users/pranavikusu/recurring_deliveries/venv/lib/python3.11/site-packages/airflow/example_dags/example_branch_operator.py took 0.095 seconds
[2024-11-06T16:25:11.251+0100] {processor.py:157} INFO - Started process (PID=75172) to work on /Users/pranavikusu/recurring_deliveries/venv/lib/python3.11/site-packages/airflow/example_dags/example_branch_operator.py
[2024-11-06T16:25:11.253+0100] {processor.py:829} INFO - Processing file /Users/pranavikusu/recurring_deliveries/venv/lib/python3.11/site-packages/airflow/example_dags/example_branch_operator.py for tasks to queue
[2024-11-06T16:25:11.254+0100] {logging_mixin.py:154} INFO - [2024-11-06T16:25:11.254+0100] {dagbag.py:536} INFO - Filling up the DagBag from /Users/pranavikusu/recurring_deliveries/venv/lib/python3.11/site-packages/airflow/example_dags/example_branch_operator.py
[2024-11-06T16:25:11.269+0100] {processor.py:839} INFO - DAG(s) dict_keys(['example_branch_operator']) retrieved from /Users/pranavikusu/recurring_deliveries/venv/lib/python3.11/site-packages/airflow/example_dags/example_branch_operator.py
[2024-11-06T16:25:11.333+0100] {logging_mixin.py:154} INFO - [2024-11-06T16:25:11.333+0100] {dag.py:2941} INFO - Sync 1 DAGs
[2024-11-06T16:25:11.339+0100] {logging_mixin.py:154} INFO - [2024-11-06T16:25:11.339+0100] {dag.py:3722} INFO - Setting next_dagrun for example_branch_operator to 2024-11-05T00:00:00+00:00, run_after=2024-11-06T00:00:00+00:00
[2024-11-06T16:25:11.345+0100] {processor.py:179} INFO - Processing /Users/pranavikusu/recurring_deliveries/venv/lib/python3.11/site-packages/airflow/example_dags/example_branch_operator.py took 0.095 seconds
