[2024-11-06T16:15:08.132+0100] {processor.py:157} INFO - Started process (PID=74484) to work on /Users/pranavikusu/recurring_deliveries/venv/lib/python3.11/site-packages/airflow/example_dags/example_bash_operator.py
[2024-11-06T16:15:08.134+0100] {processor.py:829} INFO - Processing file /Users/pranavikusu/recurring_deliveries/venv/lib/python3.11/site-packages/airflow/example_dags/example_bash_operator.py for tasks to queue
[2024-11-06T16:15:08.134+0100] {logging_mixin.py:154} INFO - [2024-11-06T16:15:08.134+0100] {dagbag.py:536} INFO - Filling up the DagBag from /Users/pranavikusu/recurring_deliveries/venv/lib/python3.11/site-packages/airflow/example_dags/example_bash_operator.py
[2024-11-06T16:15:08.161+0100] {processor.py:839} INFO - DAG(s) dict_keys(['example_bash_operator']) retrieved from /Users/pranavikusu/recurring_deliveries/venv/lib/python3.11/site-packages/airflow/example_dags/example_bash_operator.py
[2024-11-06T16:15:08.388+0100] {logging_mixin.py:154} INFO - [2024-11-06T16:15:08.388+0100] {manager.py:499} INFO - Created Permission View: %s
[2024-11-06T16:15:08.391+0100] {logging_mixin.py:154} INFO - [2024-11-06T16:15:08.391+0100] {manager.py:499} INFO - Created Permission View: %s
[2024-11-06T16:15:08.393+0100] {logging_mixin.py:154} INFO - [2024-11-06T16:15:08.393+0100] {manager.py:499} INFO - Created Permission View: %s
[2024-11-06T16:15:08.393+0100] {logging_mixin.py:154} INFO - [2024-11-06T16:15:08.393+0100] {dag.py:2941} INFO - Sync 1 DAGs
[2024-11-06T16:15:08.397+0100] {logging_mixin.py:154} INFO - [2024-11-06T16:15:08.397+0100] {dag.py:2963} INFO - Creating ORM DAG for example_bash_operator
[2024-11-06T16:15:08.400+0100] {logging_mixin.py:154} INFO - [2024-11-06T16:15:08.400+0100] {dag.py:3722} INFO - Setting next_dagrun for example_bash_operator to 2024-11-05T00:00:00+00:00, run_after=2024-11-06T00:00:00+00:00
[2024-11-06T16:15:08.406+0100] {processor.py:179} INFO - Processing /Users/pranavikusu/recurring_deliveries/venv/lib/python3.11/site-packages/airflow/example_dags/example_bash_operator.py took 0.274 seconds
[2024-11-06T16:16:31.615+0100] {processor.py:157} INFO - Started process (PID=74566) to work on /Users/pranavikusu/recurring_deliveries/venv/lib/python3.11/site-packages/airflow/example_dags/example_bash_operator.py
[2024-11-06T16:16:31.618+0100] {processor.py:829} INFO - Processing file /Users/pranavikusu/recurring_deliveries/venv/lib/python3.11/site-packages/airflow/example_dags/example_bash_operator.py for tasks to queue
[2024-11-06T16:16:31.618+0100] {logging_mixin.py:154} INFO - [2024-11-06T16:16:31.618+0100] {dagbag.py:536} INFO - Filling up the DagBag from /Users/pranavikusu/recurring_deliveries/venv/lib/python3.11/site-packages/airflow/example_dags/example_bash_operator.py
[2024-11-06T16:16:31.653+0100] {processor.py:839} INFO - DAG(s) dict_keys(['example_bash_operator']) retrieved from /Users/pranavikusu/recurring_deliveries/venv/lib/python3.11/site-packages/airflow/example_dags/example_bash_operator.py
[2024-11-06T16:16:31.701+0100] {logging_mixin.py:154} INFO - [2024-11-06T16:16:31.701+0100] {dag.py:2941} INFO - Sync 1 DAGs
[2024-11-06T16:16:31.708+0100] {logging_mixin.py:154} INFO - [2024-11-06T16:16:31.708+0100] {dag.py:3722} INFO - Setting next_dagrun for example_bash_operator to 2024-11-05T00:00:00+00:00, run_after=2024-11-06T00:00:00+00:00
[2024-11-06T16:16:31.715+0100] {processor.py:179} INFO - Processing /Users/pranavikusu/recurring_deliveries/venv/lib/python3.11/site-packages/airflow/example_dags/example_bash_operator.py took 0.100 seconds
[2024-11-06T16:17:49.095+0100] {processor.py:157} INFO - Started process (PID=74629) to work on /Users/pranavikusu/recurring_deliveries/venv/lib/python3.11/site-packages/airflow/example_dags/example_bash_operator.py
[2024-11-06T16:17:49.098+0100] {processor.py:829} INFO - Processing file /Users/pranavikusu/recurring_deliveries/venv/lib/python3.11/site-packages/airflow/example_dags/example_bash_operator.py for tasks to queue
[2024-11-06T16:17:49.098+0100] {logging_mixin.py:154} INFO - [2024-11-06T16:17:49.098+0100] {dagbag.py:536} INFO - Filling up the DagBag from /Users/pranavikusu/recurring_deliveries/venv/lib/python3.11/site-packages/airflow/example_dags/example_bash_operator.py
[2024-11-06T16:17:49.126+0100] {processor.py:839} INFO - DAG(s) dict_keys(['example_bash_operator']) retrieved from /Users/pranavikusu/recurring_deliveries/venv/lib/python3.11/site-packages/airflow/example_dags/example_bash_operator.py
[2024-11-06T16:17:49.175+0100] {logging_mixin.py:154} INFO - [2024-11-06T16:17:49.174+0100] {dag.py:2941} INFO - Sync 1 DAGs
[2024-11-06T16:17:49.181+0100] {logging_mixin.py:154} INFO - [2024-11-06T16:17:49.181+0100] {dag.py:3722} INFO - Setting next_dagrun for example_bash_operator to 2024-11-05T00:00:00+00:00, run_after=2024-11-06T00:00:00+00:00
[2024-11-06T16:17:49.188+0100] {processor.py:179} INFO - Processing /Users/pranavikusu/recurring_deliveries/venv/lib/python3.11/site-packages/airflow/example_dags/example_bash_operator.py took 0.094 seconds
[2024-11-06T16:19:10.624+0100] {processor.py:157} INFO - Started process (PID=74727) to work on /Users/pranavikusu/recurring_deliveries/venv/lib/python3.11/site-packages/airflow/example_dags/example_bash_operator.py
[2024-11-06T16:19:10.626+0100] {processor.py:829} INFO - Processing file /Users/pranavikusu/recurring_deliveries/venv/lib/python3.11/site-packages/airflow/example_dags/example_bash_operator.py for tasks to queue
[2024-11-06T16:19:10.627+0100] {logging_mixin.py:154} INFO - [2024-11-06T16:19:10.627+0100] {dagbag.py:536} INFO - Filling up the DagBag from /Users/pranavikusu/recurring_deliveries/venv/lib/python3.11/site-packages/airflow/example_dags/example_bash_operator.py
[2024-11-06T16:19:10.654+0100] {processor.py:839} INFO - DAG(s) dict_keys(['example_bash_operator']) retrieved from /Users/pranavikusu/recurring_deliveries/venv/lib/python3.11/site-packages/airflow/example_dags/example_bash_operator.py
[2024-11-06T16:19:10.702+0100] {logging_mixin.py:154} INFO - [2024-11-06T16:19:10.702+0100] {dag.py:2941} INFO - Sync 1 DAGs
[2024-11-06T16:19:10.709+0100] {logging_mixin.py:154} INFO - [2024-11-06T16:19:10.709+0100] {dag.py:3722} INFO - Setting next_dagrun for example_bash_operator to 2024-11-05T00:00:00+00:00, run_after=2024-11-06T00:00:00+00:00
[2024-11-06T16:19:10.716+0100] {processor.py:179} INFO - Processing /Users/pranavikusu/recurring_deliveries/venv/lib/python3.11/site-packages/airflow/example_dags/example_bash_operator.py took 0.092 seconds
[2024-11-06T16:20:35.974+0100] {processor.py:157} INFO - Started process (PID=74816) to work on /Users/pranavikusu/recurring_deliveries/venv/lib/python3.11/site-packages/airflow/example_dags/example_bash_operator.py
[2024-11-06T16:20:35.977+0100] {processor.py:829} INFO - Processing file /Users/pranavikusu/recurring_deliveries/venv/lib/python3.11/site-packages/airflow/example_dags/example_bash_operator.py for tasks to queue
[2024-11-06T16:20:35.978+0100] {logging_mixin.py:154} INFO - [2024-11-06T16:20:35.978+0100] {dagbag.py:536} INFO - Filling up the DagBag from /Users/pranavikusu/recurring_deliveries/venv/lib/python3.11/site-packages/airflow/example_dags/example_bash_operator.py
[2024-11-06T16:20:36.005+0100] {processor.py:839} INFO - DAG(s) dict_keys(['example_bash_operator']) retrieved from /Users/pranavikusu/recurring_deliveries/venv/lib/python3.11/site-packages/airflow/example_dags/example_bash_operator.py
[2024-11-06T16:20:36.054+0100] {logging_mixin.py:154} INFO - [2024-11-06T16:20:36.054+0100] {dag.py:2941} INFO - Sync 1 DAGs
[2024-11-06T16:20:36.061+0100] {logging_mixin.py:154} INFO - [2024-11-06T16:20:36.061+0100] {dag.py:3722} INFO - Setting next_dagrun for example_bash_operator to 2024-11-05T00:00:00+00:00, run_after=2024-11-06T00:00:00+00:00
[2024-11-06T16:20:36.068+0100] {processor.py:179} INFO - Processing /Users/pranavikusu/recurring_deliveries/venv/lib/python3.11/site-packages/airflow/example_dags/example_bash_operator.py took 0.094 seconds
[2024-11-06T16:22:01.283+0100] {processor.py:157} INFO - Started process (PID=74926) to work on /Users/pranavikusu/recurring_deliveries/venv/lib/python3.11/site-packages/airflow/example_dags/example_bash_operator.py
[2024-11-06T16:22:01.285+0100] {processor.py:829} INFO - Processing file /Users/pranavikusu/recurring_deliveries/venv/lib/python3.11/site-packages/airflow/example_dags/example_bash_operator.py for tasks to queue
[2024-11-06T16:22:01.285+0100] {logging_mixin.py:154} INFO - [2024-11-06T16:22:01.285+0100] {dagbag.py:536} INFO - Filling up the DagBag from /Users/pranavikusu/recurring_deliveries/venv/lib/python3.11/site-packages/airflow/example_dags/example_bash_operator.py
[2024-11-06T16:22:01.312+0100] {processor.py:839} INFO - DAG(s) dict_keys(['example_bash_operator']) retrieved from /Users/pranavikusu/recurring_deliveries/venv/lib/python3.11/site-packages/airflow/example_dags/example_bash_operator.py
[2024-11-06T16:22:01.360+0100] {logging_mixin.py:154} INFO - [2024-11-06T16:22:01.360+0100] {dag.py:2941} INFO - Sync 1 DAGs
[2024-11-06T16:22:01.366+0100] {logging_mixin.py:154} INFO - [2024-11-06T16:22:01.366+0100] {dag.py:3722} INFO - Setting next_dagrun for example_bash_operator to 2024-11-05T00:00:00+00:00, run_after=2024-11-06T00:00:00+00:00
[2024-11-06T16:22:01.373+0100] {processor.py:179} INFO - Processing /Users/pranavikusu/recurring_deliveries/venv/lib/python3.11/site-packages/airflow/example_dags/example_bash_operator.py took 0.091 seconds
[2024-11-06T16:23:36.592+0100] {processor.py:157} INFO - Started process (PID=75049) to work on /Users/pranavikusu/recurring_deliveries/venv/lib/python3.11/site-packages/airflow/example_dags/example_bash_operator.py
[2024-11-06T16:23:36.595+0100] {processor.py:829} INFO - Processing file /Users/pranavikusu/recurring_deliveries/venv/lib/python3.11/site-packages/airflow/example_dags/example_bash_operator.py for tasks to queue
[2024-11-06T16:23:36.595+0100] {logging_mixin.py:154} INFO - [2024-11-06T16:23:36.595+0100] {dagbag.py:536} INFO - Filling up the DagBag from /Users/pranavikusu/recurring_deliveries/venv/lib/python3.11/site-packages/airflow/example_dags/example_bash_operator.py
[2024-11-06T16:23:36.623+0100] {processor.py:839} INFO - DAG(s) dict_keys(['example_bash_operator']) retrieved from /Users/pranavikusu/recurring_deliveries/venv/lib/python3.11/site-packages/airflow/example_dags/example_bash_operator.py
[2024-11-06T16:23:36.670+0100] {logging_mixin.py:154} INFO - [2024-11-06T16:23:36.670+0100] {dag.py:2941} INFO - Sync 1 DAGs
[2024-11-06T16:23:36.677+0100] {logging_mixin.py:154} INFO - [2024-11-06T16:23:36.677+0100] {dag.py:3722} INFO - Setting next_dagrun for example_bash_operator to 2024-11-05T00:00:00+00:00, run_after=2024-11-06T00:00:00+00:00
[2024-11-06T16:23:36.684+0100] {processor.py:179} INFO - Processing /Users/pranavikusu/recurring_deliveries/venv/lib/python3.11/site-packages/airflow/example_dags/example_bash_operator.py took 0.092 seconds
[2024-11-06T16:25:17.282+0100] {processor.py:157} INFO - Started process (PID=75178) to work on /Users/pranavikusu/recurring_deliveries/venv/lib/python3.11/site-packages/airflow/example_dags/example_bash_operator.py
[2024-11-06T16:25:17.285+0100] {processor.py:829} INFO - Processing file /Users/pranavikusu/recurring_deliveries/venv/lib/python3.11/site-packages/airflow/example_dags/example_bash_operator.py for tasks to queue
[2024-11-06T16:25:17.285+0100] {logging_mixin.py:154} INFO - [2024-11-06T16:25:17.285+0100] {dagbag.py:536} INFO - Filling up the DagBag from /Users/pranavikusu/recurring_deliveries/venv/lib/python3.11/site-packages/airflow/example_dags/example_bash_operator.py
[2024-11-06T16:25:17.315+0100] {processor.py:839} INFO - DAG(s) dict_keys(['example_bash_operator']) retrieved from /Users/pranavikusu/recurring_deliveries/venv/lib/python3.11/site-packages/airflow/example_dags/example_bash_operator.py
[2024-11-06T16:25:17.363+0100] {logging_mixin.py:154} INFO - [2024-11-06T16:25:17.363+0100] {dag.py:2941} INFO - Sync 1 DAGs
[2024-11-06T16:25:17.369+0100] {logging_mixin.py:154} INFO - [2024-11-06T16:25:17.369+0100] {dag.py:3722} INFO - Setting next_dagrun for example_bash_operator to 2024-11-05T00:00:00+00:00, run_after=2024-11-06T00:00:00+00:00
[2024-11-06T16:25:17.376+0100] {processor.py:179} INFO - Processing /Users/pranavikusu/recurring_deliveries/venv/lib/python3.11/site-packages/airflow/example_dags/example_bash_operator.py took 0.094 seconds
