[2024-11-06T16:14:11.771+0100] {processor.py:157} INFO - Started process (PID=74421) to work on /Users/pranavikusu/recurring_deliveries/venv/lib/python3.11/site-packages/airflow/example_dags/example_task_group_decorator.py
[2024-11-06T16:14:11.786+0100] {processor.py:829} INFO - Processing file /Users/pranavikusu/recurring_deliveries/venv/lib/python3.11/site-packages/airflow/example_dags/example_task_group_decorator.py for tasks to queue
[2024-11-06T16:14:11.786+0100] {logging_mixin.py:154} INFO - [2024-11-06T16:14:11.786+0100] {dagbag.py:536} INFO - Filling up the DagBag from /Users/pranavikusu/recurring_deliveries/venv/lib/python3.11/site-packages/airflow/example_dags/example_task_group_decorator.py
[2024-11-06T16:14:11.812+0100] {processor.py:839} INFO - DAG(s) dict_keys(['example_task_group_decorator']) retrieved from /Users/pranavikusu/recurring_deliveries/venv/lib/python3.11/site-packages/airflow/example_dags/example_task_group_decorator.py
[2024-11-06T16:14:12.048+0100] {logging_mixin.py:154} INFO - [2024-11-06T16:14:12.048+0100] {manager.py:499} INFO - Created Permission View: %s
[2024-11-06T16:14:12.051+0100] {logging_mixin.py:154} INFO - [2024-11-06T16:14:12.051+0100] {manager.py:499} INFO - Created Permission View: %s
[2024-11-06T16:14:12.053+0100] {logging_mixin.py:154} INFO - [2024-11-06T16:14:12.053+0100] {manager.py:499} INFO - Created Permission View: %s
[2024-11-06T16:14:12.053+0100] {logging_mixin.py:154} INFO - [2024-11-06T16:14:12.053+0100] {dag.py:2941} INFO - Sync 1 DAGs
[2024-11-06T16:14:12.056+0100] {logging_mixin.py:154} INFO - [2024-11-06T16:14:12.056+0100] {dag.py:2963} INFO - Creating ORM DAG for example_task_group_decorator
[2024-11-06T16:14:12.059+0100] {logging_mixin.py:154} INFO - [2024-11-06T16:14:12.059+0100] {dag.py:3722} INFO - Setting next_dagrun for example_task_group_decorator to 2024-11-05T15:14:12.059828+00:00, run_after=2024-11-06T15:14:12.059828+00:00
[2024-11-06T16:14:12.065+0100] {processor.py:179} INFO - Processing /Users/pranavikusu/recurring_deliveries/venv/lib/python3.11/site-packages/airflow/example_dags/example_task_group_decorator.py took 0.294 seconds
[2024-11-06T16:15:29.967+0100] {processor.py:157} INFO - Started process (PID=74510) to work on /Users/pranavikusu/recurring_deliveries/venv/lib/python3.11/site-packages/airflow/example_dags/example_task_group_decorator.py
[2024-11-06T16:15:29.970+0100] {processor.py:829} INFO - Processing file /Users/pranavikusu/recurring_deliveries/venv/lib/python3.11/site-packages/airflow/example_dags/example_task_group_decorator.py for tasks to queue
[2024-11-06T16:15:29.970+0100] {logging_mixin.py:154} INFO - [2024-11-06T16:15:29.970+0100] {dagbag.py:536} INFO - Filling up the DagBag from /Users/pranavikusu/recurring_deliveries/venv/lib/python3.11/site-packages/airflow/example_dags/example_task_group_decorator.py
[2024-11-06T16:15:29.993+0100] {processor.py:839} INFO - DAG(s) dict_keys(['example_task_group_decorator']) retrieved from /Users/pranavikusu/recurring_deliveries/venv/lib/python3.11/site-packages/airflow/example_dags/example_task_group_decorator.py
[2024-11-06T16:15:30.053+0100] {logging_mixin.py:154} INFO - [2024-11-06T16:15:30.053+0100] {dag.py:2941} INFO - Sync 1 DAGs
[2024-11-06T16:15:30.059+0100] {logging_mixin.py:154} INFO - [2024-11-06T16:15:30.059+0100] {dag.py:3722} INFO - Setting next_dagrun for example_task_group_decorator to 2024-11-05T15:15:30.059120+00:00, run_after=2024-11-06T15:15:30.059120+00:00
[2024-11-06T16:15:30.065+0100] {processor.py:179} INFO - Processing /Users/pranavikusu/recurring_deliveries/venv/lib/python3.11/site-packages/airflow/example_dags/example_task_group_decorator.py took 0.098 seconds
[2024-11-06T16:16:46.173+0100] {processor.py:157} INFO - Started process (PID=74577) to work on /Users/pranavikusu/recurring_deliveries/venv/lib/python3.11/site-packages/airflow/example_dags/example_task_group_decorator.py
[2024-11-06T16:16:46.175+0100] {processor.py:829} INFO - Processing file /Users/pranavikusu/recurring_deliveries/venv/lib/python3.11/site-packages/airflow/example_dags/example_task_group_decorator.py for tasks to queue
[2024-11-06T16:16:46.176+0100] {logging_mixin.py:154} INFO - [2024-11-06T16:16:46.176+0100] {dagbag.py:536} INFO - Filling up the DagBag from /Users/pranavikusu/recurring_deliveries/venv/lib/python3.11/site-packages/airflow/example_dags/example_task_group_decorator.py
[2024-11-06T16:16:46.199+0100] {processor.py:839} INFO - DAG(s) dict_keys(['example_task_group_decorator']) retrieved from /Users/pranavikusu/recurring_deliveries/venv/lib/python3.11/site-packages/airflow/example_dags/example_task_group_decorator.py
[2024-11-06T16:16:46.258+0100] {logging_mixin.py:154} INFO - [2024-11-06T16:16:46.258+0100] {dag.py:2941} INFO - Sync 1 DAGs
[2024-11-06T16:16:46.264+0100] {logging_mixin.py:154} INFO - [2024-11-06T16:16:46.264+0100] {dag.py:3722} INFO - Setting next_dagrun for example_task_group_decorator to 2024-11-05T15:16:46.264066+00:00, run_after=2024-11-06T15:16:46.264066+00:00
[2024-11-06T16:16:46.271+0100] {processor.py:179} INFO - Processing /Users/pranavikusu/recurring_deliveries/venv/lib/python3.11/site-packages/airflow/example_dags/example_task_group_decorator.py took 0.098 seconds
[2024-11-06T16:18:04.767+0100] {processor.py:157} INFO - Started process (PID=74644) to work on /Users/pranavikusu/recurring_deliveries/venv/lib/python3.11/site-packages/airflow/example_dags/example_task_group_decorator.py
[2024-11-06T16:18:04.769+0100] {processor.py:829} INFO - Processing file /Users/pranavikusu/recurring_deliveries/venv/lib/python3.11/site-packages/airflow/example_dags/example_task_group_decorator.py for tasks to queue
[2024-11-06T16:18:04.769+0100] {logging_mixin.py:154} INFO - [2024-11-06T16:18:04.769+0100] {dagbag.py:536} INFO - Filling up the DagBag from /Users/pranavikusu/recurring_deliveries/venv/lib/python3.11/site-packages/airflow/example_dags/example_task_group_decorator.py
[2024-11-06T16:18:04.794+0100] {processor.py:839} INFO - DAG(s) dict_keys(['example_task_group_decorator']) retrieved from /Users/pranavikusu/recurring_deliveries/venv/lib/python3.11/site-packages/airflow/example_dags/example_task_group_decorator.py
[2024-11-06T16:18:04.856+0100] {logging_mixin.py:154} INFO - [2024-11-06T16:18:04.856+0100] {dag.py:2941} INFO - Sync 1 DAGs
[2024-11-06T16:18:04.861+0100] {logging_mixin.py:154} INFO - [2024-11-06T16:18:04.861+0100] {dag.py:3722} INFO - Setting next_dagrun for example_task_group_decorator to 2024-11-05T15:18:04.861849+00:00, run_after=2024-11-06T15:18:04.861849+00:00
[2024-11-06T16:18:04.868+0100] {processor.py:179} INFO - Processing /Users/pranavikusu/recurring_deliveries/venv/lib/python3.11/site-packages/airflow/example_dags/example_task_group_decorator.py took 0.102 seconds
[2024-11-06T16:19:30.356+0100] {processor.py:157} INFO - Started process (PID=74742) to work on /Users/pranavikusu/recurring_deliveries/venv/lib/python3.11/site-packages/airflow/example_dags/example_task_group_decorator.py
[2024-11-06T16:19:30.358+0100] {processor.py:829} INFO - Processing file /Users/pranavikusu/recurring_deliveries/venv/lib/python3.11/site-packages/airflow/example_dags/example_task_group_decorator.py for tasks to queue
[2024-11-06T16:19:30.359+0100] {logging_mixin.py:154} INFO - [2024-11-06T16:19:30.359+0100] {dagbag.py:536} INFO - Filling up the DagBag from /Users/pranavikusu/recurring_deliveries/venv/lib/python3.11/site-packages/airflow/example_dags/example_task_group_decorator.py
[2024-11-06T16:19:30.381+0100] {processor.py:839} INFO - DAG(s) dict_keys(['example_task_group_decorator']) retrieved from /Users/pranavikusu/recurring_deliveries/venv/lib/python3.11/site-packages/airflow/example_dags/example_task_group_decorator.py
[2024-11-06T16:19:30.441+0100] {logging_mixin.py:154} INFO - [2024-11-06T16:19:30.440+0100] {dag.py:2941} INFO - Sync 1 DAGs
[2024-11-06T16:19:30.446+0100] {logging_mixin.py:154} INFO - [2024-11-06T16:19:30.446+0100] {dag.py:3722} INFO - Setting next_dagrun for example_task_group_decorator to 2024-11-05T15:19:30.446563+00:00, run_after=2024-11-06T15:19:30.446563+00:00
[2024-11-06T16:19:30.453+0100] {processor.py:179} INFO - Processing /Users/pranavikusu/recurring_deliveries/venv/lib/python3.11/site-packages/airflow/example_dags/example_task_group_decorator.py took 0.098 seconds
[2024-11-06T16:20:52.994+0100] {processor.py:157} INFO - Started process (PID=74845) to work on /Users/pranavikusu/recurring_deliveries/venv/lib/python3.11/site-packages/airflow/example_dags/example_task_group_decorator.py
[2024-11-06T16:20:52.997+0100] {processor.py:829} INFO - Processing file /Users/pranavikusu/recurring_deliveries/venv/lib/python3.11/site-packages/airflow/example_dags/example_task_group_decorator.py for tasks to queue
[2024-11-06T16:20:52.997+0100] {logging_mixin.py:154} INFO - [2024-11-06T16:20:52.997+0100] {dagbag.py:536} INFO - Filling up the DagBag from /Users/pranavikusu/recurring_deliveries/venv/lib/python3.11/site-packages/airflow/example_dags/example_task_group_decorator.py
[2024-11-06T16:20:53.020+0100] {processor.py:839} INFO - DAG(s) dict_keys(['example_task_group_decorator']) retrieved from /Users/pranavikusu/recurring_deliveries/venv/lib/python3.11/site-packages/airflow/example_dags/example_task_group_decorator.py
[2024-11-06T16:20:53.082+0100] {logging_mixin.py:154} INFO - [2024-11-06T16:20:53.082+0100] {dag.py:2941} INFO - Sync 1 DAGs
[2024-11-06T16:20:53.087+0100] {logging_mixin.py:154} INFO - [2024-11-06T16:20:53.087+0100] {dag.py:3722} INFO - Setting next_dagrun for example_task_group_decorator to 2024-11-05T15:20:53.087840+00:00, run_after=2024-11-06T15:20:53.087840+00:00
[2024-11-06T16:20:53.095+0100] {processor.py:179} INFO - Processing /Users/pranavikusu/recurring_deliveries/venv/lib/python3.11/site-packages/airflow/example_dags/example_task_group_decorator.py took 0.101 seconds
[2024-11-06T16:22:19.475+0100] {processor.py:157} INFO - Started process (PID=74962) to work on /Users/pranavikusu/recurring_deliveries/venv/lib/python3.11/site-packages/airflow/example_dags/example_task_group_decorator.py
[2024-11-06T16:22:19.478+0100] {processor.py:829} INFO - Processing file /Users/pranavikusu/recurring_deliveries/venv/lib/python3.11/site-packages/airflow/example_dags/example_task_group_decorator.py for tasks to queue
[2024-11-06T16:22:19.478+0100] {logging_mixin.py:154} INFO - [2024-11-06T16:22:19.478+0100] {dagbag.py:536} INFO - Filling up the DagBag from /Users/pranavikusu/recurring_deliveries/venv/lib/python3.11/site-packages/airflow/example_dags/example_task_group_decorator.py
[2024-11-06T16:22:19.508+0100] {processor.py:839} INFO - DAG(s) dict_keys(['example_task_group_decorator']) retrieved from /Users/pranavikusu/recurring_deliveries/venv/lib/python3.11/site-packages/airflow/example_dags/example_task_group_decorator.py
[2024-11-06T16:22:19.572+0100] {logging_mixin.py:154} INFO - [2024-11-06T16:22:19.572+0100] {dag.py:2941} INFO - Sync 1 DAGs
[2024-11-06T16:22:19.578+0100] {logging_mixin.py:154} INFO - [2024-11-06T16:22:19.578+0100] {dag.py:3722} INFO - Setting next_dagrun for example_task_group_decorator to 2024-11-05T15:22:19.577983+00:00, run_after=2024-11-06T15:22:19.577983+00:00
[2024-11-06T16:22:19.585+0100] {processor.py:179} INFO - Processing /Users/pranavikusu/recurring_deliveries/venv/lib/python3.11/site-packages/airflow/example_dags/example_task_group_decorator.py took 0.110 seconds
[2024-11-06T16:23:58.313+0100] {processor.py:157} INFO - Started process (PID=75087) to work on /Users/pranavikusu/recurring_deliveries/venv/lib/python3.11/site-packages/airflow/example_dags/example_task_group_decorator.py
[2024-11-06T16:23:58.315+0100] {processor.py:829} INFO - Processing file /Users/pranavikusu/recurring_deliveries/venv/lib/python3.11/site-packages/airflow/example_dags/example_task_group_decorator.py for tasks to queue
[2024-11-06T16:23:58.315+0100] {logging_mixin.py:154} INFO - [2024-11-06T16:23:58.315+0100] {dagbag.py:536} INFO - Filling up the DagBag from /Users/pranavikusu/recurring_deliveries/venv/lib/python3.11/site-packages/airflow/example_dags/example_task_group_decorator.py
[2024-11-06T16:23:58.340+0100] {processor.py:839} INFO - DAG(s) dict_keys(['example_task_group_decorator']) retrieved from /Users/pranavikusu/recurring_deliveries/venv/lib/python3.11/site-packages/airflow/example_dags/example_task_group_decorator.py
[2024-11-06T16:23:58.404+0100] {logging_mixin.py:154} INFO - [2024-11-06T16:23:58.404+0100] {dag.py:2941} INFO - Sync 1 DAGs
[2024-11-06T16:23:58.410+0100] {logging_mixin.py:154} INFO - [2024-11-06T16:23:58.410+0100] {dag.py:3722} INFO - Setting next_dagrun for example_task_group_decorator to 2024-11-05T15:23:58.410811+00:00, run_after=2024-11-06T15:23:58.410811+00:00
[2024-11-06T16:23:58.418+0100] {processor.py:179} INFO - Processing /Users/pranavikusu/recurring_deliveries/venv/lib/python3.11/site-packages/airflow/example_dags/example_task_group_decorator.py took 0.105 seconds
[2024-11-06T16:24:53.905+0100] {processor.py:157} INFO - Started process (PID=75150) to work on /Users/pranavikusu/recurring_deliveries/venv/lib/python3.11/site-packages/airflow/example_dags/example_task_group_decorator.py
[2024-11-06T16:24:53.908+0100] {processor.py:829} INFO - Processing file /Users/pranavikusu/recurring_deliveries/venv/lib/python3.11/site-packages/airflow/example_dags/example_task_group_decorator.py for tasks to queue
[2024-11-06T16:24:53.908+0100] {logging_mixin.py:154} INFO - [2024-11-06T16:24:53.908+0100] {dagbag.py:536} INFO - Filling up the DagBag from /Users/pranavikusu/recurring_deliveries/venv/lib/python3.11/site-packages/airflow/example_dags/example_task_group_decorator.py
[2024-11-06T16:24:53.932+0100] {processor.py:839} INFO - DAG(s) dict_keys(['example_task_group_decorator']) retrieved from /Users/pranavikusu/recurring_deliveries/venv/lib/python3.11/site-packages/airflow/example_dags/example_task_group_decorator.py
[2024-11-06T16:24:53.995+0100] {logging_mixin.py:154} INFO - [2024-11-06T16:24:53.995+0100] {dag.py:2941} INFO - Sync 1 DAGs
[2024-11-06T16:24:54.001+0100] {logging_mixin.py:154} INFO - [2024-11-06T16:24:54.001+0100] {dag.py:3722} INFO - Setting next_dagrun for example_task_group_decorator to 2024-11-05T15:24:54.001155+00:00, run_after=2024-11-06T15:24:54.001155+00:00
[2024-11-06T16:24:54.008+0100] {processor.py:179} INFO - Processing /Users/pranavikusu/recurring_deliveries/venv/lib/python3.11/site-packages/airflow/example_dags/example_task_group_decorator.py took 0.104 seconds
