[2024-11-06T16:14:30.739+0100] {processor.py:157} INFO - Started process (PID=74445) to work on /Users/pranavikusu/recurring_deliveries/venv/lib/python3.11/site-packages/airflow/example_dags/example_python_operator.py
[2024-11-06T16:14:30.741+0100] {processor.py:829} INFO - Processing file /Users/pranavikusu/recurring_deliveries/venv/lib/python3.11/site-packages/airflow/example_dags/example_python_operator.py for tasks to queue
[2024-11-06T16:14:30.742+0100] {logging_mixin.py:154} INFO - [2024-11-06T16:14:30.741+0100] {dagbag.py:536} INFO - Filling up the DagBag from /Users/pranavikusu/recurring_deliveries/venv/lib/python3.11/site-packages/airflow/example_dags/example_python_operator.py
[2024-11-06T16:14:30.763+0100] {processor.py:839} INFO - DAG(s) dict_keys(['example_python_operator']) retrieved from /Users/pranavikusu/recurring_deliveries/venv/lib/python3.11/site-packages/airflow/example_dags/example_python_operator.py
[2024-11-06T16:14:30.978+0100] {logging_mixin.py:154} INFO - [2024-11-06T16:14:30.978+0100] {manager.py:499} INFO - Created Permission View: %s
[2024-11-06T16:14:30.981+0100] {logging_mixin.py:154} INFO - [2024-11-06T16:14:30.981+0100] {manager.py:499} INFO - Created Permission View: %s
[2024-11-06T16:14:30.983+0100] {logging_mixin.py:154} INFO - [2024-11-06T16:14:30.983+0100] {manager.py:499} INFO - Created Permission View: %s
[2024-11-06T16:14:30.983+0100] {logging_mixin.py:154} INFO - [2024-11-06T16:14:30.983+0100] {dag.py:2941} INFO - Sync 1 DAGs
[2024-11-06T16:14:30.986+0100] {logging_mixin.py:154} INFO - [2024-11-06T16:14:30.986+0100] {dag.py:2963} INFO - Creating ORM DAG for example_python_operator
[2024-11-06T16:14:30.987+0100] {logging_mixin.py:154} INFO - [2024-11-06T16:14:30.987+0100] {dag.py:3722} INFO - Setting next_dagrun for example_python_operator to None, run_after=None
[2024-11-06T16:14:30.993+0100] {processor.py:179} INFO - Processing /Users/pranavikusu/recurring_deliveries/venv/lib/python3.11/site-packages/airflow/example_dags/example_python_operator.py took 0.254 seconds
[2024-11-06T16:15:46.681+0100] {processor.py:157} INFO - Started process (PID=74525) to work on /Users/pranavikusu/recurring_deliveries/venv/lib/python3.11/site-packages/airflow/example_dags/example_python_operator.py
[2024-11-06T16:15:46.684+0100] {processor.py:829} INFO - Processing file /Users/pranavikusu/recurring_deliveries/venv/lib/python3.11/site-packages/airflow/example_dags/example_python_operator.py for tasks to queue
[2024-11-06T16:15:46.684+0100] {logging_mixin.py:154} INFO - [2024-11-06T16:15:46.684+0100] {dagbag.py:536} INFO - Filling up the DagBag from /Users/pranavikusu/recurring_deliveries/venv/lib/python3.11/site-packages/airflow/example_dags/example_python_operator.py
[2024-11-06T16:15:46.705+0100] {processor.py:839} INFO - DAG(s) dict_keys(['example_python_operator']) retrieved from /Users/pranavikusu/recurring_deliveries/venv/lib/python3.11/site-packages/airflow/example_dags/example_python_operator.py
[2024-11-06T16:15:47.052+0100] {logging_mixin.py:154} INFO - [2024-11-06T16:15:47.052+0100] {dag.py:2941} INFO - Sync 1 DAGs
[2024-11-06T16:15:47.055+0100] {logging_mixin.py:154} INFO - [2024-11-06T16:15:47.055+0100] {dag.py:3722} INFO - Setting next_dagrun for example_python_operator to None, run_after=None
[2024-11-06T16:15:47.063+0100] {processor.py:179} INFO - Processing /Users/pranavikusu/recurring_deliveries/venv/lib/python3.11/site-packages/airflow/example_dags/example_python_operator.py took 0.382 seconds
[2024-11-06T16:17:02.387+0100] {processor.py:157} INFO - Started process (PID=74591) to work on /Users/pranavikusu/recurring_deliveries/venv/lib/python3.11/site-packages/airflow/example_dags/example_python_operator.py
[2024-11-06T16:17:02.389+0100] {processor.py:829} INFO - Processing file /Users/pranavikusu/recurring_deliveries/venv/lib/python3.11/site-packages/airflow/example_dags/example_python_operator.py for tasks to queue
[2024-11-06T16:17:02.390+0100] {logging_mixin.py:154} INFO - [2024-11-06T16:17:02.390+0100] {dagbag.py:536} INFO - Filling up the DagBag from /Users/pranavikusu/recurring_deliveries/venv/lib/python3.11/site-packages/airflow/example_dags/example_python_operator.py
[2024-11-06T16:17:02.412+0100] {processor.py:839} INFO - DAG(s) dict_keys(['example_python_operator']) retrieved from /Users/pranavikusu/recurring_deliveries/venv/lib/python3.11/site-packages/airflow/example_dags/example_python_operator.py
[2024-11-06T16:17:02.736+0100] {logging_mixin.py:154} INFO - [2024-11-06T16:17:02.736+0100] {dag.py:2941} INFO - Sync 1 DAGs
[2024-11-06T16:17:02.739+0100] {logging_mixin.py:154} INFO - [2024-11-06T16:17:02.739+0100] {dag.py:3722} INFO - Setting next_dagrun for example_python_operator to None, run_after=None
[2024-11-06T16:17:02.746+0100] {processor.py:179} INFO - Processing /Users/pranavikusu/recurring_deliveries/venv/lib/python3.11/site-packages/airflow/example_dags/example_python_operator.py took 0.360 seconds
[2024-11-06T16:18:20.989+0100] {processor.py:157} INFO - Started process (PID=74655) to work on /Users/pranavikusu/recurring_deliveries/venv/lib/python3.11/site-packages/airflow/example_dags/example_python_operator.py
[2024-11-06T16:18:20.991+0100] {processor.py:829} INFO - Processing file /Users/pranavikusu/recurring_deliveries/venv/lib/python3.11/site-packages/airflow/example_dags/example_python_operator.py for tasks to queue
[2024-11-06T16:18:20.991+0100] {logging_mixin.py:154} INFO - [2024-11-06T16:18:20.991+0100] {dagbag.py:536} INFO - Filling up the DagBag from /Users/pranavikusu/recurring_deliveries/venv/lib/python3.11/site-packages/airflow/example_dags/example_python_operator.py
[2024-11-06T16:18:21.013+0100] {processor.py:839} INFO - DAG(s) dict_keys(['example_python_operator']) retrieved from /Users/pranavikusu/recurring_deliveries/venv/lib/python3.11/site-packages/airflow/example_dags/example_python_operator.py
[2024-11-06T16:18:21.326+0100] {logging_mixin.py:154} INFO - [2024-11-06T16:18:21.326+0100] {dag.py:2941} INFO - Sync 1 DAGs
[2024-11-06T16:18:21.329+0100] {logging_mixin.py:154} INFO - [2024-11-06T16:18:21.329+0100] {dag.py:3722} INFO - Setting next_dagrun for example_python_operator to None, run_after=None
[2024-11-06T16:18:21.337+0100] {processor.py:179} INFO - Processing /Users/pranavikusu/recurring_deliveries/venv/lib/python3.11/site-packages/airflow/example_dags/example_python_operator.py took 0.348 seconds
[2024-11-06T16:19:46.008+0100] {processor.py:157} INFO - Started process (PID=74753) to work on /Users/pranavikusu/recurring_deliveries/venv/lib/python3.11/site-packages/airflow/example_dags/example_python_operator.py
[2024-11-06T16:19:46.010+0100] {processor.py:829} INFO - Processing file /Users/pranavikusu/recurring_deliveries/venv/lib/python3.11/site-packages/airflow/example_dags/example_python_operator.py for tasks to queue
[2024-11-06T16:19:46.010+0100] {logging_mixin.py:154} INFO - [2024-11-06T16:19:46.010+0100] {dagbag.py:536} INFO - Filling up the DagBag from /Users/pranavikusu/recurring_deliveries/venv/lib/python3.11/site-packages/airflow/example_dags/example_python_operator.py
[2024-11-06T16:19:46.032+0100] {processor.py:839} INFO - DAG(s) dict_keys(['example_python_operator']) retrieved from /Users/pranavikusu/recurring_deliveries/venv/lib/python3.11/site-packages/airflow/example_dags/example_python_operator.py
[2024-11-06T16:19:46.346+0100] {logging_mixin.py:154} INFO - [2024-11-06T16:19:46.346+0100] {dag.py:2941} INFO - Sync 1 DAGs
[2024-11-06T16:19:46.349+0100] {logging_mixin.py:154} INFO - [2024-11-06T16:19:46.349+0100] {dag.py:3722} INFO - Setting next_dagrun for example_python_operator to None, run_after=None
[2024-11-06T16:19:46.356+0100] {processor.py:179} INFO - Processing /Users/pranavikusu/recurring_deliveries/venv/lib/python3.11/site-packages/airflow/example_dags/example_python_operator.py took 0.348 seconds
[2024-11-06T16:21:09.863+0100] {processor.py:157} INFO - Started process (PID=74860) to work on /Users/pranavikusu/recurring_deliveries/venv/lib/python3.11/site-packages/airflow/example_dags/example_python_operator.py
[2024-11-06T16:21:09.865+0100] {processor.py:829} INFO - Processing file /Users/pranavikusu/recurring_deliveries/venv/lib/python3.11/site-packages/airflow/example_dags/example_python_operator.py for tasks to queue
[2024-11-06T16:21:09.865+0100] {logging_mixin.py:154} INFO - [2024-11-06T16:21:09.865+0100] {dagbag.py:536} INFO - Filling up the DagBag from /Users/pranavikusu/recurring_deliveries/venv/lib/python3.11/site-packages/airflow/example_dags/example_python_operator.py
[2024-11-06T16:21:09.888+0100] {processor.py:839} INFO - DAG(s) dict_keys(['example_python_operator']) retrieved from /Users/pranavikusu/recurring_deliveries/venv/lib/python3.11/site-packages/airflow/example_dags/example_python_operator.py
[2024-11-06T16:21:10.203+0100] {logging_mixin.py:154} INFO - [2024-11-06T16:21:10.202+0100] {dag.py:2941} INFO - Sync 1 DAGs
[2024-11-06T16:21:10.206+0100] {logging_mixin.py:154} INFO - [2024-11-06T16:21:10.205+0100] {dag.py:3722} INFO - Setting next_dagrun for example_python_operator to None, run_after=None
[2024-11-06T16:21:10.213+0100] {processor.py:179} INFO - Processing /Users/pranavikusu/recurring_deliveries/venv/lib/python3.11/site-packages/airflow/example_dags/example_python_operator.py took 0.350 seconds
[2024-11-06T16:22:38.368+0100] {processor.py:157} INFO - Started process (PID=74980) to work on /Users/pranavikusu/recurring_deliveries/venv/lib/python3.11/site-packages/airflow/example_dags/example_python_operator.py
[2024-11-06T16:22:38.370+0100] {processor.py:829} INFO - Processing file /Users/pranavikusu/recurring_deliveries/venv/lib/python3.11/site-packages/airflow/example_dags/example_python_operator.py for tasks to queue
[2024-11-06T16:22:38.371+0100] {logging_mixin.py:154} INFO - [2024-11-06T16:22:38.371+0100] {dagbag.py:536} INFO - Filling up the DagBag from /Users/pranavikusu/recurring_deliveries/venv/lib/python3.11/site-packages/airflow/example_dags/example_python_operator.py
[2024-11-06T16:22:38.397+0100] {processor.py:839} INFO - DAG(s) dict_keys(['example_python_operator']) retrieved from /Users/pranavikusu/recurring_deliveries/venv/lib/python3.11/site-packages/airflow/example_dags/example_python_operator.py
[2024-11-06T16:22:38.717+0100] {logging_mixin.py:154} INFO - [2024-11-06T16:22:38.716+0100] {dag.py:2941} INFO - Sync 1 DAGs
[2024-11-06T16:22:38.720+0100] {logging_mixin.py:154} INFO - [2024-11-06T16:22:38.720+0100] {dag.py:3722} INFO - Setting next_dagrun for example_python_operator to None, run_after=None
[2024-11-06T16:22:38.727+0100] {processor.py:179} INFO - Processing /Users/pranavikusu/recurring_deliveries/venv/lib/python3.11/site-packages/airflow/example_dags/example_python_operator.py took 0.359 seconds
[2024-11-06T16:24:17.306+0100] {processor.py:157} INFO - Started process (PID=75103) to work on /Users/pranavikusu/recurring_deliveries/venv/lib/python3.11/site-packages/airflow/example_dags/example_python_operator.py
[2024-11-06T16:24:17.308+0100] {processor.py:829} INFO - Processing file /Users/pranavikusu/recurring_deliveries/venv/lib/python3.11/site-packages/airflow/example_dags/example_python_operator.py for tasks to queue
[2024-11-06T16:24:17.309+0100] {logging_mixin.py:154} INFO - [2024-11-06T16:24:17.309+0100] {dagbag.py:536} INFO - Filling up the DagBag from /Users/pranavikusu/recurring_deliveries/venv/lib/python3.11/site-packages/airflow/example_dags/example_python_operator.py
[2024-11-06T16:24:17.348+0100] {processor.py:839} INFO - DAG(s) dict_keys(['example_python_operator']) retrieved from /Users/pranavikusu/recurring_deliveries/venv/lib/python3.11/site-packages/airflow/example_dags/example_python_operator.py
[2024-11-06T16:24:17.671+0100] {logging_mixin.py:154} INFO - [2024-11-06T16:24:17.671+0100] {dag.py:2941} INFO - Sync 1 DAGs
[2024-11-06T16:24:17.674+0100] {logging_mixin.py:154} INFO - [2024-11-06T16:24:17.674+0100] {dag.py:3722} INFO - Setting next_dagrun for example_python_operator to None, run_after=None
[2024-11-06T16:24:17.681+0100] {processor.py:179} INFO - Processing /Users/pranavikusu/recurring_deliveries/venv/lib/python3.11/site-packages/airflow/example_dags/example_python_operator.py took 0.375 seconds
