[2024-11-06T16:15:06.265+0100] {processor.py:157} INFO - Started process (PID=74483) to work on /Users/pranavikusu/recurring_deliveries/venv/lib/python3.11/site-packages/airflow/example_dags/example_branch_datetime_operator.py
[2024-11-06T16:15:06.267+0100] {processor.py:829} INFO - Processing file /Users/pranavikusu/recurring_deliveries/venv/lib/python3.11/site-packages/airflow/example_dags/example_branch_datetime_operator.py for tasks to queue
[2024-11-06T16:15:06.267+0100] {logging_mixin.py:154} INFO - [2024-11-06T16:15:06.267+0100] {dagbag.py:536} INFO - Filling up the DagBag from /Users/pranavikusu/recurring_deliveries/venv/lib/python3.11/site-packages/airflow/example_dags/example_branch_datetime_operator.py
[2024-11-06T16:15:06.279+0100] {processor.py:839} INFO - DAG(s) dict_keys(['example_branch_datetime_operator_3', 'example_branch_datetime_operator_2', 'example_branch_datetime_operator']) retrieved from /Users/pranavikusu/recurring_deliveries/venv/lib/python3.11/site-packages/airflow/example_dags/example_branch_datetime_operator.py
[2024-11-06T16:15:06.500+0100] {logging_mixin.py:154} INFO - [2024-11-06T16:15:06.500+0100] {manager.py:499} INFO - Created Permission View: %s
[2024-11-06T16:15:06.503+0100] {logging_mixin.py:154} INFO - [2024-11-06T16:15:06.503+0100] {manager.py:499} INFO - Created Permission View: %s
[2024-11-06T16:15:06.505+0100] {logging_mixin.py:154} INFO - [2024-11-06T16:15:06.505+0100] {manager.py:499} INFO - Created Permission View: %s
[2024-11-06T16:15:06.509+0100] {logging_mixin.py:154} INFO - [2024-11-06T16:15:06.509+0100] {manager.py:499} INFO - Created Permission View: %s
[2024-11-06T16:15:06.511+0100] {logging_mixin.py:154} INFO - [2024-11-06T16:15:06.511+0100] {manager.py:499} INFO - Created Permission View: %s
[2024-11-06T16:15:06.513+0100] {logging_mixin.py:154} INFO - [2024-11-06T16:15:06.513+0100] {manager.py:499} INFO - Created Permission View: %s
[2024-11-06T16:15:06.516+0100] {logging_mixin.py:154} INFO - [2024-11-06T16:15:06.516+0100] {manager.py:499} INFO - Created Permission View: %s
[2024-11-06T16:15:06.518+0100] {logging_mixin.py:154} INFO - [2024-11-06T16:15:06.518+0100] {manager.py:499} INFO - Created Permission View: %s
[2024-11-06T16:15:06.520+0100] {logging_mixin.py:154} INFO - [2024-11-06T16:15:06.520+0100] {manager.py:499} INFO - Created Permission View: %s
[2024-11-06T16:15:06.520+0100] {logging_mixin.py:154} INFO - [2024-11-06T16:15:06.520+0100] {dag.py:2941} INFO - Sync 3 DAGs
[2024-11-06T16:15:06.523+0100] {logging_mixin.py:154} INFO - [2024-11-06T16:15:06.523+0100] {dag.py:2963} INFO - Creating ORM DAG for example_branch_datetime_operator_2
[2024-11-06T16:15:06.523+0100] {logging_mixin.py:154} INFO - [2024-11-06T16:15:06.523+0100] {dag.py:2963} INFO - Creating ORM DAG for example_branch_datetime_operator
[2024-11-06T16:15:06.523+0100] {logging_mixin.py:154} INFO - [2024-11-06T16:15:06.523+0100] {dag.py:2963} INFO - Creating ORM DAG for example_branch_datetime_operator_3
[2024-11-06T16:15:06.527+0100] {logging_mixin.py:154} INFO - [2024-11-06T16:15:06.527+0100] {dag.py:3722} INFO - Setting next_dagrun for example_branch_datetime_operator to 2024-11-05T00:00:00+00:00, run_after=2024-11-06T00:00:00+00:00
[2024-11-06T16:15:06.527+0100] {logging_mixin.py:154} INFO - [2024-11-06T16:15:06.527+0100] {dag.py:3722} INFO - Setting next_dagrun for example_branch_datetime_operator_2 to 2024-11-05T00:00:00+00:00, run_after=2024-11-06T00:00:00+00:00
[2024-11-06T16:15:06.528+0100] {logging_mixin.py:154} INFO - [2024-11-06T16:15:06.528+0100] {dag.py:3722} INFO - Setting next_dagrun for example_branch_datetime_operator_3 to 2024-11-05T00:00:00+00:00, run_after=2024-11-06T00:00:00+00:00
[2024-11-06T16:15:06.534+0100] {processor.py:179} INFO - Processing /Users/pranavikusu/recurring_deliveries/venv/lib/python3.11/site-packages/airflow/example_dags/example_branch_datetime_operator.py took 0.269 seconds
[2024-11-06T16:16:30.953+0100] {processor.py:157} INFO - Started process (PID=74565) to work on /Users/pranavikusu/recurring_deliveries/venv/lib/python3.11/site-packages/airflow/example_dags/example_branch_datetime_operator.py
[2024-11-06T16:16:30.956+0100] {processor.py:829} INFO - Processing file /Users/pranavikusu/recurring_deliveries/venv/lib/python3.11/site-packages/airflow/example_dags/example_branch_datetime_operator.py for tasks to queue
[2024-11-06T16:16:30.956+0100] {logging_mixin.py:154} INFO - [2024-11-06T16:16:30.956+0100] {dagbag.py:536} INFO - Filling up the DagBag from /Users/pranavikusu/recurring_deliveries/venv/lib/python3.11/site-packages/airflow/example_dags/example_branch_datetime_operator.py
[2024-11-06T16:16:30.967+0100] {processor.py:839} INFO - DAG(s) dict_keys(['example_branch_datetime_operator', 'example_branch_datetime_operator_2', 'example_branch_datetime_operator_3']) retrieved from /Users/pranavikusu/recurring_deliveries/venv/lib/python3.11/site-packages/airflow/example_dags/example_branch_datetime_operator.py
[2024-11-06T16:16:31.029+0100] {logging_mixin.py:154} INFO - [2024-11-06T16:16:31.029+0100] {dag.py:2941} INFO - Sync 3 DAGs
[2024-11-06T16:16:31.036+0100] {logging_mixin.py:154} INFO - [2024-11-06T16:16:31.036+0100] {dag.py:3722} INFO - Setting next_dagrun for example_branch_datetime_operator to 2024-11-05T00:00:00+00:00, run_after=2024-11-06T00:00:00+00:00
[2024-11-06T16:16:31.037+0100] {logging_mixin.py:154} INFO - [2024-11-06T16:16:31.037+0100] {dag.py:3722} INFO - Setting next_dagrun for example_branch_datetime_operator_2 to 2024-11-05T00:00:00+00:00, run_after=2024-11-06T00:00:00+00:00
[2024-11-06T16:16:31.038+0100] {logging_mixin.py:154} INFO - [2024-11-06T16:16:31.038+0100] {dag.py:3722} INFO - Setting next_dagrun for example_branch_datetime_operator_3 to 2024-11-05T00:00:00+00:00, run_after=2024-11-06T00:00:00+00:00
[2024-11-06T16:16:31.044+0100] {processor.py:179} INFO - Processing /Users/pranavikusu/recurring_deliveries/venv/lib/python3.11/site-packages/airflow/example_dags/example_branch_datetime_operator.py took 0.092 seconds
[2024-11-06T16:17:47.660+0100] {processor.py:157} INFO - Started process (PID=74626) to work on /Users/pranavikusu/recurring_deliveries/venv/lib/python3.11/site-packages/airflow/example_dags/example_branch_datetime_operator.py
[2024-11-06T16:17:47.663+0100] {processor.py:829} INFO - Processing file /Users/pranavikusu/recurring_deliveries/venv/lib/python3.11/site-packages/airflow/example_dags/example_branch_datetime_operator.py for tasks to queue
[2024-11-06T16:17:47.664+0100] {logging_mixin.py:154} INFO - [2024-11-06T16:17:47.664+0100] {dagbag.py:536} INFO - Filling up the DagBag from /Users/pranavikusu/recurring_deliveries/venv/lib/python3.11/site-packages/airflow/example_dags/example_branch_datetime_operator.py
[2024-11-06T16:17:47.681+0100] {processor.py:839} INFO - DAG(s) dict_keys(['example_branch_datetime_operator_3', 'example_branch_datetime_operator', 'example_branch_datetime_operator_2']) retrieved from /Users/pranavikusu/recurring_deliveries/venv/lib/python3.11/site-packages/airflow/example_dags/example_branch_datetime_operator.py
[2024-11-06T16:17:47.778+0100] {logging_mixin.py:154} INFO - [2024-11-06T16:17:47.778+0100] {dag.py:2941} INFO - Sync 3 DAGs
[2024-11-06T16:17:47.786+0100] {logging_mixin.py:154} INFO - [2024-11-06T16:17:47.786+0100] {dag.py:3722} INFO - Setting next_dagrun for example_branch_datetime_operator to 2024-11-05T00:00:00+00:00, run_after=2024-11-06T00:00:00+00:00
[2024-11-06T16:17:47.788+0100] {logging_mixin.py:154} INFO - [2024-11-06T16:17:47.788+0100] {dag.py:3722} INFO - Setting next_dagrun for example_branch_datetime_operator_2 to 2024-11-05T00:00:00+00:00, run_after=2024-11-06T00:00:00+00:00
[2024-11-06T16:17:47.789+0100] {logging_mixin.py:154} INFO - [2024-11-06T16:17:47.788+0100] {dag.py:3722} INFO - Setting next_dagrun for example_branch_datetime_operator_3 to 2024-11-05T00:00:00+00:00, run_after=2024-11-06T00:00:00+00:00
[2024-11-06T16:17:47.796+0100] {processor.py:179} INFO - Processing /Users/pranavikusu/recurring_deliveries/venv/lib/python3.11/site-packages/airflow/example_dags/example_branch_datetime_operator.py took 0.137 seconds
[2024-11-06T16:19:08.959+0100] {processor.py:157} INFO - Started process (PID=74726) to work on /Users/pranavikusu/recurring_deliveries/venv/lib/python3.11/site-packages/airflow/example_dags/example_branch_datetime_operator.py
[2024-11-06T16:19:08.962+0100] {processor.py:829} INFO - Processing file /Users/pranavikusu/recurring_deliveries/venv/lib/python3.11/site-packages/airflow/example_dags/example_branch_datetime_operator.py for tasks to queue
[2024-11-06T16:19:08.962+0100] {logging_mixin.py:154} INFO - [2024-11-06T16:19:08.962+0100] {dagbag.py:536} INFO - Filling up the DagBag from /Users/pranavikusu/recurring_deliveries/venv/lib/python3.11/site-packages/airflow/example_dags/example_branch_datetime_operator.py
[2024-11-06T16:19:08.974+0100] {processor.py:839} INFO - DAG(s) dict_keys(['example_branch_datetime_operator_3', 'example_branch_datetime_operator', 'example_branch_datetime_operator_2']) retrieved from /Users/pranavikusu/recurring_deliveries/venv/lib/python3.11/site-packages/airflow/example_dags/example_branch_datetime_operator.py
[2024-11-06T16:19:09.040+0100] {logging_mixin.py:154} INFO - [2024-11-06T16:19:09.039+0100] {dag.py:2941} INFO - Sync 3 DAGs
[2024-11-06T16:19:09.048+0100] {logging_mixin.py:154} INFO - [2024-11-06T16:19:09.048+0100] {dag.py:3722} INFO - Setting next_dagrun for example_branch_datetime_operator to 2024-11-05T00:00:00+00:00, run_after=2024-11-06T00:00:00+00:00
[2024-11-06T16:19:09.050+0100] {logging_mixin.py:154} INFO - [2024-11-06T16:19:09.050+0100] {dag.py:3722} INFO - Setting next_dagrun for example_branch_datetime_operator_2 to 2024-11-05T00:00:00+00:00, run_after=2024-11-06T00:00:00+00:00
[2024-11-06T16:19:09.051+0100] {logging_mixin.py:154} INFO - [2024-11-06T16:19:09.051+0100] {dag.py:3722} INFO - Setting next_dagrun for example_branch_datetime_operator_3 to 2024-11-05T00:00:00+00:00, run_after=2024-11-06T00:00:00+00:00
[2024-11-06T16:19:09.057+0100] {processor.py:179} INFO - Processing /Users/pranavikusu/recurring_deliveries/venv/lib/python3.11/site-packages/airflow/example_dags/example_branch_datetime_operator.py took 0.099 seconds
[2024-11-06T16:20:34.276+0100] {processor.py:157} INFO - Started process (PID=74815) to work on /Users/pranavikusu/recurring_deliveries/venv/lib/python3.11/site-packages/airflow/example_dags/example_branch_datetime_operator.py
[2024-11-06T16:20:34.278+0100] {processor.py:829} INFO - Processing file /Users/pranavikusu/recurring_deliveries/venv/lib/python3.11/site-packages/airflow/example_dags/example_branch_datetime_operator.py for tasks to queue
[2024-11-06T16:20:34.279+0100] {logging_mixin.py:154} INFO - [2024-11-06T16:20:34.279+0100] {dagbag.py:536} INFO - Filling up the DagBag from /Users/pranavikusu/recurring_deliveries/venv/lib/python3.11/site-packages/airflow/example_dags/example_branch_datetime_operator.py
[2024-11-06T16:20:34.290+0100] {processor.py:839} INFO - DAG(s) dict_keys(['example_branch_datetime_operator_3', 'example_branch_datetime_operator', 'example_branch_datetime_operator_2']) retrieved from /Users/pranavikusu/recurring_deliveries/venv/lib/python3.11/site-packages/airflow/example_dags/example_branch_datetime_operator.py
[2024-11-06T16:20:34.363+0100] {logging_mixin.py:154} INFO - [2024-11-06T16:20:34.362+0100] {dag.py:2941} INFO - Sync 3 DAGs
[2024-11-06T16:20:34.370+0100] {logging_mixin.py:154} INFO - [2024-11-06T16:20:34.370+0100] {dag.py:3722} INFO - Setting next_dagrun for example_branch_datetime_operator to 2024-11-05T00:00:00+00:00, run_after=2024-11-06T00:00:00+00:00
[2024-11-06T16:20:34.371+0100] {logging_mixin.py:154} INFO - [2024-11-06T16:20:34.371+0100] {dag.py:3722} INFO - Setting next_dagrun for example_branch_datetime_operator_2 to 2024-11-05T00:00:00+00:00, run_after=2024-11-06T00:00:00+00:00
[2024-11-06T16:20:34.372+0100] {logging_mixin.py:154} INFO - [2024-11-06T16:20:34.372+0100] {dag.py:3722} INFO - Setting next_dagrun for example_branch_datetime_operator_3 to 2024-11-05T00:00:00+00:00, run_after=2024-11-06T00:00:00+00:00
[2024-11-06T16:20:34.378+0100] {processor.py:179} INFO - Processing /Users/pranavikusu/recurring_deliveries/venv/lib/python3.11/site-packages/airflow/example_dags/example_branch_datetime_operator.py took 0.102 seconds
[2024-11-06T16:21:59.623+0100] {processor.py:157} INFO - Started process (PID=74925) to work on /Users/pranavikusu/recurring_deliveries/venv/lib/python3.11/site-packages/airflow/example_dags/example_branch_datetime_operator.py
[2024-11-06T16:21:59.626+0100] {processor.py:829} INFO - Processing file /Users/pranavikusu/recurring_deliveries/venv/lib/python3.11/site-packages/airflow/example_dags/example_branch_datetime_operator.py for tasks to queue
[2024-11-06T16:21:59.626+0100] {logging_mixin.py:154} INFO - [2024-11-06T16:21:59.626+0100] {dagbag.py:536} INFO - Filling up the DagBag from /Users/pranavikusu/recurring_deliveries/venv/lib/python3.11/site-packages/airflow/example_dags/example_branch_datetime_operator.py
[2024-11-06T16:21:59.637+0100] {processor.py:839} INFO - DAG(s) dict_keys(['example_branch_datetime_operator', 'example_branch_datetime_operator_2', 'example_branch_datetime_operator_3']) retrieved from /Users/pranavikusu/recurring_deliveries/venv/lib/python3.11/site-packages/airflow/example_dags/example_branch_datetime_operator.py
[2024-11-06T16:21:59.700+0100] {logging_mixin.py:154} INFO - [2024-11-06T16:21:59.700+0100] {dag.py:2941} INFO - Sync 3 DAGs
[2024-11-06T16:21:59.707+0100] {logging_mixin.py:154} INFO - [2024-11-06T16:21:59.707+0100] {dag.py:3722} INFO - Setting next_dagrun for example_branch_datetime_operator to 2024-11-05T00:00:00+00:00, run_after=2024-11-06T00:00:00+00:00
[2024-11-06T16:21:59.708+0100] {logging_mixin.py:154} INFO - [2024-11-06T16:21:59.708+0100] {dag.py:3722} INFO - Setting next_dagrun for example_branch_datetime_operator_2 to 2024-11-05T00:00:00+00:00, run_after=2024-11-06T00:00:00+00:00
[2024-11-06T16:21:59.709+0100] {logging_mixin.py:154} INFO - [2024-11-06T16:21:59.709+0100] {dag.py:3722} INFO - Setting next_dagrun for example_branch_datetime_operator_3 to 2024-11-05T00:00:00+00:00, run_after=2024-11-06T00:00:00+00:00
[2024-11-06T16:21:59.716+0100] {processor.py:179} INFO - Processing /Users/pranavikusu/recurring_deliveries/venv/lib/python3.11/site-packages/airflow/example_dags/example_branch_datetime_operator.py took 0.093 seconds
[2024-11-06T16:23:34.933+0100] {processor.py:157} INFO - Started process (PID=75048) to work on /Users/pranavikusu/recurring_deliveries/venv/lib/python3.11/site-packages/airflow/example_dags/example_branch_datetime_operator.py
[2024-11-06T16:23:34.935+0100] {processor.py:829} INFO - Processing file /Users/pranavikusu/recurring_deliveries/venv/lib/python3.11/site-packages/airflow/example_dags/example_branch_datetime_operator.py for tasks to queue
[2024-11-06T16:23:34.936+0100] {logging_mixin.py:154} INFO - [2024-11-06T16:23:34.935+0100] {dagbag.py:536} INFO - Filling up the DagBag from /Users/pranavikusu/recurring_deliveries/venv/lib/python3.11/site-packages/airflow/example_dags/example_branch_datetime_operator.py
[2024-11-06T16:23:34.947+0100] {processor.py:839} INFO - DAG(s) dict_keys(['example_branch_datetime_operator_3', 'example_branch_datetime_operator', 'example_branch_datetime_operator_2']) retrieved from /Users/pranavikusu/recurring_deliveries/venv/lib/python3.11/site-packages/airflow/example_dags/example_branch_datetime_operator.py
[2024-11-06T16:23:35.010+0100] {logging_mixin.py:154} INFO - [2024-11-06T16:23:35.010+0100] {dag.py:2941} INFO - Sync 3 DAGs
[2024-11-06T16:23:35.017+0100] {logging_mixin.py:154} INFO - [2024-11-06T16:23:35.017+0100] {dag.py:3722} INFO - Setting next_dagrun for example_branch_datetime_operator to 2024-11-05T00:00:00+00:00, run_after=2024-11-06T00:00:00+00:00
[2024-11-06T16:23:35.019+0100] {logging_mixin.py:154} INFO - [2024-11-06T16:23:35.019+0100] {dag.py:3722} INFO - Setting next_dagrun for example_branch_datetime_operator_2 to 2024-11-05T00:00:00+00:00, run_after=2024-11-06T00:00:00+00:00
[2024-11-06T16:23:35.020+0100] {logging_mixin.py:154} INFO - [2024-11-06T16:23:35.020+0100] {dag.py:3722} INFO - Setting next_dagrun for example_branch_datetime_operator_3 to 2024-11-05T00:00:00+00:00, run_after=2024-11-06T00:00:00+00:00
[2024-11-06T16:23:35.026+0100] {processor.py:179} INFO - Processing /Users/pranavikusu/recurring_deliveries/venv/lib/python3.11/site-packages/airflow/example_dags/example_branch_datetime_operator.py took 0.094 seconds
[2024-11-06T16:25:15.624+0100] {processor.py:157} INFO - Started process (PID=75175) to work on /Users/pranavikusu/recurring_deliveries/venv/lib/python3.11/site-packages/airflow/example_dags/example_branch_datetime_operator.py
[2024-11-06T16:25:15.626+0100] {processor.py:829} INFO - Processing file /Users/pranavikusu/recurring_deliveries/venv/lib/python3.11/site-packages/airflow/example_dags/example_branch_datetime_operator.py for tasks to queue
[2024-11-06T16:25:15.626+0100] {logging_mixin.py:154} INFO - [2024-11-06T16:25:15.626+0100] {dagbag.py:536} INFO - Filling up the DagBag from /Users/pranavikusu/recurring_deliveries/venv/lib/python3.11/site-packages/airflow/example_dags/example_branch_datetime_operator.py
[2024-11-06T16:25:15.652+0100] {processor.py:839} INFO - DAG(s) dict_keys(['example_branch_datetime_operator', 'example_branch_datetime_operator_2', 'example_branch_datetime_operator_3']) retrieved from /Users/pranavikusu/recurring_deliveries/venv/lib/python3.11/site-packages/airflow/example_dags/example_branch_datetime_operator.py
[2024-11-06T16:25:15.717+0100] {logging_mixin.py:154} INFO - [2024-11-06T16:25:15.717+0100] {dag.py:2941} INFO - Sync 3 DAGs
[2024-11-06T16:25:15.724+0100] {logging_mixin.py:154} INFO - [2024-11-06T16:25:15.724+0100] {dag.py:3722} INFO - Setting next_dagrun for example_branch_datetime_operator to 2024-11-05T00:00:00+00:00, run_after=2024-11-06T00:00:00+00:00
[2024-11-06T16:25:15.726+0100] {logging_mixin.py:154} INFO - [2024-11-06T16:25:15.725+0100] {dag.py:3722} INFO - Setting next_dagrun for example_branch_datetime_operator_2 to 2024-11-05T00:00:00+00:00, run_after=2024-11-06T00:00:00+00:00
[2024-11-06T16:25:15.726+0100] {logging_mixin.py:154} INFO - [2024-11-06T16:25:15.726+0100] {dag.py:3722} INFO - Setting next_dagrun for example_branch_datetime_operator_3 to 2024-11-05T00:00:00+00:00, run_after=2024-11-06T00:00:00+00:00
[2024-11-06T16:25:15.733+0100] {processor.py:179} INFO - Processing /Users/pranavikusu/recurring_deliveries/venv/lib/python3.11/site-packages/airflow/example_dags/example_branch_datetime_operator.py took 0.110 seconds
