[2024-11-06T16:14:50.395+0100] {processor.py:157} INFO - Started process (PID=74469) to work on /Users/pranavikusu/recurring_deliveries/venv/lib/python3.11/site-packages/airflow/example_dags/example_dynamic_task_mapping.py
[2024-11-06T16:14:50.397+0100] {processor.py:829} INFO - Processing file /Users/pranavikusu/recurring_deliveries/venv/lib/python3.11/site-packages/airflow/example_dags/example_dynamic_task_mapping.py for tasks to queue
[2024-11-06T16:14:50.397+0100] {logging_mixin.py:154} INFO - [2024-11-06T16:14:50.397+0100] {dagbag.py:536} INFO - Filling up the DagBag from /Users/pranavikusu/recurring_deliveries/venv/lib/python3.11/site-packages/airflow/example_dags/example_dynamic_task_mapping.py
[2024-11-06T16:14:50.418+0100] {processor.py:839} INFO - DAG(s) dict_keys(['example_dynamic_task_mapping']) retrieved from /Users/pranavikusu/recurring_deliveries/venv/lib/python3.11/site-packages/airflow/example_dags/example_dynamic_task_mapping.py
[2024-11-06T16:14:50.647+0100] {logging_mixin.py:154} INFO - [2024-11-06T16:14:50.647+0100] {manager.py:499} INFO - Created Permission View: %s
[2024-11-06T16:14:50.650+0100] {logging_mixin.py:154} INFO - [2024-11-06T16:14:50.650+0100] {manager.py:499} INFO - Created Permission View: %s
[2024-11-06T16:14:50.652+0100] {logging_mixin.py:154} INFO - [2024-11-06T16:14:50.652+0100] {manager.py:499} INFO - Created Permission View: %s
[2024-11-06T16:14:50.652+0100] {logging_mixin.py:154} INFO - [2024-11-06T16:14:50.652+0100] {dag.py:2941} INFO - Sync 1 DAGs
[2024-11-06T16:14:50.655+0100] {logging_mixin.py:154} INFO - [2024-11-06T16:14:50.655+0100] {dag.py:2963} INFO - Creating ORM DAG for example_dynamic_task_mapping
[2024-11-06T16:14:50.658+0100] {logging_mixin.py:154} INFO - [2024-11-06T16:14:50.658+0100] {dag.py:3722} INFO - Setting next_dagrun for example_dynamic_task_mapping to 2022-03-04T00:00:00+00:00, run_after=2022-03-05T00:00:00+00:00
[2024-11-06T16:14:50.664+0100] {processor.py:179} INFO - Processing /Users/pranavikusu/recurring_deliveries/venv/lib/python3.11/site-packages/airflow/example_dags/example_dynamic_task_mapping.py took 0.269 seconds
[2024-11-06T16:16:17.445+0100] {processor.py:157} INFO - Started process (PID=74553) to work on /Users/pranavikusu/recurring_deliveries/venv/lib/python3.11/site-packages/airflow/example_dags/example_dynamic_task_mapping.py
[2024-11-06T16:16:17.450+0100] {processor.py:829} INFO - Processing file /Users/pranavikusu/recurring_deliveries/venv/lib/python3.11/site-packages/airflow/example_dags/example_dynamic_task_mapping.py for tasks to queue
[2024-11-06T16:16:17.450+0100] {logging_mixin.py:154} INFO - [2024-11-06T16:16:17.450+0100] {dagbag.py:536} INFO - Filling up the DagBag from /Users/pranavikusu/recurring_deliveries/venv/lib/python3.11/site-packages/airflow/example_dags/example_dynamic_task_mapping.py
[2024-11-06T16:16:17.475+0100] {processor.py:839} INFO - DAG(s) dict_keys(['example_dynamic_task_mapping']) retrieved from /Users/pranavikusu/recurring_deliveries/venv/lib/python3.11/site-packages/airflow/example_dags/example_dynamic_task_mapping.py
[2024-11-06T16:16:17.549+0100] {logging_mixin.py:154} INFO - [2024-11-06T16:16:17.548+0100] {dag.py:2941} INFO - Sync 1 DAGs
[2024-11-06T16:16:17.555+0100] {logging_mixin.py:154} INFO - [2024-11-06T16:16:17.555+0100] {dag.py:3722} INFO - Setting next_dagrun for example_dynamic_task_mapping to 2022-03-04T00:00:00+00:00, run_after=2022-03-05T00:00:00+00:00
[2024-11-06T16:16:17.562+0100] {processor.py:179} INFO - Processing /Users/pranavikusu/recurring_deliveries/venv/lib/python3.11/site-packages/airflow/example_dags/example_dynamic_task_mapping.py took 0.117 seconds
[2024-11-06T16:17:32.168+0100] {processor.py:157} INFO - Started process (PID=74613) to work on /Users/pranavikusu/recurring_deliveries/venv/lib/python3.11/site-packages/airflow/example_dags/example_dynamic_task_mapping.py
[2024-11-06T16:17:32.171+0100] {processor.py:829} INFO - Processing file /Users/pranavikusu/recurring_deliveries/venv/lib/python3.11/site-packages/airflow/example_dags/example_dynamic_task_mapping.py for tasks to queue
[2024-11-06T16:17:32.171+0100] {logging_mixin.py:154} INFO - [2024-11-06T16:17:32.171+0100] {dagbag.py:536} INFO - Filling up the DagBag from /Users/pranavikusu/recurring_deliveries/venv/lib/python3.11/site-packages/airflow/example_dags/example_dynamic_task_mapping.py
[2024-11-06T16:17:32.193+0100] {processor.py:839} INFO - DAG(s) dict_keys(['example_dynamic_task_mapping']) retrieved from /Users/pranavikusu/recurring_deliveries/venv/lib/python3.11/site-packages/airflow/example_dags/example_dynamic_task_mapping.py
[2024-11-06T16:17:32.255+0100] {logging_mixin.py:154} INFO - [2024-11-06T16:17:32.255+0100] {dag.py:2941} INFO - Sync 1 DAGs
[2024-11-06T16:17:32.260+0100] {logging_mixin.py:154} INFO - [2024-11-06T16:17:32.260+0100] {dag.py:3722} INFO - Setting next_dagrun for example_dynamic_task_mapping to 2022-03-04T00:00:00+00:00, run_after=2022-03-05T00:00:00+00:00
[2024-11-06T16:17:32.268+0100] {processor.py:179} INFO - Processing /Users/pranavikusu/recurring_deliveries/venv/lib/python3.11/site-packages/airflow/example_dags/example_dynamic_task_mapping.py took 0.100 seconds
[2024-11-06T16:18:53.282+0100] {processor.py:157} INFO - Started process (PID=74709) to work on /Users/pranavikusu/recurring_deliveries/venv/lib/python3.11/site-packages/airflow/example_dags/example_dynamic_task_mapping.py
[2024-11-06T16:18:53.285+0100] {processor.py:829} INFO - Processing file /Users/pranavikusu/recurring_deliveries/venv/lib/python3.11/site-packages/airflow/example_dags/example_dynamic_task_mapping.py for tasks to queue
[2024-11-06T16:18:53.285+0100] {logging_mixin.py:154} INFO - [2024-11-06T16:18:53.285+0100] {dagbag.py:536} INFO - Filling up the DagBag from /Users/pranavikusu/recurring_deliveries/venv/lib/python3.11/site-packages/airflow/example_dags/example_dynamic_task_mapping.py
[2024-11-06T16:18:53.305+0100] {processor.py:839} INFO - DAG(s) dict_keys(['example_dynamic_task_mapping']) retrieved from /Users/pranavikusu/recurring_deliveries/venv/lib/python3.11/site-packages/airflow/example_dags/example_dynamic_task_mapping.py
[2024-11-06T16:18:53.365+0100] {logging_mixin.py:154} INFO - [2024-11-06T16:18:53.365+0100] {dag.py:2941} INFO - Sync 1 DAGs
[2024-11-06T16:18:53.371+0100] {logging_mixin.py:154} INFO - [2024-11-06T16:18:53.371+0100] {dag.py:3722} INFO - Setting next_dagrun for example_dynamic_task_mapping to 2022-03-04T00:00:00+00:00, run_after=2022-03-05T00:00:00+00:00
[2024-11-06T16:18:53.378+0100] {processor.py:179} INFO - Processing /Users/pranavikusu/recurring_deliveries/venv/lib/python3.11/site-packages/airflow/example_dags/example_dynamic_task_mapping.py took 0.096 seconds
[2024-11-06T16:20:20.035+0100] {processor.py:157} INFO - Started process (PID=74804) to work on /Users/pranavikusu/recurring_deliveries/venv/lib/python3.11/site-packages/airflow/example_dags/example_dynamic_task_mapping.py
[2024-11-06T16:20:20.038+0100] {processor.py:829} INFO - Processing file /Users/pranavikusu/recurring_deliveries/venv/lib/python3.11/site-packages/airflow/example_dags/example_dynamic_task_mapping.py for tasks to queue
[2024-11-06T16:20:20.038+0100] {logging_mixin.py:154} INFO - [2024-11-06T16:20:20.038+0100] {dagbag.py:536} INFO - Filling up the DagBag from /Users/pranavikusu/recurring_deliveries/venv/lib/python3.11/site-packages/airflow/example_dags/example_dynamic_task_mapping.py
[2024-11-06T16:20:20.058+0100] {processor.py:839} INFO - DAG(s) dict_keys(['example_dynamic_task_mapping']) retrieved from /Users/pranavikusu/recurring_deliveries/venv/lib/python3.11/site-packages/airflow/example_dags/example_dynamic_task_mapping.py
[2024-11-06T16:20:20.123+0100] {logging_mixin.py:154} INFO - [2024-11-06T16:20:20.123+0100] {dag.py:2941} INFO - Sync 1 DAGs
[2024-11-06T16:20:20.129+0100] {logging_mixin.py:154} INFO - [2024-11-06T16:20:20.129+0100] {dag.py:3722} INFO - Setting next_dagrun for example_dynamic_task_mapping to 2022-03-04T00:00:00+00:00, run_after=2022-03-05T00:00:00+00:00
[2024-11-06T16:20:20.136+0100] {processor.py:179} INFO - Processing /Users/pranavikusu/recurring_deliveries/venv/lib/python3.11/site-packages/airflow/example_dags/example_dynamic_task_mapping.py took 0.101 seconds
[2024-11-06T16:21:47.246+0100] {processor.py:157} INFO - Started process (PID=74904) to work on /Users/pranavikusu/recurring_deliveries/venv/lib/python3.11/site-packages/airflow/example_dags/example_dynamic_task_mapping.py
[2024-11-06T16:21:47.248+0100] {processor.py:829} INFO - Processing file /Users/pranavikusu/recurring_deliveries/venv/lib/python3.11/site-packages/airflow/example_dags/example_dynamic_task_mapping.py for tasks to queue
[2024-11-06T16:21:47.249+0100] {logging_mixin.py:154} INFO - [2024-11-06T16:21:47.248+0100] {dagbag.py:536} INFO - Filling up the DagBag from /Users/pranavikusu/recurring_deliveries/venv/lib/python3.11/site-packages/airflow/example_dags/example_dynamic_task_mapping.py
[2024-11-06T16:21:47.269+0100] {processor.py:839} INFO - DAG(s) dict_keys(['example_dynamic_task_mapping']) retrieved from /Users/pranavikusu/recurring_deliveries/venv/lib/python3.11/site-packages/airflow/example_dags/example_dynamic_task_mapping.py
[2024-11-06T16:21:47.335+0100] {logging_mixin.py:154} INFO - [2024-11-06T16:21:47.335+0100] {dag.py:2941} INFO - Sync 1 DAGs
[2024-11-06T16:21:47.343+0100] {logging_mixin.py:154} INFO - [2024-11-06T16:21:47.343+0100] {dag.py:3722} INFO - Setting next_dagrun for example_dynamic_task_mapping to 2022-03-04T00:00:00+00:00, run_after=2022-03-05T00:00:00+00:00
[2024-11-06T16:21:47.354+0100] {processor.py:179} INFO - Processing /Users/pranavikusu/recurring_deliveries/venv/lib/python3.11/site-packages/airflow/example_dags/example_dynamic_task_mapping.py took 0.109 seconds
[2024-11-06T16:23:19.257+0100] {processor.py:157} INFO - Started process (PID=75037) to work on /Users/pranavikusu/recurring_deliveries/venv/lib/python3.11/site-packages/airflow/example_dags/example_dynamic_task_mapping.py
[2024-11-06T16:23:19.264+0100] {processor.py:829} INFO - Processing file /Users/pranavikusu/recurring_deliveries/venv/lib/python3.11/site-packages/airflow/example_dags/example_dynamic_task_mapping.py for tasks to queue
[2024-11-06T16:23:19.264+0100] {logging_mixin.py:154} INFO - [2024-11-06T16:23:19.264+0100] {dagbag.py:536} INFO - Filling up the DagBag from /Users/pranavikusu/recurring_deliveries/venv/lib/python3.11/site-packages/airflow/example_dags/example_dynamic_task_mapping.py
[2024-11-06T16:23:19.298+0100] {processor.py:839} INFO - DAG(s) dict_keys(['example_dynamic_task_mapping']) retrieved from /Users/pranavikusu/recurring_deliveries/venv/lib/python3.11/site-packages/airflow/example_dags/example_dynamic_task_mapping.py
[2024-11-06T16:23:19.361+0100] {logging_mixin.py:154} INFO - [2024-11-06T16:23:19.361+0100] {dag.py:2941} INFO - Sync 1 DAGs
[2024-11-06T16:23:19.367+0100] {logging_mixin.py:154} INFO - [2024-11-06T16:23:19.367+0100] {dag.py:3722} INFO - Setting next_dagrun for example_dynamic_task_mapping to 2022-03-04T00:00:00+00:00, run_after=2022-03-05T00:00:00+00:00
[2024-11-06T16:23:19.374+0100] {processor.py:179} INFO - Processing /Users/pranavikusu/recurring_deliveries/venv/lib/python3.11/site-packages/airflow/example_dags/example_dynamic_task_mapping.py took 0.118 seconds
[2024-11-06T16:25:01.251+0100] {processor.py:157} INFO - Started process (PID=75161) to work on /Users/pranavikusu/recurring_deliveries/venv/lib/python3.11/site-packages/airflow/example_dags/example_dynamic_task_mapping.py
[2024-11-06T16:25:01.253+0100] {processor.py:829} INFO - Processing file /Users/pranavikusu/recurring_deliveries/venv/lib/python3.11/site-packages/airflow/example_dags/example_dynamic_task_mapping.py for tasks to queue
[2024-11-06T16:25:01.253+0100] {logging_mixin.py:154} INFO - [2024-11-06T16:25:01.253+0100] {dagbag.py:536} INFO - Filling up the DagBag from /Users/pranavikusu/recurring_deliveries/venv/lib/python3.11/site-packages/airflow/example_dags/example_dynamic_task_mapping.py
[2024-11-06T16:25:01.276+0100] {processor.py:839} INFO - DAG(s) dict_keys(['example_dynamic_task_mapping']) retrieved from /Users/pranavikusu/recurring_deliveries/venv/lib/python3.11/site-packages/airflow/example_dags/example_dynamic_task_mapping.py
[2024-11-06T16:25:01.339+0100] {logging_mixin.py:154} INFO - [2024-11-06T16:25:01.339+0100] {dag.py:2941} INFO - Sync 1 DAGs
[2024-11-06T16:25:01.345+0100] {logging_mixin.py:154} INFO - [2024-11-06T16:25:01.345+0100] {dag.py:3722} INFO - Setting next_dagrun for example_dynamic_task_mapping to 2022-03-04T00:00:00+00:00, run_after=2022-03-05T00:00:00+00:00
[2024-11-06T16:25:01.353+0100] {processor.py:179} INFO - Processing /Users/pranavikusu/recurring_deliveries/venv/lib/python3.11/site-packages/airflow/example_dags/example_dynamic_task_mapping.py took 0.102 seconds
