[2024-11-06T16:14:09.891+0100] {processor.py:157} INFO - Started process (PID=74418) to work on /Users/pranavikusu/recurring_deliveries/venv/lib/python3.11/site-packages/airflow/example_dags/example_time_delta_sensor_async.py
[2024-11-06T16:14:09.911+0100] {processor.py:829} INFO - Processing file /Users/pranavikusu/recurring_deliveries/venv/lib/python3.11/site-packages/airflow/example_dags/example_time_delta_sensor_async.py for tasks to queue
[2024-11-06T16:14:09.912+0100] {logging_mixin.py:154} INFO - [2024-11-06T16:14:09.912+0100] {dagbag.py:536} INFO - Filling up the DagBag from /Users/pranavikusu/recurring_deliveries/venv/lib/python3.11/site-packages/airflow/example_dags/example_time_delta_sensor_async.py
[2024-11-06T16:14:09.922+0100] {processor.py:839} INFO - DAG(s) dict_keys(['example_time_delta_sensor_async']) retrieved from /Users/pranavikusu/recurring_deliveries/venv/lib/python3.11/site-packages/airflow/example_dags/example_time_delta_sensor_async.py
[2024-11-06T16:14:10.182+0100] {logging_mixin.py:154} INFO - [2024-11-06T16:14:10.182+0100] {manager.py:499} INFO - Created Permission View: %s
[2024-11-06T16:14:10.185+0100] {logging_mixin.py:154} INFO - [2024-11-06T16:14:10.185+0100] {manager.py:499} INFO - Created Permission View: %s
[2024-11-06T16:14:10.187+0100] {logging_mixin.py:154} INFO - [2024-11-06T16:14:10.187+0100] {manager.py:499} INFO - Created Permission View: %s
[2024-11-06T16:14:10.187+0100] {logging_mixin.py:154} INFO - [2024-11-06T16:14:10.187+0100] {dag.py:2941} INFO - Sync 1 DAGs
[2024-11-06T16:14:10.190+0100] {logging_mixin.py:154} INFO - [2024-11-06T16:14:10.190+0100] {dag.py:2963} INFO - Creating ORM DAG for example_time_delta_sensor_async
[2024-11-06T16:14:10.190+0100] {logging_mixin.py:154} INFO - [2024-11-06T16:14:10.190+0100] {dag.py:3722} INFO - Setting next_dagrun for example_time_delta_sensor_async to None, run_after=None
[2024-11-06T16:14:10.196+0100] {processor.py:179} INFO - Processing /Users/pranavikusu/recurring_deliveries/venv/lib/python3.11/site-packages/airflow/example_dags/example_time_delta_sensor_async.py took 0.306 seconds
[2024-11-06T16:15:29.251+0100] {processor.py:157} INFO - Started process (PID=74509) to work on /Users/pranavikusu/recurring_deliveries/venv/lib/python3.11/site-packages/airflow/example_dags/example_time_delta_sensor_async.py
[2024-11-06T16:15:29.254+0100] {processor.py:829} INFO - Processing file /Users/pranavikusu/recurring_deliveries/venv/lib/python3.11/site-packages/airflow/example_dags/example_time_delta_sensor_async.py for tasks to queue
[2024-11-06T16:15:29.254+0100] {logging_mixin.py:154} INFO - [2024-11-06T16:15:29.254+0100] {dagbag.py:536} INFO - Filling up the DagBag from /Users/pranavikusu/recurring_deliveries/venv/lib/python3.11/site-packages/airflow/example_dags/example_time_delta_sensor_async.py
[2024-11-06T16:15:29.264+0100] {processor.py:839} INFO - DAG(s) dict_keys(['example_time_delta_sensor_async']) retrieved from /Users/pranavikusu/recurring_deliveries/venv/lib/python3.11/site-packages/airflow/example_dags/example_time_delta_sensor_async.py
[2024-11-06T16:15:29.329+0100] {logging_mixin.py:154} INFO - [2024-11-06T16:15:29.329+0100] {dag.py:2941} INFO - Sync 1 DAGs
[2024-11-06T16:15:29.332+0100] {logging_mixin.py:154} INFO - [2024-11-06T16:15:29.332+0100] {dag.py:3722} INFO - Setting next_dagrun for example_time_delta_sensor_async to None, run_after=None
[2024-11-06T16:15:29.339+0100] {processor.py:179} INFO - Processing /Users/pranavikusu/recurring_deliveries/venv/lib/python3.11/site-packages/airflow/example_dags/example_time_delta_sensor_async.py took 0.089 seconds
[2024-11-06T16:16:44.440+0100] {processor.py:157} INFO - Started process (PID=74576) to work on /Users/pranavikusu/recurring_deliveries/venv/lib/python3.11/site-packages/airflow/example_dags/example_time_delta_sensor_async.py
[2024-11-06T16:16:44.442+0100] {processor.py:829} INFO - Processing file /Users/pranavikusu/recurring_deliveries/venv/lib/python3.11/site-packages/airflow/example_dags/example_time_delta_sensor_async.py for tasks to queue
[2024-11-06T16:16:44.443+0100] {logging_mixin.py:154} INFO - [2024-11-06T16:16:44.443+0100] {dagbag.py:536} INFO - Filling up the DagBag from /Users/pranavikusu/recurring_deliveries/venv/lib/python3.11/site-packages/airflow/example_dags/example_time_delta_sensor_async.py
[2024-11-06T16:16:44.452+0100] {processor.py:839} INFO - DAG(s) dict_keys(['example_time_delta_sensor_async']) retrieved from /Users/pranavikusu/recurring_deliveries/venv/lib/python3.11/site-packages/airflow/example_dags/example_time_delta_sensor_async.py
[2024-11-06T16:16:44.553+0100] {logging_mixin.py:154} INFO - [2024-11-06T16:16:44.553+0100] {dag.py:2941} INFO - Sync 1 DAGs
[2024-11-06T16:16:44.557+0100] {logging_mixin.py:154} INFO - [2024-11-06T16:16:44.557+0100] {dag.py:3722} INFO - Setting next_dagrun for example_time_delta_sensor_async to None, run_after=None
[2024-11-06T16:16:44.564+0100] {processor.py:179} INFO - Processing /Users/pranavikusu/recurring_deliveries/venv/lib/python3.11/site-packages/airflow/example_dags/example_time_delta_sensor_async.py took 0.125 seconds
[2024-11-06T16:18:03.812+0100] {processor.py:157} INFO - Started process (PID=74643) to work on /Users/pranavikusu/recurring_deliveries/venv/lib/python3.11/site-packages/airflow/example_dags/example_time_delta_sensor_async.py
[2024-11-06T16:18:03.814+0100] {processor.py:829} INFO - Processing file /Users/pranavikusu/recurring_deliveries/venv/lib/python3.11/site-packages/airflow/example_dags/example_time_delta_sensor_async.py for tasks to queue
[2024-11-06T16:18:03.815+0100] {logging_mixin.py:154} INFO - [2024-11-06T16:18:03.814+0100] {dagbag.py:536} INFO - Filling up the DagBag from /Users/pranavikusu/recurring_deliveries/venv/lib/python3.11/site-packages/airflow/example_dags/example_time_delta_sensor_async.py
[2024-11-06T16:18:03.824+0100] {processor.py:839} INFO - DAG(s) dict_keys(['example_time_delta_sensor_async']) retrieved from /Users/pranavikusu/recurring_deliveries/venv/lib/python3.11/site-packages/airflow/example_dags/example_time_delta_sensor_async.py
[2024-11-06T16:18:03.922+0100] {logging_mixin.py:154} INFO - [2024-11-06T16:18:03.922+0100] {dag.py:2941} INFO - Sync 1 DAGs
[2024-11-06T16:18:03.927+0100] {logging_mixin.py:154} INFO - [2024-11-06T16:18:03.927+0100] {dag.py:3722} INFO - Setting next_dagrun for example_time_delta_sensor_async to None, run_after=None
[2024-11-06T16:18:03.935+0100] {processor.py:179} INFO - Processing /Users/pranavikusu/recurring_deliveries/venv/lib/python3.11/site-packages/airflow/example_dags/example_time_delta_sensor_async.py took 0.124 seconds
[2024-11-06T16:19:29.510+0100] {processor.py:157} INFO - Started process (PID=74741) to work on /Users/pranavikusu/recurring_deliveries/venv/lib/python3.11/site-packages/airflow/example_dags/example_time_delta_sensor_async.py
[2024-11-06T16:19:29.513+0100] {processor.py:829} INFO - Processing file /Users/pranavikusu/recurring_deliveries/venv/lib/python3.11/site-packages/airflow/example_dags/example_time_delta_sensor_async.py for tasks to queue
[2024-11-06T16:19:29.513+0100] {logging_mixin.py:154} INFO - [2024-11-06T16:19:29.513+0100] {dagbag.py:536} INFO - Filling up the DagBag from /Users/pranavikusu/recurring_deliveries/venv/lib/python3.11/site-packages/airflow/example_dags/example_time_delta_sensor_async.py
[2024-11-06T16:19:29.523+0100] {processor.py:839} INFO - DAG(s) dict_keys(['example_time_delta_sensor_async']) retrieved from /Users/pranavikusu/recurring_deliveries/venv/lib/python3.11/site-packages/airflow/example_dags/example_time_delta_sensor_async.py
[2024-11-06T16:19:29.589+0100] {logging_mixin.py:154} INFO - [2024-11-06T16:19:29.589+0100] {dag.py:2941} INFO - Sync 1 DAGs
[2024-11-06T16:19:29.592+0100] {logging_mixin.py:154} INFO - [2024-11-06T16:19:29.592+0100] {dag.py:3722} INFO - Setting next_dagrun for example_time_delta_sensor_async to None, run_after=None
[2024-11-06T16:19:29.599+0100] {processor.py:179} INFO - Processing /Users/pranavikusu/recurring_deliveries/venv/lib/python3.11/site-packages/airflow/example_dags/example_time_delta_sensor_async.py took 0.089 seconds
[2024-11-06T16:20:51.326+0100] {processor.py:157} INFO - Started process (PID=74844) to work on /Users/pranavikusu/recurring_deliveries/venv/lib/python3.11/site-packages/airflow/example_dags/example_time_delta_sensor_async.py
[2024-11-06T16:20:51.329+0100] {processor.py:829} INFO - Processing file /Users/pranavikusu/recurring_deliveries/venv/lib/python3.11/site-packages/airflow/example_dags/example_time_delta_sensor_async.py for tasks to queue
[2024-11-06T16:20:51.329+0100] {logging_mixin.py:154} INFO - [2024-11-06T16:20:51.329+0100] {dagbag.py:536} INFO - Filling up the DagBag from /Users/pranavikusu/recurring_deliveries/venv/lib/python3.11/site-packages/airflow/example_dags/example_time_delta_sensor_async.py
[2024-11-06T16:20:51.339+0100] {processor.py:839} INFO - DAG(s) dict_keys(['example_time_delta_sensor_async']) retrieved from /Users/pranavikusu/recurring_deliveries/venv/lib/python3.11/site-packages/airflow/example_dags/example_time_delta_sensor_async.py
[2024-11-06T16:20:51.408+0100] {logging_mixin.py:154} INFO - [2024-11-06T16:20:51.408+0100] {dag.py:2941} INFO - Sync 1 DAGs
[2024-11-06T16:20:51.412+0100] {logging_mixin.py:154} INFO - [2024-11-06T16:20:51.412+0100] {dag.py:3722} INFO - Setting next_dagrun for example_time_delta_sensor_async to None, run_after=None
[2024-11-06T16:20:51.419+0100] {processor.py:179} INFO - Processing /Users/pranavikusu/recurring_deliveries/venv/lib/python3.11/site-packages/airflow/example_dags/example_time_delta_sensor_async.py took 0.093 seconds
[2024-11-06T16:22:17.686+0100] {processor.py:157} INFO - Started process (PID=74961) to work on /Users/pranavikusu/recurring_deliveries/venv/lib/python3.11/site-packages/airflow/example_dags/example_time_delta_sensor_async.py
[2024-11-06T16:22:17.689+0100] {processor.py:829} INFO - Processing file /Users/pranavikusu/recurring_deliveries/venv/lib/python3.11/site-packages/airflow/example_dags/example_time_delta_sensor_async.py for tasks to queue
[2024-11-06T16:22:17.689+0100] {logging_mixin.py:154} INFO - [2024-11-06T16:22:17.689+0100] {dagbag.py:536} INFO - Filling up the DagBag from /Users/pranavikusu/recurring_deliveries/venv/lib/python3.11/site-packages/airflow/example_dags/example_time_delta_sensor_async.py
[2024-11-06T16:22:17.699+0100] {processor.py:839} INFO - DAG(s) dict_keys(['example_time_delta_sensor_async']) retrieved from /Users/pranavikusu/recurring_deliveries/venv/lib/python3.11/site-packages/airflow/example_dags/example_time_delta_sensor_async.py
[2024-11-06T16:22:17.767+0100] {logging_mixin.py:154} INFO - [2024-11-06T16:22:17.767+0100] {dag.py:2941} INFO - Sync 1 DAGs
[2024-11-06T16:22:17.770+0100] {logging_mixin.py:154} INFO - [2024-11-06T16:22:17.770+0100] {dag.py:3722} INFO - Setting next_dagrun for example_time_delta_sensor_async to None, run_after=None
[2024-11-06T16:22:17.778+0100] {processor.py:179} INFO - Processing /Users/pranavikusu/recurring_deliveries/venv/lib/python3.11/site-packages/airflow/example_dags/example_time_delta_sensor_async.py took 0.092 seconds
[2024-11-06T16:23:11.649+0100] {processor.py:157} INFO - Started process (PID=75025) to work on /Users/pranavikusu/recurring_deliveries/venv/lib/python3.11/site-packages/airflow/example_dags/example_time_delta_sensor_async.py
[2024-11-06T16:23:11.651+0100] {processor.py:829} INFO - Processing file /Users/pranavikusu/recurring_deliveries/venv/lib/python3.11/site-packages/airflow/example_dags/example_time_delta_sensor_async.py for tasks to queue
[2024-11-06T16:23:11.652+0100] {logging_mixin.py:154} INFO - [2024-11-06T16:23:11.652+0100] {dagbag.py:536} INFO - Filling up the DagBag from /Users/pranavikusu/recurring_deliveries/venv/lib/python3.11/site-packages/airflow/example_dags/example_time_delta_sensor_async.py
[2024-11-06T16:23:11.662+0100] {processor.py:839} INFO - DAG(s) dict_keys(['example_time_delta_sensor_async']) retrieved from /Users/pranavikusu/recurring_deliveries/venv/lib/python3.11/site-packages/airflow/example_dags/example_time_delta_sensor_async.py
[2024-11-06T16:23:11.801+0100] {logging_mixin.py:154} INFO - [2024-11-06T16:23:11.801+0100] {dag.py:2941} INFO - Sync 1 DAGs
[2024-11-06T16:23:11.806+0100] {logging_mixin.py:154} INFO - [2024-11-06T16:23:11.806+0100] {dag.py:3722} INFO - Setting next_dagrun for example_time_delta_sensor_async to None, run_after=None
[2024-11-06T16:23:11.816+0100] {processor.py:179} INFO - Processing /Users/pranavikusu/recurring_deliveries/venv/lib/python3.11/site-packages/airflow/example_dags/example_time_delta_sensor_async.py took 0.168 seconds
[2024-11-06T16:24:52.235+0100] {processor.py:157} INFO - Started process (PID=75149) to work on /Users/pranavikusu/recurring_deliveries/venv/lib/python3.11/site-packages/airflow/example_dags/example_time_delta_sensor_async.py
[2024-11-06T16:24:52.237+0100] {processor.py:829} INFO - Processing file /Users/pranavikusu/recurring_deliveries/venv/lib/python3.11/site-packages/airflow/example_dags/example_time_delta_sensor_async.py for tasks to queue
[2024-11-06T16:24:52.237+0100] {logging_mixin.py:154} INFO - [2024-11-06T16:24:52.237+0100] {dagbag.py:536} INFO - Filling up the DagBag from /Users/pranavikusu/recurring_deliveries/venv/lib/python3.11/site-packages/airflow/example_dags/example_time_delta_sensor_async.py
[2024-11-06T16:24:52.258+0100] {processor.py:839} INFO - DAG(s) dict_keys(['example_time_delta_sensor_async']) retrieved from /Users/pranavikusu/recurring_deliveries/venv/lib/python3.11/site-packages/airflow/example_dags/example_time_delta_sensor_async.py
[2024-11-06T16:24:52.330+0100] {logging_mixin.py:154} INFO - [2024-11-06T16:24:52.330+0100] {dag.py:2941} INFO - Sync 1 DAGs
[2024-11-06T16:24:52.334+0100] {logging_mixin.py:154} INFO - [2024-11-06T16:24:52.334+0100] {dag.py:3722} INFO - Setting next_dagrun for example_time_delta_sensor_async to None, run_after=None
[2024-11-06T16:24:52.342+0100] {processor.py:179} INFO - Processing /Users/pranavikusu/recurring_deliveries/venv/lib/python3.11/site-packages/airflow/example_dags/example_time_delta_sensor_async.py took 0.108 seconds
