[2024-11-06T16:14:28.601+0100] {processor.py:157} INFO - Started process (PID=74443) to work on /Users/pranavikusu/recurring_deliveries/venv/lib/python3.11/site-packages/airflow/example_dags/example_sensors.py
[2024-11-06T16:14:28.603+0100] {processor.py:829} INFO - Processing file /Users/pranavikusu/recurring_deliveries/venv/lib/python3.11/site-packages/airflow/example_dags/example_sensors.py for tasks to queue
[2024-11-06T16:14:28.603+0100] {logging_mixin.py:154} INFO - [2024-11-06T16:14:28.603+0100] {dagbag.py:536} INFO - Filling up the DagBag from /Users/pranavikusu/recurring_deliveries/venv/lib/python3.11/site-packages/airflow/example_dags/example_sensors.py
[2024-11-06T16:14:28.615+0100] {processor.py:839} INFO - DAG(s) dict_keys(['example_sensors']) retrieved from /Users/pranavikusu/recurring_deliveries/venv/lib/python3.11/site-packages/airflow/example_dags/example_sensors.py
[2024-11-06T16:14:28.837+0100] {logging_mixin.py:154} INFO - [2024-11-06T16:14:28.837+0100] {manager.py:499} INFO - Created Permission View: %s
[2024-11-06T16:14:28.840+0100] {logging_mixin.py:154} INFO - [2024-11-06T16:14:28.840+0100] {manager.py:499} INFO - Created Permission View: %s
[2024-11-06T16:14:28.842+0100] {logging_mixin.py:154} INFO - [2024-11-06T16:14:28.842+0100] {manager.py:499} INFO - Created Permission View: %s
[2024-11-06T16:14:28.842+0100] {logging_mixin.py:154} INFO - [2024-11-06T16:14:28.842+0100] {dag.py:2941} INFO - Sync 1 DAGs
[2024-11-06T16:14:28.846+0100] {logging_mixin.py:154} INFO - [2024-11-06T16:14:28.846+0100] {dag.py:2963} INFO - Creating ORM DAG for example_sensors
[2024-11-06T16:14:28.846+0100] {logging_mixin.py:154} INFO - [2024-11-06T16:14:28.846+0100] {dag.py:3722} INFO - Setting next_dagrun for example_sensors to None, run_after=None
[2024-11-06T16:14:28.852+0100] {processor.py:179} INFO - Processing /Users/pranavikusu/recurring_deliveries/venv/lib/python3.11/site-packages/airflow/example_dags/example_sensors.py took 0.251 seconds
[2024-11-06T16:15:44.005+0100] {processor.py:157} INFO - Started process (PID=74523) to work on /Users/pranavikusu/recurring_deliveries/venv/lib/python3.11/site-packages/airflow/example_dags/example_sensors.py
[2024-11-06T16:15:44.007+0100] {processor.py:829} INFO - Processing file /Users/pranavikusu/recurring_deliveries/venv/lib/python3.11/site-packages/airflow/example_dags/example_sensors.py for tasks to queue
[2024-11-06T16:15:44.007+0100] {logging_mixin.py:154} INFO - [2024-11-06T16:15:44.007+0100] {dagbag.py:536} INFO - Filling up the DagBag from /Users/pranavikusu/recurring_deliveries/venv/lib/python3.11/site-packages/airflow/example_dags/example_sensors.py
[2024-11-06T16:15:44.020+0100] {processor.py:839} INFO - DAG(s) dict_keys(['example_sensors']) retrieved from /Users/pranavikusu/recurring_deliveries/venv/lib/python3.11/site-packages/airflow/example_dags/example_sensors.py
[2024-11-06T16:15:44.088+0100] {logging_mixin.py:154} INFO - [2024-11-06T16:15:44.088+0100] {dag.py:2941} INFO - Sync 1 DAGs
[2024-11-06T16:15:44.092+0100] {logging_mixin.py:154} INFO - [2024-11-06T16:15:44.092+0100] {dag.py:3722} INFO - Setting next_dagrun for example_sensors to None, run_after=None
[2024-11-06T16:15:44.098+0100] {processor.py:179} INFO - Processing /Users/pranavikusu/recurring_deliveries/venv/lib/python3.11/site-packages/airflow/example_dags/example_sensors.py took 0.094 seconds
[2024-11-06T16:16:59.095+0100] {processor.py:157} INFO - Started process (PID=74589) to work on /Users/pranavikusu/recurring_deliveries/venv/lib/python3.11/site-packages/airflow/example_dags/example_sensors.py
[2024-11-06T16:16:59.098+0100] {processor.py:829} INFO - Processing file /Users/pranavikusu/recurring_deliveries/venv/lib/python3.11/site-packages/airflow/example_dags/example_sensors.py for tasks to queue
[2024-11-06T16:16:59.098+0100] {logging_mixin.py:154} INFO - [2024-11-06T16:16:59.098+0100] {dagbag.py:536} INFO - Filling up the DagBag from /Users/pranavikusu/recurring_deliveries/venv/lib/python3.11/site-packages/airflow/example_dags/example_sensors.py
[2024-11-06T16:16:59.113+0100] {processor.py:839} INFO - DAG(s) dict_keys(['example_sensors']) retrieved from /Users/pranavikusu/recurring_deliveries/venv/lib/python3.11/site-packages/airflow/example_dags/example_sensors.py
[2024-11-06T16:16:59.181+0100] {logging_mixin.py:154} INFO - [2024-11-06T16:16:59.181+0100] {dag.py:2941} INFO - Sync 1 DAGs
[2024-11-06T16:16:59.184+0100] {logging_mixin.py:154} INFO - [2024-11-06T16:16:59.184+0100] {dag.py:3722} INFO - Setting next_dagrun for example_sensors to None, run_after=None
[2024-11-06T16:16:59.191+0100] {processor.py:179} INFO - Processing /Users/pranavikusu/recurring_deliveries/venv/lib/python3.11/site-packages/airflow/example_dags/example_sensors.py took 0.096 seconds
[2024-11-06T16:18:17.651+0100] {processor.py:157} INFO - Started process (PID=74653) to work on /Users/pranavikusu/recurring_deliveries/venv/lib/python3.11/site-packages/airflow/example_dags/example_sensors.py
[2024-11-06T16:18:17.654+0100] {processor.py:829} INFO - Processing file /Users/pranavikusu/recurring_deliveries/venv/lib/python3.11/site-packages/airflow/example_dags/example_sensors.py for tasks to queue
[2024-11-06T16:18:17.654+0100] {logging_mixin.py:154} INFO - [2024-11-06T16:18:17.654+0100] {dagbag.py:536} INFO - Filling up the DagBag from /Users/pranavikusu/recurring_deliveries/venv/lib/python3.11/site-packages/airflow/example_dags/example_sensors.py
[2024-11-06T16:18:17.667+0100] {processor.py:839} INFO - DAG(s) dict_keys(['example_sensors']) retrieved from /Users/pranavikusu/recurring_deliveries/venv/lib/python3.11/site-packages/airflow/example_dags/example_sensors.py
[2024-11-06T16:18:17.735+0100] {logging_mixin.py:154} INFO - [2024-11-06T16:18:17.735+0100] {dag.py:2941} INFO - Sync 1 DAGs
[2024-11-06T16:18:17.738+0100] {logging_mixin.py:154} INFO - [2024-11-06T16:18:17.738+0100] {dag.py:3722} INFO - Setting next_dagrun for example_sensors to None, run_after=None
[2024-11-06T16:18:17.745+0100] {processor.py:179} INFO - Processing /Users/pranavikusu/recurring_deliveries/venv/lib/python3.11/site-packages/airflow/example_dags/example_sensors.py took 0.094 seconds
[2024-11-06T16:19:43.243+0100] {processor.py:157} INFO - Started process (PID=74751) to work on /Users/pranavikusu/recurring_deliveries/venv/lib/python3.11/site-packages/airflow/example_dags/example_sensors.py
[2024-11-06T16:19:43.246+0100] {processor.py:829} INFO - Processing file /Users/pranavikusu/recurring_deliveries/venv/lib/python3.11/site-packages/airflow/example_dags/example_sensors.py for tasks to queue
[2024-11-06T16:19:43.246+0100] {logging_mixin.py:154} INFO - [2024-11-06T16:19:43.246+0100] {dagbag.py:536} INFO - Filling up the DagBag from /Users/pranavikusu/recurring_deliveries/venv/lib/python3.11/site-packages/airflow/example_dags/example_sensors.py
[2024-11-06T16:19:43.259+0100] {processor.py:839} INFO - DAG(s) dict_keys(['example_sensors']) retrieved from /Users/pranavikusu/recurring_deliveries/venv/lib/python3.11/site-packages/airflow/example_dags/example_sensors.py
[2024-11-06T16:19:43.326+0100] {logging_mixin.py:154} INFO - [2024-11-06T16:19:43.326+0100] {dag.py:2941} INFO - Sync 1 DAGs
[2024-11-06T16:19:43.329+0100] {logging_mixin.py:154} INFO - [2024-11-06T16:19:43.329+0100] {dag.py:3722} INFO - Setting next_dagrun for example_sensors to None, run_after=None
[2024-11-06T16:19:43.336+0100] {processor.py:179} INFO - Processing /Users/pranavikusu/recurring_deliveries/venv/lib/python3.11/site-packages/airflow/example_dags/example_sensors.py took 0.093 seconds
[2024-11-06T16:21:06.406+0100] {processor.py:157} INFO - Started process (PID=74856) to work on /Users/pranavikusu/recurring_deliveries/venv/lib/python3.11/site-packages/airflow/example_dags/example_sensors.py
[2024-11-06T16:21:06.409+0100] {processor.py:829} INFO - Processing file /Users/pranavikusu/recurring_deliveries/venv/lib/python3.11/site-packages/airflow/example_dags/example_sensors.py for tasks to queue
[2024-11-06T16:21:06.409+0100] {logging_mixin.py:154} INFO - [2024-11-06T16:21:06.409+0100] {dagbag.py:536} INFO - Filling up the DagBag from /Users/pranavikusu/recurring_deliveries/venv/lib/python3.11/site-packages/airflow/example_dags/example_sensors.py
[2024-11-06T16:21:06.423+0100] {processor.py:839} INFO - DAG(s) dict_keys(['example_sensors']) retrieved from /Users/pranavikusu/recurring_deliveries/venv/lib/python3.11/site-packages/airflow/example_dags/example_sensors.py
[2024-11-06T16:21:06.494+0100] {logging_mixin.py:154} INFO - [2024-11-06T16:21:06.494+0100] {dag.py:2941} INFO - Sync 1 DAGs
[2024-11-06T16:21:06.498+0100] {logging_mixin.py:154} INFO - [2024-11-06T16:21:06.497+0100] {dag.py:3722} INFO - Setting next_dagrun for example_sensors to None, run_after=None
[2024-11-06T16:21:06.505+0100] {processor.py:179} INFO - Processing /Users/pranavikusu/recurring_deliveries/venv/lib/python3.11/site-packages/airflow/example_dags/example_sensors.py took 0.099 seconds
[2024-11-06T16:22:35.020+0100] {processor.py:157} INFO - Started process (PID=74978) to work on /Users/pranavikusu/recurring_deliveries/venv/lib/python3.11/site-packages/airflow/example_dags/example_sensors.py
[2024-11-06T16:22:35.023+0100] {processor.py:829} INFO - Processing file /Users/pranavikusu/recurring_deliveries/venv/lib/python3.11/site-packages/airflow/example_dags/example_sensors.py for tasks to queue
[2024-11-06T16:22:35.023+0100] {logging_mixin.py:154} INFO - [2024-11-06T16:22:35.023+0100] {dagbag.py:536} INFO - Filling up the DagBag from /Users/pranavikusu/recurring_deliveries/venv/lib/python3.11/site-packages/airflow/example_dags/example_sensors.py
[2024-11-06T16:22:35.037+0100] {processor.py:839} INFO - DAG(s) dict_keys(['example_sensors']) retrieved from /Users/pranavikusu/recurring_deliveries/venv/lib/python3.11/site-packages/airflow/example_dags/example_sensors.py
[2024-11-06T16:22:35.110+0100] {logging_mixin.py:154} INFO - [2024-11-06T16:22:35.110+0100] {dag.py:2941} INFO - Sync 1 DAGs
[2024-11-06T16:22:35.114+0100] {logging_mixin.py:154} INFO - [2024-11-06T16:22:35.114+0100] {dag.py:3722} INFO - Setting next_dagrun for example_sensors to None, run_after=None
[2024-11-06T16:22:35.121+0100] {processor.py:179} INFO - Processing /Users/pranavikusu/recurring_deliveries/venv/lib/python3.11/site-packages/airflow/example_dags/example_sensors.py took 0.101 seconds
[2024-11-06T16:24:13.920+0100] {processor.py:157} INFO - Started process (PID=75101) to work on /Users/pranavikusu/recurring_deliveries/venv/lib/python3.11/site-packages/airflow/example_dags/example_sensors.py
[2024-11-06T16:24:13.923+0100] {processor.py:829} INFO - Processing file /Users/pranavikusu/recurring_deliveries/venv/lib/python3.11/site-packages/airflow/example_dags/example_sensors.py for tasks to queue
[2024-11-06T16:24:13.923+0100] {logging_mixin.py:154} INFO - [2024-11-06T16:24:13.923+0100] {dagbag.py:536} INFO - Filling up the DagBag from /Users/pranavikusu/recurring_deliveries/venv/lib/python3.11/site-packages/airflow/example_dags/example_sensors.py
[2024-11-06T16:24:13.936+0100] {processor.py:839} INFO - DAG(s) dict_keys(['example_sensors']) retrieved from /Users/pranavikusu/recurring_deliveries/venv/lib/python3.11/site-packages/airflow/example_dags/example_sensors.py
[2024-11-06T16:24:14.004+0100] {logging_mixin.py:154} INFO - [2024-11-06T16:24:14.004+0100] {dag.py:2941} INFO - Sync 1 DAGs
[2024-11-06T16:24:14.007+0100] {logging_mixin.py:154} INFO - [2024-11-06T16:24:14.007+0100] {dag.py:3722} INFO - Setting next_dagrun for example_sensors to None, run_after=None
[2024-11-06T16:24:14.014+0100] {processor.py:179} INFO - Processing /Users/pranavikusu/recurring_deliveries/venv/lib/python3.11/site-packages/airflow/example_dags/example_sensors.py took 0.094 seconds
