[2024-11-06T16:14:48.469+0100] {processor.py:157} INFO - Started process (PID=74468) to work on /Users/pranavikusu/recurring_deliveries/venv/lib/python3.11/site-packages/airflow/example_dags/example_dynamic_task_mapping_with_no_taskflow_operators.py
[2024-11-06T16:14:48.471+0100] {processor.py:829} INFO - Processing file /Users/pranavikusu/recurring_deliveries/venv/lib/python3.11/site-packages/airflow/example_dags/example_dynamic_task_mapping_with_no_taskflow_operators.py for tasks to queue
[2024-11-06T16:14:48.471+0100] {logging_mixin.py:154} INFO - [2024-11-06T16:14:48.471+0100] {dagbag.py:536} INFO - Filling up the DagBag from /Users/pranavikusu/recurring_deliveries/venv/lib/python3.11/site-packages/airflow/example_dags/example_dynamic_task_mapping_with_no_taskflow_operators.py
[2024-11-06T16:14:48.480+0100] {processor.py:839} INFO - DAG(s) dict_keys(['example_dynamic_task_mapping_with_no_taskflow_operators']) retrieved from /Users/pranavikusu/recurring_deliveries/venv/lib/python3.11/site-packages/airflow/example_dags/example_dynamic_task_mapping_with_no_taskflow_operators.py
[2024-11-06T16:14:48.767+0100] {logging_mixin.py:154} INFO - [2024-11-06T16:14:48.767+0100] {manager.py:499} INFO - Created Permission View: %s
[2024-11-06T16:14:48.770+0100] {logging_mixin.py:154} INFO - [2024-11-06T16:14:48.770+0100] {manager.py:499} INFO - Created Permission View: %s
[2024-11-06T16:14:48.772+0100] {logging_mixin.py:154} INFO - [2024-11-06T16:14:48.772+0100] {manager.py:499} INFO - Created Permission View: %s
[2024-11-06T16:14:48.772+0100] {logging_mixin.py:154} INFO - [2024-11-06T16:14:48.772+0100] {dag.py:2941} INFO - Sync 1 DAGs
[2024-11-06T16:14:48.775+0100] {logging_mixin.py:154} INFO - [2024-11-06T16:14:48.775+0100] {dag.py:2963} INFO - Creating ORM DAG for example_dynamic_task_mapping_with_no_taskflow_operators
[2024-11-06T16:14:48.778+0100] {logging_mixin.py:154} INFO - [2024-11-06T16:14:48.778+0100] {dag.py:3722} INFO - Setting next_dagrun for example_dynamic_task_mapping_with_no_taskflow_operators to 2024-11-05T15:14:48.778248+00:00, run_after=2024-11-06T15:14:48.778248+00:00
[2024-11-06T16:14:48.783+0100] {processor.py:179} INFO - Processing /Users/pranavikusu/recurring_deliveries/venv/lib/python3.11/site-packages/airflow/example_dags/example_dynamic_task_mapping_with_no_taskflow_operators.py took 0.315 seconds
[2024-11-06T16:16:15.639+0100] {processor.py:157} INFO - Started process (PID=74552) to work on /Users/pranavikusu/recurring_deliveries/venv/lib/python3.11/site-packages/airflow/example_dags/example_dynamic_task_mapping_with_no_taskflow_operators.py
[2024-11-06T16:16:15.642+0100] {processor.py:829} INFO - Processing file /Users/pranavikusu/recurring_deliveries/venv/lib/python3.11/site-packages/airflow/example_dags/example_dynamic_task_mapping_with_no_taskflow_operators.py for tasks to queue
[2024-11-06T16:16:15.642+0100] {logging_mixin.py:154} INFO - [2024-11-06T16:16:15.642+0100] {dagbag.py:536} INFO - Filling up the DagBag from /Users/pranavikusu/recurring_deliveries/venv/lib/python3.11/site-packages/airflow/example_dags/example_dynamic_task_mapping_with_no_taskflow_operators.py
[2024-11-06T16:16:15.658+0100] {processor.py:839} INFO - DAG(s) dict_keys(['example_dynamic_task_mapping_with_no_taskflow_operators']) retrieved from /Users/pranavikusu/recurring_deliveries/venv/lib/python3.11/site-packages/airflow/example_dags/example_dynamic_task_mapping_with_no_taskflow_operators.py
[2024-11-06T16:16:15.720+0100] {logging_mixin.py:154} INFO - [2024-11-06T16:16:15.720+0100] {dag.py:2941} INFO - Sync 1 DAGs
[2024-11-06T16:16:15.727+0100] {logging_mixin.py:154} INFO - [2024-11-06T16:16:15.727+0100] {dag.py:3722} INFO - Setting next_dagrun for example_dynamic_task_mapping_with_no_taskflow_operators to 2024-11-05T15:16:15.727146+00:00, run_after=2024-11-06T15:16:15.727146+00:00
[2024-11-06T16:16:15.734+0100] {processor.py:179} INFO - Processing /Users/pranavikusu/recurring_deliveries/venv/lib/python3.11/site-packages/airflow/example_dags/example_dynamic_task_mapping_with_no_taskflow_operators.py took 0.095 seconds
[2024-11-06T16:17:30.620+0100] {processor.py:157} INFO - Started process (PID=74612) to work on /Users/pranavikusu/recurring_deliveries/venv/lib/python3.11/site-packages/airflow/example_dags/example_dynamic_task_mapping_with_no_taskflow_operators.py
[2024-11-06T16:17:30.622+0100] {processor.py:829} INFO - Processing file /Users/pranavikusu/recurring_deliveries/venv/lib/python3.11/site-packages/airflow/example_dags/example_dynamic_task_mapping_with_no_taskflow_operators.py for tasks to queue
[2024-11-06T16:17:30.622+0100] {logging_mixin.py:154} INFO - [2024-11-06T16:17:30.622+0100] {dagbag.py:536} INFO - Filling up the DagBag from /Users/pranavikusu/recurring_deliveries/venv/lib/python3.11/site-packages/airflow/example_dags/example_dynamic_task_mapping_with_no_taskflow_operators.py
[2024-11-06T16:17:30.631+0100] {processor.py:839} INFO - DAG(s) dict_keys(['example_dynamic_task_mapping_with_no_taskflow_operators']) retrieved from /Users/pranavikusu/recurring_deliveries/venv/lib/python3.11/site-packages/airflow/example_dags/example_dynamic_task_mapping_with_no_taskflow_operators.py
[2024-11-06T16:17:30.693+0100] {logging_mixin.py:154} INFO - [2024-11-06T16:17:30.693+0100] {dag.py:2941} INFO - Sync 1 DAGs
[2024-11-06T16:17:30.699+0100] {logging_mixin.py:154} INFO - [2024-11-06T16:17:30.699+0100] {dag.py:3722} INFO - Setting next_dagrun for example_dynamic_task_mapping_with_no_taskflow_operators to 2024-11-05T15:17:30.699702+00:00, run_after=2024-11-06T15:17:30.699702+00:00
[2024-11-06T16:17:30.706+0100] {processor.py:179} INFO - Processing /Users/pranavikusu/recurring_deliveries/venv/lib/python3.11/site-packages/airflow/example_dags/example_dynamic_task_mapping_with_no_taskflow_operators.py took 0.087 seconds
[2024-11-06T16:18:47.184+0100] {processor.py:157} INFO - Started process (PID=74687) to work on /Users/pranavikusu/recurring_deliveries/venv/lib/python3.11/site-packages/airflow/example_dags/example_dynamic_task_mapping_with_no_taskflow_operators.py
[2024-11-06T16:18:47.186+0100] {processor.py:829} INFO - Processing file /Users/pranavikusu/recurring_deliveries/venv/lib/python3.11/site-packages/airflow/example_dags/example_dynamic_task_mapping_with_no_taskflow_operators.py for tasks to queue
[2024-11-06T16:18:47.187+0100] {logging_mixin.py:154} INFO - [2024-11-06T16:18:47.187+0100] {dagbag.py:536} INFO - Filling up the DagBag from /Users/pranavikusu/recurring_deliveries/venv/lib/python3.11/site-packages/airflow/example_dags/example_dynamic_task_mapping_with_no_taskflow_operators.py
[2024-11-06T16:18:47.197+0100] {processor.py:839} INFO - DAG(s) dict_keys(['example_dynamic_task_mapping_with_no_taskflow_operators']) retrieved from /Users/pranavikusu/recurring_deliveries/venv/lib/python3.11/site-packages/airflow/example_dags/example_dynamic_task_mapping_with_no_taskflow_operators.py
[2024-11-06T16:18:47.263+0100] {logging_mixin.py:154} INFO - [2024-11-06T16:18:47.263+0100] {dag.py:2941} INFO - Sync 1 DAGs
[2024-11-06T16:18:47.270+0100] {logging_mixin.py:154} INFO - [2024-11-06T16:18:47.270+0100] {dag.py:3722} INFO - Setting next_dagrun for example_dynamic_task_mapping_with_no_taskflow_operators to 2024-11-05T15:18:47.269933+00:00, run_after=2024-11-06T15:18:47.269933+00:00
[2024-11-06T16:18:47.277+0100] {processor.py:179} INFO - Processing /Users/pranavikusu/recurring_deliveries/venv/lib/python3.11/site-packages/airflow/example_dags/example_dynamic_task_mapping_with_no_taskflow_operators.py took 0.093 seconds
[2024-11-06T16:20:19.357+0100] {processor.py:157} INFO - Started process (PID=74803) to work on /Users/pranavikusu/recurring_deliveries/venv/lib/python3.11/site-packages/airflow/example_dags/example_dynamic_task_mapping_with_no_taskflow_operators.py
[2024-11-06T16:20:19.359+0100] {processor.py:829} INFO - Processing file /Users/pranavikusu/recurring_deliveries/venv/lib/python3.11/site-packages/airflow/example_dags/example_dynamic_task_mapping_with_no_taskflow_operators.py for tasks to queue
[2024-11-06T16:20:19.359+0100] {logging_mixin.py:154} INFO - [2024-11-06T16:20:19.359+0100] {dagbag.py:536} INFO - Filling up the DagBag from /Users/pranavikusu/recurring_deliveries/venv/lib/python3.11/site-packages/airflow/example_dags/example_dynamic_task_mapping_with_no_taskflow_operators.py
[2024-11-06T16:20:19.368+0100] {processor.py:839} INFO - DAG(s) dict_keys(['example_dynamic_task_mapping_with_no_taskflow_operators']) retrieved from /Users/pranavikusu/recurring_deliveries/venv/lib/python3.11/site-packages/airflow/example_dags/example_dynamic_task_mapping_with_no_taskflow_operators.py
[2024-11-06T16:20:19.429+0100] {logging_mixin.py:154} INFO - [2024-11-06T16:20:19.428+0100] {dag.py:2941} INFO - Sync 1 DAGs
[2024-11-06T16:20:19.435+0100] {logging_mixin.py:154} INFO - [2024-11-06T16:20:19.435+0100] {dag.py:3722} INFO - Setting next_dagrun for example_dynamic_task_mapping_with_no_taskflow_operators to 2024-11-05T15:20:19.435031+00:00, run_after=2024-11-06T15:20:19.435031+00:00
[2024-11-06T16:20:19.441+0100] {processor.py:179} INFO - Processing /Users/pranavikusu/recurring_deliveries/venv/lib/python3.11/site-packages/airflow/example_dags/example_dynamic_task_mapping_with_no_taskflow_operators.py took 0.085 seconds
[2024-11-06T16:21:45.612+0100] {processor.py:157} INFO - Started process (PID=74902) to work on /Users/pranavikusu/recurring_deliveries/venv/lib/python3.11/site-packages/airflow/example_dags/example_dynamic_task_mapping_with_no_taskflow_operators.py
[2024-11-06T16:21:45.614+0100] {processor.py:829} INFO - Processing file /Users/pranavikusu/recurring_deliveries/venv/lib/python3.11/site-packages/airflow/example_dags/example_dynamic_task_mapping_with_no_taskflow_operators.py for tasks to queue
[2024-11-06T16:21:45.615+0100] {logging_mixin.py:154} INFO - [2024-11-06T16:21:45.615+0100] {dagbag.py:536} INFO - Filling up the DagBag from /Users/pranavikusu/recurring_deliveries/venv/lib/python3.11/site-packages/airflow/example_dags/example_dynamic_task_mapping_with_no_taskflow_operators.py
[2024-11-06T16:21:45.623+0100] {processor.py:839} INFO - DAG(s) dict_keys(['example_dynamic_task_mapping_with_no_taskflow_operators']) retrieved from /Users/pranavikusu/recurring_deliveries/venv/lib/python3.11/site-packages/airflow/example_dags/example_dynamic_task_mapping_with_no_taskflow_operators.py
[2024-11-06T16:21:45.686+0100] {logging_mixin.py:154} INFO - [2024-11-06T16:21:45.686+0100] {dag.py:2941} INFO - Sync 1 DAGs
[2024-11-06T16:21:45.693+0100] {logging_mixin.py:154} INFO - [2024-11-06T16:21:45.693+0100] {dag.py:3722} INFO - Setting next_dagrun for example_dynamic_task_mapping_with_no_taskflow_operators to 2024-11-05T15:21:45.693356+00:00, run_after=2024-11-06T15:21:45.693356+00:00
[2024-11-06T16:21:45.700+0100] {processor.py:179} INFO - Processing /Users/pranavikusu/recurring_deliveries/venv/lib/python3.11/site-packages/airflow/example_dags/example_dynamic_task_mapping_with_no_taskflow_operators.py took 0.088 seconds
[2024-11-06T16:23:18.421+0100] {processor.py:157} INFO - Started process (PID=75036) to work on /Users/pranavikusu/recurring_deliveries/venv/lib/python3.11/site-packages/airflow/example_dags/example_dynamic_task_mapping_with_no_taskflow_operators.py
[2024-11-06T16:23:18.423+0100] {processor.py:829} INFO - Processing file /Users/pranavikusu/recurring_deliveries/venv/lib/python3.11/site-packages/airflow/example_dags/example_dynamic_task_mapping_with_no_taskflow_operators.py for tasks to queue
[2024-11-06T16:23:18.423+0100] {logging_mixin.py:154} INFO - [2024-11-06T16:23:18.423+0100] {dagbag.py:536} INFO - Filling up the DagBag from /Users/pranavikusu/recurring_deliveries/venv/lib/python3.11/site-packages/airflow/example_dags/example_dynamic_task_mapping_with_no_taskflow_operators.py
[2024-11-06T16:23:18.435+0100] {processor.py:839} INFO - DAG(s) dict_keys(['example_dynamic_task_mapping_with_no_taskflow_operators']) retrieved from /Users/pranavikusu/recurring_deliveries/venv/lib/python3.11/site-packages/airflow/example_dags/example_dynamic_task_mapping_with_no_taskflow_operators.py
[2024-11-06T16:23:18.498+0100] {logging_mixin.py:154} INFO - [2024-11-06T16:23:18.498+0100] {dag.py:2941} INFO - Sync 1 DAGs
[2024-11-06T16:23:18.505+0100] {logging_mixin.py:154} INFO - [2024-11-06T16:23:18.505+0100] {dag.py:3722} INFO - Setting next_dagrun for example_dynamic_task_mapping_with_no_taskflow_operators to 2024-11-05T15:23:18.505104+00:00, run_after=2024-11-06T15:23:18.505104+00:00
[2024-11-06T16:23:18.512+0100] {processor.py:179} INFO - Processing /Users/pranavikusu/recurring_deliveries/venv/lib/python3.11/site-packages/airflow/example_dags/example_dynamic_task_mapping_with_no_taskflow_operators.py took 0.091 seconds
[2024-11-06T16:24:59.555+0100] {processor.py:157} INFO - Started process (PID=75159) to work on /Users/pranavikusu/recurring_deliveries/venv/lib/python3.11/site-packages/airflow/example_dags/example_dynamic_task_mapping_with_no_taskflow_operators.py
[2024-11-06T16:24:59.558+0100] {processor.py:829} INFO - Processing file /Users/pranavikusu/recurring_deliveries/venv/lib/python3.11/site-packages/airflow/example_dags/example_dynamic_task_mapping_with_no_taskflow_operators.py for tasks to queue
[2024-11-06T16:24:59.558+0100] {logging_mixin.py:154} INFO - [2024-11-06T16:24:59.558+0100] {dagbag.py:536} INFO - Filling up the DagBag from /Users/pranavikusu/recurring_deliveries/venv/lib/python3.11/site-packages/airflow/example_dags/example_dynamic_task_mapping_with_no_taskflow_operators.py
[2024-11-06T16:24:59.568+0100] {processor.py:839} INFO - DAG(s) dict_keys(['example_dynamic_task_mapping_with_no_taskflow_operators']) retrieved from /Users/pranavikusu/recurring_deliveries/venv/lib/python3.11/site-packages/airflow/example_dags/example_dynamic_task_mapping_with_no_taskflow_operators.py
[2024-11-06T16:24:59.634+0100] {logging_mixin.py:154} INFO - [2024-11-06T16:24:59.634+0100] {dag.py:2941} INFO - Sync 1 DAGs
[2024-11-06T16:24:59.640+0100] {logging_mixin.py:154} INFO - [2024-11-06T16:24:59.640+0100] {dag.py:3722} INFO - Setting next_dagrun for example_dynamic_task_mapping_with_no_taskflow_operators to 2024-11-05T15:24:59.640356+00:00, run_after=2024-11-06T15:24:59.640356+00:00
[2024-11-06T16:24:59.648+0100] {processor.py:179} INFO - Processing /Users/pranavikusu/recurring_deliveries/venv/lib/python3.11/site-packages/airflow/example_dags/example_dynamic_task_mapping_with_no_taskflow_operators.py took 0.093 seconds
