[2024-11-06T16:13:55.119+0100] {processor.py:157} INFO - Started process (PID=74404) to work on /Users/pranavikusu/recurring_deliveries/venv/lib/python3.11/site-packages/airflow/example_dags/tutorial_taskflow_api_virtualenv.py
[2024-11-06T16:13:55.121+0100] {processor.py:829} INFO - Processing file /Users/pranavikusu/recurring_deliveries/venv/lib/python3.11/site-packages/airflow/example_dags/tutorial_taskflow_api_virtualenv.py for tasks to queue
[2024-11-06T16:13:55.121+0100] {logging_mixin.py:154} INFO - [2024-11-06T16:13:55.121+0100] {dagbag.py:536} INFO - Filling up the DagBag from /Users/pranavikusu/recurring_deliveries/venv/lib/python3.11/site-packages/airflow/example_dags/tutorial_taskflow_api_virtualenv.py
[2024-11-06T16:13:55.143+0100] {processor.py:839} INFO - DAG(s) dict_keys(['tutorial_taskflow_api_virtualenv']) retrieved from /Users/pranavikusu/recurring_deliveries/venv/lib/python3.11/site-packages/airflow/example_dags/tutorial_taskflow_api_virtualenv.py
[2024-11-06T16:13:55.378+0100] {logging_mixin.py:154} INFO - [2024-11-06T16:13:55.378+0100] {manager.py:499} INFO - Created Permission View: %s
[2024-11-06T16:13:55.381+0100] {logging_mixin.py:154} INFO - [2024-11-06T16:13:55.381+0100] {manager.py:499} INFO - Created Permission View: %s
[2024-11-06T16:13:55.383+0100] {logging_mixin.py:154} INFO - [2024-11-06T16:13:55.383+0100] {manager.py:499} INFO - Created Permission View: %s
[2024-11-06T16:13:55.383+0100] {logging_mixin.py:154} INFO - [2024-11-06T16:13:55.383+0100] {dag.py:2941} INFO - Sync 1 DAGs
[2024-11-06T16:13:55.386+0100] {logging_mixin.py:154} INFO - [2024-11-06T16:13:55.386+0100] {dag.py:2963} INFO - Creating ORM DAG for tutorial_taskflow_api_virtualenv
[2024-11-06T16:13:55.386+0100] {logging_mixin.py:154} INFO - [2024-11-06T16:13:55.386+0100] {dag.py:3722} INFO - Setting next_dagrun for tutorial_taskflow_api_virtualenv to None, run_after=None
[2024-11-06T16:13:55.393+0100] {processor.py:179} INFO - Processing /Users/pranavikusu/recurring_deliveries/venv/lib/python3.11/site-packages/airflow/example_dags/tutorial_taskflow_api_virtualenv.py took 0.274 seconds
[2024-11-06T16:15:16.994+0100] {processor.py:157} INFO - Started process (PID=74491) to work on /Users/pranavikusu/recurring_deliveries/venv/lib/python3.11/site-packages/airflow/example_dags/tutorial_taskflow_api_virtualenv.py
[2024-11-06T16:15:16.996+0100] {processor.py:829} INFO - Processing file /Users/pranavikusu/recurring_deliveries/venv/lib/python3.11/site-packages/airflow/example_dags/tutorial_taskflow_api_virtualenv.py for tasks to queue
[2024-11-06T16:15:16.997+0100] {logging_mixin.py:154} INFO - [2024-11-06T16:15:16.997+0100] {dagbag.py:536} INFO - Filling up the DagBag from /Users/pranavikusu/recurring_deliveries/venv/lib/python3.11/site-packages/airflow/example_dags/tutorial_taskflow_api_virtualenv.py
[2024-11-06T16:15:17.023+0100] {processor.py:839} INFO - DAG(s) dict_keys(['tutorial_taskflow_api_virtualenv']) retrieved from /Users/pranavikusu/recurring_deliveries/venv/lib/python3.11/site-packages/airflow/example_dags/tutorial_taskflow_api_virtualenv.py
[2024-11-06T16:15:17.084+0100] {logging_mixin.py:154} INFO - [2024-11-06T16:15:17.084+0100] {dag.py:2941} INFO - Sync 1 DAGs
[2024-11-06T16:15:17.087+0100] {logging_mixin.py:154} INFO - [2024-11-06T16:15:17.087+0100] {dag.py:3722} INFO - Setting next_dagrun for tutorial_taskflow_api_virtualenv to None, run_after=None
[2024-11-06T16:15:17.094+0100] {processor.py:179} INFO - Processing /Users/pranavikusu/recurring_deliveries/venv/lib/python3.11/site-packages/airflow/example_dags/tutorial_taskflow_api_virtualenv.py took 0.100 seconds
[2024-11-06T16:16:01.399+0100] {processor.py:157} INFO - Started process (PID=74542) to work on /Users/pranavikusu/recurring_deliveries/venv/lib/python3.11/site-packages/airflow/example_dags/tutorial_taskflow_api_virtualenv.py
[2024-11-06T16:16:01.402+0100] {processor.py:829} INFO - Processing file /Users/pranavikusu/recurring_deliveries/venv/lib/python3.11/site-packages/airflow/example_dags/tutorial_taskflow_api_virtualenv.py for tasks to queue
[2024-11-06T16:16:01.402+0100] {logging_mixin.py:154} INFO - [2024-11-06T16:16:01.402+0100] {dagbag.py:536} INFO - Filling up the DagBag from /Users/pranavikusu/recurring_deliveries/venv/lib/python3.11/site-packages/airflow/example_dags/tutorial_taskflow_api_virtualenv.py
[2024-11-06T16:16:01.423+0100] {processor.py:839} INFO - DAG(s) dict_keys(['tutorial_taskflow_api_virtualenv']) retrieved from /Users/pranavikusu/recurring_deliveries/venv/lib/python3.11/site-packages/airflow/example_dags/tutorial_taskflow_api_virtualenv.py
[2024-11-06T16:16:01.482+0100] {logging_mixin.py:154} INFO - [2024-11-06T16:16:01.482+0100] {dag.py:2941} INFO - Sync 1 DAGs
[2024-11-06T16:16:01.485+0100] {logging_mixin.py:154} INFO - [2024-11-06T16:16:01.485+0100] {dag.py:3722} INFO - Setting next_dagrun for tutorial_taskflow_api_virtualenv to None, run_after=None
[2024-11-06T16:16:01.492+0100] {processor.py:179} INFO - Processing /Users/pranavikusu/recurring_deliveries/venv/lib/python3.11/site-packages/airflow/example_dags/tutorial_taskflow_api_virtualenv.py took 0.093 seconds
[2024-11-06T16:16:38.832+0100] {processor.py:157} INFO - Started process (PID=74571) to work on /Users/pranavikusu/recurring_deliveries/venv/lib/python3.11/site-packages/airflow/example_dags/tutorial_taskflow_api_virtualenv.py
[2024-11-06T16:16:38.834+0100] {processor.py:829} INFO - Processing file /Users/pranavikusu/recurring_deliveries/venv/lib/python3.11/site-packages/airflow/example_dags/tutorial_taskflow_api_virtualenv.py for tasks to queue
[2024-11-06T16:16:38.834+0100] {logging_mixin.py:154} INFO - [2024-11-06T16:16:38.834+0100] {dagbag.py:536} INFO - Filling up the DagBag from /Users/pranavikusu/recurring_deliveries/venv/lib/python3.11/site-packages/airflow/example_dags/tutorial_taskflow_api_virtualenv.py
[2024-11-06T16:16:38.860+0100] {processor.py:839} INFO - DAG(s) dict_keys(['tutorial_taskflow_api_virtualenv']) retrieved from /Users/pranavikusu/recurring_deliveries/venv/lib/python3.11/site-packages/airflow/example_dags/tutorial_taskflow_api_virtualenv.py
[2024-11-06T16:16:38.918+0100] {logging_mixin.py:154} INFO - [2024-11-06T16:16:38.918+0100] {dag.py:2941} INFO - Sync 1 DAGs
[2024-11-06T16:16:38.921+0100] {logging_mixin.py:154} INFO - [2024-11-06T16:16:38.921+0100] {dag.py:3722} INFO - Setting next_dagrun for tutorial_taskflow_api_virtualenv to None, run_after=None
[2024-11-06T16:16:38.928+0100] {processor.py:179} INFO - Processing /Users/pranavikusu/recurring_deliveries/venv/lib/python3.11/site-packages/airflow/example_dags/tutorial_taskflow_api_virtualenv.py took 0.097 seconds
[2024-11-06T16:17:16.847+0100] {processor.py:157} INFO - Started process (PID=74601) to work on /Users/pranavikusu/recurring_deliveries/venv/lib/python3.11/site-packages/airflow/example_dags/tutorial_taskflow_api_virtualenv.py
[2024-11-06T16:17:16.850+0100] {processor.py:829} INFO - Processing file /Users/pranavikusu/recurring_deliveries/venv/lib/python3.11/site-packages/airflow/example_dags/tutorial_taskflow_api_virtualenv.py for tasks to queue
[2024-11-06T16:17:16.850+0100] {logging_mixin.py:154} INFO - [2024-11-06T16:17:16.850+0100] {dagbag.py:536} INFO - Filling up the DagBag from /Users/pranavikusu/recurring_deliveries/venv/lib/python3.11/site-packages/airflow/example_dags/tutorial_taskflow_api_virtualenv.py
[2024-11-06T16:17:16.872+0100] {processor.py:839} INFO - DAG(s) dict_keys(['tutorial_taskflow_api_virtualenv']) retrieved from /Users/pranavikusu/recurring_deliveries/venv/lib/python3.11/site-packages/airflow/example_dags/tutorial_taskflow_api_virtualenv.py
[2024-11-06T16:17:16.932+0100] {logging_mixin.py:154} INFO - [2024-11-06T16:17:16.932+0100] {dag.py:2941} INFO - Sync 1 DAGs
[2024-11-06T16:17:16.936+0100] {logging_mixin.py:154} INFO - [2024-11-06T16:17:16.936+0100] {dag.py:3722} INFO - Setting next_dagrun for tutorial_taskflow_api_virtualenv to None, run_after=None
[2024-11-06T16:17:16.943+0100] {processor.py:179} INFO - Processing /Users/pranavikusu/recurring_deliveries/venv/lib/python3.11/site-packages/airflow/example_dags/tutorial_taskflow_api_virtualenv.py took 0.096 seconds
[2024-11-06T16:17:56.522+0100] {processor.py:157} INFO - Started process (PID=74637) to work on /Users/pranavikusu/recurring_deliveries/venv/lib/python3.11/site-packages/airflow/example_dags/tutorial_taskflow_api_virtualenv.py
[2024-11-06T16:17:56.525+0100] {processor.py:829} INFO - Processing file /Users/pranavikusu/recurring_deliveries/venv/lib/python3.11/site-packages/airflow/example_dags/tutorial_taskflow_api_virtualenv.py for tasks to queue
[2024-11-06T16:17:56.525+0100] {logging_mixin.py:154} INFO - [2024-11-06T16:17:56.525+0100] {dagbag.py:536} INFO - Filling up the DagBag from /Users/pranavikusu/recurring_deliveries/venv/lib/python3.11/site-packages/airflow/example_dags/tutorial_taskflow_api_virtualenv.py
[2024-11-06T16:17:56.559+0100] {processor.py:839} INFO - DAG(s) dict_keys(['tutorial_taskflow_api_virtualenv']) retrieved from /Users/pranavikusu/recurring_deliveries/venv/lib/python3.11/site-packages/airflow/example_dags/tutorial_taskflow_api_virtualenv.py
[2024-11-06T16:17:56.618+0100] {logging_mixin.py:154} INFO - [2024-11-06T16:17:56.618+0100] {dag.py:2941} INFO - Sync 1 DAGs
[2024-11-06T16:17:56.622+0100] {logging_mixin.py:154} INFO - [2024-11-06T16:17:56.621+0100] {dag.py:3722} INFO - Setting next_dagrun for tutorial_taskflow_api_virtualenv to None, run_after=None
[2024-11-06T16:17:56.629+0100] {processor.py:179} INFO - Processing /Users/pranavikusu/recurring_deliveries/venv/lib/python3.11/site-packages/airflow/example_dags/tutorial_taskflow_api_virtualenv.py took 0.107 seconds
[2024-11-06T16:18:34.232+0100] {processor.py:157} INFO - Started process (PID=74669) to work on /Users/pranavikusu/recurring_deliveries/venv/lib/python3.11/site-packages/airflow/example_dags/tutorial_taskflow_api_virtualenv.py
[2024-11-06T16:18:34.236+0100] {processor.py:829} INFO - Processing file /Users/pranavikusu/recurring_deliveries/venv/lib/python3.11/site-packages/airflow/example_dags/tutorial_taskflow_api_virtualenv.py for tasks to queue
[2024-11-06T16:18:34.236+0100] {logging_mixin.py:154} INFO - [2024-11-06T16:18:34.236+0100] {dagbag.py:536} INFO - Filling up the DagBag from /Users/pranavikusu/recurring_deliveries/venv/lib/python3.11/site-packages/airflow/example_dags/tutorial_taskflow_api_virtualenv.py
[2024-11-06T16:18:34.258+0100] {processor.py:839} INFO - DAG(s) dict_keys(['tutorial_taskflow_api_virtualenv']) retrieved from /Users/pranavikusu/recurring_deliveries/venv/lib/python3.11/site-packages/airflow/example_dags/tutorial_taskflow_api_virtualenv.py
[2024-11-06T16:18:34.318+0100] {logging_mixin.py:154} INFO - [2024-11-06T16:18:34.318+0100] {dag.py:2941} INFO - Sync 1 DAGs
[2024-11-06T16:18:34.321+0100] {logging_mixin.py:154} INFO - [2024-11-06T16:18:34.321+0100] {dag.py:3722} INFO - Setting next_dagrun for tutorial_taskflow_api_virtualenv to None, run_after=None
[2024-11-06T16:18:34.328+0100] {processor.py:179} INFO - Processing /Users/pranavikusu/recurring_deliveries/venv/lib/python3.11/site-packages/airflow/example_dags/tutorial_taskflow_api_virtualenv.py took 0.096 seconds
[2024-11-06T16:19:17.779+0100] {processor.py:157} INFO - Started process (PID=74732) to work on /Users/pranavikusu/recurring_deliveries/venv/lib/python3.11/site-packages/airflow/example_dags/tutorial_taskflow_api_virtualenv.py
[2024-11-06T16:19:17.782+0100] {processor.py:829} INFO - Processing file /Users/pranavikusu/recurring_deliveries/venv/lib/python3.11/site-packages/airflow/example_dags/tutorial_taskflow_api_virtualenv.py for tasks to queue
[2024-11-06T16:19:17.782+0100] {logging_mixin.py:154} INFO - [2024-11-06T16:19:17.782+0100] {dagbag.py:536} INFO - Filling up the DagBag from /Users/pranavikusu/recurring_deliveries/venv/lib/python3.11/site-packages/airflow/example_dags/tutorial_taskflow_api_virtualenv.py
[2024-11-06T16:19:17.806+0100] {processor.py:839} INFO - DAG(s) dict_keys(['tutorial_taskflow_api_virtualenv']) retrieved from /Users/pranavikusu/recurring_deliveries/venv/lib/python3.11/site-packages/airflow/example_dags/tutorial_taskflow_api_virtualenv.py
[2024-11-06T16:19:17.866+0100] {logging_mixin.py:154} INFO - [2024-11-06T16:19:17.865+0100] {dag.py:2941} INFO - Sync 1 DAGs
[2024-11-06T16:19:17.869+0100] {logging_mixin.py:154} INFO - [2024-11-06T16:19:17.869+0100] {dag.py:3722} INFO - Setting next_dagrun for tutorial_taskflow_api_virtualenv to None, run_after=None
[2024-11-06T16:19:17.876+0100] {processor.py:179} INFO - Processing /Users/pranavikusu/recurring_deliveries/venv/lib/python3.11/site-packages/airflow/example_dags/tutorial_taskflow_api_virtualenv.py took 0.097 seconds
[2024-11-06T16:20:05.468+0100] {processor.py:157} INFO - Started process (PID=74785) to work on /Users/pranavikusu/recurring_deliveries/venv/lib/python3.11/site-packages/airflow/example_dags/tutorial_taskflow_api_virtualenv.py
[2024-11-06T16:20:05.470+0100] {processor.py:829} INFO - Processing file /Users/pranavikusu/recurring_deliveries/venv/lib/python3.11/site-packages/airflow/example_dags/tutorial_taskflow_api_virtualenv.py for tasks to queue
[2024-11-06T16:20:05.470+0100] {logging_mixin.py:154} INFO - [2024-11-06T16:20:05.470+0100] {dagbag.py:536} INFO - Filling up the DagBag from /Users/pranavikusu/recurring_deliveries/venv/lib/python3.11/site-packages/airflow/example_dags/tutorial_taskflow_api_virtualenv.py
[2024-11-06T16:20:05.506+0100] {processor.py:839} INFO - DAG(s) dict_keys(['tutorial_taskflow_api_virtualenv']) retrieved from /Users/pranavikusu/recurring_deliveries/venv/lib/python3.11/site-packages/airflow/example_dags/tutorial_taskflow_api_virtualenv.py
[2024-11-06T16:20:05.572+0100] {logging_mixin.py:154} INFO - [2024-11-06T16:20:05.572+0100] {dag.py:2941} INFO - Sync 1 DAGs
[2024-11-06T16:20:05.576+0100] {logging_mixin.py:154} INFO - [2024-11-06T16:20:05.576+0100] {dag.py:3722} INFO - Setting next_dagrun for tutorial_taskflow_api_virtualenv to None, run_after=None
[2024-11-06T16:20:05.582+0100] {processor.py:179} INFO - Processing /Users/pranavikusu/recurring_deliveries/venv/lib/python3.11/site-packages/airflow/example_dags/tutorial_taskflow_api_virtualenv.py took 0.115 seconds
[2024-11-06T16:20:47.269+0100] {processor.py:157} INFO - Started process (PID=74839) to work on /Users/pranavikusu/recurring_deliveries/venv/lib/python3.11/site-packages/airflow/example_dags/tutorial_taskflow_api_virtualenv.py
[2024-11-06T16:20:47.272+0100] {processor.py:829} INFO - Processing file /Users/pranavikusu/recurring_deliveries/venv/lib/python3.11/site-packages/airflow/example_dags/tutorial_taskflow_api_virtualenv.py for tasks to queue
[2024-11-06T16:20:47.272+0100] {logging_mixin.py:154} INFO - [2024-11-06T16:20:47.272+0100] {dagbag.py:536} INFO - Filling up the DagBag from /Users/pranavikusu/recurring_deliveries/venv/lib/python3.11/site-packages/airflow/example_dags/tutorial_taskflow_api_virtualenv.py
[2024-11-06T16:20:47.299+0100] {processor.py:839} INFO - DAG(s) dict_keys(['tutorial_taskflow_api_virtualenv']) retrieved from /Users/pranavikusu/recurring_deliveries/venv/lib/python3.11/site-packages/airflow/example_dags/tutorial_taskflow_api_virtualenv.py
[2024-11-06T16:20:47.370+0100] {logging_mixin.py:154} INFO - [2024-11-06T16:20:47.370+0100] {dag.py:2941} INFO - Sync 1 DAGs
[2024-11-06T16:20:47.373+0100] {logging_mixin.py:154} INFO - [2024-11-06T16:20:47.373+0100] {dag.py:3722} INFO - Setting next_dagrun for tutorial_taskflow_api_virtualenv to None, run_after=None
[2024-11-06T16:20:47.380+0100] {processor.py:179} INFO - Processing /Users/pranavikusu/recurring_deliveries/venv/lib/python3.11/site-packages/airflow/example_dags/tutorial_taskflow_api_virtualenv.py took 0.111 seconds
[2024-11-06T16:21:31.115+0100] {processor.py:157} INFO - Started process (PID=74892) to work on /Users/pranavikusu/recurring_deliveries/venv/lib/python3.11/site-packages/airflow/example_dags/tutorial_taskflow_api_virtualenv.py
[2024-11-06T16:21:31.117+0100] {processor.py:829} INFO - Processing file /Users/pranavikusu/recurring_deliveries/venv/lib/python3.11/site-packages/airflow/example_dags/tutorial_taskflow_api_virtualenv.py for tasks to queue
[2024-11-06T16:21:31.117+0100] {logging_mixin.py:154} INFO - [2024-11-06T16:21:31.117+0100] {dagbag.py:536} INFO - Filling up the DagBag from /Users/pranavikusu/recurring_deliveries/venv/lib/python3.11/site-packages/airflow/example_dags/tutorial_taskflow_api_virtualenv.py
[2024-11-06T16:21:31.145+0100] {processor.py:839} INFO - DAG(s) dict_keys(['tutorial_taskflow_api_virtualenv']) retrieved from /Users/pranavikusu/recurring_deliveries/venv/lib/python3.11/site-packages/airflow/example_dags/tutorial_taskflow_api_virtualenv.py
[2024-11-06T16:21:31.213+0100] {logging_mixin.py:154} INFO - [2024-11-06T16:21:31.213+0100] {dag.py:2941} INFO - Sync 1 DAGs
[2024-11-06T16:21:31.216+0100] {logging_mixin.py:154} INFO - [2024-11-06T16:21:31.216+0100] {dag.py:3722} INFO - Setting next_dagrun for tutorial_taskflow_api_virtualenv to None, run_after=None
[2024-11-06T16:21:31.222+0100] {processor.py:179} INFO - Processing /Users/pranavikusu/recurring_deliveries/venv/lib/python3.11/site-packages/airflow/example_dags/tutorial_taskflow_api_virtualenv.py took 0.108 seconds
[2024-11-06T16:22:14.179+0100] {processor.py:157} INFO - Started process (PID=74950) to work on /Users/pranavikusu/recurring_deliveries/venv/lib/python3.11/site-packages/airflow/example_dags/tutorial_taskflow_api_virtualenv.py
[2024-11-06T16:22:14.181+0100] {processor.py:829} INFO - Processing file /Users/pranavikusu/recurring_deliveries/venv/lib/python3.11/site-packages/airflow/example_dags/tutorial_taskflow_api_virtualenv.py for tasks to queue
[2024-11-06T16:22:14.182+0100] {logging_mixin.py:154} INFO - [2024-11-06T16:22:14.182+0100] {dagbag.py:536} INFO - Filling up the DagBag from /Users/pranavikusu/recurring_deliveries/venv/lib/python3.11/site-packages/airflow/example_dags/tutorial_taskflow_api_virtualenv.py
[2024-11-06T16:22:14.209+0100] {processor.py:839} INFO - DAG(s) dict_keys(['tutorial_taskflow_api_virtualenv']) retrieved from /Users/pranavikusu/recurring_deliveries/venv/lib/python3.11/site-packages/airflow/example_dags/tutorial_taskflow_api_virtualenv.py
[2024-11-06T16:22:14.283+0100] {logging_mixin.py:154} INFO - [2024-11-06T16:22:14.282+0100] {dag.py:2941} INFO - Sync 1 DAGs
[2024-11-06T16:22:14.286+0100] {logging_mixin.py:154} INFO - [2024-11-06T16:22:14.286+0100] {dag.py:3722} INFO - Setting next_dagrun for tutorial_taskflow_api_virtualenv to None, run_after=None
[2024-11-06T16:22:14.293+0100] {processor.py:179} INFO - Processing /Users/pranavikusu/recurring_deliveries/venv/lib/python3.11/site-packages/airflow/example_dags/tutorial_taskflow_api_virtualenv.py took 0.115 seconds
[2024-11-06T16:22:59.001+0100] {processor.py:157} INFO - Started process (PID=75012) to work on /Users/pranavikusu/recurring_deliveries/venv/lib/python3.11/site-packages/airflow/example_dags/tutorial_taskflow_api_virtualenv.py
[2024-11-06T16:22:59.004+0100] {processor.py:829} INFO - Processing file /Users/pranavikusu/recurring_deliveries/venv/lib/python3.11/site-packages/airflow/example_dags/tutorial_taskflow_api_virtualenv.py for tasks to queue
[2024-11-06T16:22:59.004+0100] {logging_mixin.py:154} INFO - [2024-11-06T16:22:59.004+0100] {dagbag.py:536} INFO - Filling up the DagBag from /Users/pranavikusu/recurring_deliveries/venv/lib/python3.11/site-packages/airflow/example_dags/tutorial_taskflow_api_virtualenv.py
[2024-11-06T16:22:59.030+0100] {processor.py:839} INFO - DAG(s) dict_keys(['tutorial_taskflow_api_virtualenv']) retrieved from /Users/pranavikusu/recurring_deliveries/venv/lib/python3.11/site-packages/airflow/example_dags/tutorial_taskflow_api_virtualenv.py
[2024-11-06T16:22:59.097+0100] {logging_mixin.py:154} INFO - [2024-11-06T16:22:59.097+0100] {dag.py:2941} INFO - Sync 1 DAGs
[2024-11-06T16:22:59.101+0100] {logging_mixin.py:154} INFO - [2024-11-06T16:22:59.101+0100] {dag.py:3722} INFO - Setting next_dagrun for tutorial_taskflow_api_virtualenv to None, run_after=None
[2024-11-06T16:22:59.107+0100] {processor.py:179} INFO - Processing /Users/pranavikusu/recurring_deliveries/venv/lib/python3.11/site-packages/airflow/example_dags/tutorial_taskflow_api_virtualenv.py took 0.107 seconds
[2024-11-06T16:23:50.055+0100] {processor.py:157} INFO - Started process (PID=75078) to work on /Users/pranavikusu/recurring_deliveries/venv/lib/python3.11/site-packages/airflow/example_dags/tutorial_taskflow_api_virtualenv.py
[2024-11-06T16:23:50.058+0100] {processor.py:829} INFO - Processing file /Users/pranavikusu/recurring_deliveries/venv/lib/python3.11/site-packages/airflow/example_dags/tutorial_taskflow_api_virtualenv.py for tasks to queue
[2024-11-06T16:23:50.058+0100] {logging_mixin.py:154} INFO - [2024-11-06T16:23:50.058+0100] {dagbag.py:536} INFO - Filling up the DagBag from /Users/pranavikusu/recurring_deliveries/venv/lib/python3.11/site-packages/airflow/example_dags/tutorial_taskflow_api_virtualenv.py
[2024-11-06T16:23:50.085+0100] {processor.py:839} INFO - DAG(s) dict_keys(['tutorial_taskflow_api_virtualenv']) retrieved from /Users/pranavikusu/recurring_deliveries/venv/lib/python3.11/site-packages/airflow/example_dags/tutorial_taskflow_api_virtualenv.py
[2024-11-06T16:23:50.153+0100] {logging_mixin.py:154} INFO - [2024-11-06T16:23:50.153+0100] {dag.py:2941} INFO - Sync 1 DAGs
[2024-11-06T16:23:50.157+0100] {logging_mixin.py:154} INFO - [2024-11-06T16:23:50.157+0100] {dag.py:3722} INFO - Setting next_dagrun for tutorial_taskflow_api_virtualenv to None, run_after=None
[2024-11-06T16:23:50.163+0100] {processor.py:179} INFO - Processing /Users/pranavikusu/recurring_deliveries/venv/lib/python3.11/site-packages/airflow/example_dags/tutorial_taskflow_api_virtualenv.py took 0.108 seconds
[2024-11-06T16:24:40.069+0100] {processor.py:157} INFO - Started process (PID=75139) to work on /Users/pranavikusu/recurring_deliveries/venv/lib/python3.11/site-packages/airflow/example_dags/tutorial_taskflow_api_virtualenv.py
[2024-11-06T16:24:40.072+0100] {processor.py:829} INFO - Processing file /Users/pranavikusu/recurring_deliveries/venv/lib/python3.11/site-packages/airflow/example_dags/tutorial_taskflow_api_virtualenv.py for tasks to queue
[2024-11-06T16:24:40.072+0100] {logging_mixin.py:154} INFO - [2024-11-06T16:24:40.072+0100] {dagbag.py:536} INFO - Filling up the DagBag from /Users/pranavikusu/recurring_deliveries/venv/lib/python3.11/site-packages/airflow/example_dags/tutorial_taskflow_api_virtualenv.py
[2024-11-06T16:24:40.102+0100] {processor.py:839} INFO - DAG(s) dict_keys(['tutorial_taskflow_api_virtualenv']) retrieved from /Users/pranavikusu/recurring_deliveries/venv/lib/python3.11/site-packages/airflow/example_dags/tutorial_taskflow_api_virtualenv.py
[2024-11-06T16:24:40.174+0100] {logging_mixin.py:154} INFO - [2024-11-06T16:24:40.174+0100] {dag.py:2941} INFO - Sync 1 DAGs
[2024-11-06T16:24:40.177+0100] {logging_mixin.py:154} INFO - [2024-11-06T16:24:40.177+0100] {dag.py:3722} INFO - Setting next_dagrun for tutorial_taskflow_api_virtualenv to None, run_after=None
[2024-11-06T16:24:40.184+0100] {processor.py:179} INFO - Processing /Users/pranavikusu/recurring_deliveries/venv/lib/python3.11/site-packages/airflow/example_dags/tutorial_taskflow_api_virtualenv.py took 0.116 seconds
[2024-11-06T16:25:28.460+0100] {processor.py:157} INFO - Started process (PID=75204) to work on /Users/pranavikusu/recurring_deliveries/venv/lib/python3.11/site-packages/airflow/example_dags/tutorial_taskflow_api_virtualenv.py
[2024-11-06T16:25:28.463+0100] {processor.py:829} INFO - Processing file /Users/pranavikusu/recurring_deliveries/venv/lib/python3.11/site-packages/airflow/example_dags/tutorial_taskflow_api_virtualenv.py for tasks to queue
[2024-11-06T16:25:28.464+0100] {logging_mixin.py:154} INFO - [2024-11-06T16:25:28.464+0100] {dagbag.py:536} INFO - Filling up the DagBag from /Users/pranavikusu/recurring_deliveries/venv/lib/python3.11/site-packages/airflow/example_dags/tutorial_taskflow_api_virtualenv.py
[2024-11-06T16:25:28.492+0100] {processor.py:839} INFO - DAG(s) dict_keys(['tutorial_taskflow_api_virtualenv']) retrieved from /Users/pranavikusu/recurring_deliveries/venv/lib/python3.11/site-packages/airflow/example_dags/tutorial_taskflow_api_virtualenv.py
[2024-11-06T16:25:28.563+0100] {logging_mixin.py:154} INFO - [2024-11-06T16:25:28.562+0100] {dag.py:2941} INFO - Sync 1 DAGs
[2024-11-06T16:25:28.566+0100] {logging_mixin.py:154} INFO - [2024-11-06T16:25:28.566+0100] {dag.py:3722} INFO - Setting next_dagrun for tutorial_taskflow_api_virtualenv to None, run_after=None
[2024-11-06T16:25:28.579+0100] {processor.py:179} INFO - Processing /Users/pranavikusu/recurring_deliveries/venv/lib/python3.11/site-packages/airflow/example_dags/tutorial_taskflow_api_virtualenv.py took 0.119 seconds
