[2024-11-06T16:14:00.781+0100] {processor.py:157} INFO - Started process (PID=74410) to work on /Users/pranavikusu/recurring_deliveries/venv/lib/python3.11/site-packages/airflow/example_dags/tutorial.py
[2024-11-06T16:14:00.783+0100] {processor.py:829} INFO - Processing file /Users/pranavikusu/recurring_deliveries/venv/lib/python3.11/site-packages/airflow/example_dags/tutorial.py for tasks to queue
[2024-11-06T16:14:00.783+0100] {logging_mixin.py:154} INFO - [2024-11-06T16:14:00.783+0100] {dagbag.py:536} INFO - Filling up the DagBag from /Users/pranavikusu/recurring_deliveries/venv/lib/python3.11/site-packages/airflow/example_dags/tutorial.py
[2024-11-06T16:14:00.794+0100] {processor.py:839} INFO - DAG(s) dict_keys(['tutorial']) retrieved from /Users/pranavikusu/recurring_deliveries/venv/lib/python3.11/site-packages/airflow/example_dags/tutorial.py
[2024-11-06T16:14:01.032+0100] {logging_mixin.py:154} INFO - [2024-11-06T16:14:01.032+0100] {manager.py:499} INFO - Created Permission View: %s
[2024-11-06T16:14:01.035+0100] {logging_mixin.py:154} INFO - [2024-11-06T16:14:01.035+0100] {manager.py:499} INFO - Created Permission View: %s
[2024-11-06T16:14:01.037+0100] {logging_mixin.py:154} INFO - [2024-11-06T16:14:01.037+0100] {manager.py:499} INFO - Created Permission View: %s
[2024-11-06T16:14:01.037+0100] {logging_mixin.py:154} INFO - [2024-11-06T16:14:01.037+0100] {dag.py:2941} INFO - Sync 1 DAGs
[2024-11-06T16:14:01.040+0100] {logging_mixin.py:154} INFO - [2024-11-06T16:14:01.040+0100] {dag.py:2963} INFO - Creating ORM DAG for tutorial
[2024-11-06T16:14:01.044+0100] {logging_mixin.py:154} INFO - [2024-11-06T16:14:01.044+0100] {dag.py:3722} INFO - Setting next_dagrun for tutorial to 2024-11-05T15:14:01.043947+00:00, run_after=2024-11-06T15:14:01.043947+00:00
[2024-11-06T16:14:01.050+0100] {processor.py:179} INFO - Processing /Users/pranavikusu/recurring_deliveries/venv/lib/python3.11/site-packages/airflow/example_dags/tutorial.py took 0.269 seconds
[2024-11-06T16:15:21.966+0100] {processor.py:157} INFO - Started process (PID=74503) to work on /Users/pranavikusu/recurring_deliveries/venv/lib/python3.11/site-packages/airflow/example_dags/tutorial.py
[2024-11-06T16:15:21.968+0100] {processor.py:829} INFO - Processing file /Users/pranavikusu/recurring_deliveries/venv/lib/python3.11/site-packages/airflow/example_dags/tutorial.py for tasks to queue
[2024-11-06T16:15:21.969+0100] {logging_mixin.py:154} INFO - [2024-11-06T16:15:21.969+0100] {dagbag.py:536} INFO - Filling up the DagBag from /Users/pranavikusu/recurring_deliveries/venv/lib/python3.11/site-packages/airflow/example_dags/tutorial.py
[2024-11-06T16:15:21.979+0100] {processor.py:839} INFO - DAG(s) dict_keys(['tutorial']) retrieved from /Users/pranavikusu/recurring_deliveries/venv/lib/python3.11/site-packages/airflow/example_dags/tutorial.py
[2024-11-06T16:15:22.040+0100] {logging_mixin.py:154} INFO - [2024-11-06T16:15:22.040+0100] {dag.py:2941} INFO - Sync 1 DAGs
[2024-11-06T16:15:22.047+0100] {logging_mixin.py:154} INFO - [2024-11-06T16:15:22.046+0100] {dag.py:3722} INFO - Setting next_dagrun for tutorial to 2024-11-05T15:15:22.046935+00:00, run_after=2024-11-06T15:15:22.046935+00:00
[2024-11-06T16:15:22.054+0100] {processor.py:179} INFO - Processing /Users/pranavikusu/recurring_deliveries/venv/lib/python3.11/site-packages/airflow/example_dags/tutorial.py took 0.088 seconds
[2024-11-06T16:16:04.980+0100] {processor.py:157} INFO - Started process (PID=74545) to work on /Users/pranavikusu/recurring_deliveries/venv/lib/python3.11/site-packages/airflow/example_dags/tutorial.py
[2024-11-06T16:16:04.983+0100] {processor.py:829} INFO - Processing file /Users/pranavikusu/recurring_deliveries/venv/lib/python3.11/site-packages/airflow/example_dags/tutorial.py for tasks to queue
[2024-11-06T16:16:04.983+0100] {logging_mixin.py:154} INFO - [2024-11-06T16:16:04.983+0100] {dagbag.py:536} INFO - Filling up the DagBag from /Users/pranavikusu/recurring_deliveries/venv/lib/python3.11/site-packages/airflow/example_dags/tutorial.py
[2024-11-06T16:16:04.993+0100] {processor.py:839} INFO - DAG(s) dict_keys(['tutorial']) retrieved from /Users/pranavikusu/recurring_deliveries/venv/lib/python3.11/site-packages/airflow/example_dags/tutorial.py
[2024-11-06T16:16:05.071+0100] {logging_mixin.py:154} INFO - [2024-11-06T16:16:05.071+0100] {dag.py:2941} INFO - Sync 1 DAGs
[2024-11-06T16:16:05.078+0100] {logging_mixin.py:154} INFO - [2024-11-06T16:16:05.078+0100] {dag.py:3722} INFO - Setting next_dagrun for tutorial to 2024-11-05T15:16:05.078239+00:00, run_after=2024-11-06T15:16:05.078239+00:00
[2024-11-06T16:16:05.085+0100] {processor.py:179} INFO - Processing /Users/pranavikusu/recurring_deliveries/venv/lib/python3.11/site-packages/airflow/example_dags/tutorial.py took 0.105 seconds
[2024-11-06T16:17:20.837+0100] {processor.py:157} INFO - Started process (PID=74604) to work on /Users/pranavikusu/recurring_deliveries/venv/lib/python3.11/site-packages/airflow/example_dags/tutorial.py
[2024-11-06T16:17:20.840+0100] {processor.py:829} INFO - Processing file /Users/pranavikusu/recurring_deliveries/venv/lib/python3.11/site-packages/airflow/example_dags/tutorial.py for tasks to queue
[2024-11-06T16:17:20.840+0100] {logging_mixin.py:154} INFO - [2024-11-06T16:17:20.840+0100] {dagbag.py:536} INFO - Filling up the DagBag from /Users/pranavikusu/recurring_deliveries/venv/lib/python3.11/site-packages/airflow/example_dags/tutorial.py
[2024-11-06T16:17:20.850+0100] {processor.py:839} INFO - DAG(s) dict_keys(['tutorial']) retrieved from /Users/pranavikusu/recurring_deliveries/venv/lib/python3.11/site-packages/airflow/example_dags/tutorial.py
[2024-11-06T16:17:20.924+0100] {logging_mixin.py:154} INFO - [2024-11-06T16:17:20.924+0100] {dag.py:2941} INFO - Sync 1 DAGs
[2024-11-06T16:17:20.931+0100] {logging_mixin.py:154} INFO - [2024-11-06T16:17:20.931+0100] {dag.py:3722} INFO - Setting next_dagrun for tutorial to 2024-11-05T15:17:20.930933+00:00, run_after=2024-11-06T15:17:20.930933+00:00
[2024-11-06T16:17:20.937+0100] {processor.py:179} INFO - Processing /Users/pranavikusu/recurring_deliveries/venv/lib/python3.11/site-packages/airflow/example_dags/tutorial.py took 0.100 seconds
[2024-11-06T16:18:37.536+0100] {processor.py:157} INFO - Started process (PID=74677) to work on /Users/pranavikusu/recurring_deliveries/venv/lib/python3.11/site-packages/airflow/example_dags/tutorial.py
[2024-11-06T16:18:37.539+0100] {processor.py:829} INFO - Processing file /Users/pranavikusu/recurring_deliveries/venv/lib/python3.11/site-packages/airflow/example_dags/tutorial.py for tasks to queue
[2024-11-06T16:18:37.539+0100] {logging_mixin.py:154} INFO - [2024-11-06T16:18:37.539+0100] {dagbag.py:536} INFO - Filling up the DagBag from /Users/pranavikusu/recurring_deliveries/venv/lib/python3.11/site-packages/airflow/example_dags/tutorial.py
[2024-11-06T16:18:37.550+0100] {processor.py:839} INFO - DAG(s) dict_keys(['tutorial']) retrieved from /Users/pranavikusu/recurring_deliveries/venv/lib/python3.11/site-packages/airflow/example_dags/tutorial.py
[2024-11-06T16:18:37.614+0100] {logging_mixin.py:154} INFO - [2024-11-06T16:18:37.614+0100] {dag.py:2941} INFO - Sync 1 DAGs
[2024-11-06T16:18:37.620+0100] {logging_mixin.py:154} INFO - [2024-11-06T16:18:37.620+0100] {dag.py:3722} INFO - Setting next_dagrun for tutorial to 2024-11-05T15:18:37.620407+00:00, run_after=2024-11-06T15:18:37.620407+00:00
[2024-11-06T16:18:37.627+0100] {processor.py:179} INFO - Processing /Users/pranavikusu/recurring_deliveries/venv/lib/python3.11/site-packages/airflow/example_dags/tutorial.py took 0.091 seconds
[2024-11-06T16:19:22.369+0100] {processor.py:157} INFO - Started process (PID=74735) to work on /Users/pranavikusu/recurring_deliveries/venv/lib/python3.11/site-packages/airflow/example_dags/tutorial.py
[2024-11-06T16:19:22.372+0100] {processor.py:829} INFO - Processing file /Users/pranavikusu/recurring_deliveries/venv/lib/python3.11/site-packages/airflow/example_dags/tutorial.py for tasks to queue
[2024-11-06T16:19:22.372+0100] {logging_mixin.py:154} INFO - [2024-11-06T16:19:22.372+0100] {dagbag.py:536} INFO - Filling up the DagBag from /Users/pranavikusu/recurring_deliveries/venv/lib/python3.11/site-packages/airflow/example_dags/tutorial.py
[2024-11-06T16:19:22.382+0100] {processor.py:839} INFO - DAG(s) dict_keys(['tutorial']) retrieved from /Users/pranavikusu/recurring_deliveries/venv/lib/python3.11/site-packages/airflow/example_dags/tutorial.py
[2024-11-06T16:19:22.443+0100] {logging_mixin.py:154} INFO - [2024-11-06T16:19:22.443+0100] {dag.py:2941} INFO - Sync 1 DAGs
[2024-11-06T16:19:22.449+0100] {logging_mixin.py:154} INFO - [2024-11-06T16:19:22.449+0100] {dag.py:3722} INFO - Setting next_dagrun for tutorial to 2024-11-05T15:19:22.449550+00:00, run_after=2024-11-06T15:19:22.449550+00:00
[2024-11-06T16:19:22.456+0100] {processor.py:179} INFO - Processing /Users/pranavikusu/recurring_deliveries/venv/lib/python3.11/site-packages/airflow/example_dags/tutorial.py took 0.087 seconds
[2024-11-06T16:20:09.413+0100] {processor.py:157} INFO - Started process (PID=74788) to work on /Users/pranavikusu/recurring_deliveries/venv/lib/python3.11/site-packages/airflow/example_dags/tutorial.py
[2024-11-06T16:20:09.416+0100] {processor.py:829} INFO - Processing file /Users/pranavikusu/recurring_deliveries/venv/lib/python3.11/site-packages/airflow/example_dags/tutorial.py for tasks to queue
[2024-11-06T16:20:09.416+0100] {logging_mixin.py:154} INFO - [2024-11-06T16:20:09.416+0100] {dagbag.py:536} INFO - Filling up the DagBag from /Users/pranavikusu/recurring_deliveries/venv/lib/python3.11/site-packages/airflow/example_dags/tutorial.py
[2024-11-06T16:20:09.426+0100] {processor.py:839} INFO - DAG(s) dict_keys(['tutorial']) retrieved from /Users/pranavikusu/recurring_deliveries/venv/lib/python3.11/site-packages/airflow/example_dags/tutorial.py
[2024-11-06T16:20:09.490+0100] {logging_mixin.py:154} INFO - [2024-11-06T16:20:09.490+0100] {dag.py:2941} INFO - Sync 1 DAGs
[2024-11-06T16:20:09.496+0100] {logging_mixin.py:154} INFO - [2024-11-06T16:20:09.496+0100] {dag.py:3722} INFO - Setting next_dagrun for tutorial to 2024-11-05T15:20:09.496308+00:00, run_after=2024-11-06T15:20:09.496308+00:00
[2024-11-06T16:20:09.503+0100] {processor.py:179} INFO - Processing /Users/pranavikusu/recurring_deliveries/venv/lib/python3.11/site-packages/airflow/example_dags/tutorial.py took 0.091 seconds
[2024-11-06T16:21:34.975+0100] {processor.py:157} INFO - Started process (PID=74895) to work on /Users/pranavikusu/recurring_deliveries/venv/lib/python3.11/site-packages/airflow/example_dags/tutorial.py
[2024-11-06T16:21:34.977+0100] {processor.py:829} INFO - Processing file /Users/pranavikusu/recurring_deliveries/venv/lib/python3.11/site-packages/airflow/example_dags/tutorial.py for tasks to queue
[2024-11-06T16:21:34.977+0100] {logging_mixin.py:154} INFO - [2024-11-06T16:21:34.977+0100] {dagbag.py:536} INFO - Filling up the DagBag from /Users/pranavikusu/recurring_deliveries/venv/lib/python3.11/site-packages/airflow/example_dags/tutorial.py
[2024-11-06T16:21:34.987+0100] {processor.py:839} INFO - DAG(s) dict_keys(['tutorial']) retrieved from /Users/pranavikusu/recurring_deliveries/venv/lib/python3.11/site-packages/airflow/example_dags/tutorial.py
[2024-11-06T16:21:35.048+0100] {logging_mixin.py:154} INFO - [2024-11-06T16:21:35.048+0100] {dag.py:2941} INFO - Sync 1 DAGs
[2024-11-06T16:21:35.054+0100] {logging_mixin.py:154} INFO - [2024-11-06T16:21:35.054+0100] {dag.py:3722} INFO - Setting next_dagrun for tutorial to 2024-11-05T15:21:35.054644+00:00, run_after=2024-11-06T15:21:35.054644+00:00
[2024-11-06T16:21:35.061+0100] {processor.py:179} INFO - Processing /Users/pranavikusu/recurring_deliveries/venv/lib/python3.11/site-packages/airflow/example_dags/tutorial.py took 0.087 seconds
[2024-11-06T16:23:04.121+0100] {processor.py:157} INFO - Started process (PID=75016) to work on /Users/pranavikusu/recurring_deliveries/venv/lib/python3.11/site-packages/airflow/example_dags/tutorial.py
[2024-11-06T16:23:04.124+0100] {processor.py:829} INFO - Processing file /Users/pranavikusu/recurring_deliveries/venv/lib/python3.11/site-packages/airflow/example_dags/tutorial.py for tasks to queue
[2024-11-06T16:23:04.124+0100] {logging_mixin.py:154} INFO - [2024-11-06T16:23:04.124+0100] {dagbag.py:536} INFO - Filling up the DagBag from /Users/pranavikusu/recurring_deliveries/venv/lib/python3.11/site-packages/airflow/example_dags/tutorial.py
[2024-11-06T16:23:04.135+0100] {processor.py:839} INFO - DAG(s) dict_keys(['tutorial']) retrieved from /Users/pranavikusu/recurring_deliveries/venv/lib/python3.11/site-packages/airflow/example_dags/tutorial.py
[2024-11-06T16:23:04.204+0100] {logging_mixin.py:154} INFO - [2024-11-06T16:23:04.204+0100] {dag.py:2941} INFO - Sync 1 DAGs
[2024-11-06T16:23:04.210+0100] {logging_mixin.py:154} INFO - [2024-11-06T16:23:04.210+0100] {dag.py:3722} INFO - Setting next_dagrun for tutorial to 2024-11-05T15:23:04.210692+00:00, run_after=2024-11-06T15:23:04.210692+00:00
[2024-11-06T16:23:04.218+0100] {processor.py:179} INFO - Processing /Users/pranavikusu/recurring_deliveries/venv/lib/python3.11/site-packages/airflow/example_dags/tutorial.py took 0.097 seconds
[2024-11-06T16:23:54.961+0100] {processor.py:157} INFO - Started process (PID=75083) to work on /Users/pranavikusu/recurring_deliveries/venv/lib/python3.11/site-packages/airflow/example_dags/tutorial.py
[2024-11-06T16:23:54.964+0100] {processor.py:829} INFO - Processing file /Users/pranavikusu/recurring_deliveries/venv/lib/python3.11/site-packages/airflow/example_dags/tutorial.py for tasks to queue
[2024-11-06T16:23:54.964+0100] {logging_mixin.py:154} INFO - [2024-11-06T16:23:54.964+0100] {dagbag.py:536} INFO - Filling up the DagBag from /Users/pranavikusu/recurring_deliveries/venv/lib/python3.11/site-packages/airflow/example_dags/tutorial.py
[2024-11-06T16:23:54.974+0100] {processor.py:839} INFO - DAG(s) dict_keys(['tutorial']) retrieved from /Users/pranavikusu/recurring_deliveries/venv/lib/python3.11/site-packages/airflow/example_dags/tutorial.py
[2024-11-06T16:23:55.036+0100] {logging_mixin.py:154} INFO - [2024-11-06T16:23:55.036+0100] {dag.py:2941} INFO - Sync 1 DAGs
[2024-11-06T16:23:55.042+0100] {logging_mixin.py:154} INFO - [2024-11-06T16:23:55.042+0100] {dag.py:3722} INFO - Setting next_dagrun for tutorial to 2024-11-05T15:23:55.042521+00:00, run_after=2024-11-06T15:23:55.042521+00:00
[2024-11-06T16:23:55.053+0100] {processor.py:179} INFO - Processing /Users/pranavikusu/recurring_deliveries/venv/lib/python3.11/site-packages/airflow/example_dags/tutorial.py took 0.092 seconds
[2024-11-06T16:24:44.925+0100] {processor.py:157} INFO - Started process (PID=75142) to work on /Users/pranavikusu/recurring_deliveries/venv/lib/python3.11/site-packages/airflow/example_dags/tutorial.py
[2024-11-06T16:24:44.928+0100] {processor.py:829} INFO - Processing file /Users/pranavikusu/recurring_deliveries/venv/lib/python3.11/site-packages/airflow/example_dags/tutorial.py for tasks to queue
[2024-11-06T16:24:44.928+0100] {logging_mixin.py:154} INFO - [2024-11-06T16:24:44.928+0100] {dagbag.py:536} INFO - Filling up the DagBag from /Users/pranavikusu/recurring_deliveries/venv/lib/python3.11/site-packages/airflow/example_dags/tutorial.py
[2024-11-06T16:24:44.938+0100] {processor.py:839} INFO - DAG(s) dict_keys(['tutorial']) retrieved from /Users/pranavikusu/recurring_deliveries/venv/lib/python3.11/site-packages/airflow/example_dags/tutorial.py
[2024-11-06T16:24:44.999+0100] {logging_mixin.py:154} INFO - [2024-11-06T16:24:44.998+0100] {dag.py:2941} INFO - Sync 1 DAGs
[2024-11-06T16:24:45.005+0100] {logging_mixin.py:154} INFO - [2024-11-06T16:24:45.005+0100] {dag.py:3722} INFO - Setting next_dagrun for tutorial to 2024-11-05T15:24:45.005059+00:00, run_after=2024-11-06T15:24:45.005059+00:00
[2024-11-06T16:24:45.012+0100] {processor.py:179} INFO - Processing /Users/pranavikusu/recurring_deliveries/venv/lib/python3.11/site-packages/airflow/example_dags/tutorial.py took 0.087 seconds
