[2024-11-06T16:13:57.016+0100] {processor.py:157} INFO - Started process (PID=74406) to work on /Users/pranavikusu/recurring_deliveries/venv/lib/python3.11/site-packages/airflow/example_dags/tutorial_taskflow_api.py
[2024-11-06T16:13:57.018+0100] {processor.py:829} INFO - Processing file /Users/pranavikusu/recurring_deliveries/venv/lib/python3.11/site-packages/airflow/example_dags/tutorial_taskflow_api.py for tasks to queue
[2024-11-06T16:13:57.018+0100] {logging_mixin.py:154} INFO - [2024-11-06T16:13:57.018+0100] {dagbag.py:536} INFO - Filling up the DagBag from /Users/pranavikusu/recurring_deliveries/venv/lib/python3.11/site-packages/airflow/example_dags/tutorial_taskflow_api.py
[2024-11-06T16:13:57.040+0100] {processor.py:839} INFO - DAG(s) dict_keys(['tutorial_taskflow_api']) retrieved from /Users/pranavikusu/recurring_deliveries/venv/lib/python3.11/site-packages/airflow/example_dags/tutorial_taskflow_api.py
[2024-11-06T16:13:57.268+0100] {logging_mixin.py:154} INFO - [2024-11-06T16:13:57.268+0100] {manager.py:499} INFO - Created Permission View: %s
[2024-11-06T16:13:57.271+0100] {logging_mixin.py:154} INFO - [2024-11-06T16:13:57.271+0100] {manager.py:499} INFO - Created Permission View: %s
[2024-11-06T16:13:57.273+0100] {logging_mixin.py:154} INFO - [2024-11-06T16:13:57.273+0100] {manager.py:499} INFO - Created Permission View: %s
[2024-11-06T16:13:57.273+0100] {logging_mixin.py:154} INFO - [2024-11-06T16:13:57.273+0100] {dag.py:2941} INFO - Sync 1 DAGs
[2024-11-06T16:13:57.276+0100] {logging_mixin.py:154} INFO - [2024-11-06T16:13:57.276+0100] {dag.py:2963} INFO - Creating ORM DAG for tutorial_taskflow_api
[2024-11-06T16:13:57.276+0100] {logging_mixin.py:154} INFO - [2024-11-06T16:13:57.276+0100] {dag.py:3722} INFO - Setting next_dagrun for tutorial_taskflow_api to None, run_after=None
[2024-11-06T16:13:57.283+0100] {processor.py:179} INFO - Processing /Users/pranavikusu/recurring_deliveries/venv/lib/python3.11/site-packages/airflow/example_dags/tutorial_taskflow_api.py took 0.268 seconds
[2024-11-06T16:15:18.747+0100] {processor.py:157} INFO - Started process (PID=74495) to work on /Users/pranavikusu/recurring_deliveries/venv/lib/python3.11/site-packages/airflow/example_dags/tutorial_taskflow_api.py
[2024-11-06T16:15:18.749+0100] {processor.py:829} INFO - Processing file /Users/pranavikusu/recurring_deliveries/venv/lib/python3.11/site-packages/airflow/example_dags/tutorial_taskflow_api.py for tasks to queue
[2024-11-06T16:15:18.749+0100] {logging_mixin.py:154} INFO - [2024-11-06T16:15:18.749+0100] {dagbag.py:536} INFO - Filling up the DagBag from /Users/pranavikusu/recurring_deliveries/venv/lib/python3.11/site-packages/airflow/example_dags/tutorial_taskflow_api.py
[2024-11-06T16:15:18.769+0100] {processor.py:839} INFO - DAG(s) dict_keys(['tutorial_taskflow_api']) retrieved from /Users/pranavikusu/recurring_deliveries/venv/lib/python3.11/site-packages/airflow/example_dags/tutorial_taskflow_api.py
[2024-11-06T16:15:18.925+0100] {logging_mixin.py:154} INFO - [2024-11-06T16:15:18.925+0100] {dag.py:2941} INFO - Sync 1 DAGs
[2024-11-06T16:15:18.930+0100] {logging_mixin.py:154} INFO - [2024-11-06T16:15:18.929+0100] {dag.py:3722} INFO - Setting next_dagrun for tutorial_taskflow_api to None, run_after=None
[2024-11-06T16:15:18.938+0100] {processor.py:179} INFO - Processing /Users/pranavikusu/recurring_deliveries/venv/lib/python3.11/site-packages/airflow/example_dags/tutorial_taskflow_api.py took 0.192 seconds
[2024-11-06T16:16:03.026+0100] {processor.py:157} INFO - Started process (PID=74543) to work on /Users/pranavikusu/recurring_deliveries/venv/lib/python3.11/site-packages/airflow/example_dags/tutorial_taskflow_api.py
[2024-11-06T16:16:03.028+0100] {processor.py:829} INFO - Processing file /Users/pranavikusu/recurring_deliveries/venv/lib/python3.11/site-packages/airflow/example_dags/tutorial_taskflow_api.py for tasks to queue
[2024-11-06T16:16:03.029+0100] {logging_mixin.py:154} INFO - [2024-11-06T16:16:03.029+0100] {dagbag.py:536} INFO - Filling up the DagBag from /Users/pranavikusu/recurring_deliveries/venv/lib/python3.11/site-packages/airflow/example_dags/tutorial_taskflow_api.py
[2024-11-06T16:16:03.050+0100] {processor.py:839} INFO - DAG(s) dict_keys(['tutorial_taskflow_api']) retrieved from /Users/pranavikusu/recurring_deliveries/venv/lib/python3.11/site-packages/airflow/example_dags/tutorial_taskflow_api.py
[2024-11-06T16:16:03.108+0100] {logging_mixin.py:154} INFO - [2024-11-06T16:16:03.108+0100] {dag.py:2941} INFO - Sync 1 DAGs
[2024-11-06T16:16:03.111+0100] {logging_mixin.py:154} INFO - [2024-11-06T16:16:03.111+0100] {dag.py:3722} INFO - Setting next_dagrun for tutorial_taskflow_api to None, run_after=None
[2024-11-06T16:16:03.118+0100] {processor.py:179} INFO - Processing /Users/pranavikusu/recurring_deliveries/venv/lib/python3.11/site-packages/airflow/example_dags/tutorial_taskflow_api.py took 0.092 seconds
[2024-11-06T16:17:18.306+0100] {processor.py:157} INFO - Started process (PID=74602) to work on /Users/pranavikusu/recurring_deliveries/venv/lib/python3.11/site-packages/airflow/example_dags/tutorial_taskflow_api.py
[2024-11-06T16:17:18.309+0100] {processor.py:829} INFO - Processing file /Users/pranavikusu/recurring_deliveries/venv/lib/python3.11/site-packages/airflow/example_dags/tutorial_taskflow_api.py for tasks to queue
[2024-11-06T16:17:18.309+0100] {logging_mixin.py:154} INFO - [2024-11-06T16:17:18.309+0100] {dagbag.py:536} INFO - Filling up the DagBag from /Users/pranavikusu/recurring_deliveries/venv/lib/python3.11/site-packages/airflow/example_dags/tutorial_taskflow_api.py
[2024-11-06T16:17:18.330+0100] {processor.py:839} INFO - DAG(s) dict_keys(['tutorial_taskflow_api']) retrieved from /Users/pranavikusu/recurring_deliveries/venv/lib/python3.11/site-packages/airflow/example_dags/tutorial_taskflow_api.py
[2024-11-06T16:17:18.388+0100] {logging_mixin.py:154} INFO - [2024-11-06T16:17:18.387+0100] {dag.py:2941} INFO - Sync 1 DAGs
[2024-11-06T16:17:18.391+0100] {logging_mixin.py:154} INFO - [2024-11-06T16:17:18.391+0100] {dag.py:3722} INFO - Setting next_dagrun for tutorial_taskflow_api to None, run_after=None
[2024-11-06T16:17:18.398+0100] {processor.py:179} INFO - Processing /Users/pranavikusu/recurring_deliveries/venv/lib/python3.11/site-packages/airflow/example_dags/tutorial_taskflow_api.py took 0.092 seconds
[2024-11-06T16:17:58.226+0100] {processor.py:157} INFO - Started process (PID=74639) to work on /Users/pranavikusu/recurring_deliveries/venv/lib/python3.11/site-packages/airflow/example_dags/tutorial_taskflow_api.py
[2024-11-06T16:17:58.228+0100] {processor.py:829} INFO - Processing file /Users/pranavikusu/recurring_deliveries/venv/lib/python3.11/site-packages/airflow/example_dags/tutorial_taskflow_api.py for tasks to queue
[2024-11-06T16:17:58.228+0100] {logging_mixin.py:154} INFO - [2024-11-06T16:17:58.228+0100] {dagbag.py:536} INFO - Filling up the DagBag from /Users/pranavikusu/recurring_deliveries/venv/lib/python3.11/site-packages/airflow/example_dags/tutorial_taskflow_api.py
[2024-11-06T16:17:58.248+0100] {processor.py:839} INFO - DAG(s) dict_keys(['tutorial_taskflow_api']) retrieved from /Users/pranavikusu/recurring_deliveries/venv/lib/python3.11/site-packages/airflow/example_dags/tutorial_taskflow_api.py
[2024-11-06T16:17:58.310+0100] {logging_mixin.py:154} INFO - [2024-11-06T16:17:58.310+0100] {dag.py:2941} INFO - Sync 1 DAGs
[2024-11-06T16:17:58.313+0100] {logging_mixin.py:154} INFO - [2024-11-06T16:17:58.313+0100] {dag.py:3722} INFO - Setting next_dagrun for tutorial_taskflow_api to None, run_after=None
[2024-11-06T16:17:58.320+0100] {processor.py:179} INFO - Processing /Users/pranavikusu/recurring_deliveries/venv/lib/python3.11/site-packages/airflow/example_dags/tutorial_taskflow_api.py took 0.095 seconds
[2024-11-06T16:19:19.073+0100] {processor.py:157} INFO - Started process (PID=74733) to work on /Users/pranavikusu/recurring_deliveries/venv/lib/python3.11/site-packages/airflow/example_dags/tutorial_taskflow_api.py
[2024-11-06T16:19:19.075+0100] {processor.py:829} INFO - Processing file /Users/pranavikusu/recurring_deliveries/venv/lib/python3.11/site-packages/airflow/example_dags/tutorial_taskflow_api.py for tasks to queue
[2024-11-06T16:19:19.075+0100] {logging_mixin.py:154} INFO - [2024-11-06T16:19:19.075+0100] {dagbag.py:536} INFO - Filling up the DagBag from /Users/pranavikusu/recurring_deliveries/venv/lib/python3.11/site-packages/airflow/example_dags/tutorial_taskflow_api.py
[2024-11-06T16:19:19.096+0100] {processor.py:839} INFO - DAG(s) dict_keys(['tutorial_taskflow_api']) retrieved from /Users/pranavikusu/recurring_deliveries/venv/lib/python3.11/site-packages/airflow/example_dags/tutorial_taskflow_api.py
[2024-11-06T16:19:19.154+0100] {logging_mixin.py:154} INFO - [2024-11-06T16:19:19.154+0100] {dag.py:2941} INFO - Sync 1 DAGs
[2024-11-06T16:19:19.158+0100] {logging_mixin.py:154} INFO - [2024-11-06T16:19:19.158+0100] {dag.py:3722} INFO - Setting next_dagrun for tutorial_taskflow_api to None, run_after=None
[2024-11-06T16:19:19.164+0100] {processor.py:179} INFO - Processing /Users/pranavikusu/recurring_deliveries/venv/lib/python3.11/site-packages/airflow/example_dags/tutorial_taskflow_api.py took 0.092 seconds
[2024-11-06T16:20:07.156+0100] {processor.py:157} INFO - Started process (PID=74786) to work on /Users/pranavikusu/recurring_deliveries/venv/lib/python3.11/site-packages/airflow/example_dags/tutorial_taskflow_api.py
[2024-11-06T16:20:07.159+0100] {processor.py:829} INFO - Processing file /Users/pranavikusu/recurring_deliveries/venv/lib/python3.11/site-packages/airflow/example_dags/tutorial_taskflow_api.py for tasks to queue
[2024-11-06T16:20:07.159+0100] {logging_mixin.py:154} INFO - [2024-11-06T16:20:07.159+0100] {dagbag.py:536} INFO - Filling up the DagBag from /Users/pranavikusu/recurring_deliveries/venv/lib/python3.11/site-packages/airflow/example_dags/tutorial_taskflow_api.py
[2024-11-06T16:20:07.180+0100] {processor.py:839} INFO - DAG(s) dict_keys(['tutorial_taskflow_api']) retrieved from /Users/pranavikusu/recurring_deliveries/venv/lib/python3.11/site-packages/airflow/example_dags/tutorial_taskflow_api.py
[2024-11-06T16:20:07.239+0100] {logging_mixin.py:154} INFO - [2024-11-06T16:20:07.239+0100] {dag.py:2941} INFO - Sync 1 DAGs
[2024-11-06T16:20:07.242+0100] {logging_mixin.py:154} INFO - [2024-11-06T16:20:07.242+0100] {dag.py:3722} INFO - Setting next_dagrun for tutorial_taskflow_api to None, run_after=None
[2024-11-06T16:20:07.250+0100] {processor.py:179} INFO - Processing /Users/pranavikusu/recurring_deliveries/venv/lib/python3.11/site-packages/airflow/example_dags/tutorial_taskflow_api.py took 0.094 seconds
[2024-11-06T16:21:32.650+0100] {processor.py:157} INFO - Started process (PID=74893) to work on /Users/pranavikusu/recurring_deliveries/venv/lib/python3.11/site-packages/airflow/example_dags/tutorial_taskflow_api.py
[2024-11-06T16:21:32.652+0100] {processor.py:829} INFO - Processing file /Users/pranavikusu/recurring_deliveries/venv/lib/python3.11/site-packages/airflow/example_dags/tutorial_taskflow_api.py for tasks to queue
[2024-11-06T16:21:32.653+0100] {logging_mixin.py:154} INFO - [2024-11-06T16:21:32.653+0100] {dagbag.py:536} INFO - Filling up the DagBag from /Users/pranavikusu/recurring_deliveries/venv/lib/python3.11/site-packages/airflow/example_dags/tutorial_taskflow_api.py
[2024-11-06T16:21:32.673+0100] {processor.py:839} INFO - DAG(s) dict_keys(['tutorial_taskflow_api']) retrieved from /Users/pranavikusu/recurring_deliveries/venv/lib/python3.11/site-packages/airflow/example_dags/tutorial_taskflow_api.py
[2024-11-06T16:21:32.731+0100] {logging_mixin.py:154} INFO - [2024-11-06T16:21:32.731+0100] {dag.py:2941} INFO - Sync 1 DAGs
[2024-11-06T16:21:32.735+0100] {logging_mixin.py:154} INFO - [2024-11-06T16:21:32.735+0100] {dag.py:3722} INFO - Setting next_dagrun for tutorial_taskflow_api to None, run_after=None
[2024-11-06T16:21:32.742+0100] {processor.py:179} INFO - Processing /Users/pranavikusu/recurring_deliveries/venv/lib/python3.11/site-packages/airflow/example_dags/tutorial_taskflow_api.py took 0.092 seconds
[2024-11-06T16:23:00.687+0100] {processor.py:157} INFO - Started process (PID=75014) to work on /Users/pranavikusu/recurring_deliveries/venv/lib/python3.11/site-packages/airflow/example_dags/tutorial_taskflow_api.py
[2024-11-06T16:23:00.690+0100] {processor.py:829} INFO - Processing file /Users/pranavikusu/recurring_deliveries/venv/lib/python3.11/site-packages/airflow/example_dags/tutorial_taskflow_api.py for tasks to queue
[2024-11-06T16:23:00.690+0100] {logging_mixin.py:154} INFO - [2024-11-06T16:23:00.690+0100] {dagbag.py:536} INFO - Filling up the DagBag from /Users/pranavikusu/recurring_deliveries/venv/lib/python3.11/site-packages/airflow/example_dags/tutorial_taskflow_api.py
[2024-11-06T16:23:00.713+0100] {processor.py:839} INFO - DAG(s) dict_keys(['tutorial_taskflow_api']) retrieved from /Users/pranavikusu/recurring_deliveries/venv/lib/python3.11/site-packages/airflow/example_dags/tutorial_taskflow_api.py
[2024-11-06T16:23:00.780+0100] {logging_mixin.py:154} INFO - [2024-11-06T16:23:00.780+0100] {dag.py:2941} INFO - Sync 1 DAGs
[2024-11-06T16:23:00.808+0100] {logging_mixin.py:154} INFO - [2024-11-06T16:23:00.808+0100] {dag.py:3722} INFO - Setting next_dagrun for tutorial_taskflow_api to None, run_after=None
[2024-11-06T16:23:00.824+0100] {processor.py:179} INFO - Processing /Users/pranavikusu/recurring_deliveries/venv/lib/python3.11/site-packages/airflow/example_dags/tutorial_taskflow_api.py took 0.137 seconds
[2024-11-06T16:23:51.743+0100] {processor.py:157} INFO - Started process (PID=75079) to work on /Users/pranavikusu/recurring_deliveries/venv/lib/python3.11/site-packages/airflow/example_dags/tutorial_taskflow_api.py
[2024-11-06T16:23:51.746+0100] {processor.py:829} INFO - Processing file /Users/pranavikusu/recurring_deliveries/venv/lib/python3.11/site-packages/airflow/example_dags/tutorial_taskflow_api.py for tasks to queue
[2024-11-06T16:23:51.746+0100] {logging_mixin.py:154} INFO - [2024-11-06T16:23:51.746+0100] {dagbag.py:536} INFO - Filling up the DagBag from /Users/pranavikusu/recurring_deliveries/venv/lib/python3.11/site-packages/airflow/example_dags/tutorial_taskflow_api.py
[2024-11-06T16:23:51.769+0100] {processor.py:839} INFO - DAG(s) dict_keys(['tutorial_taskflow_api']) retrieved from /Users/pranavikusu/recurring_deliveries/venv/lib/python3.11/site-packages/airflow/example_dags/tutorial_taskflow_api.py
[2024-11-06T16:23:51.830+0100] {logging_mixin.py:154} INFO - [2024-11-06T16:23:51.830+0100] {dag.py:2941} INFO - Sync 1 DAGs
[2024-11-06T16:23:51.833+0100] {logging_mixin.py:154} INFO - [2024-11-06T16:23:51.833+0100] {dag.py:3722} INFO - Setting next_dagrun for tutorial_taskflow_api to None, run_after=None
[2024-11-06T16:23:51.840+0100] {processor.py:179} INFO - Processing /Users/pranavikusu/recurring_deliveries/venv/lib/python3.11/site-packages/airflow/example_dags/tutorial_taskflow_api.py took 0.098 seconds
[2024-11-06T16:24:41.580+0100] {processor.py:157} INFO - Started process (PID=75140) to work on /Users/pranavikusu/recurring_deliveries/venv/lib/python3.11/site-packages/airflow/example_dags/tutorial_taskflow_api.py
[2024-11-06T16:24:41.583+0100] {processor.py:829} INFO - Processing file /Users/pranavikusu/recurring_deliveries/venv/lib/python3.11/site-packages/airflow/example_dags/tutorial_taskflow_api.py for tasks to queue
[2024-11-06T16:24:41.583+0100] {logging_mixin.py:154} INFO - [2024-11-06T16:24:41.583+0100] {dagbag.py:536} INFO - Filling up the DagBag from /Users/pranavikusu/recurring_deliveries/venv/lib/python3.11/site-packages/airflow/example_dags/tutorial_taskflow_api.py
[2024-11-06T16:24:41.609+0100] {processor.py:839} INFO - DAG(s) dict_keys(['tutorial_taskflow_api']) retrieved from /Users/pranavikusu/recurring_deliveries/venv/lib/python3.11/site-packages/airflow/example_dags/tutorial_taskflow_api.py
[2024-11-06T16:24:41.668+0100] {logging_mixin.py:154} INFO - [2024-11-06T16:24:41.668+0100] {dag.py:2941} INFO - Sync 1 DAGs
[2024-11-06T16:24:41.672+0100] {logging_mixin.py:154} INFO - [2024-11-06T16:24:41.672+0100] {dag.py:3722} INFO - Setting next_dagrun for tutorial_taskflow_api to None, run_after=None
[2024-11-06T16:24:41.679+0100] {processor.py:179} INFO - Processing /Users/pranavikusu/recurring_deliveries/venv/lib/python3.11/site-packages/airflow/example_dags/tutorial_taskflow_api.py took 0.099 seconds
[2024-11-06T16:25:30.163+0100] {processor.py:157} INFO - Started process (PID=75205) to work on /Users/pranavikusu/recurring_deliveries/venv/lib/python3.11/site-packages/airflow/example_dags/tutorial_taskflow_api.py
[2024-11-06T16:25:30.165+0100] {processor.py:829} INFO - Processing file /Users/pranavikusu/recurring_deliveries/venv/lib/python3.11/site-packages/airflow/example_dags/tutorial_taskflow_api.py for tasks to queue
[2024-11-06T16:25:30.165+0100] {logging_mixin.py:154} INFO - [2024-11-06T16:25:30.165+0100] {dagbag.py:536} INFO - Filling up the DagBag from /Users/pranavikusu/recurring_deliveries/venv/lib/python3.11/site-packages/airflow/example_dags/tutorial_taskflow_api.py
[2024-11-06T16:25:30.187+0100] {processor.py:839} INFO - DAG(s) dict_keys(['tutorial_taskflow_api']) retrieved from /Users/pranavikusu/recurring_deliveries/venv/lib/python3.11/site-packages/airflow/example_dags/tutorial_taskflow_api.py
[2024-11-06T16:25:30.248+0100] {logging_mixin.py:154} INFO - [2024-11-06T16:25:30.248+0100] {dag.py:2941} INFO - Sync 1 DAGs
[2024-11-06T16:25:30.252+0100] {logging_mixin.py:154} INFO - [2024-11-06T16:25:30.252+0100] {dag.py:3722} INFO - Setting next_dagrun for tutorial_taskflow_api to None, run_after=None
[2024-11-06T16:25:30.260+0100] {processor.py:179} INFO - Processing /Users/pranavikusu/recurring_deliveries/venv/lib/python3.11/site-packages/airflow/example_dags/tutorial_taskflow_api.py took 0.097 seconds
